PRT1
142
273
4 0 6 (2944 -1024 160 ) (2944 -1024 288 ) (2816 -1024 288 ) (2816 -1024 160 ) 
4 1 3 (2944 -1888 640 ) (2944 -1088 640 ) (2944 -1088 384 ) (2944 -1888 384 ) 
4 1 2 (2944 -1600 384 ) (2944 -1088 384 ) (3008 -1088 384 ) (3008 -1600 384 ) 
4 2 7 (2944 -1088 128 ) (2944 -1600 128 ) (2944 -1600 384 ) (2944 -1088 384 ) 
4 3 11 (2816 -1888 640 ) (2816 -1600 640 ) (2816 -1600 384 ) (2816 -1888 384 ) 
4 3 10 (2816 -1600 640 ) (2816 -1536 640 ) (2816 -1536 384 ) (2816 -1600 384 ) 
4 3 9 (2816 -1536 640 ) (2816 -1408 640 ) (2816 -1408 384 ) (2816 -1536 384 ) 
4 3 8 (2816 -1408 640 ) (2816 -1088 640 ) (2816 -1088 384 ) (2816 -1408 384 ) 
4 3 7 (2816 -1600 384 ) (2816 -1088 384 ) (2944 -1088 384 ) (2944 -1600 384 ) 
4 3 4 (2816 -1888 512 ) (2816 -1888 384 ) (2944 -1888 384 ) (2944 -1888 512 ) 
4 4 5 (2816 -1920 512 ) (2816 -1920 384 ) (2944 -1920 384 ) (2944 -1920 512 ) 
4 5 94 (2944 -2048 640 ) (2816 -2048 640 ) (2816 -2048 384 ) (2944 -2048 384 ) 
4 6 7 (2944 -1088 160 ) (2944 -1088 288 ) (2816 -1088 288 ) (2816 -1088 160 ) 
4 7 12 (2816 -1088 128 ) (2816 -1600 128 ) (2816 -1600 384 ) (2816 -1088 384 ) 
5 8 12 (2464 -1088 384 ) (2816 -1088 384 ) (2816 -1408 384 ) (2240 -1408 384 ) (2240 -1344 384 ) 
4 8 9 (2240 -1408 384 ) (2816 -1408 384 ) (2816 -1408 640 ) (2240 -1408 640 ) 
4 9 12 (2240 -1408 384 ) (2816 -1408 384 ) (2816 -1536 384 ) (2240 -1536 384 ) 
4 9 10 (2240 -1536 384 ) (2816 -1536 384 ) (2816 -1536 640 ) (2240 -1536 640 ) 
4 10 12 (2240 -1536 384 ) (2816 -1536 384 ) (2816 -1600 384 ) (2240 -1600 384 ) 
4 10 11 (2752 -1600 384 ) (2816 -1600 384 ) (2816 -1600 640 ) (2752 -1600 640 ) 
4 12 15 (2496 -1088 128 ) (2752 -1088 128 ) (2752 -1344 128 ) (2496 -1344 128 ) 
4 12 13 (2240 -1408 128 ) (2240 -1536 128 ) (2240 -1536 256 ) (2240 -1408 256 ) 
4 13 14 (2208 -1408 128 ) (2208 -1536 128 ) (2208 -1536 256 ) (2208 -1408 256 ) 
4 14 30 (2048 -1536 384 ) (2048 -1408 384 ) (2048 -1408 128 ) (2048 -1536 128 ) 
4 16 22 (256 0 -736 ) (256 0 32 ) (0 0 32 ) (0 0 -736 ) 
4 16 20 (256 0 32 ) (256 0 288 ) (0 0 288 ) (0 0 32 ) 
4 16 19 (256 0 288 ) (256 0 352 ) (0 0 352 ) (0 0 288 ) 
4 16 18 (256 0 352 ) (256 0 928 ) (0 0 928 ) (0 0 352 ) 
4 16 17 (0 0 -736 ) (0 0 928 ) (0 256 928 ) (0 256 -736 ) 
4 17 82 (-256 0 32 ) (-256 0 -736 ) (-96 0 -736 ) (-96 0 32 ) 
4 17 81 (-256 0 288 ) (-256 0 32 ) (-96 0 32 ) (-96 0 288 ) 
4 17 80 (-96 0 928 ) (-256 0 928 ) (-256 0 288 ) (-96 0 288 ) 
4 17 76 (0 0 -736 ) (0 0 32 ) (-96 0 32 ) (-96 0 -736 ) 
4 17 75 (-64 0 288 ) (-96 0 288 ) (-96 0 32 ) (-64 0 32 ) 
4 17 74 (0 0 32 ) (0 0 288 ) (-64 0 288 ) (-64 0 32 ) 
4 17 71 (0 0 288 ) (0 0 352 ) (-96 0 352 ) (-96 0 288 ) 
4 17 68 (0 0 352 ) (0 0 928 ) (-96 0 928 ) (-96 0 352 ) 
4 18 68 (0 0 928 ) (0 0 352 ) (0 -320 352 ) (0 -320 928 ) 
4 18 19 (0 -320 352 ) (0 0 352 ) (256 0 352 ) (256 -320 352 ) 
4 19 71 (0 0 352 ) (0 0 288 ) (0 -320 288 ) (0 -320 352 ) 
4 19 20 (0 -320 288 ) (0 0 288 ) (256 0 288 ) (256 -320 288 ) 
4 20 74 (0 0 288 ) (0 0 32 ) (0 -320 32 ) (0 -320 288 ) 
4 20 22 (0 -320 32 ) (0 0 32 ) (256 0 32 ) (256 -320 32 ) 
4 20 21 (0 -320 32 ) (64 -320 32 ) (64 -320 288 ) (0 -320 288 ) 
4 21 74 (0 -320 32 ) (0 -512 32 ) (0 -512 288 ) (0 -320 288 ) 
4 21 29 (64 -512 288 ) (0 -512 288 ) (0 -512 160 ) (64 -512 160 ) 
4 22 76 (0 0 32 ) (0 0 -736 ) (0 -320 -736 ) (0 -320 32 ) 
4 23 27 (64 -512 288 ) (96 -512 288 ) (96 -576 288 ) (64 -576 288 ) 
4 23 24 (64 -512 352 ) (64 -512 288 ) (64 -576 288 ) (64 -576 352 ) 
4 24 72 (0 -512 352 ) (0 -512 288 ) (0 -576 288 ) (0 -576 352 ) 
4 24 69 (0 -512 360 ) (0 -512 352 ) (0 -576 352 ) (0 -576 360 ) 
4 24 29 (0 -512 288 ) (64 -512 288 ) (64 -576 288 ) (0 -576 288 ) 
4 25 70 (0 -1024 352 ) (0 -1024 416 ) (0 -672 416 ) (0 -672 352 ) 
4 25 55 (96 -1024 352 ) (96 -1024 416 ) (0 -1024 416 ) (0 -1024 352 ) 
4 25 26 (96 -672 352 ) (96 -1024 352 ) (0 -1024 352 ) (0 -672 352 ) 
4 26 73 (0 -1024 288 ) (0 -1024 352 ) (0 -672 352 ) (0 -672 288 ) 
4 26 55 (96 -1024 288 ) (96 -1024 352 ) (0 -1024 352 ) (0 -1024 288 ) 
4 26 28 (96 -672 288 ) (96 -1024 288 ) (64 -1024 288 ) (64 -672 288 ) 
4 26 29 (64 -1024 288 ) (0 -1024 288 ) (0 -672 288 ) (64 -672 288 ) 
4 27 29 (64 -512 160 ) (64 -576 160 ) (64 -576 288 ) (64 -512 288 ) 
4 28 55 (96 -1024 160 ) (96 -1024 288 ) (64 -1024 288 ) (64 -1024 160 ) 
4 28 29 (64 -672 160 ) (64 -1024 160 ) (64 -1024 288 ) (64 -672 288 ) 
4 29 77 (0 -1024 160 ) (0 -1024 288 ) (0 -512 288 ) (0 -512 160 ) 
4 29 55 (64 -1024 288 ) (0 -1024 288 ) (0 -1024 160 ) (64 -1024 160 ) 
4 30 31 (1952 -1408 128 ) (1952 -1536 128 ) (1952 -1536 256 ) (1952 -1408 256 ) 
4 31 36 (1920 -1408 128 ) (1920 -1536 128 ) (1920 -1536 256 ) (1920 -1408 256 ) 
4 32 34 (1792 -1248 128 ) (1920 -1248 128 ) (1920 -1248 384 ) (1792 -1248 384 ) 
4 32 33 (1792 -1120 384 ) (1792 -1120 128 ) (1792 -1248 128 ) (1792 -1248 384 ) 
4 33 42 (1760 -1120 128 ) (1760 -1248 128 ) (1760 -1248 384 ) (1760 -1120 384 ) 
4 33 35 (1760 -1248 384 ) (1760 -1248 128 ) (1792 -1248 128 ) (1792 -1248 384 ) 
4 34 36 (1792 -1280 128 ) (1920 -1280 128 ) (1920 -1280 384 ) (1792 -1280 384 ) 
4 34 35 (1792 -1248 384 ) (1792 -1248 128 ) (1792 -1280 128 ) (1792 -1280 384 ) 
4 35 43 (1760 -1248 128 ) (1760 -1280 128 ) (1760 -1280 384 ) (1760 -1248 384 ) 
4 35 37 (1760 -1280 384 ) (1760 -1280 128 ) (1792 -1280 128 ) (1792 -1280 384 ) 
4 36 38 (1792 -1664 128 ) (1920 -1664 128 ) (1920 -1664 384 ) (1792 -1664 384 ) 
4 36 37 (1792 -1280 384 ) (1792 -1280 128 ) (1792 -1664 128 ) (1792 -1664 384 ) 
4 37 44 (1760 -1280 128 ) (1760 -1664 128 ) (1760 -1664 384 ) (1760 -1280 384 ) 
4 37 39 (1760 -1664 384 ) (1760 -1664 128 ) (1792 -1664 128 ) (1792 -1664 384 ) 
4 38 40 (1792 -1696 128 ) (1920 -1696 128 ) (1920 -1696 384 ) (1792 -1696 384 ) 
4 38 39 (1792 -1664 384 ) (1792 -1664 128 ) (1792 -1696 128 ) (1792 -1696 384 ) 
4 39 45 (1760 -1664 128 ) (1760 -1696 128 ) (1760 -1696 384 ) (1760 -1664 384 ) 
4 39 41 (1760 -1696 384 ) (1760 -1696 128 ) (1792 -1696 128 ) (1792 -1696 384 ) 
4 40 41 (1792 -1696 384 ) (1792 -1696 128 ) (1792 -1824 128 ) (1792 -1824 384 ) 
4 41 46 (1760 -1696 128 ) (1760 -1824 128 ) (1760 -1824 384 ) (1760 -1696 384 ) 
4 42 47 (1376 -1120 384 ) (1376 -1120 128 ) (1376 -1248 128 ) (1376 -1248 384 ) 
4 42 43 (1376 -1248 384 ) (1376 -1248 128 ) (1760 -1248 128 ) (1760 -1248 384 ) 
4 43 48 (1376 -1248 128 ) (1376 -1280 128 ) (1376 -1280 384 ) (1376 -1248 384 ) 
4 43 44 (1376 -1280 384 ) (1376 -1280 128 ) (1760 -1280 128 ) (1760 -1280 384 ) 
4 44 49 (1376 -1280 128 ) (1376 -1664 128 ) (1376 -1664 384 ) (1376 -1280 384 ) 
4 44 45 (1376 -1664 384 ) (1376 -1664 128 ) (1760 -1664 128 ) (1760 -1664 384 ) 
4 45 50 (1376 -1664 128 ) (1376 -1696 128 ) (1376 -1696 384 ) (1376 -1664 384 ) 
4 45 46 (1376 -1696 384 ) (1376 -1696 128 ) (1760 -1696 128 ) (1760 -1696 384 ) 
4 46 51 (1376 -1696 128 ) (1376 -1824 128 ) (1376 -1824 384 ) (1376 -1696 384 ) 
4 47 52 (1344 -1120 384 ) (1344 -1120 128 ) (1344 -1248 128 ) (1344 -1248 384 ) 
4 47 48 (1344 -1248 384 ) (1344 -1248 128 ) (1376 -1248 128 ) (1376 -1248 384 ) 
4 48 49 (1344 -1280 384 ) (1344 -1280 128 ) (1376 -1280 128 ) (1376 -1280 384 ) 
4 48 52 (1344 -1248 128 ) (1344 -1280 128 ) (1344 -1280 384 ) (1344 -1248 384 ) 
4 49 50 (1344 -1664 384 ) (1344 -1664 128 ) (1376 -1664 128 ) (1376 -1664 384 ) 
4 49 52 (1344 -1280 128 ) (1344 -1664 128 ) (1344 -1664 384 ) (1344 -1280 384 ) 
4 50 52 (1344 -1664 128 ) (1344 -1696 128 ) (1344 -1696 384 ) (1344 -1664 384 ) 
4 50 51 (1344 -1696 384 ) (1344 -1696 128 ) (1376 -1696 128 ) (1376 -1696 384 ) 
4 51 52 (1344 -1696 128 ) (1344 -1824 128 ) (1344 -1824 384 ) (1344 -1696 384 ) 
4 52 53 (1184 -1408 128 ) (1184 -1536 128 ) (1184 -1536 256 ) (1184 -1408 256 ) 
4 53 54 (1152 -1408 128 ) (1152 -1536 128 ) (1152 -1536 256 ) (1152 -1408 256 ) 
4 54 64 (1024 -1408 128 ) (1024 -1536 128 ) (1024 -1536 160 ) (1024 -1408 160 ) 
4 54 57 (1024 -1536 160 ) (1024 -1536 384 ) (1024 -1408 384 ) (1024 -1408 160 ) 
4 55 84 (0 -1024 416 ) (0 -1024 160 ) (0 -1120 160 ) (0 -1120 416 ) 
4 55 56 (0 -1120 160 ) (32 -1120 160 ) (32 -1120 288 ) (0 -1120 288 ) 
4 56 85 (0 -1120 160 ) (0 -1152 160 ) (0 -1152 288 ) (0 -1120 288 ) 
4 56 58 (0 -1152 160 ) (32 -1152 160 ) (32 -1152 288 ) (0 -1152 288 ) 
4 57 64 (1024 -1408 160 ) (1024 -1536 160 ) (768 -1536 160 ) (768 -1408 160 ) 
4 57 59 (768 -1536 160 ) (896 -1536 160 ) (896 -1536 384 ) (768 -1536 384 ) 
4 58 86 (0 -1152 160 ) (0 -1536 160 ) (0 -1536 416 ) (0 -1152 416 ) 
4 58 60 (0 -1536 416 ) (0 -1536 160 ) (96 -1536 160 ) (96 -1536 416 ) 
4 59 65 (896 -1792 160 ) (768 -1792 160 ) (768 -1536 160 ) (896 -1536 160 ) 
4 59 61 (768 -1792 160 ) (896 -1792 160 ) (896 -1792 288 ) (768 -1792 288 ) 
4 60 86 (0 -1536 416 ) (0 -1536 160 ) (0 -1792 160 ) (0 -1792 416 ) 
4 60 66 (96 -1792 160 ) (0 -1792 160 ) (0 -1536 160 ) (96 -1536 160 ) 
4 60 62 (0 -1792 416 ) (0 -1792 160 ) (96 -1792 160 ) (96 -1792 416 ) 
4 61 63 (768 -1824 160 ) (896 -1824 160 ) (896 -1824 288 ) (768 -1824 288 ) 
4 62 86 (0 -1792 416 ) (0 -1792 160 ) (0 -1824 160 ) (0 -1824 416 ) 
4 62 63 (0 -1824 160 ) (96 -1824 160 ) (96 -1824 416 ) (0 -1824 416 ) 
4 63 137 (992 -2048 416 ) (0 -2048 416 ) (0 -2048 160 ) (992 -2048 160 ) 
4 63 86 (0 -2048 160 ) (0 -2048 416 ) (0 -1824 416 ) (0 -1824 160 ) 
4 63 67 (416 -2048 160 ) (128 -2048 160 ) (128 -1824 160 ) (416 -1824 160 ) 
4 64 65 (896 -1536 160 ) (768 -1536 160 ) (768 -1536 128 ) (896 -1536 128 ) 
4 66 90 (0 -1792 0 ) (0 -1792 160 ) (0 -1536 160 ) (0 -1536 0 ) 
4 67 138 (416 -2048 160 ) (128 -2048 160 ) (128 -2048 0 ) (416 -2048 0 ) 
4 68 80 (-96 0 928 ) (-96 0 352 ) (-96 -320 352 ) (-96 -320 928 ) 
4 68 71 (-96 -320 352 ) (-96 0 352 ) (0 0 352 ) (0 -320 352 ) 
4 69 72 (-64 -512 352 ) (0 -512 352 ) (0 -576 352 ) (-64 -576 352 ) 
4 70 84 (0 -1024 352 ) (0 -1024 416 ) (-96 -1024 416 ) (-96 -1024 352 ) 
4 70 83 (-96 -1024 352 ) (-96 -1024 416 ) (-96 -864 416 ) (-96 -864 352 ) 
4 70 73 (0 -1024 352 ) (-96 -1024 352 ) (-96 -672 352 ) (0 -672 352 ) 
4 71 80 (-96 -320 352 ) (-96 0 352 ) (-96 0 288 ) (-96 -320 288 ) 
4 71 75 (-96 -320 288 ) (-96 0 288 ) (-64 0 288 ) (-64 -320 288 ) 
4 71 74 (-64 0 288 ) (0 0 288 ) (0 -320 288 ) (-64 -320 288 ) 
4 72 78 (-96 -576 288 ) (-96 -512 288 ) (-64 -512 288 ) (-64 -576 288 ) 
4 72 77 (-64 -512 288 ) (0 -512 288 ) (0 -576 288 ) (-64 -576 288 ) 
4 73 84 (0 -1024 288 ) (0 -1024 352 ) (-96 -1024 352 ) (-96 -1024 288 ) 
4 73 83 (-96 -1024 288 ) (-96 -1024 352 ) (-96 -864 352 ) (-96 -864 288 ) 
4 73 79 (-96 -1024 288 ) (-96 -672 288 ) (-64 -672 288 ) (-64 -1024 288 ) 
4 73 77 (-64 -672 288 ) (0 -672 288 ) (0 -1024 288 ) (-64 -1024 288 ) 
4 74 77 (0 -512 160 ) (0 -512 288 ) (-64 -512 288 ) (-64 -512 160 ) 
4 74 76 (-64 -320 32 ) (-64 0 32 ) (0 0 32 ) (0 -320 32 ) 
4 74 75 (-64 0 32 ) (-64 -320 32 ) (-64 -320 288 ) (-64 0 288 ) 
4 75 81 (-96 -320 288 ) (-96 0 288 ) (-96 0 32 ) (-96 -320 32 ) 
4 75 76 (-96 -320 32 ) (-96 0 32 ) (-64 0 32 ) (-64 -320 32 ) 
4 76 82 (-96 -320 32 ) (-96 0 32 ) (-96 0 -736 ) (-96 -320 -736 ) 
4 77 84 (0 -1024 160 ) (0 -1024 288 ) (-64 -1024 288 ) (-64 -1024 160 ) 
4 77 79 (-64 -672 160 ) (-64 -1024 160 ) (-64 -1024 288 ) (-64 -672 288 ) 
4 77 78 (-64 -512 288 ) (-64 -512 160 ) (-64 -576 160 ) (-64 -576 288 ) 
4 79 84 (-64 -1024 288 ) (-96 -1024 288 ) (-96 -1024 160 ) (-64 -1024 160 ) 
4 79 83 (-96 -1024 160 ) (-96 -1024 288 ) (-96 -864 288 ) (-96 -864 160 ) 
4 80 81 (-256 -320 288 ) (-256 0 288 ) (-96 0 288 ) (-96 -320 288 ) 
4 81 82 (-256 -320 32 ) (-256 0 32 ) (-96 0 32 ) (-96 -320 32 ) 
4 83 89 (-160 -1024 416 ) (-288 -1024 416 ) (-288 -1024 160 ) (-160 -1024 160 ) 
4 83 87 (-96 -1024 160 ) (-96 -1024 416 ) (-160 -1024 416 ) (-160 -1024 160 ) 
4 84 87 (-96 -1024 160 ) (-96 -1120 160 ) (-96 -1120 416 ) (-96 -1024 416 ) 
4 84 85 (-96 -1120 288 ) (-96 -1120 160 ) (0 -1120 160 ) (0 -1120 288 ) 
4 85 86 (-96 -1152 288 ) (-96 -1152 160 ) (0 -1152 160 ) (0 -1152 288 ) 
4 86 141 (0 -2048 160 ) (0 -2048 416 ) (-96 -2048 416 ) (-96 -2048 160 ) 
4 86 90 (0 -1536 160 ) (0 -1792 160 ) (-96 -1792 160 ) (-96 -1536 160 ) 
4 86 88 (-96 -1152 160 ) (-96 -2048 160 ) (-96 -2048 416 ) (-96 -1152 416 ) 
4 87 89 (-160 -1024 160 ) (-160 -1120 160 ) (-160 -1120 416 ) (-160 -1024 416 ) 
4 88 141 (-96 -2048 416 ) (-160 -2048 416 ) (-160 -2048 160 ) (-96 -2048 160 ) 
4 88 90 (-96 -1536 160 ) (-96 -1792 160 ) (-160 -1792 160 ) (-160 -1536 160 ) 
4 91 96 (3072 -2464 384 ) (3072 -2464 640 ) (3072 -2208 640 ) (3072 -2208 384 ) 
4 91 93 (3136 -2464 384 ) (3136 -2464 640 ) (3072 -2464 640 ) (3072 -2464 384 ) 
4 92 105 (3648 -3072 384 ) (3648 -3072 640 ) (3392 -3072 640 ) (3392 -3072 384 ) 
4 92 93 (3392 -3072 384 ) (3392 -3072 640 ) (3392 -2720 640 ) (3392 -2720 384 ) 
4 93 106 (3392 -3072 224 ) (3392 -3072 640 ) (3072 -3072 640 ) (3072 -3072 224 ) 
4 93 99 (3072 -3072 224 ) (3072 -3072 384 ) (3072 -2464 384 ) (3072 -2464 224 ) 
4 93 98 (3072 -3072 384 ) (3072 -3072 640 ) (3072 -2720 640 ) (3072 -2720 384 ) 
4 93 97 (3072 -2720 640 ) (3072 -2464 640 ) (3072 -2464 384 ) (3072 -2720 384 ) 
4 94 95 (2816 -2176 384 ) (2944 -2176 384 ) (2944 -2176 512 ) (2816 -2176 512 ) 
4 95 96 (2816 -2208 384 ) (2944 -2208 384 ) (2944 -2208 512 ) (2816 -2208 512 ) 
4 96 97 (2624 -2464 384 ) (3072 -2464 384 ) (3072 -2464 640 ) (2624 -2464 640 ) 
4 97 104 (2784 -2720 384 ) (2368 -2720 384 ) (2368 -2464 384 ) (2784 -2464 384 ) 
4 97 103 (2816 -2720 384 ) (2784 -2720 384 ) (2784 -2464 384 ) (2816 -2464 384 ) 
4 97 101 (2944 -2720 384 ) (2816 -2720 384 ) (2816 -2464 384 ) (2944 -2464 384 ) 
4 97 100 (2976 -2720 384 ) (2944 -2720 384 ) (2944 -2464 384 ) (2976 -2464 384 ) 
4 97 99 (3072 -2464 384 ) (3072 -2720 384 ) (2976 -2720 384 ) (2976 -2464 384 ) 
4 97 98 (2368 -2720 384 ) (3072 -2720 384 ) (3072 -2720 640 ) (2368 -2720 640 ) 
4 98 118 (2624 -3072 640 ) (2112 -3072 640 ) (2112 -3072 384 ) (2624 -3072 384 ) 
4 98 116 (2624 -3072 512 ) (2624 -3072 384 ) (2816 -3072 384 ) (2816 -3072 512 ) 
4 98 115 (2624 -3072 576 ) (2624 -3072 512 ) (2816 -3072 512 ) (2816 -3072 576 ) 
4 98 114 (2816 -3072 640 ) (2624 -3072 640 ) (2624 -3072 576 ) (2816 -3072 576 ) 
4 98 111 (3072 -3072 384 ) (3072 -3072 512 ) (2944 -3072 512 ) (2944 -3072 384 ) 
4 98 113 (2944 -3072 512 ) (2816 -3072 512 ) (2816 -3072 384 ) (2944 -3072 384 ) 
4 98 110 (2944 -3072 640 ) (2816 -3072 640 ) (2816 -3072 512 ) (2944 -3072 512 ) 
4 98 109 (3072 -3072 512 ) (3072 -3072 576 ) (2944 -3072 576 ) (2944 -3072 512 ) 
4 98 108 (3072 -3072 576 ) (3072 -3072 640 ) (2944 -3072 640 ) (2944 -3072 576 ) 
4 98 104 (2784 -3072 384 ) (2368 -3072 384 ) (2368 -2720 384 ) (2784 -2720 384 ) 
4 98 103 (2784 -2880 384 ) (2784 -2720 384 ) (2816 -2720 384 ) (2816 -2880 384 ) 
4 98 101 (2816 -2880 384 ) (2816 -2720 384 ) (2944 -2720 384 ) (2944 -2880 384 ) 
4 98 100 (2944 -2880 384 ) (2944 -2720 384 ) (2976 -2720 384 ) (2976 -2880 384 ) 
4 98 99 (3072 -2720 384 ) (3072 -3072 384 ) (2976 -3072 384 ) (2976 -2720 384 ) 
4 99 120 (3072 -3072 224 ) (3072 -3072 384 ) (2976 -3072 384 ) (2976 -3072 224 ) 
4 99 100 (2976 -2464 224 ) (2976 -2880 224 ) (2976 -2880 384 ) (2976 -2464 384 ) 
4 100 101 (2944 -2880 384 ) (2944 -2464 384 ) (2944 -2464 224 ) (2944 -2880 224 ) 
4 101 103 (2816 -2880 384 ) (2816 -2464 384 ) (2816 -2464 224 ) (2816 -2880 224 ) 
4 103 104 (2784 -2464 384 ) (2784 -2464 224 ) (2784 -2880 224 ) (2784 -2880 384 ) 
4 104 120 (2784 -3072 224 ) (2784 -3072 384 ) (2368 -3072 384 ) (2368 -3072 224 ) 
4 105 106 (3392 -3072 640 ) (3392 -3072 384 ) (3392 -3232 384 ) (3392 -3232 640 ) 
4 106 120 (3072 -3072 384 ) (3072 -3072 224 ) (3072 -3488 224 ) (3072 -3488 384 ) 
4 106 111 (3072 -3072 512 ) (3072 -3072 384 ) (3072 -3488 384 ) (3072 -3488 512 ) 
4 106 109 (3072 -3072 576 ) (3072 -3072 512 ) (3072 -3488 512 ) (3072 -3488 576 ) 
4 106 108 (3072 -3072 640 ) (3072 -3072 576 ) (3072 -3488 576 ) (3072 -3488 640 ) 
4 106 107 (3136 -3488 640 ) (3072 -3488 640 ) (3072 -3488 384 ) (3136 -3488 384 ) 
4 107 111 (3072 -3744 384 ) (3072 -3744 512 ) (3072 -3488 512 ) (3072 -3488 384 ) 
4 107 109 (3072 -3744 512 ) (3072 -3744 576 ) (3072 -3488 576 ) (3072 -3488 512 ) 
4 107 108 (3072 -3744 576 ) (3072 -3744 640 ) (3072 -3488 640 ) (3072 -3488 576 ) 
4 108 110 (2944 -3744 640 ) (2944 -3072 640 ) (2944 -3072 576 ) (2944 -3744 576 ) 
4 108 109 (2944 -3744 576 ) (2944 -3072 576 ) (3072 -3072 576 ) (3072 -3744 576 ) 
4 109 111 (2944 -3744 512 ) (2944 -3072 512 ) (3072 -3072 512 ) (3072 -3744 512 ) 
4 109 110 (2944 -3072 512 ) (2944 -3744 512 ) (2944 -3744 576 ) (2944 -3072 576 ) 
4 110 115 (2816 -3072 576 ) (2816 -3072 512 ) (2816 -3744 512 ) (2816 -3744 576 ) 
4 110 114 (2816 -3744 640 ) (2816 -3072 640 ) (2816 -3072 576 ) (2816 -3744 576 ) 
4 110 113 (2816 -3744 512 ) (2816 -3072 512 ) (2944 -3072 512 ) (2944 -3744 512 ) 
4 111 120 (2944 -3488 384 ) (2944 -3072 384 ) (3072 -3072 384 ) (3072 -3488 384 ) 
4 111 113 (2944 -3072 384 ) (2944 -3744 384 ) (2944 -3744 512 ) (2944 -3072 512 ) 
4 112 113 (2944 -3816 384 ) (2944 -3832 384 ) (2944 -3832 512 ) (2944 -3816 512 ) 
4 113 123 (2944 -3840 512 ) (2816 -3840 512 ) (2816 -3840 384 ) (2944 -3840 384 ) 
4 113 120 (2816 -3488 384 ) (2816 -3072 384 ) (2944 -3072 384 ) (2944 -3488 384 ) 
4 113 117 (2816 -3816 384 ) (2816 -3832 384 ) (2816 -3832 512 ) (2816 -3816 512 ) 
4 113 116 (2816 -3072 384 ) (2816 -3744 384 ) (2816 -3744 512 ) (2816 -3072 512 ) 
4 114 119 (2624 -3488 640 ) (2624 -3232 640 ) (2624 -3232 576 ) (2624 -3488 576 ) 
4 114 118 (2624 -3232 640 ) (2624 -3072 640 ) (2624 -3072 576 ) (2624 -3232 576 ) 
4 114 115 (2624 -3744 576 ) (2624 -3072 576 ) (2816 -3072 576 ) (2816 -3744 576 ) 
4 115 119 (2624 -3488 576 ) (2624 -3232 576 ) (2624 -3232 512 ) (2624 -3488 512 ) 
4 115 118 (2624 -3232 576 ) (2624 -3072 576 ) (2624 -3072 512 ) (2624 -3232 512 ) 
4 115 116 (2624 -3744 512 ) (2624 -3072 512 ) (2816 -3072 512 ) (2816 -3744 512 ) 
4 116 120 (2624 -3488 384 ) (2624 -3072 384 ) (2816 -3072 384 ) (2816 -3488 384 ) 
4 116 119 (2624 -3232 384 ) (2624 -3488 384 ) (2624 -3488 512 ) (2624 -3232 512 ) 
4 116 118 (2624 -3072 384 ) (2624 -3232 384 ) (2624 -3232 512 ) (2624 -3072 512 ) 
4 118 120 (2368 -3072 384 ) (2624 -3072 384 ) (2624 -3232 384 ) (2368 -3232 384 ) 
4 118 119 (2368 -3232 384 ) (2624 -3232 384 ) (2624 -3232 640 ) (2368 -3232 640 ) 
4 119 120 (2368 -3232 384 ) (2624 -3232 384 ) (2624 -3488 384 ) (2368 -3488 384 ) 
4 121 123 (2944 -3840 574 ) (2944 -3840 384 ) (2944 -3904 384 ) (2944 -3904 574 ) 
4 121 122 (2944 -3840 576 ) (2944 -3840 574 ) (2944 -3904 574 ) (2944 -3904 576 ) 
4 122 124 (2816 -3840 576 ) (2816 -3840 574 ) (2816 -3904 574 ) (2816 -3904 576 ) 
4 122 123 (2816 -3904 574 ) (2816 -3840 574 ) (2944 -3840 574 ) (2944 -3904 574 ) 
4 123 125 (2944 -3904 384 ) (2944 -3904 512 ) (2816 -3904 512 ) (2816 -3904 384 ) 
4 123 124 (2816 -3840 574 ) (2816 -3840 384 ) (2816 -3904 384 ) (2816 -3904 574 ) 
4 125 128 (2944 -4096 512 ) (2816 -4096 512 ) (2816 -4096 256 ) (2944 -4096 256 ) 
4 126 136 (3072 -4560 -512 ) (3072 -4672 -512 ) (3072 -4672 1152 ) (3072 -4560 1152 ) 
4 126 127 (3072 -4096 1152 ) (3072 -4096 -512 ) (3072 -4560 -512 ) (3072 -4560 1152 ) 
4 127 136 (3072 -4560 -512 ) (3072 -4560 1152 ) (3024 -4560 1152 ) (3024 -4560 -512 ) 
4 127 130 (3024 -4560 -512 ) (3024 -4560 672 ) (3024 -4288 672 ) (3024 -4288 -512 ) 
4 127 129 (3024 -4272 672 ) (3024 -4272 -512 ) (3024 -4288 -512 ) (3024 -4288 672 ) 
4 127 128 (3024 -4272 1152 ) (3024 -4096 1152 ) (3024 -4096 -512 ) (3024 -4272 -512 ) 
4 128 135 (2736 -4096 1152 ) (2736 -4096 -512 ) (2736 -4272 -512 ) (2736 -4272 1152 ) 
4 128 134 (2736 -4272 672 ) (2736 -4272 -512 ) (2752 -4272 -512 ) (2752 -4272 672 ) 
4 128 129 (2752 -4272 -512 ) (3024 -4272 -512 ) (3024 -4272 672 ) (2752 -4272 672 ) 
4 129 134 (2752 -4272 672 ) (2752 -4272 -512 ) (2752 -4288 -512 ) (2752 -4288 672 ) 
4 129 131 (2752 -4288 672 ) (2752 -4288 -512 ) (3008 -4288 -512 ) (3008 -4288 672 ) 
4 129 130 (3008 -4288 -512 ) (3024 -4288 -512 ) (3024 -4288 672 ) (3008 -4288 672 ) 
4 130 136 (3024 -4560 -512 ) (3024 -4560 672 ) (3008 -4560 672 ) (3008 -4560 -512 ) 
4 130 132 (3008 -4544 -512 ) (3008 -4560 -512 ) (3008 -4560 672 ) (3008 -4544 672 ) 
4 130 131 (3008 -4288 672 ) (3008 -4288 -512 ) (3008 -4544 -512 ) (3008 -4544 672 ) 
4 131 134 (2752 -4288 672 ) (2752 -4288 -512 ) (2752 -4544 -512 ) (2752 -4544 672 ) 
4 131 133 (2752 -4544 -512 ) (2752 -4288 -512 ) (3008 -4288 -512 ) (3008 -4544 -512 ) 
4 131 132 (2752 -4544 672 ) (2752 -4544 -512 ) (3008 -4544 -512 ) (3008 -4544 672 ) 
4 132 136 (2752 -4560 672 ) (2752 -4560 -512 ) (3008 -4560 -512 ) (3008 -4560 672 ) 
4 132 134 (2752 -4560 -512 ) (2752 -4560 672 ) (2752 -4544 672 ) (2752 -4544 -512 ) 
4 134 136 (2752 -4560 -512 ) (2752 -4560 672 ) (2736 -4560 672 ) (2736 -4560 -512 ) 
4 134 135 (2736 -4560 -512 ) (2736 -4560 672 ) (2736 -4272 672 ) (2736 -4272 -512 ) 
4 135 136 (2736 -4560 -512 ) (2736 -4560 1152 ) (2624 -4560 1152 ) (2624 -4560 -512 ) 
4 137 141 (0 -2048 416 ) (0 -2048 160 ) (0 -2112 160 ) (0 -2112 416 ) 
4 137 139 (704 -2112 352 ) (704 -2112 288 ) (960 -2112 288 ) (960 -2112 352 ) 
4 137 138 (416 -2112 160 ) (128 -2112 160 ) (128 -2048 160 ) (416 -2048 160 ) 
4 139 140 (960 -2144 288 ) (960 -2144 352 ) (704 -2144 352 ) (704 -2144 288 ) 
