


Using shader api: shaderapiempty.dll
materialPath: D:\Steam\steamapps\common\Portal 2\portal2\materials
Loading d:\steam\steamapps\common\portal 2\sdk_content\maps\portal_2\niveles\kms_level_5.vmf
ConVarRef gpu_level doesn't point to an existing ConVar
fixing up env_cubemap materials on brush sides...
0...1...2...3...4...5...6...7...8...9...100...1...2...3...4...5...6...7...8...9...10Processing areas...done (0)
Building Faces...done (0)
Chop Details...done (0)
Find Visible Detail Sides...
Merged 528 detail faces...done (0)
Merging details...done (0)
FixTjuncs...
PruneNodes...
WriteBSP...
done (0)
writing d:\steam\steamapps\common\portal 2\sdk_content\maps\portal_2\niveles\kms_level_5.prt...Building visibility clusters...
done (0)
Finding displacement neighbors...
Finding lightmap sample positions...
Displacement Alpha : 0...1...2...3...4...5...6...7...8...9...10
Building Physics collision data...
done (1) (336761 bytes)
Placing detail props : 0...1...2...3...4...5...6...7...8...9...10
Compacting texture/material tables...
Reduced 1412 texinfos to 589
Reduced 39 texdatas to 36 (1106 bytes to 1029)
Writing d:\steam\steamapps\common\portal 2\sdk_content\maps\portal_2\niveles\kms_level_5.bsp

nummapplanes:     (  5464 / 65536 )
nummapbrushes:    (   908 /  8192 )
nummapbrushsides: (  7375 / 65536 )
num_map_overlays: (     2 /   512 )
nummodels:        (    30 /  1024 )
num_entities:     (   275 / 16384 )

1 second elapsed



12 threads
reading d:\steam\steamapps\common\portal 2\sdk_content\maps\portal_2\niveles\kms_level_5.bsp
reading d:\steam\steamapps\common\portal 2\sdk_content\maps\portal_2\niveles\kms_level_5.prt
  92 portalclusters
 193 numportals
0...1...2...3...4...5...6...7...8...9...100...1...2...3...4...5...6...7...8...9...10Optimized: 12 visible clusters (0.00%)
Total clusters visible: 3758
Average clusters visible: 40
Building PAS...
Average clusters audible: 75
visdatasize:2890  compressed from 2944
writing d:\steam\steamapps\common\portal 2\sdk_content\maps\portal_2\niveles\kms_level_5.bsp
0 seconds elapsed



[Reading texlights from 'lights.rad']
[59 texlights parsed from 'lights.rad']

Loading d:\steam\steamapps\common\portal 2\sdk_content\maps\portal_2\niveles\kms_level_5.bsp
1592 faces
209742 square feet [30202940.00 square inches]
0 Displacements
0 Square Feet [0.00 Square Inches]
1592 patches before subdivision
19848 patches after subdivision
53 direct lights
0...1...2...3...4...5...6...7...8...9...100...1...2...3...4...5...6...7...8...9...10transfers 2002045, max 489
transfer lists:  15.3 megs
0...1...2...3...4...5...6...7...8...9...10	Bounce #1 added RGB(65736, 66120, 65885)
0...1...2...3...4...5...6...7...8...9...10	Bounce #2 added RGB(40541, 40729, 40410)
0...1...2...3...4...5...6...7...8...9...10	Bounce #3 added RGB(25245, 25373, 25063)
0...1...2...3...4...5...6...7...8...9...10	Bounce #4 added RGB(15789, 15887, 15624)
0...1...2...3...4...5...6...7...8...9...10	Bounce #5 added RGB(9897, 9971, 9763)
0...1...2...3...4...5...6...7...8...9...10	Bounce #6 added RGB(6214, 6270, 6111)
0...1...2...3...4...5...6...7...8...9...10	Bounce #7 added RGB(3908, 3949, 3830)
0...1...2...3...4...5...6...7...8...9...10	Bounce #8 added RGB(2461, 2490, 2404)
0...1...2...3...4...5...6...7...8...9...10	Bounce #9 added RGB(1552, 1573, 1511)
0...1...2...3...4...5...6...7...8...9...10	Bounce #10 added RGB(979, 994, 950)
0...1...2...3...4...5...6...7...8...9...10	Bounce #11 added RGB(619, 629, 599)
0...1...2...3...4...5...6...7...8...9...10	Bounce #12 added RGB(391, 399, 377)
0...1...2...3...4...5...6...7...8...9...10	Bounce #13 added RGB(248, 253, 238)
0...1...2...3...4...5...6...7...8...9...10	Bounce #14 added RGB(157, 161, 150)
0...1...2...3...4...5...6...7...8...9...10	Bounce #15 added RGB(100, 102, 95)
0...1...2...3...4...5...6...7...8...9...10	Bounce #16 added RGB(63, 65, 60)
0...1...2...3...4...5...6...7...8...9...10	Bounce #17 added RGB(40, 41, 38)
0...1...2...3...4...5...6...7...8...9...10	Bounce #18 added RGB(26, 26, 24)
0...1...2...3...4...5...6...7...8...9...10	Bounce #19 added RGB(16, 17, 15)
0...1...2...3...4...5...6...7...8...9...10	Bounce #20 added RGB(10, 11, 10)
0...1...2...3...4...5...6...7...8...9...10	Bounce #21 added RGB(7, 7, 6)
0...1...2...3...4...5...6...7...8...9...10	Bounce #22 added RGB(4, 4, 4)
0...1...2...3...4...5...6...7...8...9...10	Bounce #23 added RGB(3, 3, 2)
0...1...2...3...4...5...6...7...8...9...10	Bounce #24 added RGB(2, 2, 2)
0...1...2...3...4...5...6...7...8...9...10	Bounce #25 added RGB(1, 1, 1)
0...1...2...3...4...5...6...7...8...9...10	Bounce #26 added RGB(1, 1, 1)
Build Patch/Sample Hash Table(s).....Done<0.0033 sec>
0...1...2...3...4...5...6...7...8...9...10FinalLightFace Done
8 of 8 (100% of) surface lights went in leaf ambient cubes.
0...1...2...3...4...5...6...7...8...9...10Writing leaf ambient...done
Ready to Finish

Object names       Objects/Maxobjs  Memory / Maxmem  Fullness 
------------       ---------------  ---------------  -------- 
models                  30/1024         1440/49152    ( 2.9%) 
brushes                908/8192        10896/98304    (11.1%) 
brushsides            7428/65536       59424/524288   (11.3%) 
planes                5464/65536      109280/1310720  ( 8.3%) 
vertexes              3018/65536       36216/786432   ( 4.6%) 
nodes                  617/65536       19744/2097152  ( 0.9%) 
texinfos               589/12288       42408/884736   ( 4.8%) 
texdata                 36/2048         1152/65536    ( 1.8%) 
dispinfos                0/0               0/0        ( 0.0%) 
disp_verts               0/0               0/0        ( 0.0%) 
disp_tris                0/0               0/0        ( 0.0%) 
disp_multiblend          0/0               0/0        ( 0.0%) 
disp_lmsamples           0/0               0/0        ( 0.0%) 
faces                 1592/65536       89152/3670016  ( 2.4%) 
hdr faces                0/65536           0/3670016  ( 0.0%) 
origfaces             1411/65536       79016/3670016  ( 2.2%) 
facebrushes            199/0             398/0        ( 0.0%) 
facebrushlists        1592/0            6368/0        ( 0.0%) 
leaves                 648/65536       20736/2097152  ( 1.0%) 
leaffaces             1740/65536        3480/131072   ( 2.7%) 
leafbrushes           1356/65536        2712/131072   ( 2.1%) 
areas                    3/256            24/2048     ( 1.2%) 
surfedges            13110/512000      52440/2048000  ( 2.6%) 
edges                 7869/256000      31476/1024000  ( 3.1%) 
LDR worldlights         53/8192         5300/819200   ( 0.6%) 
HDR worldlights          0/8192            0/819200   ( 0.0%) 
leafwaterdata            0/32768           0/393216   ( 0.0%) 
waterstrips            151/32768        1510/327680   ( 0.5%) 
waterverts               0/65536           0/786432   ( 0.0%) 
waterindices          3381/65536        6762/131072   ( 5.2%) 
cubemapsamples           2/1024           32/16384    ( 0.2%) 
overlays                 2/512           704/180224   ( 0.4%) 
LDR lightdata         [variable]     1240324/0        ( 0.0%) 
HDR lightdata         [variable]           0/0        ( 0.0%) 
visdata               [variable]        2890/16777216 ( 0.0%) 
entdata               [variable]       85781/393216   (21.8%) 
LDR ambient table      648/65536        2592/262144   ( 1.0%) 
HDR ambient table      648/65536        2592/262144   ( 1.0%) 
LDR leaf ambient      2313/65536       64764/1835008  ( 3.5%) 
HDR leaf ambient       648/65536       18144/1835008  ( 1.0%) 
occluders                0/0               0/0        ( 0.0%) 
occluder polygons        0/0               0/0        ( 0.0%) 
occluder vert ind        0/0               0/0        ( 0.0%) 
detail props          [variable]           1/12       ( 8.3%) 
static props          [variable]           1/14006    ( 0.0%) 
pakfile               [variable]      224278/0        ( 0.0%) 
physics               [variable]      336761/4194304  ( 8.0%) 
physics terrain       [variable]           2/1048576  ( 0.0%) 

Level flags = 0

Total triangle count: 4283
Writing d:\steam\steamapps\common\portal 2\sdk_content\maps\portal_2\niveles\kms_level_5.bsp
4 seconds elapsed
