PRT1
97
319
4 1 15 (1024 448 416 ) (1024 448 256 ) (1024 128 256 ) (1024 128 416 ) 
4 1 14 (1024 128 448 ) (1024 448 448 ) (1024 448 416 ) (1024 128 416 ) 
4 1 10 (1248 448 256 ) (1280 448 256 ) (1280 128 256 ) (1248 128 256 ) 
4 1 9 (1280 448 256 ) (1920 448 256 ) (1920 128 256 ) (1280 128 256 ) 
4 1 12 (1024 448 256 ) (1248 448 256 ) (1248 128 256 ) (1024 128 256 ) 
4 1 7 (1920 448 256 ) (1952 448 256 ) (1952 128 256 ) (1920 128 256 ) 
4 1 6 (1952 448 256 ) (1984 448 256 ) (1984 128 256 ) (1952 128 256 ) 
4 1 5 (1912.604492 128 256 ) (1945.318481 128 256 ) (1951.300049 128 284.144073 ) (1920 128 290.796997 ) 
5 1 4 (1977.909912 128 409.346985 ) (1984 128 438.001404 ) (1984 128 448 ) (1953.411011 128 448 ) (1946.609985 128 416 ) 
3 1 3 (1945.318481 128 256 ) (1984 128 256 ) (1984 128 438.001404 ) 
4 1 2 (1024 128 256 ) (1912.604492 128 256 ) (1953.411011 128 448 ) (1024 128 448 ) 
4 2 26 (1248 0 256 ) (1280 0 256 ) (1280 0 448 ) (1248 0 448 ) 
4 2 25 (1280 0 256 ) (1912.604492 0 256 ) (1953.411011 0 448 ) (1280 0 448 ) 
4 2 28 (1024 0 448 ) (1024 0 256 ) (1248 0 256 ) (1248 0 448 ) 
4 2 15 (1024 0 256 ) (1024 0 416 ) (1024 128 416 ) (1024 128 256 ) 
4 2 14 (1024 0 416 ) (1024 0 448 ) (1024 128 448 ) (1024 128 416 ) 
4 2 10 (1280 0 256 ) (1248 0 256 ) (1248 128 256 ) (1280 128 256 ) 
4 2 9 (1912.604492 0 256 ) (1280 0 256 ) (1280 128 256 ) (1912.604492 128 256 ) 
4 2 12 (1248 0 256 ) (1024 0 256 ) (1024 128 256 ) (1248 128 256 ) 
4 2 5 (1912.605469 0 256 ) (1912.605469 128 256 ) (1920 128 290.796875 ) (1920 0 290.796875 ) 
4 2 4 (1946.610962 128 416 ) (1953.412109 128 448 ) (1953.412109 0 448 ) (1946.610962 0 416 ) 
3 3 25 (1945.318481 0 256 ) (1984 0 256 ) (1984 0 438.001404 ) 
4 3 6 (1984 128 256 ) (1984 0 256 ) (1952 0 256 ) (1952 128 256 ) 
4 3 5 (1951.299927 128 284.144073 ) (1945.318359 128 256 ) (1945.318359 0 256 ) (1951.299927 0 284.144073 ) 
4 3 4 (1984 128 438.001617 ) (1977.909912 128 409.347046 ) (1977.909912 0 409.347046 ) (1984 0 438.001617 ) 
5 4 25 (1977.909912 0 409.346985 ) (1984 0 438.001404 ) (1984 0 448 ) (1953.411011 0 448 ) (1946.609985 0 416 ) 
4 5 25 (1912.604492 0 256 ) (1945.318481 0 256 ) (1951.300049 0 284.144073 ) (1920 0 290.796997 ) 
4 5 9 (1920 0 256 ) (1912.604492 0 256 ) (1912.604492 128 256 ) (1920 128 256 ) 
4 6 25 (1952 0 -64 ) (1984 0 -64 ) (1984 0 256 ) (1952 0 256 ) 
4 6 8 (1952 128 128 ) (1952 128 -64 ) (1952 0 -64 ) (1952 0 128 ) 
4 6 7 (1952 128 256 ) (1952 448 256 ) (1952 448 -64 ) (1952 128 -64 ) 
4 7 9 (1920 128 256 ) (1920 448 256 ) (1920 448 -64 ) (1920 128 -64 ) 
4 7 8 (1920 128 128 ) (1920 128 -64 ) (1952 128 -64 ) (1952 128 128 ) 
4 8 25 (1920 0 -64 ) (1952 0 -64 ) (1952 0 128 ) (1920 0 128 ) 
4 8 9 (1920 128 128 ) (1920 128 -64 ) (1920 0 -64 ) (1920 0 128 ) 
4 9 25 (1280 0 -64 ) (1920 0 -64 ) (1920 0 256 ) (1280 0 256 ) 
4 9 13 (1792 0 -64 ) (1440 0 -64 ) (1440 448 -64 ) (1792 448 -64 ) 
4 9 11 (1280 448 160 ) (1280 448 -64 ) (1280 0 -64 ) (1280 0 160 ) 
4 9 10 (1280 0 256 ) (1280 448 256 ) (1280 448 160 ) (1280 0 160 ) 
4 10 26 (1280 0 160 ) (1280 0 256 ) (1248 0 256 ) (1248 0 160 ) 
4 10 12 (1248 0 256 ) (1248 448 256 ) (1248 448 160 ) (1248 0 160 ) 
4 10 11 (1248 0 160 ) (1248 448 160 ) (1280 448 160 ) (1280 0 160 ) 
4 11 27 (1248 0 -64 ) (1280 0 -64 ) (1280 0 160 ) (1248 0 160 ) 
4 11 12 (1248 448 160 ) (1248 448 -64 ) (1248 0 -64 ) (1248 0 160 ) 
4 12 28 (1024 0 256 ) (1024 0 -64 ) (1248 0 -64 ) (1248 0 256 ) 
4 12 15 (1024 0 -64 ) (1024 0 256 ) (1024 448 256 ) (1024 448 -64 ) 
4 13 29 (1792 0 -64 ) (1440 0 -64 ) (1440 0 -384 ) (1792 0 -384 ) 
4 14 30 (1024 0 416 ) (1024 0 448 ) (768 0 448 ) (768 0 416 ) 
4 14 16 (768 128 416 ) (768 448 416 ) (800 448 416 ) (800 128 416 ) 
4 14 15 (800 448 416 ) (1024 448 416 ) (1024 0 416 ) (800 0 416 ) 
4 15 30 (1024 0 -64 ) (1024 0 416 ) (800 0 416 ) (800 0 -64 ) 
4 15 17 (800 128 -64 ) (800 0 -64 ) (800 0 272 ) (800 128 272 ) 
4 15 16 (800 448 -64 ) (800 128 -64 ) (800 128 416 ) (800 448 416 ) 
4 16 17 (768 128 -64 ) (800 128 -64 ) (800 128 272 ) (768 128 272 ) 
4 17 30 (768 0 272 ) (768 0 -64 ) (800 0 -64 ) (800 0 272 ) 
4 18 39 (0 320 384 ) (0 512 384 ) (0 512 -64 ) (0 320 -64 ) 
4 18 24 (0 320 -64 ) (0 512 -64 ) (512 512 -64 ) (512 320 -64 ) 
4 18 19 (0 320 -64 ) (512 320 -64 ) (512 320 384 ) (0 320 384 ) 
4 19 82 (0 320 -16 ) (0 320 -64 ) (0 256 -64 ) (0 256 -16 ) 
4 19 78 (0 320 47.997482 ) (0 320 -16 ) (0 256 -16 ) (0 256 47.997494 ) 
4 19 74 (0 320 234 ) (0 320 47.997482 ) (0 256 47.997494 ) (0 256 234 ) 
4 19 69 (0 320 278 ) (0 320 234 ) (0 256 234 ) (0 256 278 ) 
4 19 40 (0 256 384 ) (0 320 384 ) (0 320 278 ) (0 256 278 ) 
4 19 20 (0 256 -64 ) (512 256 -64 ) (512 256 384 ) (0 256 384 ) 
4 20 94 (0 208 384 ) (0 256 384 ) (0 256 -64 ) (0 208 -64 ) 
4 20 21 (512 208 80 ) (512 208 384 ) (336 208 384 ) (336 208 80 ) 
4 20 22 (336 208 -64 ) (512 208 -64 ) (512 208 -48 ) (336 208 -48 ) 
4 20 23 (0 208 -64 ) (336 208 -64 ) (336 208 384 ) (0 208 384 ) 
4 21 31 (512 0 80 ) (512 0 384 ) (336 0 384 ) (336 0 80 ) 
4 21 23 (336 208 384 ) (336 208 80 ) (336 0 80 ) (336 0 384 ) 
4 22 34 (512 0 -64 ) (512 0 -48 ) (336 0 -48 ) (336 0 -64 ) 
4 22 23 (336 208 -48 ) (336 208 -64 ) (336 0 -64 ) (336 0 -48 ) 
4 23 94 (0 0 -64 ) (0 0 384 ) (0 208 384 ) (0 208 -64 ) 
4 23 34 (0 0 -48 ) (0 0 -64 ) (336 0 -64 ) (336 0 -48 ) 
4 23 33 (0 0 80 ) (0 0 -48 ) (336 0 -48 ) (336 0 80 ) 
4 23 31 (336 0 384 ) (0 0 384 ) (0 0 80 ) (336 0 80 ) 
4 24 39 (0 320 -64 ) (0 512 -64 ) (0 512 -256 ) (0 320 -256 ) 
4 25 29 (1792 -288 -64 ) (1440 -288 -64 ) (1440 0 -64 ) (1792 0 -64 ) 
4 25 27 (1280 0 -64 ) (1280 -288 -64 ) (1280 -288 160 ) (1280 0 160 ) 
4 25 26 (1280 -288 160 ) (1280 -288 448 ) (1280 0 448 ) (1280 0 160 ) 
4 26 28 (1248 -288 160 ) (1248 -288 448 ) (1248 0 448 ) (1248 0 160 ) 
4 26 27 (1248 -288 160 ) (1248 0 160 ) (1280 0 160 ) (1280 -288 160 ) 
4 27 28 (1248 0 -64 ) (1248 -288 -64 ) (1248 -288 160 ) (1248 0 160 ) 
4 28 30 (1024 0 448 ) (1024 0 -64 ) (1024 -288 -64 ) (1024 -288 448 ) 
4 31 96 (0 -384 80 ) (0 -384 384 ) (0 -192 384 ) (0 -192 80 ) 
4 31 95 (0 -192 384 ) (0 0 384 ) (0 0 80 ) (0 -192 80 ) 
4 31 32 (512 -384 80 ) (336 -384 80 ) (336 -48 80 ) (512 -48 80 ) 
4 31 33 (336 -384 80 ) (0 -384 80 ) (0 0 80 ) (336 0 80 ) 
4 32 34 (336 -192 -48 ) (336 -48 -48 ) (512 -48 -48 ) (512 -192 -48 ) 
4 32 35 (512 -384 -48 ) (336 -384 -48 ) (336 -192 -48 ) (512 -192 -48 ) 
4 32 33 (336 -48 -48 ) (336 -384 -48 ) (336 -384 80 ) (336 -48 80 ) 
4 33 96 (0 -384 -48 ) (0 -384 80 ) (0 -192 80 ) (0 -192 -48 ) 
4 33 95 (0 -192 80 ) (0 0 80 ) (0 0 -48 ) (0 -192 -48 ) 
4 33 34 (0 -192 -48 ) (0 0 -48 ) (336 0 -48 ) (336 -192 -48 ) 
4 33 35 (336 -384 -48 ) (0 -384 -48 ) (0 -192 -48 ) (336 -192 -48 ) 
4 34 95 (0 -192 -48 ) (0 0 -48 ) (0 0 -64 ) (0 -192 -64 ) 
4 34 35 (512 -192 -64 ) (512 -192 -48 ) (0 -192 -48 ) (0 -192 -64 ) 
4 35 96 (0 -384 -256 ) (0 -384 -48 ) (0 -192 -48 ) (0 -192 -256 ) 
4 36 39 (-128 512 -64 ) (-128 512 320 ) (-384 512 320 ) (-384 512 -64 ) 
4 37 38 (-224 456 448 ) (-224 408 448 ) (-288 408 448 ) (-288 456 448 ) 
4 38 39 (-288 408 384 ) (-288 456 384 ) (-224 456 384 ) (-224 408 384 ) 
5 39 92 (-288 320 -64 ) (-224 320 -64 ) (-224 320 -54 ) (-262 320 -16 ) (-288 320 -16 ) 
3 39 91 (-224 320 -64 ) (-214 320 -64 ) (-224 320 -54 ) 
4 39 93 (-342 320 -64 ) (-288 320 -64 ) (-288 320 -16 ) (-294 320 -16 ) 
4 39 89 (-270 320 -8 ) (-272 320 -6 ) (-272 320 -12 ) (-268.799988 320 -12.799994 ) 
3 39 88 (-264 320 -14 ) (-270 320 -8 ) (-268.799988 320 -12.799994 ) 
4 39 90 (-272 320 -6 ) (-278 320 0 ) (-286.399994 320 -8.400004 ) (-272 320 -12 ) 
3 39 87 (-288 320 -10 ) (-294 320 -16 ) (-288 320 -16 ) 
5 39 86 (-272 320 -12 ) (-286.399994 320 -8.400004 ) (-288 320 -10 ) (-288 320 -16 ) (-272 320 -16 ) 
4 39 85 (-268.799988 320 -12.799994 ) (-272 320 -12 ) (-272 320 -16 ) (-268 320 -16 ) 
4 39 84 (-262 320 -16 ) (-264 320 -14 ) (-268.799988 320 -12.799994 ) (-268 320 -16 ) 
4 39 83 (-224 320 -16 ) (-250 320 -16 ) (-256 320 -22 ) (-224 320 -54 ) 
5 39 82 (-214 320 -64 ) (0 320 -64 ) (0 320 -16 ) (-224 320 -16 ) (-224 320 -54 ) 
4 39 81 (-243.199799 320 -12.800007 ) (-248 320 -14 ) (-250 320 -16 ) (-244 320 -16 ) 
4 39 80 (-240 320 -12 ) (-243.199799 320 -12.800007 ) (-244 320 -16 ) (-240 320 -16 ) 
4 39 79 (-224 320 -8 ) (-240 320 -12 ) (-240 320 -16 ) (-224 320 -16 ) 
4 39 78 (0 320 -16 ) (0 320 47.997494 ) (-224 320 -8 ) (-224 320 -16 ) 
3 39 77 (-242 320 -8 ) (-248 320 -14 ) (-243.200012 320 -12.800062 ) 
4 39 76 (-240 320 -6 ) (-242 320 -8 ) (-243.200012 320 -12.800062 ) (-240 320 -12 ) 
4 39 75 (-224 320 10 ) (-240 320 -6 ) (-240 320 -12 ) (-224 320 -8 ) 
4 39 74 (0 320 47.997494 ) (0 320 234 ) (-224 320 10 ) (-224 320 -8 ) 
3 39 73 (-256 320 16 ) (-240 320 12 ) (-240 320 16 ) 
5 39 72 (-240 320 12 ) (-225.600006 320 8.399998 ) (-224 320 10 ) (-224 320 16 ) (-240 320 16 ) 
3 39 71 (-224 320 10 ) (-218 320 16 ) (-224 320 16 ) 
4 39 70 (-224 320 54 ) (-260.799988 320 17.200012 ) (-256 320 16 ) (-224 320 16 ) 
5 39 69 (0 320 234 ) (0 320 278 ) (-224 320 54 ) (-224 320 16 ) (-218 320 16 ) 
4 39 68 (-240 320 12 ) (-243.199768 320 12.799948 ) (-242 320 8 ) (-240 320 6 ) 
3 39 67 (-243.199768 320 12.799948 ) (-248 320 14 ) (-242 320 8 ) 
4 39 66 (-234 320 0 ) (-225.600006 320 8.399998 ) (-240 320 12 ) (-240 320 6 ) 
4 39 65 (-273.200043 320 4.799970 ) (-278 320 0 ) (-272 320 -6 ) (-272 320 0 ) 
3 39 64 (-272 320 -6 ) (-270 320 -8 ) (-272 320 0 ) 
3 39 63 (-272 320 6 ) (-273.200043 320 4.799970 ) (-272 320 0 ) 
3 39 62 (-270 320 8 ) (-272 320 6 ) (-272 320 0 ) 
3 39 61 (-240 320 0 ) (-240 320 6 ) (-242 320 8 ) 
3 39 60 (-240 320 0 ) (-238.800003 320 4.800004 ) (-240 320 6 ) 
3 39 59 (-256 320 -16 ) (-251.199982 320 -17.199982 ) (-250 320 -16 ) 
3 39 58 (-256 320 -16 ) (-250 320 -16 ) (-248 320 -14 ) 
3 39 56 (-262 320 16 ) (-264 320 14 ) (-256 320 16 ) 
3 39 55 (-260.799988 320 17.200012 ) (-262 320 16 ) (-256 320 16 ) 
12 39 57 (-264 320 14 ) (-270 320 8 ) (-272 320 0 ) (-270 320 -8 ) (-264 320 -14 ) (-256 320 -16 ) (-248 320 -14 ) (-242 320 -8 ) (-240 320 0 ) (-242 320 8 ) (-248 320 14 ) (-256 320 16 ) 
4 39 54 (-262 320 -16 ) (-256 320 -22 ) (-251.199982 320 -17.199982 ) (-256 320 -16 ) 
3 39 53 (-264 320 -14 ) (-262 320 -16 ) (-256 320 -16 ) 
3 39 52 (-242 320 -8 ) (-240 320 -6 ) (-240 320 0 ) 
4 39 51 (-240 320 -6 ) (-234 320 0 ) (-238.800003 320 4.800004 ) (-240 320 0 ) 
4 39 50 (-576 320 -64 ) (-342 320 -64 ) (-288 320 -10 ) (-288 320 8 ) 
4 39 49 (-288 320 -10 ) (-272 320 6 ) (-272 320 12 ) (-288 320 8 ) 
4 39 48 (-272 320 6 ) (-270 320 8 ) (-268.799957 320 12.800060 ) (-272 320 12 ) 
3 39 47 (-270 320 8 ) (-264 320 14 ) (-268.799957 320 12.800060 ) 
5 39 46 (-1024 320 16 ) (-1024 320 -64 ) (-576 320 -64 ) (-288 320 8 ) (-288 320 16 ) 
4 39 45 (-288 320 8 ) (-272 320 12 ) (-272 320 16 ) (-288 320 16 ) 
4 39 44 (-272 320 12 ) (-268.799957 320 12.800058 ) (-268 320 16 ) (-272 320 16 ) 
4 39 43 (-268.799957 320 12.800058 ) (-264 320 14 ) (-262 320 16 ) (-268 320 16 ) 
5 39 41 (-288 320 16 ) (-262 320 16 ) (-224 320 54 ) (-224 320 384 ) (-288 320 384 ) 
4 39 40 (-224 320 54 ) (0 320 278 ) (0 320 384 ) (-224 320 384 ) 
4 39 42 (-1024 320 384 ) (-1024 320 16 ) (-288 320 16 ) (-288 320 384 ) 
4 40 69 (0 256 278 ) (-224 256 54 ) (-224 320 54 ) (0 320 278 ) 
4 40 94 (-224 256 54 ) (0 256 278 ) (0 256 384 ) (-224 256 384 ) 
4 40 41 (-224 320 54.001961 ) (-224 256 54.001961 ) (-224 256 384 ) (-224 320 384 ) 
4 41 70 (-224 256 54 ) (-260.799988 256 17.200001 ) (-260.799988 320 17.200001 ) (-224 320 54 ) 
4 41 55 (-260.799988 256 17.200001 ) (-262 256 16 ) (-262 320 16 ) (-260.799988 320 17.200001 ) 
4 41 45 (-288 320 16 ) (-272 320 16 ) (-272 256 16 ) (-288 256 16 ) 
4 41 44 (-272 320 16 ) (-268 320 16 ) (-268 256 16 ) (-272 256 16 ) 
4 41 43 (-268 320 16 ) (-262 320 16 ) (-262 256 16 ) (-268 256 16 ) 
4 41 42 (-288 320 16 ) (-288 256 16 ) (-288 256 384 ) (-288 320 384 ) 
5 41 94 (-262 256 16 ) (-224 256 54 ) (-224 256 384 ) (-288 256 384 ) (-288 256 16 ) 
4 42 46 (-1024 320 16 ) (-288 320 16 ) (-288 256 16 ) (-1024 256 16 ) 
4 42 94 (-288 256 384 ) (-1024 256 384 ) (-1024 256 16 ) (-288 256 16 ) 
4 43 56 (-262 256 16 ) (-264 256 14 ) (-264 320 14 ) (-262 320 16 ) 
4 43 47 (-264.001617 320 14 ) (-264.001678 256 14 ) (-268.799927 256 12.800216 ) (-268.799896 320 12.800274 ) 
4 43 94 (-268.799957 256 12.800006 ) (-264 256 14 ) (-262 256 16 ) (-268 256 16 ) 
4 43 44 (-268.800079 320 12.799769 ) (-268.800079 256 12.799715 ) (-268 256 16 ) (-268 320 16 ) 
4 44 48 (-268.799927 256 12.800216 ) (-272 256 12 ) (-272 320 12 ) (-268.799896 320 12.800274 ) 
4 44 45 (-272 320 12.004154 ) (-272 256 12.004105 ) (-272 256 16 ) (-272 320 16 ) 
4 44 94 (-272 256 12 ) (-268.799957 256 12.800006 ) (-268 256 16 ) (-272 256 16 ) 
4 45 49 (-272 256 12 ) (-288 256 8 ) (-288 320 8 ) (-272 320 12 ) 
4 45 94 (-288 256 8 ) (-272 256 12 ) (-272 256 16 ) (-288 256 16 ) 
4 45 46 (-288 320 8 ) (-288 256 8 ) (-288 256 16 ) (-288 320 16 ) 
4 46 50 (-288 256 8 ) (-576 256 -64 ) (-576 320 -64 ) (-288 320 8 ) 
5 46 94 (-1024 256 -64 ) (-576 256 -64 ) (-288 256 8 ) (-288 256 16 ) (-1024 256 16 ) 
4 47 57 (-264 256 14 ) (-270 256 8 ) (-270 320 8 ) (-264 320 14 ) 
3 47 94 (-270 256 8 ) (-264 256 14 ) (-268.799957 256 12.800007 ) 
4 47 48 (-270 320 8 ) (-270 256 8 ) (-268.800079 256 12.799715 ) (-268.800079 320 12.799769 ) 
4 48 62 (-270 256 8 ) (-272 256 6 ) (-272 320 6 ) (-270 320 8 ) 
4 48 49 (-272 320 6 ) (-272 256 6 ) (-272 256 12.004105 ) (-272 320 12.004154 ) 
4 48 94 (-272 256 6 ) (-270 256 8 ) (-268.799957 256 12.800007 ) (-272 256 12 ) 
4 49 90 (-278 256 0 ) (-286.399994 256 -8.400004 ) (-286.400024 320 -8.400005 ) (-278 320 0 ) 
4 49 86 (-286.399994 256 -8.400004 ) (-288 256 -10 ) (-288 320 -10 ) (-286.400024 320 -8.400005 ) 
4 49 65 (-273.200043 256 4.799960 ) (-278 256 0 ) (-278 320 0 ) (-273.200043 320 4.799971 ) 
4 49 63 (-272 256 6 ) (-273.200043 256 4.799960 ) (-273.200043 320 4.799971 ) (-272 320 6 ) 
4 49 94 (-288 256 -10 ) (-272 256 6 ) (-272 256 12 ) (-288 256 8 ) 
4 49 50 (-288 320 -10 ) (-288 256 -10 ) (-288 256 8 ) (-288 320 8 ) 
4 50 93 (-294 256 -16 ) (-342 256 -64 ) (-342 320 -64 ) (-294 320 -16 ) 
4 50 87 (-288 256 -10 ) (-294 256 -16 ) (-294 320 -16 ) (-288 320 -10 ) 
4 50 94 (-576 256 -64 ) (-342 256 -64 ) (-288 256 -10 ) (-288 256 8 ) 
4 51 75 (-234 256 0 ) (-240 256 -6 ) (-240 320 -6 ) (-234 320 0 ) 
4 51 66 (-233.998047 256 -0.001958 ) (-233.998047 320 -0.001960 ) (-238.800003 320 4.799995 ) (-238.800003 256 4.799996 ) 
4 51 60 (-240 256 0 ) (-238.799911 256 4.800413 ) (-238.799911 320 4.800413 ) (-240 320 0 ) 
4 51 94 (-240 256 -6 ) (-234 256 0 ) (-238.800003 256 4.800004 ) (-240 256 0 ) 
4 51 52 (-240 320 -6 ) (-240 256 -6 ) (-240 256 0 ) (-240 320 0 ) 
4 52 76 (-240 256 -6 ) (-242 256 -8 ) (-242 320 -8 ) (-240 320 -6 ) 
4 52 57 (-242 320 -8 ) (-242 256 -8 ) (-240 256 0 ) (-240 320 0 ) 
3 52 94 (-242 256 -8 ) (-240 256 -6 ) (-240 256 0 ) 
4 53 84 (-262 256 -16 ) (-264 256 -14 ) (-264 320 -14 ) (-262 320 -16 ) 
4 53 57 (-264 320 -14 ) (-264 256 -14 ) (-256 256 -16 ) (-256 320 -16 ) 
3 53 94 (-264 256 -14 ) (-262 256 -16 ) (-256 256 -16 ) 
4 53 54 (-262 256 -16 ) (-262 320 -16 ) (-256 320 -16 ) (-256 256 -16 ) 
4 54 92 (-256 256 -22 ) (-262 256 -16 ) (-262 320 -16 ) (-256 320 -22 ) 
4 54 83 (-251.199982 256 -17.199982 ) (-256 256 -22 ) (-256 320 -22 ) (-251.199982 320 -17.199980 ) 
4 54 59 (-256 256 -16 ) (-251.200012 256 -17.200006 ) (-251.200012 320 -17.200006 ) (-256 320 -16 ) 
4 54 94 (-262 256 -16 ) (-256 256 -22 ) (-251.199982 256 -17.199982 ) (-256 256 -16 ) 
4 55 70 (-260.799988 320 17.200001 ) (-260.799988 256 17.200001 ) (-256 256 16 ) (-256 320 16 ) 
3 55 94 (-260.799988 256 17.200012 ) (-262 256 16 ) (-256 256 16 ) 
4 55 56 (-262 256 16 ) (-262 320 16 ) (-256 320 16 ) (-256 256 16 ) 
4 56 57 (-264 256 14 ) (-264 320 14 ) (-256 320 16 ) (-256 256 16 ) 
3 56 94 (-262 256 16 ) (-264 256 14 ) (-256 256 16 ) 
4 57 88 (-264 256 -14 ) (-270 256 -8 ) (-270 320 -8 ) (-264 320 -14 ) 
4 57 77 (-242 256 -8 ) (-248 256 -14 ) (-248 320 -14 ) (-242 320 -8 ) 
4 57 73 (-256 256 16 ) (-248 256 14 ) (-248 320 14 ) (-256 320 16 ) 
4 57 67 (-242 320 8 ) (-247.998047 320 13.998037 ) (-247.998047 256 13.998039 ) (-242 256 8 ) 
4 57 64 (-270 320 -8 ) (-270 256 -8 ) (-272 256 0 ) (-272 320 0 ) 
4 57 62 (-272 320 0 ) (-272 256 0 ) (-270 256 8 ) (-270 320 8 ) 
4 57 61 (-240 256 -0.001961 ) (-240 320 -0.001963 ) (-242 320 8 ) (-242 256 8 ) 
4 57 58 (-256 256 -16 ) (-256 320 -16 ) (-248 320 -14 ) (-248 256 -14 ) 
12 57 94 (-264 256 14 ) (-270 256 8 ) (-272 256 0 ) (-270 256 -8 ) (-264 256 -14 ) (-256 256 -16 ) (-248 256 -14 ) (-242 256 -8 ) (-240 256 0 ) (-242 256 8 ) (-248 256 14 ) (-256 256 16 ) 
4 58 81 (-248 256 -14 ) (-250 256 -16 ) (-250 320 -16 ) (-248 320 -14 ) 
3 58 94 (-256 256 -16 ) (-250 256 -16 ) (-248 256 -14 ) 
4 58 59 (-256 256 -16 ) (-256 320 -16 ) (-250 320 -16 ) (-250 256 -16 ) 
4 59 83 (-250 256 -16 ) (-251.199982 256 -17.199982 ) (-251.199982 320 -17.199980 ) (-250 320 -16 ) 
3 59 94 (-256 256 -16 ) (-251.199982 256 -17.199982 ) (-250 256 -16 ) 
4 60 66 (-238.800003 320 4.799995 ) (-240 320 6 ) (-240 256 6 ) (-238.800003 256 4.799996 ) 
3 60 94 (-240 256 0 ) (-238.800003 256 4.800004 ) (-240 256 6 ) 
4 60 61 (-240 320 0 ) (-240 256 0 ) (-240 256 6 ) (-240 320 6 ) 
4 61 68 (-240 320 6 ) (-242 320 8 ) (-242 256 8 ) (-240 256 6 ) 
3 61 94 (-240 256 0 ) (-240 256 6 ) (-242 256 8 ) 
3 62 94 (-270 256 8 ) (-272 256 6 ) (-272 256 0 ) 
4 62 63 (-272 320 0 ) (-272 256 0 ) (-272 256 6 ) (-272 320 6 ) 
4 63 65 (-272 256 0 ) (-273.199951 256 4.800043 ) (-273.199951 320 4.800043 ) (-272 320 0 ) 
3 63 94 (-272 256 6 ) (-273.200043 256 4.799970 ) (-272 256 0 ) 
4 64 89 (-270 256 -8 ) (-272 256 -6 ) (-272 320 -6 ) (-270 320 -8 ) 
3 64 94 (-272 256 -6 ) (-270 256 -8 ) (-272 256 0 ) 
4 64 65 (-272 320 -6 ) (-272 256 -6 ) (-272 256 0 ) (-272 320 0 ) 
4 65 90 (-272 256 -6 ) (-278 256 0 ) (-278 320 0 ) (-272 320 -6 ) 
4 65 94 (-273.200043 256 4.799970 ) (-278 256 0 ) (-272 256 -6 ) (-272 256 0 ) 
4 66 75 (-225.600006 256 8.399994 ) (-234 256 0 ) (-234 320 0 ) (-225.600006 320 8.400000 ) 
4 66 72 (-240 256 12 ) (-225.601563 256 8.400391 ) (-225.601563 320 8.400391 ) (-240 320 12 ) 
4 66 68 (-240 320 6 ) (-240 256 6 ) (-240 256 12 ) (-240 320 12 ) 
4 66 94 (-234 256 0 ) (-225.600006 256 8.399998 ) (-240 256 12 ) (-240 256 6 ) 
4 67 73 (-248 256 14 ) (-243.199768 256 12.799946 ) (-243.199768 320 12.799946 ) (-248 320 14 ) 
3 67 94 (-243.199768 256 12.799948 ) (-248 256 14 ) (-242 256 8 ) 
4 67 68 (-242 256 8 ) (-242 320 8 ) (-243.199280 320 12.800186 ) (-243.199280 256 12.800187 ) 
4 68 73 (-243.199768 256 12.799946 ) (-240 256 12 ) (-240 320 12 ) (-243.199768 320 12.799946 ) 
4 68 94 (-240 256 12 ) (-243.199768 256 12.799948 ) (-242 256 8 ) (-240 256 6 ) 
4 69 74 (0 256 234 ) (-218 256 16 ) (-218 320 16 ) (0 320 234 ) 
4 69 71 (-224 320 16 ) (-218 320 16 ) (-218 256 16 ) (-224 256 16 ) 
5 69 94 (0 256 234 ) (0 256 278 ) (-224 256 54 ) (-224 256 16 ) (-218 256 16 ) 
4 69 70 (-224 320 16 ) (-224 256 16 ) (-224 256 54.001961 ) (-224 320 54.001965 ) 
4 70 73 (-256 256 16 ) (-256 320 16 ) (-240 320 16 ) (-240 256 16 ) 
4 70 72 (-240 320 16 ) (-224 320 16 ) (-224 256 16 ) (-240 256 16 ) 
4 70 94 (-224 256 54 ) (-260.799988 256 17.200012 ) (-256 256 16 ) (-224 256 16 ) 
4 71 74 (-218 256 16 ) (-224 256 10 ) (-224 320 10 ) (-218 320 16 ) 
4 71 72 (-224 320 10 ) (-224 256 10 ) (-224 256 16 ) (-224 320 16 ) 
3 71 94 (-224 256 10 ) (-218 256 16 ) (-224 256 16 ) 
4 72 75 (-224 256 10 ) (-225.600006 256 8.399994 ) (-225.600006 320 8.400000 ) (-224 320 10 ) 
5 72 94 (-240 256 12 ) (-225.600006 256 8.399998 ) (-224 256 10 ) (-224 256 16 ) (-240 256 16 ) 
4 72 73 (-240 320 12 ) (-240 256 12 ) (-240 256 16 ) (-240 320 16 ) 
3 73 94 (-256 256 16 ) (-240 256 12 ) (-240 256 16 ) 
4 74 78 (0 256 47.997925 ) (-224 256 -8 ) (-224 320 -8 ) (0 320 47.997944 ) 
4 74 94 (0 256 47.997494 ) (0 256 234 ) (-224 256 10 ) (-224 256 -8 ) 
4 74 75 (-224 320 -7.998056 ) (-224 256 -7.998055 ) (-224 256 10 ) (-224 320 10 ) 
4 75 79 (-224 256 -8 ) (-240 256 -12 ) (-240 320 -12 ) (-224 320 -8 ) 
4 75 76 (-240 320 -12 ) (-240 256 -12 ) (-240 256 -6 ) (-240 320 -6 ) 
4 75 94 (-224 256 10 ) (-240 256 -6 ) (-240 256 -12 ) (-224 256 -8 ) 
4 76 80 (-240 256 -12 ) (-243.199875 256 -12.799571 ) (-243.199890 320 -12.799575 ) (-240 320 -12 ) 
4 76 94 (-240 256 -6 ) (-242 256 -8 ) (-243.200012 256 -12.800062 ) (-240 256 -12 ) 
4 76 77 (-243.200134 320 -12.798602 ) (-243.200134 256 -12.798600 ) (-242 256 -8 ) (-242 320 -8 ) 
4 77 81 (-243.199875 256 -12.799571 ) (-247.998108 256 -14 ) (-247.998108 320 -14 ) (-243.199890 320 -12.799575 ) 
3 77 94 (-242 256 -8 ) (-248 256 -14 ) (-243.200012 256 -12.800062 ) 
4 78 82 (0 256 -16 ) (-224 256 -16 ) (-224 320 -16 ) (0 320 -16 ) 
4 78 94 (0 256 -16 ) (0 256 47.997494 ) (-224 256 -8 ) (-224 256 -16 ) 
4 78 79 (-224 320 -16 ) (-224 256 -16 ) (-224 256 -7.998055 ) (-224 320 -7.998056 ) 
4 79 83 (-224 256 -16 ) (-240 256 -16 ) (-240 320 -16 ) (-224 320 -16 ) 
4 79 80 (-240 320 -16 ) (-240 256 -16 ) (-240 256 -12 ) (-240 320 -12 ) 
4 79 94 (-224 256 -8 ) (-240 256 -12 ) (-240 256 -16 ) (-224 256 -16 ) 
4 80 83 (-240 256 -16 ) (-244 256 -16 ) (-244 320 -16 ) (-240 320 -16 ) 
4 80 94 (-240 256 -12 ) (-243.199799 256 -12.800007 ) (-244 256 -16 ) (-240 256 -16 ) 
4 80 81 (-244 320 -16 ) (-244 256 -16 ) (-243.199539 256 -12.798450 ) (-243.199539 320 -12.798451 ) 
4 81 83 (-244 256 -16 ) (-250 256 -16 ) (-250 320 -16 ) (-244 320 -16 ) 
4 81 94 (-243.199799 256 -12.800007 ) (-248 256 -14 ) (-250 256 -16 ) (-244 256 -16 ) 
4 82 91 (-214 320 -64 ) (-214 256 -64 ) (-224 256 -54 ) (-224 320 -54 ) 
5 82 94 (-214 256 -64 ) (0 256 -64 ) (0 256 -16 ) (-224 256 -16 ) (-224 256 -54 ) 
4 82 83 (-224 320 -54.001938 ) (-224 256 -54.001942 ) (-224 256 -16 ) (-224 320 -16 ) 
4 83 92 (-224 256 -54 ) (-256 256 -22 ) (-256 320 -22 ) (-224 320 -54 ) 
4 83 94 (-224 256 -16 ) (-250 256 -16 ) (-256 256 -22 ) (-224 256 -54 ) 
4 84 92 (-268 320 -16 ) (-262 320 -16 ) (-262 256 -16 ) (-268 256 -16 ) 
4 84 88 (-268.799988 256 -12.800008 ) (-264 256 -14 ) (-264 320 -14 ) (-268.799988 320 -12.800008 ) 
4 84 94 (-262 256 -16 ) (-264 256 -14 ) (-268.799988 256 -12.799994 ) (-268 256 -16 ) 
4 84 85 (-268 320 -16 ) (-268 256 -16 ) (-268.799896 256 -12.800390 ) (-268.799896 320 -12.800390 ) 
4 85 92 (-272 320 -16 ) (-268 320 -16 ) (-268 256 -16 ) (-272 256 -16 ) 
4 85 89 (-272 256 -12 ) (-268.799988 256 -12.800008 ) (-268.799988 320 -12.800008 ) (-272 320 -12 ) 
4 85 86 (-272 320 -16 ) (-272 256 -16 ) (-272 256 -12 ) (-272 320 -12 ) 
4 85 94 (-268.799988 256 -12.799994 ) (-272 256 -12 ) (-272 256 -16 ) (-268 256 -16 ) 
4 86 92 (-288 320 -16 ) (-272 320 -16 ) (-272 256 -16 ) (-288 256 -16 ) 
4 86 90 (-286.401184 320 -8.399719 ) (-286.401184 256 -8.399719 ) (-272 256 -12 ) (-272 320 -12 ) 
5 86 94 (-272 256 -12 ) (-286.399994 256 -8.400004 ) (-288 256 -10 ) (-288 256 -16 ) (-272 256 -16 ) 
4 86 87 (-288 320 -16 ) (-288 256 -16 ) (-288 256 -10 ) (-288 320 -10 ) 
4 87 93 (-294 256 -16 ) (-294 320 -16 ) (-288 320 -16 ) (-288 256 -16 ) 
3 87 94 (-288 256 -10 ) (-294 256 -16 ) (-288 256 -16 ) 
3 88 94 (-264 256 -14 ) (-270 256 -8 ) (-268.799988 256 -12.799994 ) 
4 88 89 (-268.799896 320 -12.800390 ) (-268.799896 256 -12.800390 ) (-270 256 -8 ) (-270 320 -8 ) 
4 89 90 (-272 320 -12 ) (-272 256 -12 ) (-272 256 -6 ) (-272 320 -6 ) 
4 89 94 (-270 256 -8 ) (-272 256 -6 ) (-272 256 -12 ) (-268.799988 256 -12.799994 ) 
4 90 94 (-272 256 -6 ) (-278 256 0 ) (-286.399994 256 -8.400004 ) (-272 256 -12 ) 
3 91 94 (-224 256 -64 ) (-214 256 -64 ) (-224 256 -54 ) 
4 91 92 (-224 320 -64 ) (-224 256 -64 ) (-224 256 -54.001942 ) (-224 320 -54.001938 ) 
4 92 93 (-288 320 -64 ) (-288 256 -64 ) (-288 256 -16 ) (-288 320 -16 ) 
5 92 94 (-288 256 -64 ) (-224 256 -64 ) (-224 256 -54 ) (-262 256 -16 ) (-288 256 -16 ) 
4 93 94 (-342 256 -64 ) (-288 256 -64 ) (-288 256 -16 ) (-294 256 -16 ) 
4 94 95 (0 0 -64 ) (0 0 384 ) (-1024 0 384 ) (-1024 0 -64 ) 
4 95 96 (0 -192 384 ) (-1024 -192 384 ) (-1024 -192 -64 ) (0 -192 -64 ) 
