PRT1
92
193
4 0 1 (864 2048 -96 ) (736 2048 -96 ) (736 2048 -224 ) (864 2048 -224 ) 
4 1 2 (864 1920 -224 ) (864 1920 -96 ) (736 1920 -96 ) (736 1920 -224 ) 
4 2 8 (160 1664 0 ) (160 1664 -256 ) (928 1664 -256 ) (928 1664 0 ) 
4 2 4 (928 1664 256 ) (160 1664 256 ) (160 1664 0 ) (928 1664 0 ) 
4 2 3 (672 1664 -256 ) (416 1664 -256 ) (416 1920 -256 ) (672 1920 -256 ) 
4 4 8 (160 1664 0 ) (928 1664 0 ) (928 1408 0 ) (160 1408 0 ) 
4 4 5 (672 1408 0 ) (928 1408 0 ) (928 1408 256 ) (672 1408 256 ) 
4 5 6 (736 1120 0 ) (864 1120 0 ) (864 1120 128 ) (736 1120 128 ) 
4 6 7 (736 1088 0 ) (864 1088 0 ) (864 1088 128 ) (736 1088 128 ) 
4 7 14 (864 1024 256 ) (736 1024 256 ) (736 1024 0 ) (864 1024 0 ) 
4 8 9 (160 1600 -256 ) (160 1472 -256 ) (160 1472 -128 ) (160 1600 -128 ) 
4 9 10 (128 1600 -256 ) (128 1472 -256 ) (128 1472 -128 ) (128 1600 -128 ) 
4 10 40 (0 1280 0 ) (0 1472 0 ) (0 1472 -256 ) (0 1280 -256 ) 
4 10 35 (0 1504 -256 ) (0 1472 -256 ) (0 1472 -128 ) (0 1504 -128 ) 
4 10 34 (0 1632 -256 ) (0 1504 -256 ) (0 1504 -128 ) (0 1632 -128 ) 
4 10 32 (0 1664 -128 ) (0 1664 -256 ) (0 1632 -256 ) (0 1632 -128 ) 
4 10 29 (0 1664 -64 ) (0 1664 -128 ) (0 1472 -128 ) (0 1472 -64 ) 
4 10 26 (0 1472 0 ) (0 1664 0 ) (0 1664 -64 ) (0 1472 -64 ) 
4 11 16 (1024 544 0 ) (1024 544 256 ) (1024 800 256 ) (1024 800 0 ) 
4 11 13 (1056 544 0 ) (1056 544 256 ) (1024 544 256 ) (1024 544 0 ) 
4 12 45 (1568 0 0 ) (1568 0 256 ) (1312 0 256 ) (1312 0 0 ) 
4 12 13 (1312 0 0 ) (1312 0 256 ) (1312 288 256 ) (1312 288 0 ) 
4 13 46 (1312 0 -160 ) (1312 0 256 ) (1024 0 256 ) (1024 0 -160 ) 
4 13 22 (1024 0 -160 ) (1024 0 0 ) (1024 96 0 ) (1024 96 -160 ) 
4 13 20 (1024 96 0 ) (1024 128 0 ) (1024 128 -160 ) (1024 96 -160 ) 
4 13 19 (1024 128 0 ) (1024 544 0 ) (1024 544 -160 ) (1024 128 -160 ) 
4 13 18 (1024 0 0 ) (1024 0 256 ) (1024 288 256 ) (1024 288 0 ) 
4 13 17 (1024 288 256 ) (1024 544 256 ) (1024 544 0 ) (1024 288 0 ) 
4 14 15 (736 832 0 ) (864 832 0 ) (864 832 128 ) (736 832 128 ) 
4 15 16 (736 800 0 ) (864 800 0 ) (864 800 128 ) (736 800 128 ) 
4 16 17 (544 544 0 ) (1024 544 0 ) (1024 544 256 ) (544 544 256 ) 
4 17 19 (1024 544 0 ) (1024 288 0 ) (288 288 0 ) (288 544 0 ) 
4 17 18 (288 288 0 ) (1024 288 0 ) (1024 288 256 ) (288 288 256 ) 
4 18 65 (544 0 256 ) (32 0 256 ) (32 0 0 ) (544 0 0 ) 
4 18 64 (704 0 256 ) (544 0 256 ) (544 0 0 ) (704 0 0 ) 
4 18 61 (736 0 128 ) (704 0 128 ) (704 0 0 ) (736 0 0 ) 
4 18 60 (864 0 128 ) (736 0 128 ) (736 0 0 ) (864 0 0 ) 
4 18 57 (896 0 128 ) (864 0 128 ) (864 0 0 ) (896 0 0 ) 
4 18 56 (1024 0 0 ) (1024 0 128 ) (896 0 128 ) (896 0 0 ) 
4 18 52 (704 0 192 ) (704 0 128 ) (736 0 128 ) (736 0 192 ) 
4 18 51 (736 0 256 ) (704 0 256 ) (704 0 192 ) (736 0 192 ) 
4 18 50 (864 0 256 ) (736 0 256 ) (736 0 128 ) (864 0 128 ) 
4 18 49 (1024 0 128 ) (1024 0 192 ) (864 0 192 ) (864 0 128 ) 
4 18 48 (1024 0 192 ) (1024 0 256 ) (864 0 256 ) (864 0 192 ) 
4 18 24 (704 0 0 ) (288 0 0 ) (288 96 0 ) (704 96 0 ) 
4 18 22 (1024 96 0 ) (1024 0 0 ) (896 0 0 ) (896 96 0 ) 
4 18 21 (704 96 0 ) (288 96 0 ) (288 128 0 ) (704 128 0 ) 
4 18 20 (1024 128 0 ) (1024 96 0 ) (896 96 0 ) (896 128 0 ) 
4 18 19 (1024 288 0 ) (1024 128 0 ) (288 128 0 ) (288 288 0 ) 
4 19 21 (288 128 -160 ) (704 128 -160 ) (704 128 0 ) (288 128 0 ) 
4 19 20 (896 128 -160 ) (1024 128 -160 ) (1024 128 0 ) (896 128 0 ) 
4 20 22 (1024 96 0 ) (896 96 0 ) (896 96 -160 ) (1024 96 -160 ) 
4 21 24 (704 96 0 ) (288 96 0 ) (288 96 -160 ) (704 96 -160 ) 
4 22 74 (1024 0 -160 ) (1024 0 -128 ) (896 0 -128 ) (896 0 -160 ) 
4 22 67 (1024 0 -128 ) (1024 0 0 ) (896 0 0 ) (896 0 -128 ) 
4 23 75 (736 0 -128 ) (736 0 -160 ) (864 0 -160 ) (864 0 -128 ) 
4 23 68 (736 0 -32 ) (736 0 -128 ) (864 0 -128 ) (864 0 -32 ) 
4 24 76 (288 0 -128 ) (288 0 -160 ) (704 0 -160 ) (704 0 -128 ) 
4 24 69 (704 0 0 ) (288 0 0 ) (288 0 -128 ) (704 0 -128 ) 
4 25 44 (-1024 1824 512 ) (-1024 1824 -128 ) (-1024 1664 -128 ) (-1024 1664 512 ) 
4 25 38 (-1024 1664 -128 ) (-1024 1824 -128 ) (-672 1824 -128 ) (-672 1664 -128 ) 
4 25 31 (-1024 1664 -64 ) (-1024 1664 -128 ) (-672 1664 -128 ) (-672 1664 -64 ) 
4 25 28 (-1024 1664 512 ) (-1024 1664 -64 ) (-672 1664 -64 ) (-672 1664 512 ) 
4 26 40 (-128 1472 -64 ) (0 1472 -64 ) (0 1472 0 ) (-128 1472 0 ) 
4 26 29 (0 1472 -64 ) (-320 1472 -64 ) (-320 1664 -64 ) (0 1664 -64 ) 
4 27 30 (-480 1504 -64 ) (-480 1632 -64 ) (-416 1632 -64 ) (-416 1504 -64 ) 
4 28 44 (-1024 1472 -64 ) (-1024 1472 512 ) (-1024 1664 512 ) (-1024 1664 -64 ) 
4 28 41 (-1024 1472 512 ) (-1024 1472 -64 ) (-672 1472 -64 ) (-672 1472 512 ) 
4 28 31 (-672 1472 -64 ) (-1024 1472 -64 ) (-1024 1664 -64 ) (-672 1664 -64 ) 
4 29 40 (-128 1472 -128 ) (0 1472 -128 ) (0 1472 -64 ) (-128 1472 -64 ) 
4 29 35 (0 1472 -128 ) (-320 1472 -128 ) (-320 1504 -128 ) (0 1504 -128 ) 
4 29 34 (-320 1504 -128 ) (-320 1632 -128 ) (0 1632 -128 ) (0 1504 -128 ) 
4 29 32 (-320 1632 -128 ) (-320 1664 -128 ) (0 1664 -128 ) (0 1632 -128 ) 
4 30 36 (-416 1472 -128 ) (-480 1472 -128 ) (-480 1504 -128 ) (-416 1504 -128 ) 
4 30 34 (-480 1504 -128 ) (-480 1632 -128 ) (-416 1632 -128 ) (-416 1504 -128 ) 
4 30 33 (-480 1632 -128 ) (-480 1664 -128 ) (-416 1664 -128 ) (-416 1632 -128 ) 
4 31 44 (-1024 1472 -128 ) (-1024 1472 -64 ) (-1024 1664 -64 ) (-1024 1664 -128 ) 
4 31 41 (-1024 1472 -64 ) (-1024 1472 -128 ) (-672 1472 -128 ) (-672 1472 -64 ) 
4 31 38 (-672 1472 -128 ) (-1024 1472 -128 ) (-1024 1664 -128 ) (-672 1664 -128 ) 
4 32 34 (-320 1632 -256 ) (0 1632 -256 ) (0 1632 -128 ) (-320 1632 -128 ) 
4 33 34 (-480 1632 -128 ) (-480 1632 -256 ) (-416 1632 -256 ) (-416 1632 -128 ) 
4 34 37 (-480 1504 -128 ) (-480 1632 -128 ) (-480 1632 -256 ) (-480 1504 -256 ) 
4 34 35 (-320 1504 -256 ) (0 1504 -256 ) (0 1504 -128 ) (-320 1504 -128 ) 
4 34 36 (-480 1504 -128 ) (-480 1504 -256 ) (-416 1504 -256 ) (-416 1504 -128 ) 
4 35 40 (0 1472 -256 ) (0 1472 -128 ) (-128 1472 -128 ) (-128 1472 -256 ) 
4 37 38 (-672 1632 -384 ) (-672 1504 -384 ) (-672 1504 -128 ) (-672 1632 -128 ) 
4 38 44 (-1024 1472 -384 ) (-1024 1472 -128 ) (-1024 1824 -128 ) (-1024 1824 -384 ) 
4 38 42 (-1024 1472 -128 ) (-1024 1472 -384 ) (-672 1472 -384 ) (-672 1472 -128 ) 
4 38 39 (-672 1824 -384 ) (-672 1472 -384 ) (-1024 1472 -384 ) (-1024 1824 -384 ) 
4 39 44 (-1024 1472 -1152 ) (-1024 1472 -384 ) (-1024 1824 -384 ) (-1024 1824 -1152 ) 
4 39 43 (-1024 1472 -384 ) (-1024 1472 -1152 ) (-672 1472 -1152 ) (-672 1472 -384 ) 
4 41 44 (-1024 1472 512 ) (-1024 1472 -128 ) (-1024 1312 -128 ) (-1024 1312 512 ) 
4 41 42 (-1024 1312 -128 ) (-1024 1472 -128 ) (-672 1472 -128 ) (-672 1312 -128 ) 
4 42 44 (-1024 1312 -128 ) (-1024 1472 -128 ) (-1024 1472 -384 ) (-1024 1312 -384 ) 
4 42 43 (-1024 1472 -384 ) (-672 1472 -384 ) (-672 1312 -384 ) (-1024 1312 -384 ) 
4 43 44 (-1024 1312 -1152 ) (-1024 1312 -384 ) (-1024 1472 -384 ) (-1024 1472 -1152 ) 
4 45 46 (1312 0 256 ) (1312 0 0 ) (1312 -224 0 ) (1312 -224 256 ) 
4 46 79 (1024 -64 -160 ) (1024 -480 -160 ) (1024 -480 -128 ) (1024 -64 -128 ) 
4 46 77 (1024 -32 -160 ) (1024 -64 -160 ) (1024 -64 -128 ) (1024 -32 -128 ) 
4 46 74 (1024 0 -128 ) (1024 0 -160 ) (1024 -32 -160 ) (1024 -32 -128 ) 
4 46 70 (1024 -32 -128 ) (1024 -64 -128 ) (1024 -64 0 ) (1024 -32 0 ) 
4 46 72 (1024 -64 -128 ) (1024 -480 -128 ) (1024 -480 0 ) (1024 -64 0 ) 
4 46 67 (1024 0 0 ) (1024 0 -128 ) (1024 -32 -128 ) (1024 -32 0 ) 
4 46 56 (1024 0 128 ) (1024 0 0 ) (1024 -480 0 ) (1024 -480 128 ) 
4 46 49 (1024 0 192 ) (1024 0 128 ) (1024 -480 128 ) (1024 -480 192 ) 
4 46 48 (1024 0 256 ) (1024 0 192 ) (1024 -480 192 ) (1024 -480 256 ) 
4 46 47 (1056 -480 256 ) (1024 -480 256 ) (1024 -480 0 ) (1056 -480 0 ) 
4 47 56 (1024 -736 0 ) (1024 -736 128 ) (1024 -480 128 ) (1024 -480 0 ) 
4 47 49 (1024 -736 128 ) (1024 -736 192 ) (1024 -480 192 ) (1024 -480 128 ) 
4 47 48 (1024 -736 192 ) (1024 -736 256 ) (1024 -480 256 ) (1024 -480 192 ) 
4 48 50 (864 -736 256 ) (864 0 256 ) (864 0 192 ) (864 -736 192 ) 
4 48 49 (864 -736 192 ) (864 0 192 ) (1024 0 192 ) (1024 -736 192 ) 
4 49 57 (864 0 128 ) (896 0 128 ) (896 -736 128 ) (864 -736 128 ) 
4 49 56 (896 0 128 ) (1024 0 128 ) (1024 -736 128 ) (896 -736 128 ) 
4 49 50 (864 0 128 ) (864 -736 128 ) (864 -736 192 ) (864 0 192 ) 
4 50 60 (736 0 128 ) (864 0 128 ) (864 -736 128 ) (736 -736 128 ) 
4 50 52 (736 0 128 ) (736 -736 128 ) (736 -736 192 ) (736 0 192 ) 
4 50 51 (736 -736 192 ) (736 -736 256 ) (736 0 256 ) (736 0 192 ) 
4 51 64 (704 0 256 ) (704 0 192 ) (704 -736 192 ) (704 -736 256 ) 
4 51 52 (736 0 192 ) (736 -736 192 ) (704 -736 192 ) (704 0 192 ) 
4 52 64 (704 0 192 ) (704 0 128 ) (704 -736 128 ) (704 -736 192 ) 
4 52 61 (704 -736 128 ) (704 0 128 ) (736 0 128 ) (736 -736 128 ) 
4 53 54 (736 -832 192 ) (864 -832 192 ) (864 -896 192 ) (736 -896 192 ) 
4 54 55 (704 -832 190 ) (896 -832 190 ) (896 -896 190 ) (704 -896 190 ) 
4 55 63 (704 -896 128 ) (704 -832 128 ) (736 -832 128 ) (736 -896 128 ) 
4 55 60 (736 -832 128 ) (864 -832 128 ) (864 -896 128 ) (736 -896 128 ) 
4 55 59 (864 -832 128 ) (896 -832 128 ) (896 -896 128 ) (864 -896 128 ) 
4 56 70 (1024 -32 0 ) (1024 -64 0 ) (896 -64 0 ) (896 -32 0 ) 
4 56 72 (1024 -64 0 ) (1024 -480 0 ) (896 -480 0 ) (896 -64 0 ) 
4 56 67 (896 0 0 ) (1024 0 0 ) (1024 -32 0 ) (896 -32 0 ) 
4 56 57 (896 0 0 ) (896 -736 0 ) (896 -736 128 ) (896 0 128 ) 
4 57 72 (896 -64 0 ) (896 -480 0 ) (864 -480 0 ) (864 -64 0 ) 
4 57 60 (864 0 0 ) (864 -736 0 ) (864 -736 128 ) (864 0 128 ) 
4 58 60 (864 -808 0 ) (864 -824 0 ) (864 -824 128 ) (864 -808 128 ) 
4 59 60 (864 -832 0 ) (864 -896 0 ) (864 -896 128 ) (864 -832 128 ) 
4 60 81 (864 -1024 128 ) (736 -1024 128 ) (736 -1024 0 ) (864 -1024 0 ) 
4 60 73 (864 -896 0 ) (864 -1024 0 ) (736 -1024 0 ) (736 -896 0 ) 
4 60 72 (864 -64 0 ) (864 -480 0 ) (736 -480 0 ) (736 -64 0 ) 
4 60 63 (736 -832 0 ) (736 -896 0 ) (736 -896 128 ) (736 -832 128 ) 
4 60 62 (736 -808 0 ) (736 -824 0 ) (736 -824 128 ) (736 -808 128 ) 
4 60 61 (736 0 0 ) (736 -736 0 ) (736 -736 128 ) (736 0 128 ) 
4 61 72 (736 -64 0 ) (736 -480 0 ) (704 -480 0 ) (704 -64 0 ) 
4 61 64 (704 0 128 ) (704 0 0 ) (704 -736 0 ) (704 -736 128 ) 
4 64 71 (704 -32 0 ) (704 -64 0 ) (544 -64 0 ) (544 -32 0 ) 
4 64 72 (704 -64 0 ) (704 -480 0 ) (544 -480 0 ) (544 -64 0 ) 
4 64 69 (544 0 0 ) (704 0 0 ) (704 -32 0 ) (544 -32 0 ) 
4 64 66 (544 -224 0 ) (544 -480 0 ) (544 -480 256 ) (544 -224 256 ) 
4 64 65 (544 0 0 ) (544 -224 0 ) (544 -224 256 ) (544 0 256 ) 
4 65 71 (544 -32 0 ) (544 -64 0 ) (288 -64 0 ) (288 -32 0 ) 
4 65 72 (544 -64 0 ) (544 -224 0 ) (288 -224 0 ) (288 -64 0 ) 
4 65 69 (288 0 0 ) (544 0 0 ) (544 -32 0 ) (288 -32 0 ) 
4 65 66 (288 -224 0 ) (544 -224 0 ) (544 -224 256 ) (288 -224 256 ) 
4 66 72 (544 -224 0 ) (544 -480 0 ) (288 -480 0 ) (288 -224 0 ) 
4 67 74 (896 0 -128 ) (1024 0 -128 ) (1024 -32 -128 ) (896 -32 -128 ) 
4 67 70 (896 -32 -128 ) (1024 -32 -128 ) (1024 -32 0 ) (896 -32 0 ) 
4 68 75 (736 0 -128 ) (864 0 -128 ) (864 -32 -128 ) (736 -32 -128 ) 
4 69 76 (288 0 -128 ) (704 0 -128 ) (704 -32 -128 ) (288 -32 -128 ) 
4 69 71 (288 -32 -128 ) (704 -32 -128 ) (704 -32 0 ) (288 -32 0 ) 
4 70 77 (896 -32 -128 ) (1024 -32 -128 ) (1024 -64 -128 ) (896 -64 -128 ) 
4 70 72 (896 -64 -128 ) (1024 -64 -128 ) (1024 -64 0 ) (896 -64 0 ) 
4 71 78 (288 -32 -128 ) (704 -32 -128 ) (704 -64 -128 ) (288 -64 -128 ) 
4 71 72 (288 -64 0 ) (288 -64 -128 ) (704 -64 -128 ) (704 -64 0 ) 
4 72 79 (1024 -64 -128 ) (1024 -480 -128 ) (288 -480 -128 ) (288 -64 -128 ) 
4 73 81 (864 -1024 0 ) (736 -1024 0 ) (736 -1024 -128 ) (864 -1024 -128 ) 
4 74 77 (896 -32 -160 ) (1024 -32 -160 ) (1024 -32 -128 ) (896 -32 -128 ) 
4 76 78 (288 -32 -160 ) (704 -32 -160 ) (704 -32 -128 ) (288 -32 -128 ) 
4 77 79 (896 -64 -160 ) (1024 -64 -160 ) (1024 -64 -128 ) (896 -64 -128 ) 
4 78 79 (288 -64 -160 ) (704 -64 -160 ) (704 -64 -128 ) (288 -64 -128 ) 
4 80 91 (1024 -1552 -896 ) (1024 -1664 -896 ) (1024 -1664 768 ) (1024 -1552 768 ) 
4 80 83 (1024 -1264 -896 ) (1024 -1552 -896 ) (1024 -1552 768 ) (1024 -1264 768 ) 
4 80 82 (1024 -1088 -896 ) (1024 -1264 -896 ) (1024 -1264 768 ) (1024 -1088 768 ) 
4 81 82 (864 -1088 128 ) (736 -1088 128 ) (736 -1088 -128 ) (864 -1088 -128 ) 
4 82 90 (656 -1264 768 ) (544 -1264 768 ) (544 -1264 -896 ) (656 -1264 -896 ) 
4 82 89 (656 -1264 288 ) (656 -1264 -896 ) (672 -1264 -896 ) (672 -1264 288 ) 
4 82 84 (672 -1264 288 ) (672 -1264 -896 ) (944 -1264 -896 ) (944 -1264 288 ) 
4 82 83 (1024 -1264 -896 ) (1024 -1264 768 ) (944 -1264 768 ) (944 -1264 -896 ) 
4 83 91 (1024 -1552 -896 ) (1024 -1552 768 ) (944 -1552 768 ) (944 -1552 -896 ) 
4 83 85 (944 -1280 -896 ) (944 -1552 -896 ) (944 -1552 288 ) (944 -1280 288 ) 
4 83 84 (944 -1264 288 ) (944 -1264 -896 ) (944 -1280 -896 ) (944 -1280 288 ) 
4 84 89 (672 -1264 288 ) (672 -1264 -896 ) (672 -1280 -896 ) (672 -1280 288 ) 
4 84 86 (672 -1280 288 ) (672 -1280 -896 ) (928 -1280 -896 ) (928 -1280 288 ) 
4 84 85 (928 -1280 -896 ) (944 -1280 -896 ) (944 -1280 288 ) (928 -1280 288 ) 
4 85 91 (944 -1552 -896 ) (944 -1552 288 ) (928 -1552 288 ) (928 -1552 -896 ) 
4 85 87 (928 -1536 -896 ) (928 -1552 -896 ) (928 -1552 288 ) (928 -1536 288 ) 
4 85 86 (928 -1280 288 ) (928 -1280 -896 ) (928 -1536 -896 ) (928 -1536 288 ) 
4 86 89 (672 -1280 288 ) (672 -1280 -896 ) (672 -1536 -896 ) (672 -1536 288 ) 
4 86 88 (672 -1536 -896 ) (672 -1280 -896 ) (928 -1280 -896 ) (928 -1536 -896 ) 
4 86 87 (672 -1536 288 ) (672 -1536 -896 ) (928 -1536 -896 ) (928 -1536 288 ) 
4 87 91 (672 -1552 288 ) (672 -1552 -896 ) (928 -1552 -896 ) (928 -1552 288 ) 
4 87 89 (672 -1552 -896 ) (672 -1552 288 ) (672 -1536 288 ) (672 -1536 -896 ) 
4 89 91 (672 -1552 -896 ) (672 -1552 288 ) (656 -1552 288 ) (656 -1552 -896 ) 
4 89 90 (656 -1264 288 ) (656 -1264 -896 ) (656 -1552 -896 ) (656 -1552 288 ) 
4 90 91 (544 -1552 -896 ) (656 -1552 -896 ) (656 -1552 768 ) (544 -1552 768 ) 
