PRT1
204
572
4 0 13 (1392 3008 -896 ) (1392 2896 -896 ) (1392 2896 -128 ) (1392 3008 -128 ) 
4 0 11 (1392 2896 -128 ) (1392 2896 128 ) (1392 3008 128 ) (1392 3008 -128 ) 
4 0 10 (1392 2896 128 ) (1392 2896 192 ) (1392 3008 192 ) (1392 3008 128 ) 
4 0 9 (1392 2896 192 ) (1392 2896 768 ) (1392 3008 768 ) (1392 3008 192 ) 
4 0 6 (1392 2896 288 ) (1392 2896 -896 ) (1408 2896 -896 ) (1408 2896 288 ) 
4 0 2 (1408 2896 -896 ) (1680 2896 -896 ) (1680 2896 288 ) (1408 2896 288 ) 
4 0 1 (1680 2896 -896 ) (1792 2896 -896 ) (1792 2896 768 ) (1680 2896 768 ) 
4 1 8 (1680 2608 768 ) (1680 2608 -896 ) (1792 2608 -896 ) (1792 2608 768 ) 
4 1 7 (1680 2624 -896 ) (1680 2608 -896 ) (1680 2608 288 ) (1680 2624 288 ) 
4 1 3 (1680 2880 -896 ) (1680 2624 -896 ) (1680 2624 288 ) (1680 2880 288 ) 
4 1 2 (1680 2896 288 ) (1680 2896 -896 ) (1680 2880 -896 ) (1680 2880 288 ) 
4 2 6 (1408 2896 288 ) (1408 2896 -896 ) (1408 2880 -896 ) (1408 2880 288 ) 
4 2 4 (1408 2880 288 ) (1408 2880 -896 ) (1664 2880 -896 ) (1664 2880 288 ) 
4 2 3 (1664 2880 -896 ) (1680 2880 -896 ) (1680 2880 288 ) (1664 2880 288 ) 
4 3 7 (1680 2624 -896 ) (1680 2624 288 ) (1664 2624 288 ) (1664 2624 -896 ) 
4 3 4 (1664 2880 288 ) (1664 2880 -896 ) (1664 2624 -896 ) (1664 2624 288 ) 
4 4 7 (1408 2624 288 ) (1408 2624 -896 ) (1664 2624 -896 ) (1664 2624 288 ) 
4 4 6 (1408 2880 -896 ) (1408 2624 -896 ) (1408 2624 288 ) (1408 2880 288 ) 
4 4 5 (1664 2624 -896 ) (1408 2624 -896 ) (1408 2880 -896 ) (1664 2880 -896 ) 
4 6 13 (1392 2624 -896 ) (1392 2624 -128 ) (1392 2896 -128 ) (1392 2896 -896 ) 
4 6 11 (1392 2624 -128 ) (1392 2624 128 ) (1392 2896 128 ) (1392 2896 -128 ) 
4 6 10 (1392 2624 128 ) (1392 2624 192 ) (1392 2896 192 ) (1392 2896 128 ) 
4 6 9 (1392 2624 192 ) (1392 2624 288 ) (1392 2896 288 ) (1392 2896 192 ) 
4 6 7 (1392 2624 288 ) (1392 2624 -896 ) (1408 2624 -896 ) (1408 2624 288 ) 
4 7 13 (1392 2608 -896 ) (1392 2608 -128 ) (1392 2624 -128 ) (1392 2624 -896 ) 
4 7 11 (1392 2608 -128 ) (1392 2608 128 ) (1392 2624 128 ) (1392 2624 -128 ) 
4 7 10 (1392 2608 128 ) (1392 2608 192 ) (1392 2624 192 ) (1392 2624 128 ) 
4 7 9 (1392 2608 192 ) (1392 2608 288 ) (1392 2624 288 ) (1392 2624 192 ) 
4 7 8 (1392 2608 288 ) (1392 2608 -896 ) (1680 2608 -896 ) (1680 2608 288 ) 
4 8 13 (1392 2608 -128 ) (1392 2608 -896 ) (1392 2496 -896 ) (1392 2496 -128 ) 
4 8 11 (1392 2608 128 ) (1392 2608 -128 ) (1392 2496 -128 ) (1392 2496 128 ) 
4 8 10 (1392 2608 192 ) (1392 2608 128 ) (1392 2496 128 ) (1392 2496 192 ) 
4 8 9 (1392 2496 768 ) (1392 2608 768 ) (1392 2608 192 ) (1392 2496 192 ) 
4 9 10 (1392 3008 192 ) (1392 2496 192 ) (1216 2496 192 ) (1216 3008 192 ) 
4 10 11 (1216 3008 128 ) (1392 3008 128 ) (1392 2496 128 ) (1216 2496 128 ) 
4 11 13 (1392 3008 -128 ) (1392 2496 -128 ) (1216 2496 -128 ) (1216 3008 -128 ) 
4 11 12 (1216 2816 -128 ) (1216 2688 -128 ) (1216 2688 128 ) (1216 2816 128 ) 
4 12 22 (1024 2688 128 ) (1024 2816 128 ) (1024 2816 0 ) (1024 2688 0 ) 
4 14 20 (416 2848 128 ) (416 2848 0 ) (864 2848 0 ) (864 2848 128 ) 
4 14 17 (416 2848 192 ) (416 2848 128 ) (864 2848 128 ) (864 2848 192 ) 
4 14 15 (416 2848 256 ) (416 2848 192 ) (864 2848 192 ) (864 2848 256 ) 
4 15 23 (416 2816 256 ) (416 2816 192 ) (864 2816 192 ) (864 2816 256 ) 
4 15 17 (864 2816 192 ) (416 2816 192 ) (416 2848 192 ) (864 2848 192 ) 
4 16 22 (960 2816 128 ) (1024 2816 128 ) (1024 2816 190 ) (960 2816 190 ) 
4 16 21 (1024 2816 190 ) (1024 2816 192 ) (960 2816 192 ) (960 2816 190 ) 
4 16 18 (1024 2816 128 ) (960 2816 128 ) (960 2848 128 ) (1024 2848 128 ) 
4 17 23 (416 2816 192 ) (416 2816 128 ) (864 2816 128 ) (864 2816 192 ) 
4 17 20 (864 2816 128 ) (416 2816 128 ) (416 2848 128 ) (864 2848 128 ) 
4 18 22 (960 2816 0 ) (1024 2816 0 ) (1024 2816 128 ) (960 2816 128 ) 
4 19 24 (936 2816 0 ) (952 2816 0 ) (952 2816 128 ) (936 2816 128 ) 
4 20 24 (416 2816 128 ) (416 2816 0 ) (864 2816 0 ) (864 2816 128 ) 
4 21 25 (1024 2688 190 ) (1024 2688 192 ) (960 2688 192 ) (960 2688 190 ) 
4 21 22 (1024 2688 190 ) (960 2688 190 ) (960 2816 190 ) (1024 2816 190 ) 
4 22 26 (960 2688 0 ) (1024 2688 0 ) (1024 2688 128 ) (960 2688 128 ) 
4 22 25 (1024 2688 128 ) (1024 2688 190 ) (960 2688 190 ) (960 2688 128 ) 
4 22 24 (960 2816 128 ) (960 2816 0 ) (960 2688 0 ) (960 2688 128 ) 
4 23 33 (720 2688 128 ) (736 2688 128 ) (736 2688 256 ) (720 2688 256 ) 
4 23 35 (416 2688 256 ) (416 2688 128 ) (720 2688 128 ) (720 2688 256 ) 
4 23 28 (736 2688 128 ) (864 2688 128 ) (864 2688 256 ) (736 2688 256 ) 
4 23 24 (416 2816 128 ) (864 2816 128 ) (864 2688 128 ) (416 2688 128 ) 
4 24 33 (720 2688 0 ) (736 2688 0 ) (736 2688 128 ) (720 2688 128 ) 
4 24 35 (416 2688 128 ) (416 2688 0 ) (720 2688 0 ) (720 2688 128 ) 
4 24 30 (736 2688 0 ) (864 2688 0 ) (864 2688 128 ) (736 2688 128 ) 
4 24 27 (936 2688 0 ) (952 2688 0 ) (952 2688 128 ) (936 2688 128 ) 
4 25 26 (1024 2656 128 ) (960 2656 128 ) (960 2688 128 ) (1024 2688 128 ) 
4 28 33 (736 2336 256 ) (736 2688 256 ) (736 2688 128 ) (736 2336 128 ) 
4 28 30 (736 2336 128 ) (736 2688 128 ) (864 2688 128 ) (864 2336 128 ) 
4 28 29 (736 2336 256 ) (736 2336 128 ) (864 2336 128 ) (864 2336 256 ) 
4 29 31 (736 2304 256 ) (736 2304 128 ) (864 2304 128 ) (864 2304 256 ) 
4 30 36 (864 2560 0 ) (864 2336 0 ) (736 2336 0 ) (736 2560 0 ) 
4 30 33 (736 2688 128 ) (736 2688 0 ) (736 2336 0 ) (736 2336 128 ) 
4 31 37 (864 2176 0 ) (864 2064 0 ) (736 2064 0 ) (736 2176 0 ) 
4 31 34 (736 2064 256 ) (736 2304 256 ) (736 2304 0 ) (736 2064 0 ) 
4 31 32 (736 2064 256 ) (736 2064 0 ) (864 2064 0 ) (864 2064 256 ) 
4 32 48 (736 2048 0 ) (864 2048 0 ) (864 2048 256 ) (736 2048 256 ) 
4 32 37 (864 2064 0 ) (864 2048 0 ) (736 2048 0 ) (736 2064 0 ) 
4 33 36 (736 2560 0 ) (736 2336 0 ) (720 2336 0 ) (720 2560 0 ) 
4 33 35 (720 2336 256 ) (720 2688 256 ) (720 2688 0 ) (720 2336 0 ) 
4 34 35 (720 2064 256 ) (720 2304 256 ) (720 2304 0 ) (720 2064 0 ) 
4 35 48 (416 2048 256 ) (416 2048 0 ) (720 2048 0 ) (720 2048 256 ) 
4 35 46 (416 2048 0 ) (416 2048 64 ) (416 2112 64 ) (416 2112 0 ) 
4 35 44 (416 2336 32 ) (416 2336 0 ) (416 2272 0 ) (416 2272 32 ) 
4 35 45 (416 2144 64 ) (416 2272 64 ) (416 2272 0 ) (416 2144 0 ) 
4 35 43 (416 2144 96 ) (416 2176 96 ) (416 2176 64 ) (416 2144 64 ) 
4 35 42 (416 2048 96 ) (416 2048 160 ) (416 2176 160 ) (416 2176 96 ) 
4 35 41 (416 2240 96 ) (416 2240 64 ) (416 2176 64 ) (416 2176 96 ) 
4 35 39 (416 2304 160 ) (416 2304 96 ) (416 2272 96 ) (416 2272 160 ) 
4 35 40 (416 2272 64 ) (416 2240 64 ) (416 2240 160 ) (416 2272 160 ) 
4 35 38 (416 2048 0 ) (416 2336 0 ) (720 2336 0 ) (720 2048 0 ) 
4 35 36 (416 2336 0 ) (416 2560 0 ) (720 2560 0 ) (720 2336 0 ) 
4 36 38 (416 2336 -128 ) (720 2336 -128 ) (720 2336 0 ) (416 2336 0 ) 
4 37 49 (864 2048 -85.333298 ) (864 2048 0 ) (736 2048 0 ) (736 2048 -85.333298 ) 
4 38 49 (720 2048 0 ) (416 2048 0 ) (416 2048 -128 ) (720 2048 -128 ) 
4 38 44 (416 2272 0 ) (416 2336 0 ) (416 2336 -32 ) (416 2272 -32 ) 
4 38 45 (416 2144 0 ) (416 2272 0 ) (416 2272 -32 ) (416 2144 -32 ) 
4 39 40 (416 2272 96 ) (416 2272 160 ) (410 2272 160 ) (410 2272 96 ) 
4 40 45 (410 2240 64 ) (410 2272 64 ) (416 2272 64 ) (416 2240 64 ) 
4 40 41 (410 2240 96 ) (410 2240 64 ) (416 2240 64 ) (416 2240 96 ) 
4 41 45 (410 2176 64 ) (410 2240 64 ) (416 2240 64 ) (416 2176 64 ) 
4 41 43 (410 2176 96 ) (410 2176 64 ) (416 2176 64 ) (416 2176 96 ) 
4 42 43 (410 2144 96 ) (410 2176 96 ) (416 2176 96 ) (416 2144 96 ) 
4 43 45 (410 2144 64 ) (410 2176 64 ) (416 2176 64 ) (416 2144 64 ) 
4 44 45 (410 2272 -32 ) (416 2272 -32 ) (416 2272 32 ) (410 2272 32 ) 
4 47 48 (864 1472 160 ) (864 1472 192 ) (864 1600 192 ) (864 1600 160 ) 
4 48 57 (416 1600 0 ) (416 1472 0 ) (416 1472 128 ) (416 1600 128 ) 
4 48 49 (416 1696 0 ) (416 2048 0 ) (864 2048 0 ) (864 1696 0 ) 
4 49 50 (416 1696 -128 ) (416 1952 -128 ) (544 1952 -128 ) (544 1696 -128 ) 
4 50 56 (416 1696 -160 ) (416 1700 -160 ) (544 1700 -160 ) (544 1696 -160 ) 
4 50 52 (420 1952 -160 ) (540 1952 -160 ) (540 1700 -160 ) (420 1700 -160 ) 
4 50 51 (540 1952 -160 ) (544 1952 -160 ) (544 1700 -160 ) (540 1700 -160 ) 
4 50 55 (416 1700 -160 ) (416 1952 -160 ) (420 1952 -160 ) (420 1700 -160 ) 
4 51 56 (540 1700 -224 ) (544 1700 -224 ) (544 1700 -160 ) (540 1700 -160 ) 
4 51 53 (540 1984 -192 ) (540 1984 -196 ) (540 1948 -196 ) (540 1948 -192 ) 
4 51 52 (540 1984 -160 ) (540 1984 -192 ) (540 1700 -192 ) (540 1700 -160 ) 
4 51 54 (540 1984 -196 ) (540 1984 -224 ) (540 1700 -224 ) (540 1700 -196 ) 
4 52 56 (540 1700 -192 ) (540 1700 -160 ) (420 1700 -160 ) (420 1700 -192 ) 
4 52 53 (420 1948 -192 ) (420 1984 -192 ) (540 1984 -192 ) (540 1948 -192 ) 
4 52 55 (420 1984 -160 ) (420 1984 -192 ) (420 1700 -192 ) (420 1700 -160 ) 
4 53 55 (420 1984 -192 ) (420 1984 -196 ) (420 1948 -196 ) (420 1948 -192 ) 
4 53 54 (420 1948 -196 ) (420 1984 -196 ) (540 1984 -196 ) (540 1948 -196 ) 
4 54 56 (420 1700 -224 ) (540 1700 -224 ) (540 1700 -196 ) (420 1700 -196 ) 
4 54 55 (420 1984 -196 ) (420 1984 -224 ) (420 1700 -224 ) (420 1700 -196 ) 
4 55 56 (416 1700 -224 ) (420 1700 -224 ) (420 1700 -160 ) (416 1700 -160 ) 
4 57 58 (384 1600 0 ) (384 1472 0 ) (384 1472 128 ) (384 1600 128 ) 
4 58 59 (192 1696 256 ) (192 1696 0 ) (192 1376 0 ) (192 1376 256 ) 
4 59 62 (160 1568 0 ) (160 1376 0 ) (160 1376 256 ) (160 1568 256 ) 
4 59 61 (160 1696 256 ) (160 1696 0 ) (160 1568 0 ) (160 1568 256 ) 
4 60 69 (160 1572 -224 ) (160 1568 -224 ) (160 1568 -160 ) (160 1572 -160 ) 
4 60 65 (160 1696 -160 ) (160 1696 -224 ) (160 1572 -224 ) (160 1572 -160 ) 
4 61 124 (0 1696 -128 ) (0 1696 -160 ) (0 1568 -160 ) (0 1568 -128 ) 
4 61 120 (0 1696 0 ) (0 1696 -128 ) (0 1568 -128 ) (0 1568 0 ) 
4 61 118 (0 1696 256 ) (0 1696 0 ) (0 1568 0 ) (0 1568 256 ) 
4 61 76 (32 1692 -160 ) (32 1572 -160 ) (0 1572 -160 ) (0 1692 -160 ) 
4 61 75 (0 1696 -160 ) (32 1696 -160 ) (32 1692 -160 ) (0 1692 -160 ) 
4 61 78 (32 1572 -160 ) (32 1568 -160 ) (0 1568 -160 ) (0 1572 -160 ) 
4 61 69 (160 1572 -160 ) (160 1568 -160 ) (32 1568 -160 ) (32 1572 -160 ) 
4 61 67 (156 1692 -160 ) (156 1572 -160 ) (32 1572 -160 ) (32 1692 -160 ) 
4 61 66 (32 1696 -160 ) (156 1696 -160 ) (156 1692 -160 ) (32 1692 -160 ) 
4 61 65 (156 1696 -160 ) (160 1696 -160 ) (160 1572 -160 ) (156 1572 -160 ) 
4 61 62 (160 1568 -128 ) (160 1568 256 ) (0 1568 256 ) (0 1568 -128 ) 
4 62 120 (0 1376 -128 ) (0 1376 0 ) (0 1568 0 ) (0 1568 -128 ) 
4 62 118 (0 1376 0 ) (0 1376 256 ) (0 1568 256 ) (0 1568 0 ) 
4 62 63 (0 1376 255 ) (0 1376 -128 ) (160 1376 -128 ) (160 1376 255 ) 
4 63 120 (0 1024 -128 ) (0 1024 0 ) (0 1376 0 ) (0 1376 -128 ) 
4 63 119 (0 1024 0 ) (0 1024 255 ) (0 1376 255 ) (0 1376 0 ) 
4 63 108 (32 1024 0 ) (0 1024 0 ) (0 1024 -128 ) (32 1024 -128 ) 
4 63 107 (160 1024 -128 ) (160 1024 0 ) (32 1024 0 ) (32 1024 -128 ) 
4 63 84 (96 1024 224 ) (0 1024 224 ) (0 1024 128 ) (96 1024 128 ) 
4 63 86 (0 1024 128 ) (0 1024 0 ) (96 1024 0 ) (96 1024 128 ) 
4 63 82 (160 1024 0 ) (160 1024 224 ) (96 1024 224 ) (96 1024 0 ) 
4 63 80 (160 1024 224 ) (160 1024 255 ) (0 1024 255 ) (0 1024 224 ) 
4 63 64 (160 1216 -128 ) (160 1024 -128 ) (32 1024 -128 ) (32 1216 -128 ) 
4 64 107 (160 1024 -160 ) (160 1024 -128 ) (32 1024 -128 ) (32 1024 -160 ) 
4 64 71 (156 1024 -160 ) (36 1024 -160 ) (36 1216 -160 ) (156 1216 -160 ) 
4 64 70 (160 1216 -160 ) (160 1024 -160 ) (156 1024 -160 ) (156 1216 -160 ) 
4 64 74 (36 1024 -160 ) (32 1024 -160 ) (32 1216 -160 ) (36 1216 -160 ) 
4 65 69 (156 1572 -224 ) (160 1572 -224 ) (160 1572 -160 ) (156 1572 -160 ) 
4 65 67 (156 1572 -192 ) (156 1572 -160 ) (156 1692 -160 ) (156 1692 -192 ) 
4 65 68 (156 1692 -224 ) (156 1572 -224 ) (156 1572 -196 ) (156 1692 -196 ) 
4 65 66 (156 1696 -224 ) (156 1692 -224 ) (156 1692 -160 ) (156 1696 -160 ) 
4 66 75 (32 1696 -224 ) (32 1692 -224 ) (32 1692 -160 ) (32 1696 -160 ) 
4 66 67 (32 1692 -160 ) (32 1692 -192 ) (156 1692 -192 ) (156 1692 -160 ) 
4 66 68 (32 1692 -196 ) (32 1692 -224 ) (156 1692 -224 ) (156 1692 -196 ) 
4 67 76 (32 1572 -192 ) (32 1572 -160 ) (32 1692 -160 ) (32 1692 -192 ) 
4 67 69 (32 1572 -160 ) (32 1572 -192 ) (156 1572 -192 ) (156 1572 -160 ) 
4 68 77 (32 1692 -224 ) (32 1572 -224 ) (32 1572 -196 ) (32 1692 -196 ) 
4 68 69 (32 1572 -196 ) (32 1572 -224 ) (156 1572 -224 ) (156 1572 -196 ) 
4 69 78 (32 1572 -224 ) (32 1568 -224 ) (32 1568 -160 ) (32 1572 -160 ) 
4 70 109 (160 1024 -224 ) (160 1024 -160 ) (156 1024 -160 ) (156 1024 -224 ) 
4 70 72 (156 1248 -192 ) (156 1248 -196 ) (156 1212 -196 ) (156 1212 -192 ) 
4 70 71 (156 1248 -160 ) (156 1248 -192 ) (156 1024 -192 ) (156 1024 -160 ) 
4 70 73 (156 1248 -196 ) (156 1248 -224 ) (156 1024 -224 ) (156 1024 -196 ) 
4 71 110 (156 1024 -160 ) (36 1024 -160 ) (36 1024 -192 ) (156 1024 -192 ) 
4 71 72 (36 1212 -192 ) (36 1248 -192 ) (156 1248 -192 ) (156 1212 -192 ) 
4 71 74 (36 1248 -160 ) (36 1248 -192 ) (36 1024 -192 ) (36 1024 -160 ) 
4 72 74 (36 1248 -192 ) (36 1248 -196 ) (36 1212 -196 ) (36 1212 -192 ) 
4 72 73 (36 1212 -196 ) (36 1248 -196 ) (156 1248 -196 ) (156 1212 -196 ) 
4 73 111 (36 1024 -196 ) (36 1024 -224 ) (156 1024 -224 ) (156 1024 -196 ) 
4 73 74 (36 1248 -196 ) (36 1248 -224 ) (36 1024 -224 ) (36 1024 -196 ) 
4 74 113 (36 1024 -160 ) (32 1024 -160 ) (32 1024 -224 ) (36 1024 -224 ) 
4 75 125 (0 1692 -160 ) (0 1696 -160 ) (0 1696 -224 ) (0 1692 -224 ) 
4 75 76 (32 1692 -192 ) (32 1692 -160 ) (0 1692 -160 ) (0 1692 -192 ) 
4 75 77 (0 1692 -224 ) (32 1692 -224 ) (32 1692 -196 ) (0 1692 -196 ) 
4 76 126 (0 1572 -160 ) (0 1692 -160 ) (0 1692 -192 ) (0 1572 -192 ) 
4 76 78 (32 1572 -192 ) (32 1572 -160 ) (0 1572 -160 ) (0 1572 -192 ) 
4 77 127 (0 1692 -196 ) (0 1692 -224 ) (0 1572 -224 ) (0 1572 -196 ) 
4 77 78 (0 1572 -224 ) (32 1572 -224 ) (32 1572 -196 ) (0 1572 -196 ) 
4 78 128 (0 1568 -160 ) (0 1572 -160 ) (0 1572 -224 ) (0 1568 -224 ) 
4 79 167 (160 0 135 ) (160 0 0 ) (256 0 0 ) (256 0 135 ) 
4 79 159 (160 0 224 ) (160 0 137 ) (256 0 137 ) (256 0 224 ) 
4 79 166 (160 0 137 ) (160 0 135 ) (256 0 135 ) (256 0 137 ) 
4 79 95 (160 192 0 ) (160 0 0 ) (160 0 135 ) (160 192 135 ) 
4 79 94 (160 0 135 ) (160 0 137 ) (160 192 137 ) (160 192 135 ) 
4 79 91 (160 0 137 ) (160 0 224 ) (160 60 224 ) (160 60 137 ) 
4 79 87 (160 60 224 ) (160 192 224 ) (160 192 137 ) (160 60 137 ) 
4 80 132 (0 1024 255 ) (0 1024 224 ) (0 768 224 ) (0 768 255 ) 
4 80 84 (0 768 224 ) (0 1024 224 ) (96 1024 224 ) (96 768 224 ) 
4 80 82 (96 1024 224 ) (160 1024 224 ) (160 768 224 ) (96 768 224 ) 
4 81 133 (0 224 256 ) (0 736 256 ) (0 736 224 ) (0 224 224 ) 
4 81 85 (0 224 224 ) (0 736 224 ) (96 736 224 ) (96 224 224 ) 
4 81 83 (96 736 224 ) (160 736 224 ) (160 224 224 ) (96 224 224 ) 
4 82 107 (160 1024 0 ) (160 960 0 ) (96 960 0 ) (96 1024 0 ) 
4 82 84 (96 768 128 ) (96 768 224 ) (96 1024 224 ) (96 1024 128 ) 
4 82 86 (96 1024 0 ) (96 768 0 ) (96 768 128 ) (96 1024 128 ) 
4 83 85 (96 224 128 ) (96 224 224 ) (96 736 224 ) (96 736 128 ) 
4 83 86 (96 736 0 ) (96 224 0 ) (96 224 128 ) (96 736 128 ) 
4 84 134 (0 768 224 ) (0 1024 224 ) (0 1024 128 ) (0 768 128 ) 
4 84 86 (96 1024 128 ) (96 768 128 ) (0 768 128 ) (0 1024 128 ) 
4 85 136 (0 224 224 ) (0 736 224 ) (0 736 128 ) (0 224 128 ) 
4 85 86 (96 736 128 ) (96 224 128 ) (0 224 128 ) (0 736 128 ) 
4 86 139 (0 224 0 ) (0 192 0 ) (0 192 128 ) (0 224 128 ) 
4 86 135 (0 768 0 ) (0 736 0 ) (0 736 128 ) (0 768 128 ) 
4 86 134 (0 1024 128 ) (0 1024 0 ) (0 768 0 ) (0 768 128 ) 
4 86 136 (0 736 0 ) (0 224 0 ) (0 224 128 ) (0 736 128 ) 
4 86 108 (0 960 0 ) (0 1024 0 ) (32 1024 0 ) (32 960 0 ) 
4 86 107 (32 1024 0 ) (96 1024 0 ) (96 960 0 ) (32 960 0 ) 
4 86 100 (0 192 0 ) (96 192 0 ) (96 192 12 ) (0 192 12 ) 
4 86 97 (96 192 12 ) (96 192 128 ) (0 192 128 ) (0 192 12 ) 
4 87 94 (124 192 137 ) (160 192 137 ) (160 60 137 ) (124 60 137 ) 
4 87 92 (126 60 137 ) (127 60 137 ) (127 60 224 ) (126 60 224 ) 
4 87 91 (127 60 137 ) (160 60 137 ) (160 60 224 ) (127 60 224 ) 
4 87 93 (124 60 137 ) (126 60 137 ) (126 60 224 ) (124 60 224 ) 
4 87 89 (124 63 137 ) (124 62 137 ) (124 62 224 ) (124 63 224 ) 
4 87 88 (124 192 224 ) (124 192 137 ) (124 63 137 ) (124 63 224 ) 
4 87 90 (124 62 137 ) (124 60 137 ) (124 60 224 ) (124 62 224 ) 
4 88 140 (0 63 224 ) (0 192 224 ) (0 192 137 ) (0 63 137 ) 
4 88 94 (0 63 137 ) (0 192 137 ) (124 192 137 ) (124 63 137 ) 
4 88 89 (0 63 137 ) (124 63 137 ) (124 63 224 ) (0 63 224 ) 
4 89 141 (0 62 224 ) (0 63 224 ) (0 63 137 ) (0 62 137 ) 
4 89 94 (0 62 137 ) (0 63 137 ) (124 63 137 ) (124 62 137 ) 
4 89 90 (0 62 137 ) (124 62 137 ) (124 62 224 ) (0 62 224 ) 
4 90 142 (0 60 224 ) (0 62 224 ) (0 62 137 ) (0 60 137 ) 
4 90 94 (0 60 137 ) (0 62 137 ) (124 62 137 ) (124 60 137 ) 
4 90 93 (0 60 137 ) (124 60 137 ) (124 60 224 ) (0 60 224 ) 
4 91 159 (160 0 137 ) (160 0 224 ) (127 0 224 ) (127 0 137 ) 
4 91 94 (127 60 137 ) (160 60 137 ) (160 0 137 ) (127 0 137 ) 
4 91 92 (127 60 224 ) (127 60 137 ) (127 0 137 ) (127 0 224 ) 
4 92 160 (127 0 224 ) (126 0 224 ) (126 0 137 ) (127 0 137 ) 
4 92 94 (126 60 137 ) (127 60 137 ) (127 0 137 ) (126 0 137 ) 
4 92 93 (126 60 224 ) (126 60 137 ) (126 0 137 ) (126 0 224 ) 
4 93 163 (124 0 224 ) (0 0 224 ) (0 0 137 ) (124 0 137 ) 
4 93 161 (126 0 224 ) (124 0 224 ) (124 0 137 ) (126 0 137 ) 
4 93 142 (0 0 137 ) (0 0 224 ) (0 60 224 ) (0 60 137 ) 
4 93 94 (0 0 137 ) (0 60 137 ) (126 60 137 ) (126 0 137 ) 
4 94 166 (160 0 135 ) (160 0 137 ) (0 0 137 ) (0 0 135 ) 
4 94 147 (0 0 135 ) (0 0 137 ) (0 192 137 ) (0 192 135 ) 
4 94 103 (127 0 135 ) (126 0 135 ) (126 60 135 ) (127 60 135 ) 
4 94 102 (128 60 135 ) (128 0 135 ) (127 0 135 ) (127 60 135 ) 
4 94 104 (126 0 135 ) (0 0 135 ) (0 60 135 ) (126 60 135 ) 
4 94 98 (124 63 135 ) (124 62 135 ) (0 62 135 ) (0 63 135 ) 
4 94 97 (0 192 135 ) (124 192 135 ) (124 63 135 ) (0 63 135 ) 
4 94 99 (124 62 135 ) (124 60 135 ) (0 60 135 ) (0 62 135 ) 
4 94 96 (124 192 135 ) (128 192 135 ) (128 60 135 ) (124 60 135 ) 
4 94 95 (128 192 135 ) (160 192 135 ) (160 0 135 ) (128 0 135 ) 
4 95 167 (160 0 0 ) (160 0 135 ) (128 0 135 ) (128 0 0 ) 
4 95 102 (128 0 135 ) (128 60 135 ) (128 60 12.145100 ) (128 0 12.145100 ) 
4 95 101 (128 60 8 ) (128 60 12 ) (128 64 12 ) (128 64 8 ) 
4 95 100 (128 192 12 ) (128 192 0 ) (128 64 0 ) (128 64 12 ) 
4 95 96 (128 60 135 ) (128 192 135 ) (128 192 12 ) (128 60 12 ) 
4 96 103 (127 60 135 ) (126 60 135 ) (126 60 12 ) (127 60 12 ) 
4 96 102 (128 60 12 ) (128 60 135 ) (127 60 135 ) (127 60 12 ) 
4 96 104 (126 60 135 ) (124 60 135 ) (124 60 12 ) (126 60 12 ) 
4 96 101 (128 60 12 ) (124 60 12 ) (124 64 12 ) (128 64 12 ) 
4 96 100 (124 64 12 ) (124 192 12 ) (128 192 12 ) (128 64 12 ) 
4 96 98 (124 63 12 ) (124 62 12 ) (124 62 135 ) (124 63 135 ) 
4 96 97 (124 192 12 ) (124 63 12 ) (124 63 135 ) (124 192 135 ) 
4 96 99 (124 62 12 ) (124 60 12 ) (124 60 135 ) (124 62 135 ) 
4 97 148 (0 63 135 ) (0 192 135 ) (0 192 12 ) (0 63 12 ) 
4 97 101 (0 63 12 ) (0 64 12 ) (124 64 12 ) (124 63 12 ) 
4 97 100 (0 64 12 ) (0 192 12 ) (124 192 12 ) (124 64 12 ) 
4 97 98 (0 63 12 ) (124 63 12 ) (124 63 135 ) (0 63 135 ) 
4 98 149 (0 62 135 ) (0 63 135 ) (0 63 12 ) (0 62 12 ) 
4 98 101 (0 62 12 ) (0 63 12 ) (124 63 12 ) (124 62 12 ) 
4 98 99 (0 62 12 ) (124 62 12 ) (124 62 135 ) (0 62 135 ) 
4 99 150 (0 60 135 ) (0 62 135 ) (0 62 12 ) (0 60 12 ) 
4 99 104 (124 60 135 ) (0 60 135 ) (0 60 12 ) (124 60 12 ) 
4 99 101 (124 60 12 ) (0 60 12 ) (0 62 12 ) (124 62 12 ) 
4 100 155 (0 192 12 ) (0 192 0 ) (0 64 0 ) (0 64 12 ) 
4 100 101 (128 64 8 ) (128 64 12 ) (0 64 12 ) (0 64 8 ) 
4 101 156 (0 60 8 ) (0 60 12 ) (0 64 12 ) (0 64 8 ) 
4 101 105 (124 60 12 ) (0 60 12 ) (0 60 8 ) (124 60 8 ) 
4 102 168 (128 0 135 ) (127 0 135 ) (127 0 12.145100 ) (128 0 12.145100 ) 
4 102 103 (127 60 135 ) (127 60 12.145100 ) (127 0 12.145100 ) (127 0 135 ) 
4 103 169 (127 0 135 ) (126 0 135 ) (126 0 12.145100 ) (127 0 12.145100 ) 
4 103 104 (126 60 135 ) (126 60 12.145100 ) (126 0 12.145100 ) (126 0 135 ) 
4 104 176 (32 0 135 ) (0 0 135 ) (0 0 12.145100 ) (32 0 12.145100 ) 
4 104 173 (124 0 135 ) (32 0 135 ) (32 0 12.145100 ) (124 0 12.145100 ) 
4 104 170 (126 0 135 ) (124 0 135 ) (124 0 12.145100 ) (126 0 12.145100 ) 
4 104 152 (0 0 12.145100 ) (0 0 135 ) (0 60 135 ) (0 60 12.145100 ) 
4 104 105 (0 0 12.145100 ) (0 60 12.145100 ) (124 60 12.145100 ) (124 0 12.145100 ) 
4 105 178 (0 0 12.145100 ) (0 0 8.145110 ) (124 0 8.145110 ) (124 0 12.145100 ) 
4 105 156 (0 0 8.145110 ) (0 0 12.145100 ) (0 60 12.145100 ) (0 60 8.145110 ) 
4 105 106 (0 60 8.145110 ) (124 60 8.145110 ) (124 0 8.145110 ) (0 0 8.145110 ) 
4 107 113 (32 1024 -160 ) (36 1024 -160 ) (36 960 -160 ) (32 960 -160 ) 
4 107 110 (36 1024 -160 ) (156 1024 -160 ) (156 964 -160 ) (36 964 -160 ) 
4 107 109 (156 1024 -160 ) (160 1024 -160 ) (160 964 -160 ) (156 964 -160 ) 
4 107 112 (160 964 -160 ) (160 960 -160 ) (36 960 -160 ) (36 964 -160 ) 
4 107 108 (32 960 -128 ) (32 960 0 ) (32 1024 0 ) (32 1024 -128 ) 
4 108 158 (0 960 0 ) (0 1024 0 ) (0 1024 -128 ) (0 960 -128 ) 
4 109 110 (156 964 -192 ) (156 964 -160 ) (156 1024 -160 ) (156 1024 -192 ) 
4 109 111 (156 1024 -224 ) (156 964 -224 ) (156 964 -196 ) (156 1024 -196 ) 
4 109 112 (156 964 -224 ) (160 964 -224 ) (160 964 -160 ) (156 964 -160 ) 
4 110 113 (36 964 -192 ) (36 964 -160 ) (36 1024 -160 ) (36 1024 -192 ) 
4 110 112 (36 964 -160 ) (36 964 -192 ) (156 964 -192 ) (156 964 -160 ) 
4 111 113 (36 1024 -224 ) (36 964 -224 ) (36 964 -196 ) (36 1024 -196 ) 
4 111 112 (36 964 -196 ) (36 964 -224 ) (156 964 -224 ) (156 964 -196 ) 
4 112 113 (36 964 -224 ) (36 928 -224 ) (36 928 -160 ) (36 964 -160 ) 
4 114 118 (-24 1696 248 ) (-216 1696 248 ) (-216 1696 120 ) (-24 1696 120 ) 
4 115 116 (-240 1376 290 ) (-240 1456 290 ) (-144 1456 290 ) (-144 1376 290 ) 
4 116 117 (-160 1376 288 ) (-224 1376 288 ) (-224 1440 288 ) (-160 1440 288 ) 
4 117 118 (-224 1440 256 ) (-160 1440 256 ) (-160 1376 256 ) (-224 1376 256 ) 
4 118 121 (-256 1472 0 ) (-256 1696 0 ) (-128 1696 0 ) (-128 1472 0 ) 
4 118 120 (-128 1696 0 ) (0 1696 0 ) (0 1376 0 ) (-128 1376 0 ) 
4 118 119 (-256 1376 0 ) (0 1376 0 ) (0 1376 255 ) (-256 1376 255 ) 
4 119 137 (-32 1024 224 ) (-256 1024 224 ) (-256 1024 0 ) (-32 1024 0 ) 
4 119 134 (0 1024 0 ) (0 1024 224 ) (-32 1024 224 ) (-32 1024 0 ) 
4 119 132 (0 1024 224 ) (0 1024 255 ) (-256 1024 255 ) (-256 1024 224 ) 
4 119 122 (-256 1216 0 ) (-256 1344 0 ) (-128 1344 0 ) (-128 1216 0 ) 
4 119 123 (-256 1024 0 ) (-256 1088 0 ) (-128 1088 0 ) (-128 1024 0 ) 
4 119 120 (-128 1376 0 ) (0 1376 0 ) (0 1024 0 ) (-128 1024 0 ) 
4 120 158 (0 1024 -128 ) (0 1024 0 ) (-128 1024 0 ) (-128 1024 -128 ) 
4 120 124 (-96 1696 -128 ) (0 1696 -128 ) (0 1568 -128 ) (-96 1568 -128 ) 
4 120 122 (-128 1344 -128 ) (-128 1216 -128 ) (-128 1216 0 ) (-128 1344 0 ) 
4 120 123 (-128 1088 -128 ) (-128 1024 -128 ) (-128 1024 0 ) (-128 1088 0 ) 
4 120 121 (-128 1696 -128 ) (-128 1472 -128 ) (-128 1472 0 ) (-128 1696 0 ) 
4 123 158 (-128 1024 0 ) (-256 1024 0 ) (-256 1024 -128 ) (-128 1024 -128 ) 
4 124 129 (-92 1568 -160 ) (-96 1568 -160 ) (-96 1696 -160 ) (-92 1696 -160 ) 
4 124 126 (-92 1572 -160 ) (-92 1692 -160 ) (0 1692 -160 ) (0 1572 -160 ) 
4 124 125 (-92 1692 -160 ) (-92 1696 -160 ) (0 1696 -160 ) (0 1692 -160 ) 
4 124 128 (0 1568 -160 ) (-92 1568 -160 ) (-92 1572 -160 ) (0 1572 -160 ) 
4 125 129 (-92 1696 -224 ) (-92 1692 -224 ) (-92 1692 -160 ) (-92 1696 -160 ) 
4 125 126 (-92 1692 -160 ) (-92 1692 -192 ) (0 1692 -192 ) (0 1692 -160 ) 
4 125 127 (-92 1692 -196 ) (-92 1692 -224 ) (0 1692 -224 ) (0 1692 -196 ) 
4 126 129 (-92 1572 -192 ) (-92 1572 -160 ) (-92 1692 -160 ) (-92 1692 -192 ) 
4 126 128 (-92 1572 -160 ) (-92 1572 -192 ) (0 1572 -192 ) (0 1572 -160 ) 
4 127 129 (-92 1692 -224 ) (-92 1572 -224 ) (-92 1572 -196 ) (-92 1692 -196 ) 
4 127 128 (-92 1572 -196 ) (-92 1572 -224 ) (0 1572 -224 ) (0 1572 -196 ) 
4 128 129 (-92 1572 -224 ) (-92 1568 -224 ) (-92 1568 -160 ) (-92 1572 -160 ) 
4 130 131 (-96 672 288 ) (-96 608 288 ) (-160 608 288 ) (-160 672 288 ) 
4 131 133 (-96 672 256 ) (-96 608 256 ) (-160 608 256 ) (-160 672 256 ) 
4 132 137 (-256 1024 224 ) (-32 1024 224 ) (-32 768 224 ) (-256 768 224 ) 
4 132 134 (-32 1024 224 ) (0 1024 224 ) (0 768 224 ) (-32 768 224 ) 
5 133 138 (-32 224 224 ) (-96 224 224 ) (-256 544.062073 224 ) (-256 736 224 ) (-32 736 224 ) 
4 133 136 (0 736 224 ) (0 224 224 ) (-32 224 224 ) (-32 736 224 ) 
4 134 158 (-32 1024 0 ) (0 1024 0 ) (0 960 0 ) (-32 960 0 ) 
4 134 137 (-32 1024 0 ) (-32 768 0 ) (-32 768 224 ) (-32 1024 224 ) 
4 134 135 (-32 768 128 ) (-32 768 0 ) (0 768 0 ) (0 768 128 ) 
4 135 136 (-32 736 128 ) (-32 736 0 ) (0 736 0 ) (0 736 128 ) 
4 136 139 (-32 224 0 ) (0 224 0 ) (0 224 128 ) (-32 224 128 ) 
4 136 138 (-32 736 0 ) (-32 224 0 ) (-32 224 224 ) (-32 736 224 ) 
4 137 158 (-256 1024 0 ) (-32 1024 0 ) (-32 960 0 ) (-256 960 0 ) 
4 139 155 (-32 192 0 ) (0 192 0 ) (0 192 12 ) (-32 192 12 ) 
4 139 148 (0 192 12 ) (0 192 128 ) (-32 192 128 ) (-32 192 12 ) 
4 140 143 (-60 192 224 ) (-60 192 137 ) (-60 63 137 ) (-60 63 224 ) 
4 140 147 (-60 192 137 ) (0 192 137 ) (0 63 137 ) (-60 63 137 ) 
4 140 141 (-60 63 224 ) (-60 63 137 ) (0 63 137 ) (0 63 224 ) 
4 141 143 (-60 63 137 ) (-60 62 137 ) (-60 62 224 ) (-60 63 224 ) 
4 141 142 (-60 62 224 ) (-60 62 137 ) (0 62 137 ) (0 62 224 ) 
4 141 147 (0 63 137 ) (0 62 137 ) (-60 62 137 ) (-60 63 137 ) 
4 142 186 (0 0 137 ) (0 0 148.113998 ) (-60 0 148.113998 ) (-60 0 137 ) 
4 142 180 (0 0 148.113998 ) (0 0 224 ) (-60 0 224 ) (-60 0 148.113998 ) 
4 142 144 (-60 60 137 ) (-60 0 137 ) (-60 0 224 ) (-60 60 224 ) 
4 142 143 (-60 62 137 ) (-60 60 137 ) (-60 60 224 ) (-60 62 224 ) 
4 142 147 (0 62 137 ) (0 0 137 ) (-60 0 137 ) (-60 62 137 ) 
4 143 145 (-63 60 137 ) (-62 60 137 ) (-62 60 224 ) (-63 60 224 ) 
4 143 144 (-62 60 137 ) (-60 60 137 ) (-60 60 224 ) (-62 60 224 ) 
4 143 146 (-192 60 224 ) (-192 60 137 ) (-63 60 137 ) (-63 60 224 ) 
4 143 147 (-192 60 137 ) (-192 192 137 ) (-60 192 137 ) (-60 60 137 ) 
4 144 194 (-60 0 224 ) (-62 0 224 ) (-62 0 137 ) (-60 0 137 ) 
4 144 147 (-62 60 137 ) (-60 60 137 ) (-60 0 137 ) (-62 0 137 ) 
4 144 145 (-62 60 224 ) (-62 60 137 ) (-62 0 137 ) (-62 0 224 ) 
4 145 195 (-62 0 224 ) (-63 0 224 ) (-63 0 137 ) (-62 0 137 ) 
4 145 146 (-63 60 224 ) (-63 60 137 ) (-63 0 137 ) (-63 0 224 ) 
4 145 147 (-63 60 137 ) (-62 60 137 ) (-62 0 137 ) (-63 0 137 ) 
4 146 203 (-64 0 224 ) (-192 0 224 ) (-192 0 137 ) (-64 0 137 ) 
4 146 196 (-63 0 224 ) (-64 0 224 ) (-64 0 137 ) (-63 0 137 ) 
4 146 147 (-192 0 137 ) (-192 60 137 ) (-63 60 137 ) (-63 0 137 ) 
4 147 203 (-64 0 137 ) (-192 0 137 ) (-192 0 135 ) (-64 0 135 ) 
4 147 197 (-60 0 137 ) (-64 0 137 ) (-64 0 135 ) (-60 0 135 ) 
4 147 186 (0 0 135 ) (0 0 137 ) (-60 0 137 ) (-60 0 135 ) 
4 147 153 (-62 0 135 ) (-63 0 135 ) (-63 60 135 ) (-62 60 135 ) 
4 147 152 (0 60 135 ) (0 0 135 ) (-62 0 135 ) (-62 60 135 ) 
4 147 154 (-63 0 135 ) (-192 0 135 ) (-192 60 135 ) (-63 60 135 ) 
4 147 149 (0 63 135 ) (0 62 135 ) (-60 62 135 ) (-60 63 135 ) 
4 147 148 (-60 192 135 ) (0 192 135 ) (0 63 135 ) (-60 63 135 ) 
4 147 150 (0 62 135 ) (0 60 135 ) (-60 60 135 ) (-60 62 135 ) 
4 147 151 (-192 192 135 ) (-60 192 135 ) (-60 60 135 ) (-192 60 135 ) 
4 148 156 (0 64 12 ) (0 63 12 ) (-60 63 12 ) (-60 64 12 ) 
4 148 155 (-60 192 12 ) (0 192 12 ) (0 64 12 ) (-60 64 12 ) 
4 148 151 (-60 192 12 ) (-60 63 12 ) (-60 63 135 ) (-60 192 135 ) 
4 148 149 (-60 63 135 ) (-60 63 12 ) (0 63 12 ) (0 63 135 ) 
4 149 156 (0 63 12 ) (0 62 12 ) (-60 62 12 ) (-60 63 12 ) 
4 149 150 (-60 62 135 ) (-60 62 12 ) (0 62 12 ) (0 62 135 ) 
4 149 151 (-60 63 12 ) (-60 62 12 ) (-60 62 135 ) (-60 63 135 ) 
4 150 156 (0 62 12 ) (0 60 12 ) (-60 60 12 ) (-60 62 12 ) 
4 150 152 (-60 60 12 ) (0 60 12 ) (0 60 135 ) (-60 60 135 ) 
4 150 151 (-60 62 12 ) (-60 60 12 ) (-60 60 135 ) (-60 62 135 ) 
4 151 157 (-192 60 12 ) (-192 192 12 ) (-64 192 12 ) (-64 60 12 ) 
4 151 156 (-60 64 12 ) (-60 60 12 ) (-64 60 12 ) (-64 64 12 ) 
4 151 155 (-64 192 12 ) (-60 192 12 ) (-60 64 12 ) (-64 64 12 ) 
4 151 153 (-63 60 12 ) (-62 60 12 ) (-62 60 135 ) (-63 60 135 ) 
4 151 152 (-62 60 12 ) (-60 60 12 ) (-60 60 135 ) (-62 60 135 ) 
4 151 154 (-192 60 135 ) (-192 60 12 ) (-63 60 12 ) (-63 60 135 ) 
4 152 198 (-60 0 135 ) (-62 0 135 ) (-62 0 12 ) (-60 0 12 ) 
4 152 186 (0 0 12 ) (0 0 135 ) (-60 0 135 ) (-60 0 12 ) 
4 152 156 (0 0 12 ) (-62 0 12 ) (-62 60 12 ) (0 60 12 ) 
4 152 153 (-62 60 135 ) (-62 60 12 ) (-62 0 12 ) (-62 0 135 ) 
4 153 199 (-62 0 135 ) (-63 0 135 ) (-63 0 12 ) (-62 0 12 ) 
4 153 156 (-62 0 12 ) (-63 0 12 ) (-63 60 12 ) (-62 60 12 ) 
4 153 154 (-63 60 135 ) (-63 60 12 ) (-63 0 12 ) (-63 0 135 ) 
4 154 203 (-64 0 135 ) (-192 0 135 ) (-192 0 12 ) (-64 0 12 ) 
4 154 200 (-63 0 135 ) (-64 0 135 ) (-64 0 12 ) (-63 0 12 ) 
4 154 157 (-64 0 12 ) (-192 0 12 ) (-192 60 12 ) (-64 60 12 ) 
4 154 156 (-63 0 12 ) (-64 0 12 ) (-64 60 12 ) (-63 60 12 ) 
4 155 157 (-64 64 12 ) (-64 192 12 ) (-64 192 0 ) (-64 64 0 ) 
4 155 156 (-64 64 12 ) (-64 64 8 ) (0 64 8 ) (0 64 12 ) 
4 156 201 (-60 0 12 ) (-64 0 12 ) (-64 0 8 ) (-60 0 8 ) 
4 156 186 (0 0 8 ) (0 0 12 ) (-60 0 12 ) (-60 0 8 ) 
4 156 157 (-64 0 12 ) (-64 64 12 ) (-64 64 8 ) (-64 0 8 ) 
4 157 203 (-64 0 12 ) (-192 0 12 ) (-192 0 0 ) (-64 0 0 ) 
4 159 166 (256 0 137 ) (256 -124 137 ) (127 -124 137 ) (127 0 137 ) 
4 159 162 (127 -124 137 ) (256 -124 137 ) (256 -124 224 ) (127 -124 224 ) 
4 159 160 (127 0 137 ) (127 -124 137 ) (127 -124 224 ) (127 0 224 ) 
4 160 161 (126 0 137 ) (126 -124 137 ) (126 -124 224 ) (126 0 224 ) 
4 160 166 (127 -124 137 ) (126 -124 137 ) (126 0 137 ) (127 0 137 ) 
4 160 162 (126 -124 137 ) (127 -124 137 ) (127 -124 224 ) (126 -124 224 ) 
4 161 163 (124 0 137 ) (124 -124 137 ) (124 -124 224 ) (124 0 224 ) 
4 161 162 (124 -124 224 ) (124 -124 137 ) (126 -124 137 ) (126 -124 224 ) 
4 161 166 (126 -124 137 ) (124 -124 137 ) (124 0 137 ) (126 0 137 ) 
4 162 179 (124 -128 137 ) (256 -128 137 ) (256 -128 224 ) (124 -128 224 ) 
4 162 164 (124 -125 137 ) (124 -126 137 ) (124 -126 224 ) (124 -125 224 ) 
4 162 163 (124 -124 137 ) (124 -125 137 ) (124 -125 224 ) (124 -124 224 ) 
4 162 165 (124 -126 137 ) (124 -128 137 ) (124 -128 224 ) (124 -126 224 ) 
4 162 166 (256 -124 137 ) (256 -128 137 ) (124 -128 137 ) (124 -124 137 ) 
4 163 187 (0 -122.232010 137 ) (0 -125 137 ) (0 -125 224 ) (0 -122.232010 224 ) 
4 163 186 (0 0 148.113998 ) (0 0 137 ) (0 -122.232010 137 ) (0 -122.232010 148.113998 ) 
4 163 182 (0 -120.232010 148.113998 ) (0 -122.232010 148.113998 ) (0 -122.232010 158.113998 ) (0 -120.232010 158.113998 ) 
4 163 181 (0 -122.232010 158.113998 ) (0 -122.232010 224 ) (0 -120.232010 224 ) (0 -120.232010 158.113998 ) 
4 163 180 (0 0 224 ) (0 0 148.113998 ) (0 -120.232010 148.113998 ) (0 -120.232010 224 ) 
4 163 166 (0 -125 137 ) (0 0 137 ) (124 0 137 ) (124 -125 137 ) 
4 163 164 (0 -125 137 ) (124 -125 137 ) (124 -125 224 ) (0 -125 224 ) 
4 164 188 (0 -125 137 ) (0 -126 137 ) (0 -126 224 ) (0 -125 224 ) 
4 164 165 (0 -126 137 ) (124 -126 137 ) (124 -126 224 ) (0 -126 224 ) 
4 164 166 (0 -126 137 ) (0 -125 137 ) (124 -125 137 ) (124 -126 137 ) 
4 165 189 (0 -126 137 ) (0 -128 137 ) (0 -128 224 ) (0 -126 224 ) 
4 165 179 (32 -128 137 ) (124 -128 137 ) (124 -128 224 ) (32 -128 224 ) 
4 165 166 (124 -128 137 ) (0 -128 137 ) (0 -126 137 ) (124 -126 137 ) 
4 166 191 (0 -125 135 ) (0 -127 135 ) (0 -127 137 ) (0 -125 137 ) 
4 166 190 (0 -122.232010 135 ) (0 -125 135 ) (0 -125 137 ) (0 -122.232010 137 ) 
4 166 193 (0 -127 135 ) (0 -128 135 ) (0 -128 137 ) (0 -127 137 ) 
4 166 186 (0 0 137 ) (0 0 135 ) (0 -122.232010 135 ) (0 -122.232010 137 ) 
4 166 179 (32 -128 135 ) (256 -128 135 ) (256 -128 137 ) (32 -128 137 ) 
4 166 176 (0 -125 135 ) (0 0 135 ) (32 0 135 ) (32 -125 135 ) 
4 166 177 (32 -128 135 ) (0 -128 135 ) (0 -127 135 ) (32 -127 135 ) 
4 166 174 (32 -126 135 ) (32 -125 135 ) (124 -125 135 ) (124 -126 135 ) 
4 166 173 (32 -125 135 ) (32 0 135 ) (124 0 135 ) (124 -125 135 ) 
4 166 175 (124 -128 135 ) (32 -128 135 ) (32 -126 135 ) (124 -126 135 ) 
4 166 169 (126 0 135 ) (127 0 135 ) (127 -124 135 ) (126 -124 135 ) 
4 166 168 (127 0 135 ) (128 0 135 ) (128 -124 135 ) (127 -124 135 ) 
4 166 170 (124 -124 135 ) (124 0 135 ) (126 0 135 ) (126 -124 135 ) 
4 166 171 (128 -128 135 ) (124 -128 135 ) (124 -124 135 ) (128 -124 135 ) 
4 166 167 (256 -128 135 ) (128 -128 135 ) (128 0 135 ) (256 0 135 ) 
4 167 179 (128 -128 0 ) (256 -128 0 ) (256 -128 135 ) (128 -128 135 ) 
4 167 172 (128 -128 8 ) (128 -128 12.145100 ) (128 -124 12.145100 ) (128 -124 8 ) 
4 167 168 (128 -124 135 ) (128 0 135 ) (128 0 12.145100 ) (128 -124 12.145100 ) 
4 167 171 (128 -128 12.145100 ) (128 -128 135 ) (128 -124 135 ) (128 -124 12.145100 ) 
4 168 171 (127 -124 12.145100 ) (128 -124 12.145100 ) (128 -124 135 ) (127 -124 135 ) 
4 168 169 (127 0 12.145100 ) (127 -124 12.145100 ) (127 -124 135 ) (127 0 135 ) 
4 169 170 (126 0 12.145100 ) (126 -124 12.145100 ) (126 -124 135 ) (126 0 135 ) 
4 169 171 (126 -124 12.145100 ) (127 -124 12.145100 ) (127 -124 135 ) (126 -124 135 ) 
4 170 173 (124 -124 135 ) (124 0 135 ) (124 0 12.145100 ) (124 -124 12.145100 ) 
4 170 171 (124 -124 135 ) (124 -124 12.145100 ) (126 -124 12.145100 ) (126 -124 135 ) 
4 171 179 (128 -128 12.145100 ) (128 -128 135 ) (124 -128 135 ) (124 -128 12.145100 ) 
4 171 174 (124 -126 135 ) (124 -125 135 ) (124 -125 12.145100 ) (124 -126 12.145100 ) 
4 171 173 (124 -125 135 ) (124 -124 135 ) (124 -124 12.145100 ) (124 -125 12.145100 ) 
4 171 175 (124 -128 12.145100 ) (124 -128 135 ) (124 -126 135 ) (124 -126 12.145100 ) 
4 171 172 (124 -128 12.145100 ) (124 -124 12.145100 ) (128 -124 12.145100 ) (128 -128 12.145100 ) 
4 172 179 (128 -128 8 ) (128 -128 12.145100 ) (124 -128 12.145100 ) (124 -128 8 ) 
4 172 178 (124 -128 8 ) (124 -128 12.145100 ) (124 -124 12.145100 ) (124 -124 8 ) 
4 173 178 (32 0 12 ) (124 0 12 ) (124 -125 12 ) (32 -125 12 ) 
4 173 176 (32 0 12 ) (32 -125 12 ) (32 -125 135 ) (32 0 135 ) 
4 173 174 (32 -125 135 ) (32 -125 12 ) (124 -125 12 ) (124 -125 135 ) 
4 174 178 (124 -125 12 ) (124 -126 12 ) (32 -126 12 ) (32 -125 12 ) 
4 174 175 (32 -126 135 ) (32 -126 12 ) (124 -126 12 ) (124 -126 135 ) 
4 175 179 (32 -128 12 ) (124 -128 12 ) (124 -128 135 ) (32 -128 135 ) 
4 175 178 (124 -126 12 ) (124 -128 12 ) (32 -128 12 ) (32 -126 12 ) 
4 175 177 (32 -127 12 ) (32 -128 12 ) (32 -128 135 ) (32 -127 135 ) 
4 176 190 (0 -122.232010 12 ) (0 -125 12 ) (0 -125 135 ) (0 -122.232010 135 ) 
4 176 186 (0 0 135 ) (0 0 12 ) (0 -122.232010 12 ) (0 -122.232010 135 ) 
4 176 178 (0 0 12 ) (32 0 12 ) (32 -125 12 ) (0 -125 12 ) 
4 177 193 (0 -127 12 ) (0 -128 12 ) (0 -128 135 ) (0 -127 135 ) 
4 177 178 (32 -127 12 ) (32 -128 12 ) (0 -128 12 ) (0 -127 12 ) 
4 178 192 (0 -125 8 ) (0 -127 8 ) (0 -127 12 ) (0 -125 12 ) 
4 178 190 (0 -122.232010 8 ) (0 -125 8 ) (0 -125 12 ) (0 -122.232010 12 ) 
4 178 193 (0 -127 8 ) (0 -128 8 ) (0 -128 12 ) (0 -127 12 ) 
4 178 186 (0 0 12 ) (0 0 8 ) (0 -122.232010 8 ) (0 -122.232010 12 ) 
4 178 179 (32 -128 8 ) (124 -128 8 ) (124 -128 12 ) (32 -128 12 ) 
4 180 194 (-60 -120.232010 224 ) (-60 0 224 ) (-60 0 148.113998 ) (-60 -120.232010 148.113998 ) 
4 180 186 (-60 -120.232010 148.113998 ) (-60 0 148.113998 ) (0 0 148.113998 ) (0 -120.232010 148.113998 ) 
4 180 185 (-60 -120.232010 158.113998 ) (-60 -120.232010 148.113998 ) (-27.750000 -120.232010 148.113998 ) (-27.750000 -120.232010 158.113998 ) 
4 180 184 (-25.750000 -120.232010 148.113998 ) (-15.750000 -120.232010 148.113998 ) (-15.750000 -120.232010 158.113998 ) (-25.750000 -120.232010 158.113998 ) 
4 180 182 (-1.750000 -120.232010 148.113998 ) (0 -120.232010 148.113998 ) (0 -120.232010 158.113998 ) (-1.750000 -120.232010 158.113998 ) 
4 180 183 (-13.750000 -120.232010 148.113998 ) (-3.750000 -120.232010 148.113998 ) (-3.750000 -120.232010 158.113998 ) (-13.750000 -120.232010 158.113998 ) 
4 180 181 (-60 -120.232010 224 ) (-60 -120.232010 158.113998 ) (0 -120.232010 158.113998 ) (0 -120.232010 224 ) 
4 181 194 (-60 -122.232010 158.113998 ) (-60 -122.232010 224 ) (-60 -120.232010 224 ) (-60 -120.232010 158.113998 ) 
4 181 187 (-60 -122.232010 224 ) (-60 -122.232010 158.113998 ) (0 -122.232010 158.113998 ) (0 -122.232010 224 ) 
4 181 185 (-27.750000 -122.232010 158.113998 ) (-60 -122.232010 158.113998 ) (-60 -120.232010 158.113998 ) (-27.750000 -120.232010 158.113998 ) 
4 181 184 (-15.750000 -122.232010 158.113998 ) (-25.750000 -122.232010 158.113998 ) (-25.750000 -120.232010 158.113998 ) (-15.750000 -120.232010 158.113998 ) 
4 181 182 (0 -122.232010 158.113998 ) (-1.750000 -122.232010 158.113998 ) (-1.750000 -120.232010 158.113998 ) (0 -120.232010 158.113998 ) 
4 181 183 (-3.750000 -122.232010 158.113998 ) (-13.750000 -122.232010 158.113998 ) (-13.750000 -120.232010 158.113998 ) (-3.750000 -120.232010 158.113998 ) 
4 182 187 (-1.750000 -122.232010 148.113998 ) (0 -122.232010 148.113998 ) (0 -122.232010 158.113998 ) (-1.750000 -122.232010 158.113998 ) 
4 182 186 (0 -122.232010 148.113998 ) (-1.750000 -122.232010 148.113998 ) (-1.750000 -120.232010 148.113998 ) (0 -120.232010 148.113998 ) 
4 183 187 (-13.750000 -122.232010 148.113998 ) (-3.750000 -122.232010 148.113998 ) (-3.750000 -122.232010 158.113998 ) (-13.750000 -122.232010 158.113998 ) 
4 183 186 (-3.750000 -122.232010 148.113998 ) (-13.750000 -122.232010 148.113998 ) (-13.750000 -120.232010 148.113998 ) (-3.750000 -120.232010 148.113998 ) 
4 184 187 (-25.750000 -122.232010 148.113998 ) (-15.750000 -122.232010 148.113998 ) (-15.750000 -122.232010 158.113998 ) (-25.750000 -122.232010 158.113998 ) 
4 184 186 (-15.750000 -122.232010 148.113998 ) (-25.750000 -122.232010 148.113998 ) (-25.750000 -120.232010 148.113998 ) (-15.750000 -120.232010 148.113998 ) 
4 185 194 (-60 -122.232010 148.113998 ) (-60 -122.232010 158.113998 ) (-60 -120.232010 158.113998 ) (-60 -120.232010 148.113998 ) 
4 185 187 (-60 -122.232010 158.113998 ) (-60 -122.232010 148.113998 ) (-27.750000 -122.232010 148.113998 ) (-27.750000 -122.232010 158.113998 ) 
4 185 186 (-27.750000 -122.232010 148.113998 ) (-60 -122.232010 148.113998 ) (-60 -120.232010 148.113998 ) (-27.750000 -120.232010 148.113998 ) 
4 186 198 (-60 -122.232010 12 ) (-60 -122.232010 135 ) (-60 0 135 ) (-60 0 12 ) 
4 186 197 (-60 -122.232010 135 ) (-60 -122.232010 137 ) (-60 0 137 ) (-60 0 135 ) 
4 186 201 (-60 -122.232010 8 ) (-60 -122.232010 12 ) (-60 0 12 ) (-60 0 8 ) 
4 186 194 (-60 -122.232010 137 ) (-60 -122.232010 148.113998 ) (-60 0 148.113998 ) (-60 0 137 ) 
4 186 190 (-60 -122.232010 137 ) (-60 -122.232010 8 ) (0 -122.232010 8 ) (0 -122.232010 137 ) 
4 186 187 (-60 -122.232010 148.113998 ) (-60 -122.232010 137 ) (0 -122.232010 137 ) (0 -122.232010 148.113998 ) 
4 187 194 (-60 -124 224 ) (-60 -122.232010 224 ) (-60 -122.232010 137 ) (-60 -124 137 ) 
4 187 202 (-60 -125 224 ) (-60 -124 224 ) (-60 -124 137 ) (-60 -125 137 ) 
4 187 190 (-60 -125 137 ) (-60 -122.232010 137 ) (0 -122.232010 137 ) (0 -125 137 ) 
4 187 188 (-60 -125 224 ) (-60 -125 137 ) (0 -125 137 ) (0 -125 224 ) 
4 188 202 (-60 -126 224 ) (-60 -125 224 ) (-60 -125 137 ) (-60 -126 137 ) 
4 188 191 (-60 -126 137 ) (-60 -125 137 ) (0 -125 137 ) (0 -126 137 ) 
4 188 189 (-60 -126 224 ) (-60 -126 137 ) (0 -126 137 ) (0 -126 224 ) 
4 189 202 (-60 -128 137 ) (-60 -128 224 ) (-60 -126 224 ) (-60 -126 137 ) 
4 189 191 (-60 -127 137 ) (-60 -126 137 ) (0 -126 137 ) (0 -127 137 ) 
4 189 193 (0 -128 137 ) (-60 -128 137 ) (-60 -127 137 ) (0 -127 137 ) 
4 190 198 (-60 -122.232010 135 ) (-60 -122.232010 12 ) (-60 -124 12 ) (-60 -124 135 ) 
4 190 197 (-60 -124 137 ) (-60 -122.232010 137 ) (-60 -122.232010 135 ) (-60 -124 135 ) 
4 190 201 (-60 -122.232010 12 ) (-60 -122.232010 8 ) (-60 -124 8 ) (-60 -124 12 ) 
4 190 202 (-60 -125 137 ) (-60 -124 137 ) (-60 -124 8 ) (-60 -125 8 ) 
4 190 191 (0 -125 135 ) (0 -125 137 ) (-60 -125 137 ) (-60 -125 135 ) 
4 190 192 (-60 -125 8 ) (0 -125 8 ) (0 -125 12 ) (-60 -125 12 ) 
4 191 202 (-60 -127 137 ) (-60 -125 137 ) (-60 -125 135 ) (-60 -127 135 ) 
4 191 193 (0 -127 135 ) (0 -127 137 ) (-60 -127 137 ) (-60 -127 135 ) 
4 192 202 (-60 -125 12 ) (-60 -125 8 ) (-60 -127 8 ) (-60 -127 12 ) 
4 192 193 (-60 -127 8 ) (0 -127 8 ) (0 -127 12 ) (-60 -127 12 ) 
4 193 202 (-60 -128 8 ) (-60 -128 137 ) (-60 -127 137 ) (-60 -127 8 ) 
4 194 197 (-60 -124 137 ) (-62 -124 137 ) (-62 0 137 ) (-60 0 137 ) 
4 194 202 (-62 -124 137 ) (-60 -124 137 ) (-60 -124 224 ) (-62 -124 224 ) 
4 194 195 (-62 0 137 ) (-62 -124 137 ) (-62 -124 224 ) (-62 0 224 ) 
4 195 197 (-62 -124 137 ) (-63 -124 137 ) (-63 0 137 ) (-62 0 137 ) 
4 195 196 (-63 0 137 ) (-63 -124 137 ) (-63 -124 224 ) (-63 0 224 ) 
4 195 202 (-63 -124 137 ) (-62 -124 137 ) (-62 -124 224 ) (-63 -124 224 ) 
4 196 203 (-64 -124 224 ) (-64 0 224 ) (-64 0 137 ) (-64 -124 137 ) 
4 196 197 (-63 -124 137 ) (-64 -124 137 ) (-64 0 137 ) (-63 0 137 ) 
4 196 202 (-64 -124 224 ) (-64 -124 137 ) (-63 -124 137 ) (-63 -124 224 ) 
4 197 203 (-64 0 137 ) (-64 0 135 ) (-64 -124 135 ) (-64 -124 137 ) 
4 197 199 (-62 -124 135 ) (-63 -124 135 ) (-63 0 135 ) (-62 0 135 ) 
4 197 198 (-60 -124 135 ) (-62 -124 135 ) (-62 0 135 ) (-60 0 135 ) 
4 197 200 (-63 -124 135 ) (-64 -124 135 ) (-64 0 135 ) (-63 0 135 ) 
4 197 202 (-64 -124 137 ) (-64 -124 135 ) (-60 -124 135 ) (-60 -124 137 ) 
4 198 201 (-60 -124 12 ) (-62 -124 12 ) (-62 0 12 ) (-60 0 12 ) 
4 198 202 (-62 -124 12 ) (-60 -124 12 ) (-60 -124 135 ) (-62 -124 135 ) 
4 198 199 (-62 0 12 ) (-62 -124 12 ) (-62 -124 135 ) (-62 0 135 ) 
4 199 200 (-63 0 12 ) (-63 -124 12 ) (-63 -124 135 ) (-63 0 135 ) 
4 199 201 (-62 -124 12 ) (-63 -124 12 ) (-63 0 12 ) (-62 0 12 ) 
4 199 202 (-63 -124 12 ) (-62 -124 12 ) (-62 -124 135 ) (-63 -124 135 ) 
4 200 203 (-64 0 135 ) (-64 0 12 ) (-64 -124 12 ) (-64 -124 135 ) 
4 200 202 (-64 -124 135 ) (-64 -124 12 ) (-63 -124 12 ) (-63 -124 135 ) 
4 200 201 (-63 -124 12 ) (-64 -124 12 ) (-64 0 12 ) (-63 0 12 ) 
4 201 203 (-64 0 12 ) (-64 0 8 ) (-64 -124 8 ) (-64 -124 12 ) 
4 201 202 (-64 -124 12 ) (-64 -124 8 ) (-60 -124 8 ) (-60 -124 12 ) 
4 202 203 (-64 -128 8 ) (-64 -128 224 ) (-64 -124 224 ) (-64 -124 8 ) 
