PRT1
117
247
4 0 6 (256 0 -864 ) (256 0 -96 ) (0 0 -96 ) (0 0 -864 ) 
4 0 4 (256 0 -96 ) (256 0 160 ) (0 0 160 ) (0 0 -96 ) 
4 0 3 (256 0 160 ) (256 0 224 ) (0 0 224 ) (0 0 160 ) 
4 0 2 (256 0 224 ) (256 0 800 ) (0 0 800 ) (0 0 224 ) 
4 0 1 (0 0 -864 ) (0 0 800 ) (0 256 800 ) (0 256 -864 ) 
4 1 22 (0 0 -864 ) (0 0 -96 ) (-256 0 -96 ) (-256 0 -864 ) 
4 1 20 (0 0 -96 ) (0 0 160 ) (-256 0 160 ) (-256 0 -96 ) 
4 1 19 (0 0 160 ) (0 0 224 ) (-256 0 224 ) (-256 0 160 ) 
4 1 18 (0 0 224 ) (0 0 800 ) (-256 0 800 ) (-256 0 224 ) 
4 2 18 (0 0 800 ) (0 0 224 ) (0 -320 224 ) (0 -320 800 ) 
4 2 3 (0 -320 224 ) (0 0 224 ) (256 0 224 ) (256 -320 224 ) 
4 3 19 (0 0 224 ) (0 0 160 ) (0 -320 160 ) (0 -320 224 ) 
4 3 4 (0 -320 160 ) (0 0 160 ) (256 0 160 ) (256 -320 160 ) 
4 4 20 (0 0 160 ) (0 0 -96 ) (0 -320 -96 ) (0 -320 160 ) 
4 4 6 (0 -320 -96 ) (0 0 -96 ) (256 0 -96 ) (256 -320 -96 ) 
4 4 5 (0 -320 -96 ) (64 -320 -96 ) (64 -320 160 ) (0 -320 160 ) 
4 5 21 (0 -320 -96 ) (0 -512 -96 ) (0 -512 160 ) (0 -320 160 ) 
4 5 9 (64 -512 160 ) (0 -512 160 ) (0 -512 32 ) (64 -512 32 ) 
4 6 22 (0 0 -96 ) (0 0 -864 ) (0 -320 -864 ) (0 -320 -96 ) 
4 7 9 (64 -512 224 ) (64 -512 160 ) (64 -576 160 ) (64 -576 224 ) 
4 7 8 (64 -576 160 ) (64 -512 160 ) (96 -512 160 ) (96 -576 160 ) 
4 8 9 (64 -512 160 ) (64 -512 32 ) (64 -576 32 ) (64 -576 160 ) 
4 9 23 (0 -576 32 ) (0 -576 232 ) (0 -512 232 ) (0 -512 32 ) 
4 9 11 (64 -576 32 ) (64 -576 160 ) (0 -576 160 ) (0 -576 32 ) 
4 10 24 (0 -1024 160 ) (0 -1024 288 ) (0 -672 288 ) (0 -672 160 ) 
4 10 12 (64 -1024 160 ) (64 -1024 288 ) (0 -1024 288 ) (0 -1024 160 ) 
4 10 11 (0 -1024 160 ) (0 -672 160 ) (64 -672 160 ) (64 -1024 160 ) 
4 11 25 (0 -1024 32 ) (0 -1024 160 ) (0 -576 160 ) (0 -576 32 ) 
4 11 12 (64 -1024 32 ) (64 -1024 160 ) (0 -1024 160 ) (0 -1024 32 ) 
4 12 36 (0 -1024 160 ) (0 -1024 32 ) (0 -1056 32 ) (0 -1056 160 ) 
4 12 33 (0 -1056 288 ) (0 -1024 288 ) (0 -1024 160 ) (0 -1056 160 ) 
4 12 13 (0 -1056 32 ) (64 -1056 32 ) (64 -1056 160 ) (0 -1056 160 ) 
4 13 36 (0 -1056 160 ) (0 -1056 32 ) (0 -1088 32 ) (0 -1088 160 ) 
4 13 14 (0 -1088 32 ) (64 -1088 32 ) (64 -1088 160 ) (0 -1088 160 ) 
4 14 36 (0 -1088 160 ) (0 -1088 32 ) (0 -1472 32 ) (0 -1472 160 ) 
4 14 34 (0 -1472 288 ) (0 -1088 288 ) (0 -1088 160 ) (0 -1472 160 ) 
4 14 16 (0 -1472 32 ) (0 -1280 32 ) (160 -1280 32 ) (160 -1472 32 ) 
4 15 46 (64 -2048 160 ) (32 -2048 160 ) (32 -2048 32 ) (64 -2048 32 ) 
4 15 49 (32 -2048 160 ) (0 -2048 160 ) (0 -2048 32 ) (32 -2048 32 ) 
4 15 37 (0 -2048 32 ) (0 -2048 160 ) (0 -1664 160 ) (0 -1664 32 ) 
4 15 35 (0 -2048 160 ) (0 -2048 288 ) (0 -1664 288 ) (0 -1664 160 ) 
4 15 17 (0 -1856 32 ) (0 -1664 32 ) (160 -1664 32 ) (160 -1856 32 ) 
4 16 41 (0 -1472 32 ) (0 -1280 32 ) (0 -1280 -96 ) (0 -1472 -96 ) 
4 17 42 (0 -1856 32 ) (0 -1664 32 ) (0 -1664 -96 ) (0 -1856 -96 ) 
4 18 19 (-256 -320 224 ) (-256 0 224 ) (0 0 224 ) (0 -320 224 ) 
4 19 20 (-256 -320 160 ) (-256 0 160 ) (0 0 160 ) (0 -320 160 ) 
4 20 22 (-256 0 -96 ) (0 0 -96 ) (0 -320 -96 ) (-256 -320 -96 ) 
4 20 21 (-64 -320 -96 ) (0 -320 -96 ) (0 -320 160 ) (-64 -320 160 ) 
4 21 23 (0 -512 32 ) (0 -512 160 ) (-64 -512 160 ) (-64 -512 32 ) 
4 23 27 (-64 -512 224 ) (-64 -512 32 ) (-64 -576 32 ) (-64 -576 224 ) 
4 23 25 (-64 -576 160 ) (-64 -576 32 ) (0 -576 32 ) (0 -576 160 ) 
4 24 33 (0 -1024 160 ) (0 -1024 288 ) (-64 -1024 288 ) (-64 -1024 160 ) 
4 24 28 (-64 -1024 160 ) (-64 -1024 224 ) (-64 -864 224 ) (-64 -864 160 ) 
4 24 26 (-64 -1024 224 ) (-64 -1024 288 ) (-64 -864 288 ) (-64 -864 224 ) 
4 24 25 (-64 -1024 160 ) (-64 -672 160 ) (0 -672 160 ) (0 -1024 160 ) 
4 25 36 (0 -1024 32 ) (0 -1024 160 ) (-64 -1024 160 ) (-64 -1024 32 ) 
4 25 29 (-64 -1024 32 ) (-64 -1024 160 ) (-64 -864 160 ) (-64 -864 32 ) 
4 26 38 (-64 -1024 224 ) (-64 -1024 288 ) (-96 -1024 288 ) (-96 -1024 224 ) 
4 26 30 (-96 -864 224 ) (-96 -1024 224 ) (-96 -1024 288 ) (-96 -864 288 ) 
4 26 28 (-96 -1024 224 ) (-96 -864 224 ) (-64 -864 224 ) (-64 -1024 224 ) 
4 28 38 (-64 -1024 160 ) (-64 -1024 224 ) (-96 -1024 224 ) (-96 -1024 160 ) 
4 28 30 (-96 -1024 160 ) (-96 -1024 224 ) (-96 -864 224 ) (-96 -864 160 ) 
4 28 29 (-96 -1024 160 ) (-96 -864 160 ) (-64 -864 160 ) (-64 -1024 160 ) 
4 29 38 (-64 -1024 32 ) (-64 -1024 160 ) (-96 -1024 160 ) (-96 -1024 32 ) 
4 29 30 (-96 -864 32 ) (-96 -1024 32 ) (-96 -1024 160 ) (-96 -864 160 ) 
4 30 38 (-96 -1024 32 ) (-96 -1024 288 ) (-192 -1024 288 ) (-192 -1024 32 ) 
4 31 32 (-160 -1216 320 ) (-224 -1216 320 ) (-224 -1152 320 ) (-160 -1152 320 ) 
4 32 40 (-224 -1152 288 ) (-192 -1152 288 ) (-192 -1216 288 ) (-224 -1216 288 ) 
4 32 39 (-192 -1152 288 ) (-160 -1152 288 ) (-160 -1216 288 ) (-192 -1216 288 ) 
4 33 38 (-64 -1056 288 ) (-64 -1024 288 ) (-64 -1024 160 ) (-64 -1056 160 ) 
4 33 36 (-64 -1056 160 ) (-64 -1024 160 ) (0 -1024 160 ) (0 -1056 160 ) 
4 34 39 (-64 -1472 288 ) (-64 -1088 288 ) (-64 -1088 160 ) (-64 -1472 160 ) 
4 34 36 (-64 -1472 160 ) (-64 -1088 160 ) (0 -1088 160 ) (0 -1472 160 ) 
4 35 39 (-64 -2048 160 ) (-64 -2048 288 ) (-64 -1664 288 ) (-64 -1664 160 ) 
4 35 37 (-64 -2048 160 ) (-64 -1664 160 ) (0 -1664 160 ) (0 -2048 160 ) 
4 36 41 (0 -1280 32 ) (0 -1472 32 ) (-64 -1472 32 ) (-64 -1280 32 ) 
4 36 38 (-64 -1024 32 ) (-64 -1056 32 ) (-64 -1056 160 ) (-64 -1024 160 ) 
4 36 39 (-64 -1088 32 ) (-64 -1472 32 ) (-64 -1472 160 ) (-64 -1088 160 ) 
4 37 68 (0 -2048 32 ) (0 -2048 160 ) (-64 -2048 160 ) (-64 -2048 32 ) 
4 37 42 (0 -1664 32 ) (0 -1856 32 ) (-64 -1856 32 ) (-64 -1664 32 ) 
4 37 39 (-64 -1664 32 ) (-64 -2048 32 ) (-64 -2048 160 ) (-64 -1664 160 ) 
4 39 42 (-64 -1664 32 ) (-64 -1856 32 ) (-192 -1856 32 ) (-192 -1664 32 ) 
4 39 41 (-64 -1280 32 ) (-64 -1472 32 ) (-192 -1472 32 ) (-192 -1280 32 ) 
4 39 40 (-192 -1088 32 ) (-192 -2048 32 ) (-192 -2048 288 ) (-192 -1088 288 ) 
4 40 42 (-288 -1856 32 ) (-288 -1664 32 ) (-192 -1664 32 ) (-192 -1856 32 ) 
4 40 41 (-288 -1472 32 ) (-288 -1280 32 ) (-192 -1280 32 ) (-192 -1472 32 ) 
4 43 44 (192 -2272 160 ) (192 -2464 160 ) (192 -2464 416 ) (192 -2272 416 ) 
4 44 65 (0 -2656 416 ) (0 -2080 416 ) (0 -2080 160 ) (0 -2656 160 ) 
4 44 47 (32 -2080 160 ) (192 -2080 160 ) (192 -2656 160 ) (32 -2656 160 ) 
4 44 49 (0 -2656 160 ) (0 -2080 160 ) (32 -2080 160 ) (32 -2656 160 ) 
4 45 67 (0 -3072 160 ) (0 -3072 416 ) (0 -2848 416 ) (0 -2848 160 ) 
4 45 51 (128 -3072 416 ) (0 -3072 416 ) (0 -3072 160 ) (128 -3072 160 ) 
4 45 48 (128 -3072 160 ) (32 -3072 160 ) (32 -2848 160 ) (128 -2848 160 ) 
4 45 49 (32 -3072 160 ) (0 -3072 160 ) (0 -2848 160 ) (32 -2848 160 ) 
4 46 47 (32 -2080 160 ) (32 -2080 32 ) (64 -2080 32 ) (64 -2080 160 ) 
4 46 49 (32 -2048 32 ) (32 -2080 32 ) (32 -2080 160 ) (32 -2048 160 ) 
4 47 49 (32 -2080 32 ) (32 -2656 32 ) (32 -2656 160 ) (32 -2080 160 ) 
4 48 56 (96 -3072 160 ) (64 -3072 160 ) (64 -3072 32 ) (96 -3072 32 ) 
4 48 55 (128 -3072 160 ) (96 -3072 160 ) (96 -3072 32 ) (128 -3072 32 ) 
4 48 59 (64 -3072 160 ) (32 -3072 160 ) (32 -3072 32 ) (64 -3072 32 ) 
4 48 50 (128 -3072 32 ) (32 -3072 32 ) (32 -3008 32 ) (128 -3008 32 ) 
4 48 49 (32 -2848 32 ) (32 -3072 32 ) (32 -3072 160 ) (32 -2848 160 ) 
4 49 70 (0 -3072 32 ) (0 -3072 160 ) (0 -2656 160 ) (0 -2656 32 ) 
4 49 68 (0 -2656 160 ) (0 -2048 160 ) (0 -2048 32 ) (0 -2656 32 ) 
4 49 59 (32 -3072 160 ) (0 -3072 160 ) (0 -3072 32 ) (32 -3072 32 ) 
4 49 50 (0 -3072 32 ) (0 -3008 32 ) (32 -3008 32 ) (32 -3072 32 ) 
4 50 74 (0 -3072 -96 ) (0 -3072 32 ) (0 -3008 32 ) (0 -3008 -96 ) 
4 50 60 (128 -3072 -96 ) (128 -3072 32 ) (0 -3072 32 ) (0 -3072 -96 ) 
4 51 77 (0 -3072 416 ) (0 -3072 160 ) (0 -3872 160 ) (0 -3872 416 ) 
4 51 56 (64 -3072 160 ) (96 -3072 160 ) (96 -3872 160 ) (64 -3872 160 ) 
4 51 55 (96 -3072 160 ) (128 -3072 160 ) (128 -3872 160 ) (96 -3872 160 ) 
4 51 59 (0 -3872 160 ) (0 -3072 160 ) (64 -3072 160 ) (64 -3872 160 ) 
4 52 58 (64 -3968 160 ) (96 -3968 160 ) (96 -4032 160 ) (64 -4032 160 ) 
4 52 54 (64 -3968 222 ) (64 -3968 160 ) (64 -4032 160 ) (64 -4032 222 ) 
4 52 53 (64 -3968 224 ) (64 -3968 222 ) (64 -4032 222 ) (64 -4032 224 ) 
4 53 78 (0 -3968 232 ) (0 -3968 222 ) (0 -4032 222 ) (0 -4032 232 ) 
4 53 54 (0 -3968 222 ) (64 -3968 222 ) (64 -4032 222 ) (0 -4032 222 ) 
4 54 79 (0 -3968 222 ) (0 -3968 160 ) (0 -4032 160 ) (0 -4032 222 ) 
4 54 59 (0 -4032 160 ) (0 -3968 160 ) (64 -3968 160 ) (64 -4032 160 ) 
4 55 60 (128 -3072 32 ) (128 -3296 32 ) (96 -3296 32 ) (96 -3072 32 ) 
4 55 61 (128 -3424 32 ) (128 -3712 32 ) (96 -3712 32 ) (96 -3424 32 ) 
4 55 56 (96 -3072 32 ) (96 -3872 32 ) (96 -3872 160 ) (96 -3072 160 ) 
4 56 60 (64 -3296 32 ) (64 -3072 32 ) (96 -3072 32 ) (96 -3296 32 ) 
4 56 61 (64 -3712 32 ) (64 -3424 32 ) (96 -3424 32 ) (96 -3712 32 ) 
4 56 59 (64 -3072 32 ) (64 -3872 32 ) (64 -3872 160 ) (64 -3072 160 ) 
4 57 59 (64 -3944 32 ) (64 -3960 32 ) (64 -3960 160 ) (64 -3944 160 ) 
4 58 59 (64 -3968 32 ) (64 -4032 32 ) (64 -4032 160 ) (64 -3968 160 ) 
4 59 95 (64 -4096 160 ) (0 -4096 160 ) (0 -4096 32 ) (64 -4096 32 ) 
4 59 84 (0 -4096 32 ) (0 -4096 160 ) (0 -3072 160 ) (0 -3072 32 ) 
4 59 62 (64 -4096 32 ) (0 -4096 32 ) (0 -4032 32 ) (64 -4032 32 ) 
4 59 60 (0 -3296 32 ) (0 -3072 32 ) (64 -3072 32 ) (64 -3296 32 ) 
4 59 61 (0 -3712 32 ) (0 -3424 32 ) (64 -3424 32 ) (64 -3712 32 ) 
4 60 89 (0 -3296 32 ) (0 -3072 32 ) (0 -3072 -96 ) (0 -3296 -96 ) 
4 61 89 (0 -3712 32 ) (0 -3424 32 ) (0 -3424 -96 ) (0 -3712 -96 ) 
4 62 95 (64 -4096 32 ) (0 -4096 32 ) (0 -4096 -96 ) (64 -4096 -96 ) 
4 62 92 (0 -4096 -96 ) (0 -4096 32 ) (0 -4032 32 ) (0 -4032 -96 ) 
4 63 64 (-96 -2400 448 ) (-96 -2336 448 ) (-32 -2336 448 ) (-32 -2400 448 ) 
4 64 65 (-96 -2400 416 ) (-96 -2336 416 ) (-32 -2336 416 ) (-32 -2400 416 ) 
4 65 69 (-128 -2080 160 ) (-64 -2080 160 ) (-64 -2656 160 ) (-128 -2656 160 ) 
4 65 68 (-64 -2080 160 ) (0 -2080 160 ) (0 -2656 160 ) (-64 -2656 160 ) 
4 65 66 (-128 -2080 416 ) (-128 -2080 160 ) (-128 -2656 160 ) (-128 -2656 416 ) 
4 66 72 (-320 -2112 384 ) (-320 -2112 320 ) (-320 -2624 320 ) (-320 -2624 384 ) 
4 66 69 (-320 -2656 160 ) (-320 -2080 160 ) (-128 -2080 160 ) (-128 -2656 160 ) 
4 67 83 (-320 -3072 224 ) (-320 -3072 160 ) (-96 -3072 160 ) (-96 -3072 224 ) 
4 67 81 (-96 -3072 160 ) (-64 -3072 160 ) (-64 -3072 224 ) (-96 -3072 224 ) 
4 67 80 (-64 -3072 416 ) (-320 -3072 416 ) (-320 -3072 224 ) (-64 -3072 224 ) 
4 67 77 (0 -3072 160 ) (0 -3072 416 ) (-64 -3072 416 ) (-64 -3072 160 ) 
4 67 73 (-320 -3072 160 ) (-320 -3072 416 ) (-320 -2848 416 ) (-320 -2848 160 ) 
4 67 71 (-320 -3072 160 ) (-320 -2848 160 ) (-96 -2848 160 ) (-96 -3072 160 ) 
4 67 70 (-96 -2848 160 ) (0 -2848 160 ) (0 -3072 160 ) (-96 -3072 160 ) 
4 68 70 (0 -2656 160 ) (-64 -2656 160 ) (-64 -2656 32 ) (0 -2656 32 ) 
4 68 69 (-64 -2080 32 ) (-64 -2656 32 ) (-64 -2656 160 ) (-64 -2080 160 ) 
4 69 70 (-64 -2656 160 ) (-96 -2656 160 ) (-96 -2656 32 ) (-64 -2656 32 ) 
4 70 85 (-64 -3072 160 ) (-96 -3072 160 ) (-96 -3072 32 ) (-64 -3072 32 ) 
4 70 84 (0 -3072 32 ) (0 -3072 160 ) (-64 -3072 160 ) (-64 -3072 32 ) 
4 70 74 (0 -3008 32 ) (0 -3072 32 ) (-96 -3072 32 ) (-96 -3008 32 ) 
4 70 71 (-96 -2848 32 ) (-96 -3072 32 ) (-96 -3072 160 ) (-96 -2848 160 ) 
4 71 88 (-96 -3072 160 ) (-320 -3072 160 ) (-320 -3072 32 ) (-96 -3072 32 ) 
4 71 74 (-96 -3072 32 ) (-320 -3072 32 ) (-320 -3008 32 ) (-96 -3008 32 ) 
4 71 73 (-320 -2848 32 ) (-320 -3072 32 ) (-320 -3072 160 ) (-320 -2848 160 ) 
4 73 88 (-384 -3072 160 ) (-384 -3072 32 ) (-320 -3072 32 ) (-320 -3072 160 ) 
4 73 83 (-384 -3072 224 ) (-384 -3072 160 ) (-320 -3072 160 ) (-320 -3072 224 ) 
4 73 80 (-320 -3072 416 ) (-384 -3072 416 ) (-384 -3072 224 ) (-320 -3072 224 ) 
4 73 74 (-320 -3008 32 ) (-320 -3072 32 ) (-384 -3072 32 ) (-384 -3008 32 ) 
4 74 93 (-384 -3072 32 ) (-448 -3072 32 ) (-448 -3072 -96 ) (-384 -3072 -96 ) 
4 74 90 (-256 -3072 32 ) (-384 -3072 32 ) (-384 -3072 -96 ) (-256 -3072 -96 ) 
4 74 89 (0 -3072 -96 ) (0 -3072 32 ) (-256 -3072 32 ) (-256 -3072 -96 ) 
4 75 76 (-192 -3392 448 ) (-192 -3328 448 ) (-128 -3328 448 ) (-128 -3392 448 ) 
4 76 80 (-192 -3392 416 ) (-192 -3328 416 ) (-128 -3328 416 ) (-128 -3392 416 ) 
4 77 84 (-64 -3072 160 ) (0 -3072 160 ) (0 -3872 160 ) (-64 -3872 160 ) 
4 77 81 (-64 -3072 160 ) (-64 -3872 160 ) (-64 -3872 224 ) (-64 -3072 224 ) 
4 77 80 (-64 -3872 224 ) (-64 -3872 416 ) (-64 -3072 416 ) (-64 -3072 224 ) 
4 78 82 (-64 -4032 222 ) (-64 -4032 224 ) (-64 -3968 224 ) (-64 -3968 222 ) 
4 78 79 (0 -4032 222 ) (-64 -4032 222 ) (-64 -3968 222 ) (0 -3968 222 ) 
4 79 84 (0 -3968 160 ) (0 -4032 160 ) (-64 -4032 160 ) (-64 -3968 160 ) 
4 79 82 (-64 -3968 160 ) (-64 -4032 160 ) (-64 -4032 222 ) (-64 -3968 222 ) 
4 80 83 (-384 -3072 224 ) (-96 -3072 224 ) (-96 -3872 224 ) (-384 -3872 224 ) 
4 80 81 (-96 -3072 224 ) (-64 -3072 224 ) (-64 -3872 224 ) (-96 -3872 224 ) 
4 81 85 (-96 -3072 160 ) (-64 -3072 160 ) (-64 -3872 160 ) (-96 -3872 160 ) 
4 81 83 (-96 -3072 160 ) (-96 -3872 160 ) (-96 -3872 224 ) (-96 -3072 224 ) 
4 82 87 (-64 -3968 160 ) (-64 -4032 160 ) (-96 -4032 160 ) (-96 -3968 160 ) 
4 83 88 (-384 -3072 160 ) (-96 -3072 160 ) (-96 -3872 160 ) (-384 -3872 160 ) 
4 84 107 (0 -4096 32 ) (0 -4096 160 ) (-64 -4096 160 ) (-64 -4096 32 ) 
4 84 92 (0 -4096 32 ) (-64 -4096 32 ) (-64 -4032 32 ) (0 -4032 32 ) 
4 84 89 (-64 -3712 32 ) (-64 -3072 32 ) (0 -3072 32 ) (0 -3712 32 ) 
4 84 87 (-64 -3968 32 ) (-64 -4032 32 ) (-64 -4032 160 ) (-64 -3968 160 ) 
4 84 86 (-64 -3944 32 ) (-64 -3960 32 ) (-64 -3960 160 ) (-64 -3944 160 ) 
4 84 85 (-64 -3072 32 ) (-64 -3872 32 ) (-64 -3872 160 ) (-64 -3072 160 ) 
4 85 89 (-96 -3712 32 ) (-96 -3072 32 ) (-64 -3072 32 ) (-64 -3712 32 ) 
4 85 88 (-96 -3072 32 ) (-96 -3872 32 ) (-96 -3872 160 ) (-96 -3072 160 ) 
4 88 90 (-384 -3392 32 ) (-384 -3072 32 ) (-256 -3072 32 ) (-256 -3392 32 ) 
4 88 91 (-384 -3712 32 ) (-384 -3520 32 ) (-256 -3520 32 ) (-256 -3712 32 ) 
4 88 89 (-256 -3072 32 ) (-96 -3072 32 ) (-96 -3712 32 ) (-256 -3712 32 ) 
4 89 90 (-256 -3072 -96 ) (-256 -3392 -96 ) (-256 -3392 32 ) (-256 -3072 32 ) 
4 89 91 (-256 -3520 -96 ) (-256 -3712 -96 ) (-256 -3712 32 ) (-256 -3520 32 ) 
4 90 93 (-384 -3072 -96 ) (-384 -3392 -96 ) (-384 -3392 32 ) (-384 -3072 32 ) 
4 92 107 (0 -4096 -96 ) (0 -4096 32 ) (-64 -4096 32 ) (-64 -4096 -96 ) 
4 94 106 (0 -4224 160 ) (0 -4400 160 ) (0 -4400 800 ) (0 -4224 800 ) 
4 94 99 (0 -4400 320 ) (0 -4400 160 ) (144 -4400 160 ) (144 -4400 320 ) 
4 94 98 (256 -4400 800 ) (144 -4400 800 ) (144 -4400 160 ) (256 -4400 160 ) 
4 94 96 (256 -4400 160 ) (0 -4400 160 ) (0 -4224 160 ) (256 -4224 160 ) 
4 95 107 (0 -4096 160 ) (0 -4096 -96 ) (0 -4224 -96 ) (0 -4224 160 ) 
4 95 96 (0 -4224 -96 ) (64 -4224 -96 ) (64 -4224 160 ) (0 -4224 160 ) 
4 96 108 (0 -4224 -96 ) (0 -4400 -96 ) (0 -4400 160 ) (0 -4224 160 ) 
4 96 99 (144 -4400 160 ) (0 -4400 160 ) (0 -4400 -96 ) (144 -4400 -96 ) 
4 96 98 (256 -4400 160 ) (144 -4400 160 ) (144 -4400 -96 ) (256 -4400 -96 ) 
4 96 97 (256 -4400 -96 ) (0 -4400 -96 ) (0 -4224 -96 ) (256 -4224 -96 ) 
4 97 109 (0 -4224 -864 ) (0 -4400 -864 ) (0 -4400 -96 ) (0 -4224 -96 ) 
4 97 99 (144 -4400 -96 ) (0 -4400 -96 ) (0 -4400 -864 ) (144 -4400 -864 ) 
4 97 98 (256 -4400 -96 ) (144 -4400 -96 ) (144 -4400 -864 ) (256 -4400 -864 ) 
4 98 100 (256 -4416 800 ) (144 -4416 800 ) (144 -4416 -864 ) (256 -4416 -864 ) 
4 98 99 (144 -4400 320 ) (144 -4400 -864 ) (144 -4416 -864 ) (144 -4416 320 ) 
4 99 110 (0 -4416 -864 ) (0 -4416 320 ) (0 -4400 320 ) (0 -4400 -864 ) 
4 99 102 (128 -4416 320 ) (0 -4416 320 ) (0 -4416 -864 ) (128 -4416 -864 ) 
4 99 101 (144 -4416 -864 ) (144 -4416 320 ) (128 -4416 320 ) (128 -4416 -864 ) 
4 100 105 (256 -4688 800 ) (144 -4688 800 ) (144 -4688 -864 ) (256 -4688 -864 ) 
4 100 101 (144 -4416 320 ) (144 -4416 -864 ) (144 -4688 -864 ) (144 -4688 320 ) 
4 101 105 (128 -4688 -864 ) (144 -4688 -864 ) (144 -4688 320 ) (128 -4688 320 ) 
4 101 103 (128 -4672 -864 ) (128 -4688 -864 ) (128 -4688 320 ) (128 -4672 320 ) 
4 101 102 (128 -4416 320 ) (128 -4416 -864 ) (128 -4672 -864 ) (128 -4672 320 ) 
4 102 111 (0 -4416 4592 ) (0 -4416 -864 ) (0 -4672 -864 ) (0 -4672 4592 ) 
4 102 104 (0 -4416 -864 ) (128 -4416 -864 ) (128 -4672 -864 ) (0 -4672 -864 ) 
4 102 103 (0 -4672 -864 ) (128 -4672 -864 ) (128 -4672 320 ) (0 -4672 320 ) 
4 103 113 (0 -4688 -864 ) (0 -4688 320 ) (0 -4672 320 ) (0 -4672 -864 ) 
4 103 105 (0 -4688 320 ) (0 -4688 -864 ) (128 -4688 -864 ) (128 -4688 320 ) 
4 104 114 (0 -4672 -1552 ) (0 -4672 -864 ) (0 -4416 -864 ) (0 -4416 -1552 ) 
4 105 116 (0 -4800 800 ) (0 -4688 800 ) (0 -4688 -864 ) (0 -4800 -864 ) 
4 106 115 (-144 -4400 800 ) (-256 -4400 800 ) (-256 -4400 160 ) (-144 -4400 160 ) 
4 106 110 (0 -4400 160 ) (0 -4400 320 ) (-144 -4400 320 ) (-144 -4400 160 ) 
4 106 108 (0 -4400 160 ) (-256 -4400 160 ) (-256 -4224 160 ) (0 -4224 160 ) 
4 107 108 (-64 -4224 -96 ) (0 -4224 -96 ) (0 -4224 160 ) (-64 -4224 160 ) 
4 108 115 (-144 -4400 160 ) (-256 -4400 160 ) (-256 -4400 -96 ) (-144 -4400 -96 ) 
4 108 110 (0 -4400 -96 ) (0 -4400 160 ) (-144 -4400 160 ) (-144 -4400 -96 ) 
4 108 109 (0 -4400 -96 ) (-256 -4400 -96 ) (-256 -4224 -96 ) (0 -4224 -96 ) 
4 109 115 (-144 -4400 -96 ) (-256 -4400 -96 ) (-256 -4400 -864 ) (-144 -4400 -864 ) 
4 109 110 (0 -4400 -864 ) (0 -4400 -96 ) (-144 -4400 -96 ) (-144 -4400 -864 ) 
4 110 115 (-144 -4400 320 ) (-144 -4400 -864 ) (-144 -4416 -864 ) (-144 -4416 320 ) 
4 110 112 (-144 -4416 320 ) (-144 -4416 -864 ) (-128 -4416 -864 ) (-128 -4416 320 ) 
4 110 111 (-128 -4416 -864 ) (0 -4416 -864 ) (0 -4416 320 ) (-128 -4416 320 ) 
4 111 114 (-128 -4416 -864 ) (0 -4416 -864 ) (0 -4672 -864 ) (-128 -4672 -864 ) 
4 111 113 (-128 -4672 -864 ) (0 -4672 -864 ) (0 -4672 320 ) (-128 -4672 320 ) 
4 111 112 (-128 -4416 320 ) (-128 -4416 -864 ) (-128 -4672 -864 ) (-128 -4672 320 ) 
4 112 115 (-144 -4416 320 ) (-144 -4416 -864 ) (-144 -4672 -864 ) (-144 -4672 320 ) 
4 112 113 (-144 -4672 320 ) (-144 -4672 -864 ) (-128 -4672 -864 ) (-128 -4672 320 ) 
4 113 116 (0 -4688 -864 ) (0 -4688 320 ) (-144 -4688 320 ) (-144 -4688 -864 ) 
4 113 115 (-144 -4688 -864 ) (-144 -4688 320 ) (-144 -4672 320 ) (-144 -4672 -864 ) 
4 115 116 (-256 -4688 -864 ) (-144 -4688 -864 ) (-144 -4688 800 ) (-256 -4688 800 ) 
