PRT1
19
22
4 0 2 (400 256 -1312 ) (400 320 -1312 ) (496 320 -1312 ) (496 256 -1312 ) 
4 0 1 (416 336 -1312 ) (480 336 -1312 ) (480 320 -1312 ) (416 320 -1312 ) 
4 1 9 (480 336 -1344 ) (480 320 -1344 ) (416 320 -1344 ) (416 336 -1344 ) 
4 1 2 (416 320 -1344 ) (480 320 -1344 ) (480 320 -1312 ) (416 320 -1312 ) 
4 2 9 (400 320 -1344 ) (480 320 -1344 ) (480 256 -1344 ) (400 256 -1344 ) 
4 2 7 (480 320 -1344 ) (496 320 -1344 ) (496 256 -1344 ) (480 256 -1344 ) 
4 3 4 (960 288 -1600 ) (768 288 -1600 ) (768 528 -1600 ) (960 528 -1600 ) 
4 4 5 (768 464 -1728 ) (768 336 -1728 ) (768 336 -1600 ) (768 464 -1600 ) 
4 5 7 (736 336 -1600 ) (736 464 -1600 ) (736 464 -1728 ) (736 336 -1728 ) 
4 6 7 (736 64 -1568 ) (736 64 -1344 ) (736 224 -1344 ) (736 224 -1568 ) 
4 7 9 (480 576 -1728 ) (480 64 -1728 ) (480 64 -1344 ) (480 576 -1344 ) 
4 8 9 (288 576 -1344 ) (288 576 -1568 ) (480 576 -1568 ) (480 576 -1344 ) 
4 9 10 (288 576 -1728 ) (288 64 -1728 ) (288 64 -1344 ) (288 576 -1344 ) 
4 10 11 (32 192 -1600 ) (32 192 -1728 ) (32 64 -1728 ) (32 64 -1600 ) 
4 11 12 (0 192 -1600 ) (0 192 -1728 ) (0 64 -1728 ) (0 64 -1600 ) 
4 12 15 (-384 64 -1728 ) (-640 64 -1728 ) (-640 512 -1728 ) (-384 512 -1728 ) 
4 12 13 (-640 224 -1728 ) (-640 64 -1728 ) (-640 64 -1408 ) (-640 224 -1408 ) 
4 13 14 (-896 224 -1728 ) (-896 64 -1728 ) (-896 64 -1408 ) (-896 224 -1408 ) 
4 14 17 (-1024 64 -1728 ) (-1024 64 -1408 ) (-1024 512 -1408 ) (-1024 512 -1728 ) 
4 14 16 (-896 64 -1728 ) (-1024 64 -1728 ) (-1024 512 -1728 ) (-896 512 -1728 ) 
4 16 18 (-1024 64 -1856 ) (-1024 64 -1728 ) (-1024 512 -1728 ) (-1024 512 -1856 ) 
4 17 18 (-1024 64 -1728 ) (-1152 64 -1728 ) (-1152 512 -1728 ) (-1024 512 -1728 ) 
