


Using shader api: shaderapiempty.dll
materialPath: D:\Steam\steamapps\common\Portal 2\portal2\materials
Loading d:\steam\steamapps\common\portal 2\sdk_content\maps\portal_2\kms_levels\kms_level_5.vmf
ConVarRef gpu_level doesn't point to an existing ConVar
fixing up env_cubemap materials on brush sides...
0...1...2...3...4...5...6...7...8...9...100...1...2...3...4...5...6...7...8...9...10Processing areas...done (0)
Building Faces...done (0)
Chop Details...done (0)
Find Visible Detail Sides...
Merged 528 detail faces...done (0)
Merging details...done (0)
FixTjuncs...
PruneNodes...
WriteBSP...
done (0)
writing d:\steam\steamapps\common\portal 2\sdk_content\maps\portal_2\kms_levels\kms_level_5.prt...Building visibility clusters...
done (0)
Finding displacement neighbors...
Finding lightmap sample positions...
Displacement Alpha : 0...1...2...3...4...5...6...7...8...9...10
Building Physics collision data...
done (1) (375498 bytes)
Placing detail props : 0...1...2...3...4...5...6...7...8...9...10
Water found with no water_lod_control entity, creating a default one.
Compacting texture/material tables...
Reduced 1553 texinfos to 664
Reduced 56 texdatas to 50 (1729 bytes to 1541)
Writing d:\steam\steamapps\common\portal 2\sdk_content\maps\portal_2\kms_levels\kms_level_5.bsp

nummapplanes:     (  4584 / 65536 )
nummapbrushes:    (  1022 /  8192 )
nummapbrushsides: (  8089 / 65536 )
num_map_overlays: (     0 /   512 )
nummodels:        (    32 /  1024 )
num_entities:     (   314 / 16384 )

1 second elapsed



12 threads
reading d:\steam\steamapps\common\portal 2\sdk_content\maps\portal_2\kms_levels\kms_level_5.bsp
reading d:\steam\steamapps\common\portal 2\sdk_content\maps\portal_2\kms_levels\kms_level_5.prt
 342 portalclusters
 892 numportals
0...1...2...3...4...5...6...7...8...9...100...1...2...3...4...5...6...7...8...9...10Optimized: 302 visible clusters (0.00%)
Total clusters visible: 32486
Average clusters visible: 94
Building PAS...
Average clusters audible: 218
visdatasize:25935  compressed from 32832
writing d:\steam\steamapps\common\portal 2\sdk_content\maps\portal_2\kms_levels\kms_level_5.bsp
0 seconds elapsed



[Reading texlights from 'lights.rad']
[59 texlights parsed from 'lights.rad']

Loading d:\steam\steamapps\common\portal 2\sdk_content\maps\portal_2\kms_levels\kms_level_5.bsp
1948 faces
264544 square feet [38094468.00 square inches]
0 Displacements
0 Square Feet [0.00 Square Inches]
1948 patches before subdivision
26780 patches after subdivision
75 direct lights
0...1...
WARNING: Too many light styles on a face at (-85.122093, -2497.000000, 272.978851)

WARNING: Too many light styles on a face at (-77.754555, -2497.000000, 262.716614)
2...3...4...5...6..
WARNING: Too many light styles on a face at (8.000000, -2440.000000, 257.000000)
.7.
WARNING: Too many light styles on a face at (-88.000000, -2376.000000, 257.000000)

WARNING: Too many light styles on a face at (-95.000000, -2232.000000, 312.000000)
..8...9...100...1...2...3...4...5...6...7...8...9...10transfers 2936477, max 516
transfer lists:  22.4 megs
0...1...2...3...4...5...6...7...8...9...10	Bounce #1 added RGB(164533, 165328, 165230)
0...1...2...3...4...5...6...7...8...9...10	Bounce #2 added RGB(95378, 96801, 96992)
0...1...2...3...4...5...6...7...8...9...10	Bounce #3 added RGB(55031, 56689, 57177)
0...1...2...3...4...5...6...7...8...9...10	Bounce #4 added RGB(31780, 33235, 33760)
0...1...2...3...4...5...6...7...8...9...10	Bounce #5 added RGB(18337, 19475, 19939)
0...1...2...3...4...5...6...7...8...9...10	Bounce #6 added RGB(10602, 11431, 11799)
0...1...2...3...4...5...6...7...8...9...10	Bounce #7 added RGB(6138, 6717, 6993)
0...1...2...3...4...5...6...7...8...9...10	Bounce #8 added RGB(3561, 3954, 4151)
0...1...2...3...4...5...6...7...8...9...10	Bounce #9 added RGB(2069, 2331, 2468)
0...1...2...3...4...5...6...7...8...9...10	Bounce #10 added RGB(1205, 1376, 1470)
0...1...2...3...4...5...6...7...8...9...10	Bounce #11 added RGB(702, 813, 877)
0...1...2...3...4...5...6...7...8...9...10	Bounce #12 added RGB(410, 481, 523)
0...1...2...3...4...5...6...7...8...9...10	Bounce #13 added RGB(240, 285, 313)
0...1...2...3...4...5...6...7...8...9...10	Bounce #14 added RGB(140, 169, 187)
0...1...2...3...4...5...6...7...8...9...10	Bounce #15 added RGB(82, 100, 112)
0...1...2...3...4...5...6...7...8...9...10	Bounce #16 added RGB(48, 60, 67)
0...1...2...3...4...5...6...7...8...9...10	Bounce #17 added RGB(28, 35, 40)
0...1...2...3...4...5...6...7...8...9...10	Bounce #18 added RGB(17, 21, 24)
0...1...2...3...4...5...6...7...8...9...10	Bounce #19 added RGB(10, 13, 15)
0...1...2...3...4...5...6...7...8...9...10	Bounce #20 added RGB(6, 8, 9)
0...1...2...3...4...5...6...7...8...9...10	Bounce #21 added RGB(3, 4, 5)
0...1...2...3...4...5...6...7...8...9...10	Bounce #22 added RGB(2, 3, 3)
0...1...2...3...4...5...6...7...8...9...10	Bounce #23 added RGB(1, 2, 2)
0...1...2...3...4...5...6...7...8...9...10	Bounce #24 added RGB(1, 1, 1)
0...1...2...3...4...5...6...7...8...9...10	Bounce #25 added RGB(0, 1, 1)
Build Patch/Sample Hash Table(s).....Done<0.0059 sec>
0...1...2...3...4...5...6...7...8...9...10FinalLightFace Done
8 of 8 (100% of) surface lights went in leaf ambient cubes.
0...1...2...3...4...5...6...7...8...9...10Writing leaf ambient...done
Ready to Finish

Object names       Objects/Maxobjs  Memory / Maxmem  Fullness 
------------       ---------------  ---------------  -------- 
models                  32/1024         1536/49152    ( 3.1%) 
brushes               1022/8192        12264/98304    (12.5%) 
brushsides            8189/65536       65512/524288   (12.5%) 
planes                4584/65536       91680/1310720  ( 7.0%) 
vertexes              3791/65536       45492/786432   ( 5.8%) 
nodes                  953/65536       30496/2097152  ( 1.5%) 
texinfos               664/12288       47808/884736   ( 5.4%) 
texdata                 50/2048         1600/65536    ( 2.4%) 
dispinfos                0/0               0/0        ( 0.0%) 
disp_verts               0/0               0/0        ( 0.0%) 
disp_tris                0/0               0/0        ( 0.0%) 
disp_multiblend          0/0               0/0        ( 0.0%) 
disp_lmsamples           0/0               0/0        ( 0.0%) 
faces                 1948/65536      109088/3670016  ( 3.0%) 
hdr faces                0/65536           0/3670016  ( 0.0%) 
origfaces             1542/65536       86352/3670016  ( 2.4%) 
facebrushes            364/0             728/0        ( 0.0%) 
facebrushlists        1948/0            7792/0        ( 0.0%) 
leaves                 986/65536       31552/2097152  ( 1.5%) 
leaffaces             2276/65536        4552/131072   ( 3.5%) 
leafbrushes           1715/65536        3430/131072   ( 2.6%) 
areas                    4/256            32/2048     ( 1.6%) 
surfedges            15117/512000      60468/2048000  ( 3.0%) 
edges                 9107/256000      36428/1024000  ( 3.6%) 
LDR worldlights         75/8192         7500/819200   ( 0.9%) 
HDR worldlights          0/8192            0/819200   ( 0.0%) 
leafwaterdata            1/32768          12/393216   ( 0.0%) 
waterstrips            204/32768        2040/327680   ( 0.6%) 
waterverts               0/65536           0/786432   ( 0.0%) 
waterindices          4131/65536        8262/131072   ( 6.3%) 
cubemapsamples           5/1024           80/16384    ( 0.5%) 
overlays                 0/512             0/180224   ( 0.0%) 
LDR lightdata         [variable]     3727836/0        ( 0.0%) 
HDR lightdata         [variable]           0/0        ( 0.0%) 
visdata               [variable]       25935/16777216 ( 0.2%) 
entdata               [variable]       97788/393216   (24.9%) 
LDR ambient table      986/65536        3944/262144   ( 1.5%) 
HDR ambient table      986/65536        3944/262144   ( 1.5%) 
LDR leaf ambient      2753/65536       77084/1835008  ( 4.2%) 
HDR leaf ambient       986/65536       27608/1835008  ( 1.5%) 
occluders                0/0               0/0        ( 0.0%) 
occluder polygons        0/0               0/0        ( 0.0%) 
occluder vert ind        0/0               0/0        ( 0.0%) 
detail props          [variable]           1/12       ( 8.3%) 
static props          [variable]           1/17518    ( 0.0%) 
pakfile               [variable]      449196/0        ( 0.0%) 
physics               [variable]      375498/4194304  ( 9.0%) 
physics terrain       [variable]           2/1048576  ( 0.0%) 

Level flags = 0

Total triangle count: 5053
Writing d:\steam\steamapps\common\portal 2\sdk_content\maps\portal_2\kms_levels\kms_level_5.bsp
5 seconds elapsed



Using shader api: shaderapiempty.dll
materialPath: D:\Steam\steamapps\common\Portal 2\portal2\materials
Loading d:\steam\steamapps\common\portal 2\sdk_content\maps\portal_2\kms_levels\kms_level_5.vmf
ConVarRef gpu_level doesn't point to an existing ConVar
fixing up env_cubemap materials on brush sides...
0...1...2...3...4...5...6...7...8...9...100...1...2...3...4...5...6...7...8...9...10Processing areas...done (0)
Building Faces...done (0)
Chop Details...done (0)
Find Visible Detail Sides...
Merged 528 detail faces...done (0)
Merging details...done (0)
FixTjuncs...
PruneNodes...
WriteBSP...
done (0)
writing d:\steam\steamapps\common\portal 2\sdk_content\maps\portal_2\kms_levels\kms_level_5.prt...Building visibility clusters...
done (0)
Finding displacement neighbors...
Finding lightmap sample positions...
Displacement Alpha : 0...1...2...3...4...5...6...7...8...9...10
Building Physics collision data...
done (0) (375498 bytes)
Placing detail props : 0...1...2...3...4...5...6...7...8...9...10
Water found with no water_lod_control entity, creating a default one.
Compacting texture/material tables...
Reduced 1553 texinfos to 664
Reduced 56 texdatas to 50 (1729 bytes to 1541)
Writing d:\steam\steamapps\common\portal 2\sdk_content\maps\portal_2\kms_levels\kms_level_5.bsp

nummapplanes:     (  4584 / 65536 )
nummapbrushes:    (  1022 /  8192 )
nummapbrushsides: (  8089 / 65536 )
num_map_overlays: (     0 /   512 )
nummodels:        (    32 /  1024 )
num_entities:     (   314 / 16384 )

1 second elapsed



12 threads
reading d:\steam\steamapps\common\portal 2\sdk_content\maps\portal_2\kms_levels\kms_level_5.bsp
reading d:\steam\steamapps\common\portal 2\sdk_content\maps\portal_2\kms_levels\kms_level_5.prt
 342 portalclusters
 892 numportals
0...1...2...3...4...5...6...7...8...9...100...1...2...3...4...5...6...7...8...9...10Optimized: 308 visible clusters (0.00%)
Total clusters visible: 32492
Average clusters visible: 95
Building PAS...
Average clusters audible: 218
visdatasize:25935  compressed from 32832
writing d:\steam\steamapps\common\portal 2\sdk_content\maps\portal_2\kms_levels\kms_level_5.bsp
0 seconds elapsed



[Reading texlights from 'lights.rad']
[59 texlights parsed from 'lights.rad']

Loading d:\steam\steamapps\common\portal 2\sdk_content\maps\portal_2\kms_levels\kms_level_5.bsp
1948 faces
264544 square feet [38094468.00 square inches]
0 Displacements
0 Square Feet [0.00 Square Inches]
1948 patches before subdivision
26780 patches after subdivision
75 direct lights
0...1...
WARNING: Too many light styles on a face at (-85.122093, -2497.000000, 272.978851)
2
WARNING: Too many light styles on a face at (-77.754555, -2497.000000, 262.716614)
...3...4...5...6..
WARNING: Too many light styles on a face at (8.000000, -2440.000000, 257.000000)
.7.
WARNING: Too many light styles on a face at (-88.000000, -2376.000000, 257.000000)

WARNING: Too many light styles on a face at (-95.000000, -2232.000000, 312.000000)
..8...9...100...1...2...3...4...5...6...7...8...9...10transfers 2936477, max 516
transfer lists:  22.4 megs
0...1...2...3...4...5...6...7...8...9...10	Bounce #1 added RGB(164533, 165328, 165229)
0...1...2...3...4...5...6...7...8...9...10	Bounce #2 added RGB(95378, 96801, 96992)
0...1...2...3...4...5...6...7...8...9...10	Bounce #3 added RGB(55031, 56689, 57177)
0...1...2...3...4...5...6...7...8...9...10	Bounce #4 added RGB(31780, 33236, 33761)
0...1...2...3...4...5...6...7...8...9...10	Bounce #5 added RGB(18337, 19475, 19939)
0...1...2...3...4...5...6...7...8...9...10	Bounce #6 added RGB(10602, 11431, 11799)
0...1...2...3...4...5...6...7...8...9...10	Bounce #7 added RGB(6138, 6717, 6993)
0...1...2...3...4...5...6...7...8...9...10	Bounce #8 added RGB(3561, 3954, 4151)
0...1...2...3...4...5...6...7...8...9...10	Bounce #9 added RGB(2069, 2331, 2468)
0...1...2...3...4...5...6...7...8...9...10	Bounce #10 added RGB(1205, 1376, 1470)
0...1...2...3...4...5...6...7...8...9...10	Bounce #11 added RGB(702, 813, 877)
0...1...2...3...4...5...6...7...8...9...10	Bounce #12 added RGB(410, 481, 523)
0...1...2...3...4...5...6...7...8...9...10	Bounce #13 added RGB(240, 285, 313)
0...1...2...3...4...5...6...7...8...9...10	Bounce #14 added RGB(140, 169, 187)
0...1...2...3...4...5...6...7...8...9...10	Bounce #15 added RGB(82, 100, 112)
0...1...2...3...4...5...6...7...8...9...10	Bounce #16 added RGB(48, 60, 67)
0...1...2...3...4...5...6...7...8...9...10	Bounce #17 added RGB(28, 35, 40)
0...1...2...3...4...5...6...7...8...9...10	Bounce #18 added RGB(17, 21, 24)
0...1...2...3...4...5...6...7...8...9...10	Bounce #19 added RGB(10, 13, 15)
0...1...2...3...4...5...6...7...8...9...10	Bounce #20 added RGB(6, 8, 9)
0...1...2...3...4...5...6...7...8...9...10	Bounce #21 added RGB(3, 4, 5)
0...1...2...3...4...5...6...7...8...9...10	Bounce #22 added RGB(2, 3, 3)
0...1...2...3...4...5...6...7...8...9...10	Bounce #23 added RGB(1, 2, 2)
0...1...2...3...4...5...6...7...8...9...10	Bounce #24 added RGB(1, 1, 1)
0...1...2...3...4...5...6...7...8...9...10	Bounce #25 added RGB(0, 1, 1)
Build Patch/Sample Hash Table(s).....Done<0.0045 sec>
0...1...2...3...4...5...6...7...8...9...10FinalLightFace Done
8 of 8 (100% of) surface lights went in leaf ambient cubes.
0...1...2...3...4...5...6...7...8...9...10Writing leaf ambient...done
Ready to Finish

Object names       Objects/Maxobjs  Memory / Maxmem  Fullness 
------------       ---------------  ---------------  -------- 
models                  32/1024         1536/49152    ( 3.1%) 
brushes               1022/8192        12264/98304    (12.5%) 
brushsides            8189/65536       65512/524288   (12.5%) 
planes                4584/65536       91680/1310720  ( 7.0%) 
vertexes              3791/65536       45492/786432   ( 5.8%) 
nodes                  953/65536       30496/2097152  ( 1.5%) 
texinfos               664/12288       47808/884736   ( 5.4%) 
texdata                 50/2048         1600/65536    ( 2.4%) 
dispinfos                0/0               0/0        ( 0.0%) 
disp_verts               0/0               0/0        ( 0.0%) 
disp_tris                0/0               0/0        ( 0.0%) 
disp_multiblend          0/0               0/0        ( 0.0%) 
disp_lmsamples           0/0               0/0        ( 0.0%) 
faces                 1948/65536      109088/3670016  ( 3.0%) 
hdr faces                0/65536           0/3670016  ( 0.0%) 
origfaces             1542/65536       86352/3670016  ( 2.4%) 
facebrushes            364/0             728/0        ( 0.0%) 
facebrushlists        1948/0            7792/0        ( 0.0%) 
leaves                 986/65536       31552/2097152  ( 1.5%) 
leaffaces             2276/65536        4552/131072   ( 3.5%) 
leafbrushes           1715/65536        3430/131072   ( 2.6%) 
areas                    4/256            32/2048     ( 1.6%) 
surfedges            15117/512000      60468/2048000  ( 3.0%) 
edges                 9107/256000      36428/1024000  ( 3.6%) 
LDR worldlights         75/8192         7500/819200   ( 0.9%) 
HDR worldlights          0/8192            0/819200   ( 0.0%) 
leafwaterdata            1/32768          12/393216   ( 0.0%) 
waterstrips            204/32768        2040/327680   ( 0.6%) 
waterverts               0/65536           0/786432   ( 0.0%) 
waterindices          4131/65536        8262/131072   ( 6.3%) 
cubemapsamples           5/1024           80/16384    ( 0.5%) 
overlays                 0/512             0/180224   ( 0.0%) 
LDR lightdata         [variable]     3727836/0        ( 0.0%) 
HDR lightdata         [variable]           0/0        ( 0.0%) 
visdata               [variable]       25935/16777216 ( 0.2%) 
entdata               [variable]       97788/393216   (24.9%) 
LDR ambient table      986/65536        3944/262144   ( 1.5%) 
HDR ambient table      986/65536        3944/262144   ( 1.5%) 
LDR leaf ambient      2753/65536       77084/1835008  ( 4.2%) 
HDR leaf ambient       986/65536       27608/1835008  ( 1.5%) 
occluders                0/0               0/0        ( 0.0%) 
occluder polygons        0/0               0/0        ( 0.0%) 
occluder vert ind        0/0               0/0        ( 0.0%) 
detail props          [variable]           1/12       ( 8.3%) 
static props          [variable]           1/17518    ( 0.0%) 
pakfile               [variable]      449196/0        ( 0.0%) 
physics               [variable]      375498/4194304  ( 9.0%) 
physics terrain       [variable]           2/1048576  ( 0.0%) 

Level flags = 0

Total triangle count: 5053
Writing d:\steam\steamapps\common\portal 2\sdk_content\maps\portal_2\kms_levels\kms_level_5.bsp
4 seconds elapsed



Using shader api: shaderapiempty.dll
materialPath: D:\Steam\steamapps\common\Portal 2\portal2\materials
Loading d:\steam\steamapps\common\portal 2\sdk_content\maps\portal_2\kms_levels\kms_level_5.vmf
ConVarRef gpu_level doesn't point to an existing ConVar
fixing up env_cubemap materials on brush sides...
0...1...2...3...4...5...6...7...8...9...100...1...2...3...4...5...6...7...8...9...10Processing areas...done (0)
Building Faces...done (0)
Chop Details...done (0)
Find Visible Detail Sides...
Merged 528 detail faces...done (0)
Merging details...done (0)
FixTjuncs...
PruneNodes...
WriteBSP...
done (0)
writing d:\steam\steamapps\common\portal 2\sdk_content\maps\portal_2\kms_levels\kms_level_5.prt...Building visibility clusters...
done (0)
Finding displacement neighbors...
Finding lightmap sample positions...
Displacement Alpha : 0...1...2...3...4...5...6...7...8...9...10
Building Physics collision data...
done (0) (375498 bytes)
Placing detail props : 0...1...2...3...4...5...6...7...8...9...10
Water found with no water_lod_control entity, creating a default one.
Compacting texture/material tables...
Reduced 1553 texinfos to 664
Reduced 56 texdatas to 50 (1729 bytes to 1541)
Writing d:\steam\steamapps\common\portal 2\sdk_content\maps\portal_2\kms_levels\kms_level_5.bsp

nummapplanes:     (  4584 / 65536 )
nummapbrushes:    (  1022 /  8192 )
nummapbrushsides: (  8089 / 65536 )
num_map_overlays: (     0 /   512 )
nummodels:        (    32 /  1024 )
num_entities:     (   314 / 16384 )

1 second elapsed



12 threads
reading d:\steam\steamapps\common\portal 2\sdk_content\maps\portal_2\kms_levels\kms_level_5.bsp
reading d:\steam\steamapps\common\portal 2\sdk_content\maps\portal_2\kms_levels\kms_level_5.prt
 342 portalclusters
 892 numportals
0...1...2...3...4...5...6...7...8...9...100...1...2...3...4...5...6...7...8...9...10Optimized: 305 visible clusters (0.00%)
Total clusters visible: 32489
Average clusters visible: 94
Building PAS...
Average clusters audible: 218
visdatasize:25935  compressed from 32832
writing d:\steam\steamapps\common\portal 2\sdk_content\maps\portal_2\kms_levels\kms_level_5.bsp
0 seconds elapsed



[Reading texlights from 'lights.rad']
[59 texlights parsed from 'lights.rad']

Loading d:\steam\steamapps\common\portal 2\sdk_content\maps\portal_2\kms_levels\kms_level_5.bsp
1948 faces
264544 square feet [38094468.00 square inches]
0 Displacements
0 Square Feet [0.00 Square Inches]
1948 patches before subdivision
26780 patches after subdivision
75 direct lights
0...1...
WARNING: Too many light styles on a face at (-85.122093, -2497.000000, 272.978851)
2
WARNING: Too many light styles on a face at (-77.754555, -2497.000000, 262.716614)
...3...4...5...6..
WARNING: Too many light styles on a face at (8.000000, -2440.000000, 257.000000)
.7.
WARNING: Too many light styles on a face at (-88.000000, -2376.000000, 257.000000)

WARNING: Too many light styles on a face at (-95.000000, -2232.000000, 312.000000)
..8...9...100...1...2...3...4...5...6...7...8...9...10transfers 2936477, max 516
transfer lists:  22.4 megs
0...1...2...3...4...5...6...7...8...9...10	Bounce #1 added RGB(164533, 165329, 165230)
0...1...2...3...4...5...6...7...8...9...10	Bounce #2 added RGB(95378, 96801, 96992)
0...1...2...3...4...5...6...7...8...9...10	Bounce #3 added RGB(55031, 56690, 57177)
0...1...2...3...4...5...6...7...8...9...10	Bounce #4 added RGB(31780, 33236, 33761)
0...1...2...3...4...5...6...7...8...9...10	Bounce #5 added RGB(18337, 19475, 19939)
0...1...2...3...4...5...6...7...8...9...10	Bounce #6 added RGB(10602, 11431, 11799)
0...1...2...3...4...5...6...7...8...9...10	Bounce #7 added RGB(6138, 6717, 6993)
0...1...2...3...4...5...6...7...8...9...10	Bounce #8 added RGB(3561, 3954, 4151)
0...1...2...3...4...5...6...7...8...9...10	Bounce #9 added RGB(2069, 2331, 2468)
0...1...2...3...4...5...6...7...8...9...10	Bounce #10 added RGB(1205, 1376, 1470)
0...1...2...3...4...5...6...7...8...9...10	Bounce #11 added RGB(702, 813, 877)
0...1...2...3...4...5...6...7...8...9...10	Bounce #12 added RGB(410, 481, 523)
0...1...2...3...4...5...6...7...8...9...10	Bounce #13 added RGB(240, 285, 313)
0...1...2...3...4...5...6...7...8...9...10	Bounce #14 added RGB(140, 169, 187)
0...1...2...3...4...5...6...7...8...9...10	Bounce #15 added RGB(82, 100, 112)
0...1...2...3...4...5...6...7...8...9...10	Bounce #16 added RGB(48, 60, 67)
0...1...2...3...4...5...6...7...8...9...10	Bounce #17 added RGB(28, 35, 40)
0...1...2...3...4...5...6...7...8...9...10	Bounce #18 added RGB(17, 21, 24)
0...1...2...3...4...5...6...7...8...9...10	Bounce #19 added RGB(10, 13, 15)
0...1...2...3...4...5...6...7...8...9...10	Bounce #20 added RGB(6, 8, 9)
0...1...2...3...4...5...6...7...8...9...10	Bounce #21 added RGB(3, 4, 5)
0...1...2...3...4...5...6...7...8...9...10	Bounce #22 added RGB(2, 3, 3)
0...1...2...3...4...5...6...7...8...9...10	Bounce #23 added RGB(1, 2, 2)
0...1...2...3...4...5...6...7...8...9...10	Bounce #24 added RGB(1, 1, 1)
0...1...2...3...4...5...6...7...8...9...10	Bounce #25 added RGB(0, 1, 1)
Build Patch/Sample Hash Table(s).....Done<0.0044 sec>
0...1...2...3...4...5...6...7...8...9...10FinalLightFace Done
8 of 8 (100% of) surface lights went in leaf ambient cubes.
0...1...2...3...4...5...6...7...8...9...10Writing leaf ambient...done
Ready to Finish

Object names       Objects/Maxobjs  Memory / Maxmem  Fullness 
------------       ---------------  ---------------  -------- 
models                  32/1024         1536/49152    ( 3.1%) 
brushes               1022/8192        12264/98304    (12.5%) 
brushsides            8189/65536       65512/524288   (12.5%) 
planes                4584/65536       91680/1310720  ( 7.0%) 
vertexes              3791/65536       45492/786432   ( 5.8%) 
nodes                  953/65536       30496/2097152  ( 1.5%) 
texinfos               664/12288       47808/884736   ( 5.4%) 
texdata                 50/2048         1600/65536    ( 2.4%) 
dispinfos                0/0               0/0        ( 0.0%) 
disp_verts               0/0               0/0        ( 0.0%) 
disp_tris                0/0               0/0        ( 0.0%) 
disp_multiblend          0/0               0/0        ( 0.0%) 
disp_lmsamples           0/0               0/0        ( 0.0%) 
faces                 1948/65536      109088/3670016  ( 3.0%) 
hdr faces                0/65536           0/3670016  ( 0.0%) 
origfaces             1542/65536       86352/3670016  ( 2.4%) 
facebrushes            364/0             728/0        ( 0.0%) 
facebrushlists        1948/0            7792/0        ( 0.0%) 
leaves                 986/65536       31552/2097152  ( 1.5%) 
leaffaces             2276/65536        4552/131072   ( 3.5%) 
leafbrushes           1715/65536        3430/131072   ( 2.6%) 
areas                    4/256            32/2048     ( 1.6%) 
surfedges            15117/512000      60468/2048000  ( 3.0%) 
edges                 9107/256000      36428/1024000  ( 3.6%) 
LDR worldlights         75/8192         7500/819200   ( 0.9%) 
HDR worldlights          0/8192            0/819200   ( 0.0%) 
leafwaterdata            1/32768          12/393216   ( 0.0%) 
waterstrips            204/32768        2040/327680   ( 0.6%) 
waterverts               0/65536           0/786432   ( 0.0%) 
waterindices          4131/65536        8262/131072   ( 6.3%) 
cubemapsamples           5/1024           80/16384    ( 0.5%) 
overlays                 0/512             0/180224   ( 0.0%) 
LDR lightdata         [variable]     3727836/0        ( 0.0%) 
HDR lightdata         [variable]           0/0        ( 0.0%) 
visdata               [variable]       25935/16777216 ( 0.2%) 
entdata               [variable]       97788/393216   (24.9%) 
LDR ambient table      986/65536        3944/262144   ( 1.5%) 
HDR ambient table      986/65536        3944/262144   ( 1.5%) 
LDR leaf ambient      2753/65536       77084/1835008  ( 4.2%) 
HDR leaf ambient       986/65536       27608/1835008  ( 1.5%) 
occluders                0/0               0/0        ( 0.0%) 
occluder polygons        0/0               0/0        ( 0.0%) 
occluder vert ind        0/0               0/0        ( 0.0%) 
detail props          [variable]           1/12       ( 8.3%) 
static props          [variable]           1/17518    ( 0.0%) 
pakfile               [variable]      449196/0        ( 0.0%) 
physics               [variable]      375498/4194304  ( 9.0%) 
physics terrain       [variable]           2/1048576  ( 0.0%) 

Level flags = 0

Total triangle count: 5053
Writing d:\steam\steamapps\common\portal 2\sdk_content\maps\portal_2\kms_levels\kms_level_5.bsp
5 seconds elapsed



Using shader api: shaderapiempty.dll
materialPath: D:\Steam\steamapps\common\Portal 2\portal2\materials
Loading d:\steam\steamapps\common\portal 2\sdk_content\maps\portal_2\kms_levels\kms_level_5.vmf
ConVarRef gpu_level doesn't point to an existing ConVar
fixing up env_cubemap materials on brush sides...
0...1...2...3...4...5...6...7...8...9...100...1...2...3...4...5...6...7...8...9...10Processing areas...done (0)
Building Faces...done (0)
Chop Details...done (0)
Find Visible Detail Sides...
Merged 528 detail faces...done (0)
Merging details...done (0)
FixTjuncs...
PruneNodes...
WriteBSP...
done (0)
writing d:\steam\steamapps\common\portal 2\sdk_content\maps\portal_2\kms_levels\kms_level_5.prt...Building visibility clusters...
done (0)
Finding displacement neighbors...
Finding lightmap sample positions...
Displacement Alpha : 0...1...2...3...4...5...6...7...8...9...10
Building Physics collision data...
done (0) (392958 bytes)
Placing detail props : 0...1...2...3...4...5...6...7...8...9...10
Water found with no water_lod_control entity, creating a default one.
Compacting texture/material tables...
Reduced 1601 texinfos to 678
Reduced 56 texdatas to 50 (1729 bytes to 1541)
Writing d:\steam\steamapps\common\portal 2\sdk_content\maps\portal_2\kms_levels\kms_level_5.bsp

nummapplanes:     (  4896 / 65536 )
nummapbrushes:    (  1060 /  8192 )
nummapbrushsides: (  8413 / 65536 )
num_map_overlays: (     0 /   512 )
nummodels:        (    41 /  1024 )
num_entities:     (   354 / 16384 )

1 second elapsed



12 threads
reading d:\steam\steamapps\common\portal 2\sdk_content\maps\portal_2\kms_levels\kms_level_5.bsp
reading d:\steam\steamapps\common\portal 2\sdk_content\maps\portal_2\kms_levels\kms_level_5.prt
 342 portalclusters
 892 numportals
0...1...2...3...4...5...6...7...8...9...100...1...2...3...4...5...6...7...8...9...10Optimized: 304 visible clusters (0.00%)
Total clusters visible: 32488
Average clusters visible: 94
Building PAS...
Average clusters audible: 218
visdatasize:25935  compressed from 32832
writing d:\steam\steamapps\common\portal 2\sdk_content\maps\portal_2\kms_levels\kms_level_5.bsp
0 seconds elapsed



[Reading texlights from 'lights.rad']
[59 texlights parsed from 'lights.rad']

Loading d:\steam\steamapps\common\portal 2\sdk_content\maps\portal_2\kms_levels\kms_level_5.bsp
2048 faces
267124 square feet [38465976.00 square inches]
0 Displacements
0 Square Feet [0.00 Square Inches]
2048 patches before subdivision
26880 patches after subdivision
77 direct lights
0...1..
WARNING: Too many light styles on a face at (-85.122093, -2497.000000, 272.978851)

WARNING: Too many light styles on a face at (-77.754555, -2497.000000, 262.716614)
.2...3...4...5...6.
WARNING: Too many light styles on a face at (8.000000, -2440.000000, 257.000000)
..7
WARNING: Too many light styles on a face at (-88.000000, -2376.000000, 257.000000)

WARNING: Too many light styles on a face at (-95.000000, -2232.000000, 312.000000)
...8...9...100...1...2...3...4...5...6...7...8...9...10transfers 2942148, max 516
transfer lists:  22.4 megs
0...1...2...3...4...5...6...7...8...9...10	Bounce #1 added RGB(164620, 165411, 165297)
0...1...2...3...4...5...6...7...8...9...10	Bounce #2 added RGB(95410, 96832, 97022)
0...1...2...3...4...5...6...7...8...9...10	Bounce #3 added RGB(55050, 56708, 57195)
0...1...2...3...4...5...6...7...8...9...10	Bounce #4 added RGB(31791, 33247, 33772)
0...1...2...3...4...5...6...7...8...9...10	Bounce #5 added RGB(18344, 19482, 19946)
0...1...2...3...4...5...6...7...8...9...10	Bounce #6 added RGB(10606, 11435, 11804)
0...1...2...3...4...5...6...7...8...9...10	Bounce #7 added RGB(6141, 6720, 6995)
0...1...2...3...4...5...6...7...8...9...10	Bounce #8 added RGB(3562, 3956, 4153)
0...1...2...3...4...5...6...7...8...9...10	Bounce #9 added RGB(2070, 2332, 2469)
0...1...2...3...4...5...6...7...8...9...10	Bounce #10 added RGB(1205, 1376, 1471)
0...1...2...3...4...5...6...7...8...9...10	Bounce #11 added RGB(703, 814, 877)
0...1...2...3...4...5...6...7...8...9...10	Bounce #12 added RGB(410, 481, 524)
0...1...2...3...4...5...6...7...8...9...10	Bounce #13 added RGB(240, 285, 313)
0...1...2...3...4...5...6...7...8...9...10	Bounce #14 added RGB(140, 169, 187)
0...1...2...3...4...5...6...7...8...9...10	Bounce #15 added RGB(82, 100, 112)
0...1...2...3...4...5...6...7...8...9...10	Bounce #16 added RGB(48, 60, 67)
0...1...2...3...4...5...6...7...8...9...10	Bounce #17 added RGB(28, 36, 40)
0...1...2...3...4...5...6...7...8...9...10	Bounce #18 added RGB(17, 21, 24)
0...1...2...3...4...5...6...7...8...9...10	Bounce #19 added RGB(10, 13, 15)
0...1...2...3...4...5...6...7...8...9...10	Bounce #20 added RGB(6, 8, 9)
0...1...2...3...4...5...6...7...8...9...10	Bounce #21 added RGB(3, 4, 5)
0...1...2...3...4...5...6...7...8...9...10	Bounce #22 added RGB(2, 3, 3)
0...1...2...3...4...5...6...7...8...9...10	Bounce #23 added RGB(1, 2, 2)
0...1...2...3...4...5...6...7...8...9...10	Bounce #24 added RGB(1, 1, 1)
0...1...2...3...4...5...6...7...8...9...10	Bounce #25 added RGB(0, 1, 1)
Build Patch/Sample Hash Table(s).....Done<0.0052 sec>
0...1...2...3...4...5...6...7...8...9...10FinalLightFace Done
8 of 8 (100% of) surface lights went in leaf ambient cubes.
0...1...2...3...4...5...6...7...8...9...10Writing leaf ambient...done
Ready to Finish

Object names       Objects/Maxobjs  Memory / Maxmem  Fullness 
------------       ---------------  ---------------  -------- 
models                  41/1024         1968/49152    ( 4.0%) 
brushes               1060/8192        12720/98304    (12.9%) 
brushsides            8513/65536       68104/524288   (13.0%) 
planes                4896/65536       97920/1310720  ( 7.5%) 
vertexes              3930/65536       47160/786432   ( 6.0%) 
nodes                 1125/65536       36000/2097152  ( 1.7%) 
texinfos               678/12288       48816/884736   ( 5.5%) 
texdata                 50/2048         1600/65536    ( 2.4%) 
dispinfos                0/0               0/0        ( 0.0%) 
disp_verts               0/0               0/0        ( 0.0%) 
disp_tris                0/0               0/0        ( 0.0%) 
disp_multiblend          0/0               0/0        ( 0.0%) 
disp_lmsamples           0/0               0/0        ( 0.0%) 
faces                 2048/65536      114688/3670016  ( 3.1%) 
hdr faces                0/65536           0/3670016  ( 0.0%) 
origfaces             1619/65536       90664/3670016  ( 2.5%) 
facebrushes            396/0             792/0        ( 0.0%) 
facebrushlists        2048/0            8192/0        ( 0.0%) 
leaves                1167/65536       37344/2097152  ( 1.8%) 
leaffaces             2376/65536        4752/131072   ( 3.6%) 
leafbrushes           1789/65536        3578/131072   ( 2.7%) 
areas                    4/256            32/2048     ( 1.6%) 
surfedges            15855/512000      63420/2048000  ( 3.1%) 
edges                 9482/256000      37928/1024000  ( 3.7%) 
LDR worldlights         77/8192         7700/819200   ( 0.9%) 
HDR worldlights          0/8192            0/819200   ( 0.0%) 
leafwaterdata            1/32768          12/393216   ( 0.0%) 
waterstrips            204/32768        2040/327680   ( 0.6%) 
waterverts               0/65536           0/786432   ( 0.0%) 
waterindices          4131/65536        8262/131072   ( 6.3%) 
cubemapsamples           5/1024           80/16384    ( 0.5%) 
overlays                 0/512             0/180224   ( 0.0%) 
LDR lightdata         [variable]     3727836/0        ( 0.0%) 
HDR lightdata         [variable]           0/0        ( 0.0%) 
visdata               [variable]       25935/16777216 ( 0.2%) 
entdata               [variable]      111868/393216   (28.4%) 
LDR ambient table     1167/65536        4668/262144   ( 1.8%) 
HDR ambient table     1167/65536        4668/262144   ( 1.8%) 
LDR leaf ambient      2903/65536       81284/1835008  ( 4.4%) 
HDR leaf ambient      1167/65536       32676/1835008  ( 1.8%) 
occluders                0/0               0/0        ( 0.0%) 
occluder polygons        0/0               0/0        ( 0.0%) 
occluder vert ind        0/0               0/0        ( 0.0%) 
detail props          [variable]           1/12       ( 8.3%) 
static props          [variable]           1/17598    ( 0.0%) 
pakfile               [variable]      449196/0        ( 0.0%) 
physics               [variable]      392958/4194304  ( 9.4%) 
physics terrain       [variable]           2/1048576  ( 0.0%) 

Level flags = 0

Total triangle count: 5283
Writing d:\steam\steamapps\common\portal 2\sdk_content\maps\portal_2\kms_levels\kms_level_5.bsp
5 seconds elapsed



Using shader api: shaderapiempty.dll
materialPath: D:\Steam\steamapps\common\Portal 2\portal2\materials
Loading d:\steam\steamapps\common\portal 2\sdk_content\maps\portal_2\kms_levels\kms_level_5.vmf
ConVarRef gpu_level doesn't point to an existing ConVar
fixing up env_cubemap materials on brush sides...
0...1...2...3...4...5...6...7...8...9...100...1...2...3...4...5...6...7...8...9...10Processing areas...done (0)
Building Faces...done (0)
Chop Details...done (0)
Find Visible Detail Sides...
Merged 528 detail faces...done (0)
Merging details...done (0)
FixTjuncs...
PruneNodes...
WriteBSP...
done (0)
writing d:\steam\steamapps\common\portal 2\sdk_content\maps\portal_2\kms_levels\kms_level_5.prt...Building visibility clusters...
done (0)
Finding displacement neighbors...
Finding lightmap sample positions...
Displacement Alpha : 0...1...2...3...4...5...6...7...8...9...10
Building Physics collision data...
done (1) (392958 bytes)
Placing detail props : 0...1...2...3...4...5...6...7...8...9...10
Water found with no water_lod_control entity, creating a default one.
Compacting texture/material tables...
Reduced 1601 texinfos to 678
Reduced 56 texdatas to 50 (1729 bytes to 1541)
Writing d:\steam\steamapps\common\portal 2\sdk_content\maps\portal_2\kms_levels\kms_level_5.bsp

nummapplanes:     (  4896 / 65536 )
nummapbrushes:    (  1060 /  8192 )
nummapbrushsides: (  8413 / 65536 )
num_map_overlays: (     0 /   512 )
nummodels:        (    41 /  1024 )
num_entities:     (   354 / 16384 )

1 second elapsed



12 threads
reading d:\steam\steamapps\common\portal 2\sdk_content\maps\portal_2\kms_levels\kms_level_5.bsp
reading d:\steam\steamapps\common\portal 2\sdk_content\maps\portal_2\kms_levels\kms_level_5.prt
 342 portalclusters
 892 numportals
0...1...2...3...4...5...6...7...8...9...100...1...2...3...4...5...6...7...8...9...10Optimized: 305 visible clusters (0.00%)
Total clusters visible: 32489
Average clusters visible: 94
Building PAS...
Average clusters audible: 218
visdatasize:25935  compressed from 32832
writing d:\steam\steamapps\common\portal 2\sdk_content\maps\portal_2\kms_levels\kms_level_5.bsp
0 seconds elapsed



[Reading texlights from 'lights.rad']
[59 texlights parsed from 'lights.rad']

Loading d:\steam\steamapps\common\portal 2\sdk_content\maps\portal_2\kms_levels\kms_level_5.bsp
2048 faces
267124 square feet [38465976.00 square inches]
0 Displacements
0 Square Feet [0.00 Square Inches]
2048 patches before subdivision
26880 patches after subdivision
77 direct lights
0...1..
WARNING: Too many light styles on a face at (-85.122093, -2497.000000, 272.978851)
.
WARNING: Too many light styles on a face at (-77.754555, -2497.000000, 262.716614)
2...3...4...5...6.
WARNING: Too many light styles on a face at (8.000000, -2440.000000, 257.000000)
..7
WARNING: Too many light styles on a face at (-88.000000, -2376.000000, 257.000000)

WARNING: Too many light styles on a face at (-95.000000, -2232.000000, 312.000000)
...8...9...100...1...2...3...4...5...6...7...8...9...10transfers 2942148, max 516
transfer lists:  22.4 megs
0...1...2...3...4...5...6...7...8...9...10	Bounce #1 added RGB(164620, 165411, 165296)
0...1...2...3...4...5...6...7...8...9...10	Bounce #2 added RGB(95410, 96832, 97022)
0...1...2...3...4...5...6...7...8...9...10	Bounce #3 added RGB(55050, 56709, 57195)
0...1...2...3...4...5...6...7...8...9...10	Bounce #4 added RGB(31791, 33247, 33772)
0...1...2...3...4...5...6...7...8...9...10	Bounce #5 added RGB(18344, 19482, 19946)
0...1...2...3...4...5...6...7...8...9...10	Bounce #6 added RGB(10606, 11435, 11804)
0...1...2...3...4...5...6...7...8...9...10	Bounce #7 added RGB(6141, 6720, 6995)
0...1...2...3...4...5...6...7...8...9...10	Bounce #8 added RGB(3562, 3956, 4153)
0...1...2...3...4...5...6...7...8...9...10	Bounce #9 added RGB(2070, 2332, 2469)
0...1...2...3...4...5...6...7...8...9...10	Bounce #10 added RGB(1205, 1376, 1471)
0...1...2...3...4...5...6...7...8...9...10	Bounce #11 added RGB(703, 814, 877)
0...1...2...3...4...5...6...7...8...9...10	Bounce #12 added RGB(410, 481, 524)
0...1...2...3...4...5...6...7...8...9...10	Bounce #13 added RGB(240, 285, 313)
0...1...2...3...4...5...6...7...8...9...10	Bounce #14 added RGB(140, 169, 187)
0...1...2...3...4...5...6...7...8...9...10	Bounce #15 added RGB(82, 100, 112)
0...1...2...3...4...5...6...7...8...9...10	Bounce #16 added RGB(48, 60, 67)
0...1...2...3...4...5...6...7...8...9...10	Bounce #17 added RGB(28, 36, 40)
0...1...2...3...4...5...6...7...8...9...10	Bounce #18 added RGB(17, 21, 24)
0...1...2...3...4...5...6...7...8...9...10	Bounce #19 added RGB(10, 13, 15)
0...1...2...3...4...5...6...7...8...9...10	Bounce #20 added RGB(6, 8, 9)
0...1...2...3...4...5...6...7...8...9...10	Bounce #21 added RGB(3, 4, 5)
0...1...2...3...4...5...6...7...8...9...10	Bounce #22 added RGB(2, 3, 3)
0...1...2...3...4...5...6...7...8...9...10	Bounce #23 added RGB(1, 2, 2)
0...1...2...3...4...5...6...7...8...9...10	Bounce #24 added RGB(1, 1, 1)
0...1...2...3...4...5...6...7...8...9...10	Bounce #25 added RGB(0, 1, 1)
Build Patch/Sample Hash Table(s).....Done<0.0049 sec>
0...1...2...3...4...5...6...7...8...9...10FinalLightFace Done
8 of 8 (100% of) surface lights went in leaf ambient cubes.
0...1...2...3...4...5...6...7...8...9...10Writing leaf ambient...done
Ready to Finish

Object names       Objects/Maxobjs  Memory / Maxmem  Fullness 
------------       ---------------  ---------------  -------- 
models                  41/1024         1968/49152    ( 4.0%) 
brushes               1060/8192        12720/98304    (12.9%) 
brushsides            8513/65536       68104/524288   (13.0%) 
planes                4896/65536       97920/1310720  ( 7.5%) 
vertexes              3930/65536       47160/786432   ( 6.0%) 
nodes                 1125/65536       36000/2097152  ( 1.7%) 
texinfos               678/12288       48816/884736   ( 5.5%) 
texdata                 50/2048         1600/65536    ( 2.4%) 
dispinfos                0/0               0/0        ( 0.0%) 
disp_verts               0/0               0/0        ( 0.0%) 
disp_tris                0/0               0/0        ( 0.0%) 
disp_multiblend          0/0               0/0        ( 0.0%) 
disp_lmsamples           0/0               0/0        ( 0.0%) 
faces                 2048/65536      114688/3670016  ( 3.1%) 
hdr faces                0/65536           0/3670016  ( 0.0%) 
origfaces             1619/65536       90664/3670016  ( 2.5%) 
facebrushes            396/0             792/0        ( 0.0%) 
facebrushlists        2048/0            8192/0        ( 0.0%) 
leaves                1167/65536       37344/2097152  ( 1.8%) 
leaffaces             2376/65536        4752/131072   ( 3.6%) 
leafbrushes           1789/65536        3578/131072   ( 2.7%) 
areas                    4/256            32/2048     ( 1.6%) 
surfedges            15855/512000      63420/2048000  ( 3.1%) 
edges                 9482/256000      37928/1024000  ( 3.7%) 
LDR worldlights         77/8192         7700/819200   ( 0.9%) 
HDR worldlights          0/8192            0/819200   ( 0.0%) 
leafwaterdata            1/32768          12/393216   ( 0.0%) 
waterstrips            204/32768        2040/327680   ( 0.6%) 
waterverts               0/65536           0/786432   ( 0.0%) 
waterindices          4131/65536        8262/131072   ( 6.3%) 
cubemapsamples           5/1024           80/16384    ( 0.5%) 
overlays                 0/512             0/180224   ( 0.0%) 
LDR lightdata         [variable]     3727836/0        ( 0.0%) 
HDR lightdata         [variable]           0/0        ( 0.0%) 
visdata               [variable]       25935/16777216 ( 0.2%) 
entdata               [variable]      111858/393216   (28.4%) 
LDR ambient table     1167/65536        4668/262144   ( 1.8%) 
HDR ambient table     1167/65536        4668/262144   ( 1.8%) 
LDR leaf ambient      2903/65536       81284/1835008  ( 4.4%) 
HDR leaf ambient      1167/65536       32676/1835008  ( 1.8%) 
occluders                0/0               0/0        ( 0.0%) 
occluder polygons        0/0               0/0        ( 0.0%) 
occluder vert ind        0/0               0/0        ( 0.0%) 
detail props          [variable]           1/12       ( 8.3%) 
static props          [variable]           1/17598    ( 0.0%) 
pakfile               [variable]      449196/0        ( 0.0%) 
physics               [variable]      392958/4194304  ( 9.4%) 
physics terrain       [variable]           2/1048576  ( 0.0%) 

Level flags = 0

Total triangle count: 5283
Writing d:\steam\steamapps\common\portal 2\sdk_content\maps\portal_2\kms_levels\kms_level_5.bsp
5 seconds elapsed



Using shader api: shaderapiempty.dll
materialPath: D:\Steam\steamapps\common\Portal 2\portal2\materials
Loading d:\steam\steamapps\common\portal 2\sdk_content\maps\portal_2\kms_levels\kms_level_5.vmf
ConVarRef gpu_level doesn't point to an existing ConVar
fixing up env_cubemap materials on brush sides...
0...1...2...3...4...5...6...7...8...9...100...1...2...3...4...5...6...7...8...9...10Processing areas...done (0)
Building Faces...done (0)
Chop Details...done (0)
Find Visible Detail Sides...
Merged 528 detail faces...done (0)
Merging details...done (0)
FixTjuncs...
PruneNodes...
WriteBSP...
done (0)
writing d:\steam\steamapps\common\portal 2\sdk_content\maps\portal_2\kms_levels\kms_level_5.prt...Building visibility clusters...
done (0)
Finding displacement neighbors...
Finding lightmap sample positions...
Displacement Alpha : 0...1...2...3...4...5...6...7...8...9...10
Building Physics collision data...
done (0) (392958 bytes)
Placing detail props : 0...1...2...3...4...5...6...7...8...9...10
Water found with no water_lod_control entity, creating a default one.
Compacting texture/material tables...
Reduced 1601 texinfos to 678
Reduced 56 texdatas to 50 (1729 bytes to 1541)
Writing d:\steam\steamapps\common\portal 2\sdk_content\maps\portal_2\kms_levels\kms_level_5.bsp

nummapplanes:     (  4896 / 65536 )
nummapbrushes:    (  1060 /  8192 )
nummapbrushsides: (  8413 / 65536 )
num_map_overlays: (     0 /   512 )
nummodels:        (    41 /  1024 )
num_entities:     (   354 / 16384 )

1 second elapsed



12 threads
reading d:\steam\steamapps\common\portal 2\sdk_content\maps\portal_2\kms_levels\kms_level_5.bsp
reading d:\steam\steamapps\common\portal 2\sdk_content\maps\portal_2\kms_levels\kms_level_5.prt
 342 portalclusters
 892 numportals
0...1...2...3...4...5...6...7...8...9...100...1...2...3...4...5...6...7...8...9...10Optimized: 304 visible clusters (0.00%)
Total clusters visible: 32488
Average clusters visible: 94
Building PAS...
Average clusters audible: 218
visdatasize:25935  compressed from 32832
writing d:\steam\steamapps\common\portal 2\sdk_content\maps\portal_2\kms_levels\kms_level_5.bsp
0 seconds elapsed



[Reading texlights from 'lights.rad']
[59 texlights parsed from 'lights.rad']

Loading d:\steam\steamapps\common\portal 2\sdk_content\maps\portal_2\kms_levels\kms_level_5.bsp
2048 faces
267124 square feet [38465976.00 square inches]
0 Displacements
0 Square Feet [0.00 Square Inches]
2048 patches before subdivision
26880 patches after subdivision
77 direct lights
0...1..
WARNING: Too many light styles on a face at (-85.122093, -2497.000000, 272.978851)
.
WARNING: Too many light styles on a face at (-77.754555, -2497.000000, 262.716614)
2...3...4...5...6.
WARNING: Too many light styles on a face at (8.000000, -2440.000000, 257.000000)
..7
WARNING: Too many light styles on a face at (-88.000000, -2376.000000, 257.000000)

WARNING: Too many light styles on a face at (-95.000000, -2232.000000, 312.000000)
...8...9...100...1...2...3...4...5...6...7...8...9...10transfers 2942148, max 516
transfer lists:  22.4 megs
0...1...2...3...4...5...6...7...8...9...10	Bounce #1 added RGB(164620, 165411, 165296)
0...1...2...3...4...5...6...7...8...9...10	Bounce #2 added RGB(95410, 96832, 97022)
0...1...2...3...4...5...6...7...8...9...10	Bounce #3 added RGB(55050, 56708, 57195)
0...1...2...3...4...5...6...7...8...9...10	Bounce #4 added RGB(31791, 33247, 33772)
0...1...2...3...4...5...6...7...8...9...10	Bounce #5 added RGB(18344, 19482, 19946)
0...1...2...3...4...5...6...7...8...9...10	Bounce #6 added RGB(10606, 11435, 11804)
0...1...2...3...4...5...6...7...8...9...10	Bounce #7 added RGB(6141, 6720, 6995)
0...1...2...3...4...5...6...7...8...9...10	Bounce #8 added RGB(3562, 3956, 4153)
0...1...2...3...4...5...6...7...8...9...10	Bounce #9 added RGB(2070, 2332, 2469)
0...1...2...3...4...5...6...7...8...9...10	Bounce #10 added RGB(1205, 1376, 1471)
0...1...2...3...4...5...6...7...8...9...10	Bounce #11 added RGB(703, 814, 877)
0...1...2...3...4...5...6...7...8...9...10	Bounce #12 added RGB(410, 481, 524)
0...1...2...3...4...5...6...7...8...9...10	Bounce #13 added RGB(240, 285, 313)
0...1...2...3...4...5...6...7...8...9...10	Bounce #14 added RGB(140, 169, 187)
0...1...2...3...4...5...6...7...8...9...10	Bounce #15 added RGB(82, 100, 112)
0...1...2...3...4...5...6...7...8...9...10	Bounce #16 added RGB(48, 60, 67)
0...1...2...3...4...5...6...7...8...9...10	Bounce #17 added RGB(28, 36, 40)
0...1...2...3...4...5...6...7...8...9...10	Bounce #18 added RGB(17, 21, 24)
0...1...2...3...4...5...6...7...8...9...10	Bounce #19 added RGB(10, 13, 15)
0...1...2...3...4...5...6...7...8...9...10	Bounce #20 added RGB(6, 8, 9)
0...1...2...3...4...5...6...7...8...9...10	Bounce #21 added RGB(3, 4, 5)
0...1...2...3...4...5...6...7...8...9...10	Bounce #22 added RGB(2, 3, 3)
0...1...2...3...4...5...6...7...8...9...10	Bounce #23 added RGB(1, 2, 2)
0...1...2...3...4...5...6...7...8...9...10	Bounce #24 added RGB(1, 1, 1)
0...1...2...3...4...5...6...7...8...9...10	Bounce #25 added RGB(0, 1, 1)
Build Patch/Sample Hash Table(s).....Done<0.0048 sec>
0...1...2...3...4...5...6...7...8...9...10FinalLightFace Done
8 of 8 (100% of) surface lights went in leaf ambient cubes.
0...1...2...3...4...5...6...7...8...9...10Writing leaf ambient...done
Ready to Finish

Object names       Objects/Maxobjs  Memory / Maxmem  Fullness 
------------       ---------------  ---------------  -------- 
models                  41/1024         1968/49152    ( 4.0%) 
brushes               1060/8192        12720/98304    (12.9%) 
brushsides            8513/65536       68104/524288   (13.0%) 
planes                4896/65536       97920/1310720  ( 7.5%) 
vertexes              3930/65536       47160/786432   ( 6.0%) 
nodes                 1125/65536       36000/2097152  ( 1.7%) 
texinfos               678/12288       48816/884736   ( 5.5%) 
texdata                 50/2048         1600/65536    ( 2.4%) 
dispinfos                0/0               0/0        ( 0.0%) 
disp_verts               0/0               0/0        ( 0.0%) 
disp_tris                0/0               0/0        ( 0.0%) 
disp_multiblend          0/0               0/0        ( 0.0%) 
disp_lmsamples           0/0               0/0        ( 0.0%) 
faces                 2048/65536      114688/3670016  ( 3.1%) 
hdr faces                0/65536           0/3670016  ( 0.0%) 
origfaces             1619/65536       90664/3670016  ( 2.5%) 
facebrushes            396/0             792/0        ( 0.0%) 
facebrushlists        2048/0            8192/0        ( 0.0%) 
leaves                1167/65536       37344/2097152  ( 1.8%) 
leaffaces             2376/65536        4752/131072   ( 3.6%) 
leafbrushes           1789/65536        3578/131072   ( 2.7%) 
areas                    4/256            32/2048     ( 1.6%) 
surfedges            15855/512000      63420/2048000  ( 3.1%) 
edges                 9482/256000      37928/1024000  ( 3.7%) 
LDR worldlights         77/8192         7700/819200   ( 0.9%) 
HDR worldlights          0/8192            0/819200   ( 0.0%) 
leafwaterdata            1/32768          12/393216   ( 0.0%) 
waterstrips            204/32768        2040/327680   ( 0.6%) 
waterverts               0/65536           0/786432   ( 0.0%) 
waterindices          4131/65536        8262/131072   ( 6.3%) 
cubemapsamples           5/1024           80/16384    ( 0.5%) 
overlays                 0/512             0/180224   ( 0.0%) 
LDR lightdata         [variable]     3727836/0        ( 0.0%) 
HDR lightdata         [variable]           0/0        ( 0.0%) 
visdata               [variable]       25935/16777216 ( 0.2%) 
entdata               [variable]      111858/393216   (28.4%) 
LDR ambient table     1167/65536        4668/262144   ( 1.8%) 
HDR ambient table     1167/65536        4668/262144   ( 1.8%) 
LDR leaf ambient      2903/65536       81284/1835008  ( 4.4%) 
HDR leaf ambient      1167/65536       32676/1835008  ( 1.8%) 
occluders                0/0               0/0        ( 0.0%) 
occluder polygons        0/0               0/0        ( 0.0%) 
occluder vert ind        0/0               0/0        ( 0.0%) 
detail props          [variable]           1/12       ( 8.3%) 
static props          [variable]           1/17598    ( 0.0%) 
pakfile               [variable]      449196/0        ( 0.0%) 
physics               [variable]      392958/4194304  ( 9.4%) 
physics terrain       [variable]           2/1048576  ( 0.0%) 

Level flags = 0

Total triangle count: 5283
Writing d:\steam\steamapps\common\portal 2\sdk_content\maps\portal_2\kms_levels\kms_level_5.bsp
5 seconds elapsed



Using shader api: shaderapiempty.dll
materialPath: D:\Steam\steamapps\common\Portal 2\portal2\materials
Loading d:\steam\steamapps\common\portal 2\sdk_content\maps\portal_2\kms_levels\kms_level_5.vmf
ConVarRef gpu_level doesn't point to an existing ConVar
fixing up env_cubemap materials on brush sides...
0...1...2...3...4...5...6...7...8...9...100...1...2...3...4...5...6...7...8...9...10Processing areas...done (0)
Building Faces...done (0)
Chop Details...done (0)
Find Visible Detail Sides...
Merged 528 detail faces...done (0)
Merging details...done (0)
FixTjuncs...
PruneNodes...
WriteBSP...
done (0)
writing d:\steam\steamapps\common\portal 2\sdk_content\maps\portal_2\kms_levels\kms_level_5.prt...Building visibility clusters...
done (0)
Finding displacement neighbors...
Finding lightmap sample positions...
Displacement Alpha : 0...1...2...3...4...5...6...7...8...9...10
Building Physics collision data...
done (0) (392958 bytes)
Placing detail props : 0...1...2...3...4...5...6...7...8...9...10
Water found with no water_lod_control entity, creating a default one.
Compacting texture/material tables...
Reduced 1601 texinfos to 678
Reduced 56 texdatas to 50 (1729 bytes to 1541)
Writing d:\steam\steamapps\common\portal 2\sdk_content\maps\portal_2\kms_levels\kms_level_5.bsp

nummapplanes:     (  4896 / 65536 )
nummapbrushes:    (  1060 /  8192 )
nummapbrushsides: (  8413 / 65536 )
num_map_overlays: (     0 /   512 )
nummodels:        (    41 /  1024 )
num_entities:     (   354 / 16384 )

1 second elapsed



12 threads
reading d:\steam\steamapps\common\portal 2\sdk_content\maps\portal_2\kms_levels\kms_level_5.bsp
reading d:\steam\steamapps\common\portal 2\sdk_content\maps\portal_2\kms_levels\kms_level_5.prt
 342 portalclusters
 892 numportals
0...1...2...3...4...5...6...7...8...9...100...1...2...3...4...5...6...7...8...9...10Optimized: 302 visible clusters (0.00%)
Total clusters visible: 32486
Average clusters visible: 94
Building PAS...
Average clusters audible: 218
visdatasize:25935  compressed from 32832
writing d:\steam\steamapps\common\portal 2\sdk_content\maps\portal_2\kms_levels\kms_level_5.bsp
0 seconds elapsed



[Reading texlights from 'lights.rad']
[59 texlights parsed from 'lights.rad']

Loading d:\steam\steamapps\common\portal 2\sdk_content\maps\portal_2\kms_levels\kms_level_5.bsp
2048 faces
267124 square feet [38465976.00 square inches]
0 Displacements
0 Square Feet [0.00 Square Inches]
2048 patches before subdivision
26880 patches after subdivision
77 direct lights
0...1..
WARNING: Too many light styles on a face at (-85.122093, -2497.000000, 272.978851)

WARNING: Too many light styles on a face at (-77.754555, -2497.000000, 262.716614)
.2...3...4...5...6.
WARNING: Too many light styles on a face at (8.000000, -2440.000000, 257.000000)
..7
WARNING: Too many light styles on a face at (-88.000000, -2376.000000, 257.000000)

WARNING: Too many light styles on a face at (-95.000000, -2232.000000, 312.000000)
...8...9...100...1...2...3...4...5...6...7...8...9...10transfers 2942148, max 516
transfer lists:  22.4 megs
0...1...2...3...4...5...6...7...8...9...10	Bounce #1 added RGB(164620, 165410, 165296)
0...1...2...3...4...5...6...7...8...9...10	Bounce #2 added RGB(95410, 96832, 97022)
0...1...2...3...4...5...6...7...8...9...10	Bounce #3 added RGB(55050, 56708, 57195)
0...1...2...3...4...5...6...7...8...9...10	Bounce #4 added RGB(31791, 33247, 33772)
0...1...2...3...4...5...6...7...8...9...10	Bounce #5 added RGB(18344, 19482, 19946)
0...1...2...3...4...5...6...7...8...9...10	Bounce #6 added RGB(10606, 11435, 11804)
0...1...2...3...4...5...6...7...8...9...10	Bounce #7 added RGB(6141, 6720, 6995)
0...1...2...3...4...5...6...7...8...9...10	Bounce #8 added RGB(3562, 3956, 4153)
0...1...2...3...4...5...6...7...8...9...10	Bounce #9 added RGB(2070, 2332, 2469)
0...1...2...3...4...5...6...7...8...9...10	Bounce #10 added RGB(1205, 1376, 1471)
0...1...2...3...4...5...6...7...8...9...10	Bounce #11 added RGB(703, 814, 877)
0...1...2...3...4...5...6...7...8...9...10	Bounce #12 added RGB(410, 481, 524)
0...1...2...3...4...5...6...7...8...9...10	Bounce #13 added RGB(240, 285, 313)
0...1...2...3...4...5...6...7...8...9...10	Bounce #14 added RGB(140, 169, 187)
0...1...2...3...4...5...6...7...8...9...10	Bounce #15 added RGB(82, 100, 112)
0...1...2...3...4...5...6...7...8...9...10	Bounce #16 added RGB(48, 60, 67)
0...1...2...3...4...5...6...7...8...9...10	Bounce #17 added RGB(28, 36, 40)
0...1...2...3...4...5...6...7...8...9...10	Bounce #18 added RGB(17, 21, 24)
0...1...2...3...4...5...6...7...8...9...10	Bounce #19 added RGB(10, 13, 15)
0...1...2...3...4...5...6...7...8...9...10	Bounce #20 added RGB(6, 8, 9)
0...1...2...3...4...5...6...7...8...9...10	Bounce #21 added RGB(3, 4, 5)
0...1...2...3...4...5...6...7...8...9...10	Bounce #22 added RGB(2, 3, 3)
0...1...2...3...4...5...6...7...8...9...10	Bounce #23 added RGB(1, 2, 2)
0...1...2...3...4...5...6...7...8...9...10	Bounce #24 added RGB(1, 1, 1)
0...1...2...3...4...5...6...7...8...9...10	Bounce #25 added RGB(0, 1, 1)
Build Patch/Sample Hash Table(s).....Done<0.0043 sec>
0...1...2...3...4...5...6...7...8...9...10FinalLightFace Done
8 of 8 (100% of) surface lights went in leaf ambient cubes.
0...1...2...3...4...5...6...7...8...9...10Writing leaf ambient...done
Ready to Finish

Object names       Objects/Maxobjs  Memory / Maxmem  Fullness 
------------       ---------------  ---------------  -------- 
models                  41/1024         1968/49152    ( 4.0%) 
brushes               1060/8192        12720/98304    (12.9%) 
brushsides            8513/65536       68104/524288   (13.0%) 
planes                4896/65536       97920/1310720  ( 7.5%) 
vertexes              3930/65536       47160/786432   ( 6.0%) 
nodes                 1125/65536       36000/2097152  ( 1.7%) 
texinfos               678/12288       48816/884736   ( 5.5%) 
texdata                 50/2048         1600/65536    ( 2.4%) 
dispinfos                0/0               0/0        ( 0.0%) 
disp_verts               0/0               0/0        ( 0.0%) 
disp_tris                0/0               0/0        ( 0.0%) 
disp_multiblend          0/0               0/0        ( 0.0%) 
disp_lmsamples           0/0               0/0        ( 0.0%) 
faces                 2048/65536      114688/3670016  ( 3.1%) 
hdr faces                0/65536           0/3670016  ( 0.0%) 
origfaces             1619/65536       90664/3670016  ( 2.5%) 
facebrushes            396/0             792/0        ( 0.0%) 
facebrushlists        2048/0            8192/0        ( 0.0%) 
leaves                1167/65536       37344/2097152  ( 1.8%) 
leaffaces             2376/65536        4752/131072   ( 3.6%) 
leafbrushes           1789/65536        3578/131072   ( 2.7%) 
areas                    4/256            32/2048     ( 1.6%) 
surfedges            15855/512000      63420/2048000  ( 3.1%) 
edges                 9482/256000      37928/1024000  ( 3.7%) 
LDR worldlights         77/8192         7700/819200   ( 0.9%) 
HDR worldlights          0/8192            0/819200   ( 0.0%) 
leafwaterdata            1/32768          12/393216   ( 0.0%) 
waterstrips            204/32768        2040/327680   ( 0.6%) 
waterverts               0/65536           0/786432   ( 0.0%) 
waterindices          4131/65536        8262/131072   ( 6.3%) 
cubemapsamples           5/1024           80/16384    ( 0.5%) 
overlays                 0/512             0/180224   ( 0.0%) 
LDR lightdata         [variable]     3727836/0        ( 0.0%) 
HDR lightdata         [variable]           0/0        ( 0.0%) 
visdata               [variable]       25935/16777216 ( 0.2%) 
entdata               [variable]      111858/393216   (28.4%) 
LDR ambient table     1167/65536        4668/262144   ( 1.8%) 
HDR ambient table     1167/65536        4668/262144   ( 1.8%) 
LDR leaf ambient      2903/65536       81284/1835008  ( 4.4%) 
HDR leaf ambient      1167/65536       32676/1835008  ( 1.8%) 
occluders                0/0               0/0        ( 0.0%) 
occluder polygons        0/0               0/0        ( 0.0%) 
occluder vert ind        0/0               0/0        ( 0.0%) 
detail props          [variable]           1/12       ( 8.3%) 
static props          [variable]           1/17598    ( 0.0%) 
pakfile               [variable]      449196/0        ( 0.0%) 
physics               [variable]      392958/4194304  ( 9.4%) 
physics terrain       [variable]           2/1048576  ( 0.0%) 

Level flags = 0

Total triangle count: 5283
Writing d:\steam\steamapps\common\portal 2\sdk_content\maps\portal_2\kms_levels\kms_level_5.bsp
5 seconds elapsed



Using shader api: shaderapiempty.dll
materialPath: D:\Steam\steamapps\common\Portal 2\portal2\materials
Loading d:\steam\steamapps\common\portal 2\sdk_content\maps\portal_2\kms_levels\kms_level_5.vmf
ConVarRef gpu_level doesn't point to an existing ConVar
fixing up env_cubemap materials on brush sides...
0...1...2...3...4...5...6...7...8...9...10**** leaked ****
Entity point_servercommand (-23.00 -3651.50 1274.74) leaked!

FindPortalSide: Couldn't find a good match for which brush to assign to a portal near (4096.0 -512.0 1744.0)
Leaf 0 contents: 
Leaf 1 contents: CONTENTS_SOLID 
viscontents (node 0 contents ^ node 1 contents): CONTENTS_SOLID 
This means that none of the brushes in leaf 0 or 1 that touches the portal has CONTENTS_SOLID 
Check for a huge brush enclosing the coordinates above that has contents CONTENTS_SOLID 
Candidate brush IDs: 


FindPortalSide: Couldn't find a good match for which brush to assign to a portal near (3904.0 0.0 2392.0)
Leaf 0 contents: 
Leaf 1 contents: CONTENTS_SOLID 
viscontents (node 0 contents ^ node 1 contents): CONTENTS_SOLID 
This means that none of the brushes in leaf 0 or 1 that touches the portal has CONTENTS_SOLID 
Check for a huge brush enclosing the coordinates above that has contents CONTENTS_SOLID 
Candidate brush IDs: 


FindPortalSide: Couldn't find a good match for which brush to assign to a portal near (3392.0 0.0 2392.0)
Leaf 0 contents: 
Leaf 1 contents: CONTENTS_SOLID 
viscontents (node 0 contents ^ node 1 contents): CONTENTS_SOLID 
This means that none of the brushes in leaf 0 or 1 that touches the portal has CONTENTS_SOLID 
Check for a huge brush enclosing the coordinates above that has contents CONTENTS_SOLID 
Candidate brush IDs: 


FindPortalSide: Couldn't find a good match for which brush to assign to a portal near (3120.0 0.0 -712.0)
Leaf 0 contents: 
Leaf 1 contents: CONTENTS_SOLID 
viscontents (node 0 contents ^ node 1 contents): CONTENTS_SOLID 
This means that none of the brushes in leaf 0 or 1 that touches the portal has CONTENTS_SOLID 
Check for a huge brush enclosing the coordinates above that has contents CONTENTS_SOLID 
Candidate brush IDs: 


FindPortalSide: Couldn't find a good match for which brush to assign to a portal near (3808.0 0.0 -712.0)
Leaf 0 contents: 
Leaf 1 contents: CONTENTS_SOLID 
viscontents (node 0 contents ^ node 1 contents): CONTENTS_SOLID 
This means that none of the brushes in leaf 0 or 1 that touches the portal has CONTENTS_SOLID 
Check for a huge brush enclosing the coordinates above that has contents CONTENTS_SOLID 
Candidate brush IDs: 


FindPortalSide: Couldn't find a good match for which brush to assign to a portal near (3344.0 0.0 -712.0)
Leaf 0 contents: 
Leaf 1 contents: CONTENTS_SOLID 
viscontents (node 0 contents ^ node 1 contents): CONTENTS_SOLID 
This means that none of the brushes in leaf 0 or 1 that touches the portal has CONTENTS_SOLID 
Check for a huge brush enclosing the coordinates above that has contents CONTENTS_SOLID 
Candidate brush IDs: 


FindPortalSide: Couldn't find a good match for which brush to assign to a portal near (2272.0 0.0 1744.0)
Leaf 0 contents: 
Leaf 1 contents: CONTENTS_SOLID 
viscontents (node 0 contents ^ node 1 contents): CONTENTS_SOLID 
This means that none of the brushes in leaf 0 or 1 that touches the portal has CONTENTS_SOLID 
Check for a huge brush enclosing the coordinates above that has contents CONTENTS_SOLID 
Candidate brush IDs: 


FindPortalSide: Couldn't find a good match for which brush to assign to a portal near (2784.0 0.0 1744.0)
Leaf 0 contents: 
Leaf 1 contents: CONTENTS_SOLID 
viscontents (node 0 contents ^ node 1 contents): CONTENTS_SOLID 
This means that none of the brushes in leaf 0 or 1 that touches the portal has CONTENTS_SOLID 
Check for a huge brush enclosing the coordinates above that has contents CONTENTS_SOLID 
Candidate brush IDs: 

*** Suppressing further FindPortalSide errors.... ***
Processing areas...done (0)
Building Faces...done (0)
Chop Details...done (0)
Find Visible Detail Sides...
Merged 528 detail faces...done (0)
Merging details...done (0)
FixTjuncs...
PruneNodes...
WriteBSP...
done (0)
Finding displacement neighbors...
Finding lightmap sample positions...
Displacement Alpha : 0...1...2...3...4...5...6...7...8...9...10
Building Physics collision data...
done (1) (393514 bytes)
Placing detail props : 0...1...2...3...4...5...6...7...8...9...10
Water found with no water_lod_control entity, creating a default one.
Compacting texture/material tables...
Reduced 1607 texinfos to 693
Reduced 56 texdatas to 50 (1729 bytes to 1541)
Writing d:\steam\steamapps\common\portal 2\sdk_content\maps\portal_2\kms_levels\kms_level_5.bsp

nummapplanes:     (  4912 / 65536 )
nummapbrushes:    (  1061 /  8192 )
nummapbrushsides: (  8419 / 65536 )
num_map_overlays: (     0 /   512 )
nummodels:        (    42 /  1024 )
num_entities:     (   356 / 16384 )

1 second elapsed



12 threads
reading d:\steam\steamapps\common\portal 2\sdk_content\maps\portal_2\kms_levels\kms_level_5.bsp
reading d:\steam\steamapps\common\portal 2\sdk_content\maps\portal_2\kms_levels\kms_level_5.prt
LoadPortals: couldn't read d:\steam\steamapps\common\portal 2\sdk_content\maps\portal_2\kms_levels\kms_level_5.prt



Using shader api: shaderapiempty.dll
materialPath: D:\Steam\steamapps\common\Portal 2\portal2\materials
Loading d:\steam\steamapps\common\portal 2\sdk_content\maps\portal_2\kms_levels\kms_level_5.vmf
ConVarRef gpu_level doesn't point to an existing ConVar
fixing up env_cubemap materials on brush sides...
0...1...2...3...4...5...6...7...8...9...100...1...2...3...4...5...6...7...8...9...10Processing areas...done (0)
Building Faces...done (0)
Chop Details...done (0)
Find Visible Detail Sides...
Merged 528 detail faces...done (0)
Merging details...done (0)
FixTjuncs...
PruneNodes...
WriteBSP...
done (0)
writing d:\steam\steamapps\common\portal 2\sdk_content\maps\portal_2\kms_levels\kms_level_5.prt...Building visibility clusters...
done (0)
Finding displacement neighbors...
Finding lightmap sample positions...
Displacement Alpha : 0...1...2...3...4...5...6...7...8...9...10
Building Physics collision data...
done (0) (393514 bytes)
Placing detail props : 0...1...2...3...4...5...6...7...8...9...10
Water found with no water_lod_control entity, creating a default one.
Compacting texture/material tables...
Reduced 1607 texinfos to 684
Reduced 56 texdatas to 50 (1729 bytes to 1541)
Writing d:\steam\steamapps\common\portal 2\sdk_content\maps\portal_2\kms_levels\kms_level_5.bsp

nummapplanes:     (  4912 / 65536 )
nummapbrushes:    (  1061 /  8192 )
nummapbrushsides: (  8419 / 65536 )
num_map_overlays: (     0 /   512 )
nummodels:        (    42 /  1024 )
num_entities:     (   356 / 16384 )

1 second elapsed



12 threads
reading d:\steam\steamapps\common\portal 2\sdk_content\maps\portal_2\kms_levels\kms_level_5.bsp
reading d:\steam\steamapps\common\portal 2\sdk_content\maps\portal_2\kms_levels\kms_level_5.prt
 342 portalclusters
 892 numportals
0...1...2...3...4...5...6...7...8...9...100...1...2...3...4...5...6...7...8...9...10Optimized: 305 visible clusters (0.00%)
Total clusters visible: 32489
Average clusters visible: 94
Building PAS...
Average clusters audible: 218
visdatasize:25935  compressed from 32832
writing d:\steam\steamapps\common\portal 2\sdk_content\maps\portal_2\kms_levels\kms_level_5.bsp
0 seconds elapsed



[Reading texlights from 'lights.rad']
[59 texlights parsed from 'lights.rad']

Loading d:\steam\steamapps\common\portal 2\sdk_content\maps\portal_2\kms_levels\kms_level_5.bsp
2054 faces
287462 square feet [41394612.00 square inches]
0 Displacements
0 Square Feet [0.00 Square Inches]
2054 patches before subdivision
26886 patches after subdivision
77 direct lights
0...1...
WARNING: Too many light styles on a face at (-85.122093, -2497.000000, 272.978851)

WARNING: Too many light styles on a face at (-77.754555, -2497.000000, 262.716614)
2...3...4...5...6.
WARNING: Too many light styles on a face at (8.000000, -2440.000000, 257.000000)
..7
WARNING: Too many light styles on a face at (-88.000000, -2376.000000, 257.000000)

WARNING: Too many light styles on a face at (-95.000000, -2232.000000, 312.000000)
...8...9...100...1...2...3...4...5...6...7...8...9...10transfers 2942342, max 516
transfer lists:  22.4 megs
0...1...2...3...4...5...6...7...8...9...10	Bounce #1 added RGB(164620, 165411, 165296)
0...1...2...3...4...5...6...7...8...9...10	Bounce #2 added RGB(95410, 96832, 97022)
0...1...2...3...4...5...6...7...8...9...10	Bounce #3 added RGB(55050, 56708, 57195)
0...1...2...3...4...5...6...7...8...9...10	Bounce #4 added RGB(31791, 33247, 33772)
0...1...2...3...4...5...6...7...8...9...10	Bounce #5 added RGB(18344, 19482, 19946)
0...1...2...3...4...5...6...7...8...9...10	Bounce #6 added RGB(10606, 11435, 11804)
0...1...2...3...4...5...6...7...8...9...10	Bounce #7 added RGB(6141, 6720, 6995)
0...1...2...3...4...5...6...7...8...9...10	Bounce #8 added RGB(3562, 3956, 4153)
0...1...2...3...4...5...6...7...8...9...10	Bounce #9 added RGB(2070, 2332, 2469)
0...1...2...3...4...5...6...7...8...9...10	Bounce #10 added RGB(1205, 1376, 1471)
0...1...2...3...4...5...6...7...8...9...10	Bounce #11 added RGB(703, 814, 877)
0...1...2...3...4...5...6...7...8...9...10	Bounce #12 added RGB(410, 481, 524)
0...1...2...3...4...5...6...7...8...9...10	Bounce #13 added RGB(240, 285, 313)
0...1...2...3...4...5...6...7...8...9...10	Bounce #14 added RGB(140, 169, 187)
0...1...2...3...4...5...6...7...8...9...10	Bounce #15 added RGB(82, 100, 112)
0...1...2...3...4...5...6...7...8...9...10	Bounce #16 added RGB(48, 60, 67)
0...1...2...3...4...5...6...7...8...9...10	Bounce #17 added RGB(28, 36, 40)
0...1...2...3...4...5...6...7...8...9...10	Bounce #18 added RGB(17, 21, 24)
0...1...2...3...4...5...6...7...8...9...10	Bounce #19 added RGB(10, 13, 15)
0...1...2...3...4...5...6...7...8...9...10	Bounce #20 added RGB(6, 8, 9)
0...1...2...3...4...5...6...7...8...9...10	Bounce #21 added RGB(3, 4, 5)
0...1...2...3...4...5...6...7...8...9...10	Bounce #22 added RGB(2, 3, 3)
0...1...2...3...4...5...6...7...8...9...10	Bounce #23 added RGB(1, 2, 2)
0...1...2...3...4...5...6...7...8...9...10	Bounce #24 added RGB(1, 1, 1)
0...1...2...3...4...5...6...7...8...9...10	Bounce #25 added RGB(0, 1, 1)
Build Patch/Sample Hash Table(s).....Done<0.0060 sec>
0...1...2...3...4...5...6...7...8...9...10FinalLightFace Done
8 of 8 (100% of) surface lights went in leaf ambient cubes.
0...1...2...3...4...5...6...7...8...9...10Writing leaf ambient...done
Ready to Finish

Object names       Objects/Maxobjs  Memory / Maxmem  Fullness 
------------       ---------------  ---------------  -------- 
models                  42/1024         2016/49152    ( 4.1%) 
brushes               1061/8192        12732/98304    (13.0%) 
brushsides            8519/65536       68152/524288   (13.0%) 
planes                4912/65536       98240/1310720  ( 7.5%) 
vertexes              3938/65536       47256/786432   ( 6.0%) 
nodes                 1131/65536       36192/2097152  ( 1.7%) 
texinfos               684/12288       49248/884736   ( 5.6%) 
texdata                 50/2048         1600/65536    ( 2.4%) 
dispinfos                0/0               0/0        ( 0.0%) 
disp_verts               0/0               0/0        ( 0.0%) 
disp_tris                0/0               0/0        ( 0.0%) 
disp_multiblend          0/0               0/0        ( 0.0%) 
disp_lmsamples           0/0               0/0        ( 0.0%) 
faces                 2054/65536      115024/3670016  ( 3.1%) 
hdr faces                0/65536           0/3670016  ( 0.0%) 
origfaces             1625/65536       91000/3670016  ( 2.5%) 
facebrushes            396/0             792/0        ( 0.0%) 
facebrushlists        2054/0            8216/0        ( 0.0%) 
leaves                1174/65536       37568/2097152  ( 1.8%) 
leaffaces             2382/65536        4764/131072   ( 3.6%) 
leafbrushes           1790/65536        3580/131072   ( 2.7%) 
areas                    4/256            32/2048     ( 1.6%) 
surfedges            15902/512000      63608/2048000  ( 3.1%) 
edges                 9505/256000      38020/1024000  ( 3.7%) 
LDR worldlights         77/8192         7700/819200   ( 0.9%) 
HDR worldlights          0/8192            0/819200   ( 0.0%) 
leafwaterdata            1/32768          12/393216   ( 0.0%) 
waterstrips            204/32768        2040/327680   ( 0.6%) 
waterverts               0/65536           0/786432   ( 0.0%) 
waterindices          4125/65536        8250/131072   ( 6.3%) 
cubemapsamples           5/1024           80/16384    ( 0.5%) 
overlays                 0/512             0/180224   ( 0.0%) 
LDR lightdata         [variable]     3727856/0        ( 0.0%) 
HDR lightdata         [variable]           0/0        ( 0.0%) 
visdata               [variable]       25935/16777216 ( 0.2%) 
entdata               [variable]      112162/393216   (28.5%) 
LDR ambient table     1174/65536        4696/262144   ( 1.8%) 
HDR ambient table     1174/65536        4696/262144   ( 1.8%) 
LDR leaf ambient      2909/65536       81452/1835008  ( 4.4%) 
HDR leaf ambient      1174/65536       32872/1835008  ( 1.8%) 
occluders                0/0               0/0        ( 0.0%) 
occluder polygons        0/0               0/0        ( 0.0%) 
occluder vert ind        0/0               0/0        ( 0.0%) 
detail props          [variable]           1/12       ( 8.3%) 
static props          [variable]           1/17598    ( 0.0%) 
pakfile               [variable]      449196/0        ( 0.0%) 
physics               [variable]      393514/4194304  ( 9.4%) 
physics terrain       [variable]           2/1048576  ( 0.0%) 

Level flags = 0

Total triangle count: 5294
Writing d:\steam\steamapps\common\portal 2\sdk_content\maps\portal_2\kms_levels\kms_level_5.bsp
4 seconds elapsed
