PRT1
110
218
4 0 9 (3072 -1728 896 ) (3072 -1616 896 ) (3072 -1616 -768 ) (3072 -1728 -768 ) 
4 0 2 (3072 -1616 896 ) (3072 -1328 896 ) (3072 -1328 -768 ) (3072 -1616 -768 ) 
4 0 1 (3072 -1328 896 ) (3072 -1216 896 ) (3072 -1216 -768 ) (3072 -1328 -768 ) 
4 1 24 (2704 -1216 -768 ) (2704 -1328 -768 ) (2704 -1328 0 ) (2704 -1216 0 ) 
4 1 22 (2704 -1328 0 ) (2704 -1328 256 ) (2704 -1216 256 ) (2704 -1216 0 ) 
4 1 10 (2704 -1328 256 ) (2704 -1328 896 ) (2704 -1216 896 ) (2704 -1216 256 ) 
4 1 7 (2704 -1328 416 ) (2704 -1328 -768 ) (2720 -1328 -768 ) (2720 -1328 416 ) 
4 1 3 (2720 -1328 -768 ) (2992 -1328 -768 ) (2992 -1328 416 ) (2720 -1328 416 ) 
4 1 2 (2992 -1328 -768 ) (3072 -1328 -768 ) (3072 -1328 896 ) (2992 -1328 896 ) 
4 2 9 (3072 -1616 -768 ) (3072 -1616 896 ) (2992 -1616 896 ) (2992 -1616 -768 ) 
4 2 8 (2992 -1600 -768 ) (2992 -1616 -768 ) (2992 -1616 416 ) (2992 -1600 416 ) 
4 2 4 (2992 -1344 -768 ) (2992 -1600 -768 ) (2992 -1600 416 ) (2992 -1344 416 ) 
4 2 3 (2992 -1328 416 ) (2992 -1328 -768 ) (2992 -1344 -768 ) (2992 -1344 416 ) 
4 3 7 (2720 -1328 416 ) (2720 -1328 -768 ) (2720 -1344 -768 ) (2720 -1344 416 ) 
4 3 5 (2720 -1344 416 ) (2720 -1344 -768 ) (2976 -1344 -768 ) (2976 -1344 416 ) 
4 3 4 (2976 -1344 -768 ) (2992 -1344 -768 ) (2992 -1344 416 ) (2976 -1344 416 ) 
4 4 8 (2992 -1600 -768 ) (2992 -1600 416 ) (2976 -1600 416 ) (2976 -1600 -768 ) 
4 4 5 (2976 -1344 416 ) (2976 -1344 -768 ) (2976 -1600 -768 ) (2976 -1600 416 ) 
4 5 8 (2720 -1600 416 ) (2720 -1600 -768 ) (2976 -1600 -768 ) (2976 -1600 416 ) 
4 5 7 (2720 -1344 -768 ) (2720 -1600 -768 ) (2720 -1600 416 ) (2720 -1344 416 ) 
4 5 6 (2976 -1600 -768 ) (2720 -1600 -768 ) (2720 -1344 -768 ) (2976 -1344 -768 ) 
4 7 24 (2704 -1600 -768 ) (2704 -1600 0 ) (2704 -1328 0 ) (2704 -1328 -768 ) 
4 7 22 (2704 -1600 0 ) (2704 -1600 256 ) (2704 -1328 256 ) (2704 -1328 0 ) 
4 7 21 (2704 -1600 256 ) (2704 -1600 416 ) (2704 -1568 416 ) (2704 -1568 256 ) 
4 7 19 (2704 -1536 320 ) (2704 -1536 256 ) (2704 -1568 256 ) (2704 -1568 320 ) 
4 7 18 (2704 -1568 416 ) (2704 -1536 416 ) (2704 -1536 320 ) (2704 -1568 320 ) 
4 7 14 (2704 -1536 416 ) (2704 -1408 416 ) (2704 -1408 256 ) (2704 -1536 256 ) 
4 7 12 (2704 -1376 320 ) (2704 -1376 256 ) (2704 -1408 256 ) (2704 -1408 320 ) 
4 7 11 (2704 -1408 416 ) (2704 -1376 416 ) (2704 -1376 320 ) (2704 -1408 320 ) 
4 7 10 (2704 -1376 416 ) (2704 -1328 416 ) (2704 -1328 256 ) (2704 -1376 256 ) 
4 7 8 (2704 -1600 416 ) (2704 -1600 -768 ) (2720 -1600 -768 ) (2720 -1600 416 ) 
4 8 24 (2704 -1616 -768 ) (2704 -1616 0 ) (2704 -1600 0 ) (2704 -1600 -768 ) 
4 8 22 (2704 -1616 0 ) (2704 -1616 256 ) (2704 -1600 256 ) (2704 -1600 0 ) 
4 8 21 (2704 -1616 256 ) (2704 -1616 416 ) (2704 -1600 416 ) (2704 -1600 256 ) 
4 8 9 (2704 -1616 416 ) (2704 -1616 -768 ) (2992 -1616 -768 ) (2992 -1616 416 ) 
4 9 24 (2704 -1616 0 ) (2704 -1616 -768 ) (2704 -1728 -768 ) (2704 -1728 0 ) 
4 9 22 (2704 -1616 256 ) (2704 -1616 0 ) (2704 -1728 0 ) (2704 -1728 256 ) 
4 9 21 (2704 -1728 896 ) (2704 -1616 896 ) (2704 -1616 256 ) (2704 -1728 256 ) 
4 10 22 (2704 -1216 256 ) (2704 -1376 256 ) (2528 -1376 256 ) (2528 -1216 256 ) 
4 10 12 (2528 -1376 256 ) (2704 -1376 256 ) (2704 -1376 320 ) (2528 -1376 320 ) 
4 10 11 (2704 -1376 320 ) (2704 -1376 896 ) (2528 -1376 896 ) (2528 -1376 320 ) 
4 11 14 (2704 -1408 320 ) (2704 -1408 896 ) (2528 -1408 896 ) (2528 -1408 320 ) 
4 11 12 (2704 -1408 320 ) (2528 -1408 320 ) (2528 -1376 320 ) (2704 -1376 320 ) 
4 12 22 (2704 -1376 256 ) (2704 -1408 256 ) (2528 -1408 256 ) (2528 -1376 256 ) 
4 12 14 (2528 -1408 256 ) (2704 -1408 256 ) (2704 -1408 320 ) (2528 -1408 320 ) 
4 13 25 (2336 -1408 256 ) (2272 -1408 256 ) (2272 -1376 256 ) (2336 -1376 256 ) 
4 13 16 (2272 -1408 256 ) (2336 -1408 256 ) (2336 -1408 318 ) (2272 -1408 318 ) 
4 13 15 (2336 -1408 318 ) (2336 -1408 320 ) (2272 -1408 320 ) (2272 -1408 318 ) 
4 14 22 (2704 -1408 256 ) (2704 -1536 256 ) (2528 -1536 256 ) (2528 -1408 256 ) 
4 14 19 (2528 -1536 256 ) (2704 -1536 256 ) (2704 -1536 320 ) (2528 -1536 320 ) 
4 14 18 (2704 -1536 320 ) (2704 -1536 896 ) (2528 -1536 896 ) (2528 -1536 320 ) 
4 15 20 (2336 -1536 318 ) (2336 -1536 320 ) (2272 -1536 320 ) (2272 -1536 318 ) 
4 15 16 (2272 -1536 318 ) (2272 -1408 318 ) (2336 -1408 318 ) (2336 -1536 318 ) 
4 16 27 (2336 -1536 256 ) (2272 -1536 256 ) (2272 -1408 256 ) (2336 -1408 256 ) 
4 16 20 (2272 -1536 256 ) (2336 -1536 256 ) (2336 -1536 318 ) (2272 -1536 318 ) 
4 17 60 (2048 -1408 384 ) (2048 -1408 256 ) (2048 -1536 256 ) (2048 -1536 384 ) 
4 17 27 (2176 -1536 256 ) (2048 -1536 256 ) (2048 -1408 256 ) (2176 -1408 256 ) 
4 18 21 (2528 -1568 320 ) (2704 -1568 320 ) (2704 -1568 896 ) (2528 -1568 896 ) 
4 18 19 (2704 -1568 320 ) (2528 -1568 320 ) (2528 -1536 320 ) (2704 -1536 320 ) 
4 19 22 (2704 -1536 256 ) (2704 -1568 256 ) (2528 -1568 256 ) (2528 -1536 256 ) 
4 19 21 (2528 -1568 256 ) (2704 -1568 256 ) (2704 -1568 320 ) (2528 -1568 320 ) 
4 20 28 (2336 -1568 256 ) (2272 -1568 256 ) (2272 -1536 256 ) (2336 -1536 256 ) 
4 21 22 (2704 -1568 256 ) (2704 -1728 256 ) (2528 -1728 256 ) (2528 -1568 256 ) 
4 22 24 (2704 -1216 0 ) (2704 -1728 0 ) (2528 -1728 0 ) (2528 -1216 0 ) 
4 22 23 (2528 -1408 0 ) (2528 -1536 0 ) (2528 -1536 256 ) (2528 -1408 256 ) 
4 23 27 (2336 -1536 256 ) (2336 -1408 256 ) (2336 -1408 128 ) (2336 -1536 128 ) 
4 25 27 (2272 -1408 128 ) (2336 -1408 128 ) (2336 -1408 256 ) (2272 -1408 256 ) 
4 26 27 (2248 -1408 128 ) (2264 -1408 128 ) (2264 -1408 256 ) (2248 -1408 256 ) 
4 27 60 (2048 -1536 256 ) (2048 -1408 256 ) (2048 -1408 128 ) (2048 -1536 128 ) 
4 27 29 (2248 -1536 128 ) (2264 -1536 128 ) (2264 -1536 256 ) (2248 -1536 256 ) 
4 27 28 (2272 -1536 128 ) (2336 -1536 128 ) (2336 -1536 256 ) (2272 -1536 256 ) 
4 30 43 (0 0 -736 ) (0 0 928 ) (0 256 928 ) (0 256 -736 ) 
4 30 35 (0 0 32 ) (0 0 -736 ) (256 0 -736 ) (256 0 32 ) 
4 30 33 (0 0 288 ) (0 0 32 ) (256 0 32 ) (256 0 288 ) 
4 30 32 (0 0 352 ) (0 0 288 ) (256 0 288 ) (256 0 352 ) 
4 30 31 (0 0 928 ) (0 0 352 ) (256 0 352 ) (256 0 928 ) 
4 31 44 (0 -320 928 ) (0 0 928 ) (0 0 352 ) (0 -320 352 ) 
4 31 32 (0 -320 352 ) (0 0 352 ) (256 0 352 ) (256 -320 352 ) 
4 32 47 (0 -320 352 ) (0 0 352 ) (0 0 288 ) (0 -320 288 ) 
4 32 33 (0 -320 288 ) (0 0 288 ) (256 0 288 ) (256 -320 288 ) 
4 33 50 (0 -320 288 ) (0 0 288 ) (0 0 32 ) (0 -320 32 ) 
4 33 35 (0 -320 32 ) (0 0 32 ) (256 0 32 ) (256 -320 32 ) 
4 33 34 (0 -320 32 ) (64 -320 32 ) (64 -320 288 ) (0 -320 288 ) 
4 34 50 (0 -512 32 ) (0 -512 288 ) (0 -320 288 ) (0 -320 32 ) 
4 34 42 (0 -512 288 ) (0 -512 160 ) (64 -512 160 ) (64 -512 288 ) 
4 35 52 (0 -320 -736 ) (0 -320 32 ) (0 0 32 ) (0 0 -736 ) 
4 36 40 (64 -512 288 ) (96 -512 288 ) (96 -576 288 ) (64 -576 288 ) 
4 36 37 (64 -512 352 ) (64 -512 288 ) (64 -576 288 ) (64 -576 352 ) 
4 37 48 (0 -512 352 ) (0 -512 288 ) (0 -576 288 ) (0 -576 352 ) 
4 37 45 (0 -512 360 ) (0 -512 352 ) (0 -576 352 ) (0 -576 360 ) 
4 37 42 (0 -576 288 ) (0 -512 288 ) (64 -512 288 ) (64 -576 288 ) 
4 38 85 (96 -1024 352 ) (96 -1024 416 ) (0 -1024 416 ) (0 -1024 352 ) 
4 38 46 (0 -1024 352 ) (0 -1024 416 ) (0 -672 416 ) (0 -672 352 ) 
4 38 39 (0 -1024 352 ) (0 -672 352 ) (96 -672 352 ) (96 -1024 352 ) 
4 39 85 (96 -1024 288 ) (96 -1024 352 ) (0 -1024 352 ) (0 -1024 288 ) 
4 39 49 (0 -1024 288 ) (0 -1024 352 ) (0 -672 352 ) (0 -672 288 ) 
4 39 41 (64 -672 288 ) (96 -672 288 ) (96 -1024 288 ) (64 -1024 288 ) 
4 39 42 (0 -1024 288 ) (0 -672 288 ) (64 -672 288 ) (64 -1024 288 ) 
4 40 42 (64 -512 160 ) (64 -576 160 ) (64 -576 288 ) (64 -512 288 ) 
4 41 85 (96 -1024 160 ) (96 -1024 288 ) (64 -1024 288 ) (64 -1024 160 ) 
4 41 42 (64 -672 160 ) (64 -1024 160 ) (64 -1024 288 ) (64 -672 288 ) 
4 42 85 (64 -1024 288 ) (0 -1024 288 ) (0 -1024 160 ) (64 -1024 160 ) 
4 42 53 (0 -1024 160 ) (0 -1024 288 ) (0 -512 288 ) (0 -512 160 ) 
4 43 58 (-256 0 32 ) (-256 0 -736 ) (-96 0 -736 ) (-96 0 32 ) 
4 43 57 (-256 0 288 ) (-256 0 32 ) (-96 0 32 ) (-96 0 288 ) 
4 43 56 (-96 0 928 ) (-256 0 928 ) (-256 0 288 ) (-96 0 288 ) 
4 43 52 (0 0 -736 ) (0 0 32 ) (-96 0 32 ) (-96 0 -736 ) 
4 43 51 (-64 0 288 ) (-96 0 288 ) (-96 0 32 ) (-64 0 32 ) 
4 43 50 (0 0 32 ) (0 0 288 ) (-64 0 288 ) (-64 0 32 ) 
4 43 47 (0 0 288 ) (0 0 352 ) (-96 0 352 ) (-96 0 288 ) 
4 43 44 (0 0 352 ) (0 0 928 ) (-96 0 928 ) (-96 0 352 ) 
4 44 56 (-96 0 928 ) (-96 0 352 ) (-96 -320 352 ) (-96 -320 928 ) 
4 44 47 (-96 -320 352 ) (-96 0 352 ) (0 0 352 ) (0 -320 352 ) 
4 45 48 (-64 -512 352 ) (0 -512 352 ) (0 -576 352 ) (-64 -576 352 ) 
4 46 102 (0 -1024 352 ) (0 -1024 416 ) (-96 -1024 416 ) (-96 -1024 352 ) 
4 46 59 (-96 -1024 352 ) (-96 -1024 416 ) (-96 -864 416 ) (-96 -864 352 ) 
4 46 49 (0 -1024 352 ) (-96 -1024 352 ) (-96 -672 352 ) (0 -672 352 ) 
4 47 56 (-96 -320 352 ) (-96 0 352 ) (-96 0 288 ) (-96 -320 288 ) 
4 47 51 (-96 -320 288 ) (-96 0 288 ) (-64 0 288 ) (-64 -320 288 ) 
4 47 50 (-64 0 288 ) (0 0 288 ) (0 -320 288 ) (-64 -320 288 ) 
4 48 54 (-96 -576 288 ) (-96 -512 288 ) (-64 -512 288 ) (-64 -576 288 ) 
4 48 53 (-64 -512 288 ) (0 -512 288 ) (0 -576 288 ) (-64 -576 288 ) 
4 49 102 (0 -1024 288 ) (0 -1024 352 ) (-96 -1024 352 ) (-96 -1024 288 ) 
4 49 59 (-96 -1024 288 ) (-96 -1024 352 ) (-96 -864 352 ) (-96 -864 288 ) 
4 49 55 (-96 -1024 288 ) (-96 -672 288 ) (-64 -672 288 ) (-64 -1024 288 ) 
4 49 53 (-64 -672 288 ) (0 -672 288 ) (0 -1024 288 ) (-64 -1024 288 ) 
4 50 53 (0 -512 288 ) (-64 -512 288 ) (-64 -512 160 ) (0 -512 160 ) 
4 50 52 (-64 -320 32 ) (-64 0 32 ) (0 0 32 ) (0 -320 32 ) 
4 50 51 (-64 0 32 ) (-64 -320 32 ) (-64 -320 288 ) (-64 0 288 ) 
4 51 57 (-96 -320 288 ) (-96 0 288 ) (-96 0 32 ) (-96 -320 32 ) 
4 51 52 (-96 -320 32 ) (-96 0 32 ) (-64 0 32 ) (-64 -320 32 ) 
4 52 58 (-96 -320 32 ) (-96 0 32 ) (-96 0 -736 ) (-96 -320 -736 ) 
4 53 102 (0 -1024 160 ) (0 -1024 288 ) (-64 -1024 288 ) (-64 -1024 160 ) 
4 53 55 (-64 -672 160 ) (-64 -1024 160 ) (-64 -1024 288 ) (-64 -672 288 ) 
4 53 54 (-64 -512 288 ) (-64 -512 160 ) (-64 -576 160 ) (-64 -576 288 ) 
4 55 102 (-64 -1024 288 ) (-96 -1024 288 ) (-96 -1024 160 ) (-64 -1024 160 ) 
4 55 59 (-96 -1024 160 ) (-96 -1024 288 ) (-96 -864 288 ) (-96 -864 160 ) 
4 56 57 (-256 -320 288 ) (-256 0 288 ) (-96 0 288 ) (-96 -320 288 ) 
4 57 58 (-256 -320 32 ) (-256 0 32 ) (-96 0 32 ) (-96 -320 32 ) 
4 59 107 (-160 -1024 416 ) (-288 -1024 416 ) (-288 -1024 160 ) (-160 -1024 160 ) 
4 59 105 (-96 -1024 160 ) (-96 -1024 416 ) (-160 -1024 416 ) (-160 -1024 160 ) 
4 60 61 (1952 -1408 128 ) (1952 -1536 128 ) (1952 -1536 256 ) (1952 -1408 256 ) 
4 61 66 (1920 -1408 128 ) (1920 -1536 128 ) (1920 -1536 256 ) (1920 -1408 256 ) 
4 62 64 (1792 -1248 128 ) (1920 -1248 128 ) (1920 -1248 384 ) (1792 -1248 384 ) 
4 62 63 (1792 -1120 384 ) (1792 -1120 128 ) (1792 -1248 128 ) (1792 -1248 384 ) 
4 63 72 (1760 -1120 128 ) (1760 -1248 128 ) (1760 -1248 384 ) (1760 -1120 384 ) 
4 63 65 (1760 -1248 384 ) (1760 -1248 128 ) (1792 -1248 128 ) (1792 -1248 384 ) 
4 64 66 (1792 -1280 128 ) (1920 -1280 128 ) (1920 -1280 384 ) (1792 -1280 384 ) 
4 64 65 (1792 -1248 384 ) (1792 -1248 128 ) (1792 -1280 128 ) (1792 -1280 384 ) 
4 65 73 (1760 -1248 128 ) (1760 -1280 128 ) (1760 -1280 384 ) (1760 -1248 384 ) 
4 65 67 (1760 -1280 384 ) (1760 -1280 128 ) (1792 -1280 128 ) (1792 -1280 384 ) 
4 66 68 (1792 -1664 128 ) (1920 -1664 128 ) (1920 -1664 384 ) (1792 -1664 384 ) 
4 66 67 (1792 -1280 384 ) (1792 -1280 128 ) (1792 -1664 128 ) (1792 -1664 384 ) 
4 67 74 (1760 -1280 128 ) (1760 -1664 128 ) (1760 -1664 384 ) (1760 -1280 384 ) 
4 67 69 (1760 -1664 384 ) (1760 -1664 128 ) (1792 -1664 128 ) (1792 -1664 384 ) 
4 68 70 (1792 -1696 128 ) (1920 -1696 128 ) (1920 -1696 384 ) (1792 -1696 384 ) 
4 68 69 (1792 -1664 384 ) (1792 -1664 128 ) (1792 -1696 128 ) (1792 -1696 384 ) 
4 69 75 (1760 -1664 128 ) (1760 -1696 128 ) (1760 -1696 384 ) (1760 -1664 384 ) 
4 69 71 (1760 -1696 384 ) (1760 -1696 128 ) (1792 -1696 128 ) (1792 -1696 384 ) 
4 70 71 (1792 -1696 384 ) (1792 -1696 128 ) (1792 -1824 128 ) (1792 -1824 384 ) 
4 71 76 (1760 -1696 128 ) (1760 -1824 128 ) (1760 -1824 384 ) (1760 -1696 384 ) 
4 72 77 (1376 -1120 384 ) (1376 -1120 128 ) (1376 -1248 128 ) (1376 -1248 384 ) 
4 72 73 (1376 -1248 384 ) (1376 -1248 128 ) (1760 -1248 128 ) (1760 -1248 384 ) 
4 73 78 (1376 -1248 128 ) (1376 -1280 128 ) (1376 -1280 384 ) (1376 -1248 384 ) 
4 73 74 (1376 -1280 384 ) (1376 -1280 128 ) (1760 -1280 128 ) (1760 -1280 384 ) 
4 74 79 (1376 -1280 128 ) (1376 -1664 128 ) (1376 -1664 384 ) (1376 -1280 384 ) 
4 74 75 (1376 -1664 384 ) (1376 -1664 128 ) (1760 -1664 128 ) (1760 -1664 384 ) 
4 75 80 (1376 -1664 128 ) (1376 -1696 128 ) (1376 -1696 384 ) (1376 -1664 384 ) 
4 75 76 (1376 -1696 384 ) (1376 -1696 128 ) (1760 -1696 128 ) (1760 -1696 384 ) 
4 76 81 (1376 -1696 128 ) (1376 -1824 128 ) (1376 -1824 384 ) (1376 -1696 384 ) 
4 77 82 (1344 -1120 384 ) (1344 -1120 128 ) (1344 -1248 128 ) (1344 -1248 384 ) 
4 77 78 (1344 -1248 384 ) (1344 -1248 128 ) (1376 -1248 128 ) (1376 -1248 384 ) 
4 78 79 (1344 -1280 384 ) (1344 -1280 128 ) (1376 -1280 128 ) (1376 -1280 384 ) 
4 78 82 (1344 -1248 128 ) (1344 -1280 128 ) (1344 -1280 384 ) (1344 -1248 384 ) 
4 79 80 (1344 -1664 384 ) (1344 -1664 128 ) (1376 -1664 128 ) (1376 -1664 384 ) 
4 79 82 (1344 -1280 128 ) (1344 -1664 128 ) (1344 -1664 384 ) (1344 -1280 384 ) 
4 80 82 (1344 -1664 128 ) (1344 -1696 128 ) (1344 -1696 384 ) (1344 -1664 384 ) 
4 80 81 (1344 -1696 384 ) (1344 -1696 128 ) (1376 -1696 128 ) (1376 -1696 384 ) 
4 81 82 (1344 -1696 128 ) (1344 -1824 128 ) (1344 -1824 384 ) (1344 -1696 384 ) 
4 82 83 (1184 -1408 128 ) (1184 -1536 128 ) (1184 -1536 256 ) (1184 -1408 256 ) 
4 83 84 (1152 -1408 128 ) (1152 -1536 128 ) (1152 -1536 256 ) (1152 -1408 256 ) 
4 84 94 (1024 -1408 128 ) (1024 -1536 128 ) (1024 -1536 160 ) (1024 -1408 160 ) 
4 84 87 (1024 -1536 160 ) (1024 -1536 384 ) (1024 -1408 384 ) (1024 -1408 160 ) 
4 85 102 (0 -1024 416 ) (0 -1024 160 ) (0 -1120 160 ) (0 -1120 416 ) 
4 85 86 (0 -1120 160 ) (32 -1120 160 ) (32 -1120 288 ) (0 -1120 288 ) 
4 86 103 (0 -1120 160 ) (0 -1152 160 ) (0 -1152 288 ) (0 -1120 288 ) 
4 86 88 (0 -1152 160 ) (32 -1152 160 ) (32 -1152 288 ) (0 -1152 288 ) 
4 87 94 (1024 -1408 160 ) (1024 -1536 160 ) (768 -1536 160 ) (768 -1408 160 ) 
4 87 89 (768 -1536 160 ) (896 -1536 160 ) (896 -1536 384 ) (768 -1536 384 ) 
4 88 104 (0 -1152 160 ) (0 -1536 160 ) (0 -1536 416 ) (0 -1152 416 ) 
4 88 90 (0 -1536 416 ) (0 -1536 160 ) (96 -1536 160 ) (96 -1536 416 ) 
4 89 95 (896 -1792 160 ) (768 -1792 160 ) (768 -1536 160 ) (896 -1536 160 ) 
4 89 91 (768 -1792 160 ) (896 -1792 160 ) (896 -1792 288 ) (768 -1792 288 ) 
4 90 104 (0 -1536 160 ) (0 -1792 160 ) (0 -1792 416 ) (0 -1536 416 ) 
4 90 96 (96 -1792 160 ) (0 -1792 160 ) (0 -1536 160 ) (96 -1536 160 ) 
4 90 92 (0 -1792 416 ) (0 -1792 160 ) (96 -1792 160 ) (96 -1792 416 ) 
4 91 93 (768 -1824 160 ) (896 -1824 160 ) (896 -1824 288 ) (768 -1824 288 ) 
4 92 104 (0 -1792 160 ) (0 -1824 160 ) (0 -1824 416 ) (0 -1792 416 ) 
4 92 93 (0 -1824 160 ) (96 -1824 160 ) (96 -1824 416 ) (0 -1824 416 ) 
4 93 104 (0 -1824 160 ) (0 -2048 160 ) (0 -2048 416 ) (0 -1824 416 ) 
4 93 98 (992 -2048 416 ) (0 -2048 416 ) (0 -2048 160 ) (992 -2048 160 ) 
4 93 97 (416 -2048 160 ) (128 -2048 160 ) (128 -1824 160 ) (416 -1824 160 ) 
4 94 95 (896 -1536 160 ) (768 -1536 160 ) (768 -1536 128 ) (896 -1536 128 ) 
4 96 108 (0 -1792 0 ) (0 -1792 160 ) (0 -1536 160 ) (0 -1536 0 ) 
4 97 99 (416 -2048 160 ) (128 -2048 160 ) (128 -2048 0 ) (416 -2048 0 ) 
4 98 109 (0 -2112 160 ) (0 -2112 416 ) (0 -2048 416 ) (0 -2048 160 ) 
4 98 100 (960 -2112 288 ) (960 -2112 352 ) (704 -2112 352 ) (704 -2112 288 ) 
4 98 99 (416 -2112 160 ) (128 -2112 160 ) (128 -2048 160 ) (416 -2048 160 ) 
4 100 101 (960 -2144 288 ) (960 -2144 352 ) (704 -2144 352 ) (704 -2144 288 ) 
4 102 105 (-96 -1024 160 ) (-96 -1120 160 ) (-96 -1120 416 ) (-96 -1024 416 ) 
4 102 103 (-96 -1120 288 ) (-96 -1120 160 ) (0 -1120 160 ) (0 -1120 288 ) 
4 103 104 (-96 -1152 288 ) (-96 -1152 160 ) (0 -1152 160 ) (0 -1152 288 ) 
4 104 109 (0 -2048 160 ) (0 -2048 416 ) (-96 -2048 416 ) (-96 -2048 160 ) 
4 104 108 (-96 -1792 160 ) (-96 -1536 160 ) (0 -1536 160 ) (0 -1792 160 ) 
4 104 106 (-96 -1152 160 ) (-96 -2048 160 ) (-96 -2048 416 ) (-96 -1152 416 ) 
4 105 107 (-160 -1024 160 ) (-160 -1120 160 ) (-160 -1120 416 ) (-160 -1024 416 ) 
4 106 109 (-96 -2048 416 ) (-160 -2048 416 ) (-160 -2048 160 ) (-96 -2048 160 ) 
4 106 108 (-160 -1792 160 ) (-160 -1536 160 ) (-96 -1536 160 ) (-96 -1792 160 ) 
