PRT1
342
892
4 1 7 (3648 1152 128 ) (3648 1152 -64 ) (3680 1152 -64 ) (3680 1152 128 ) 
4 1 6 (3680 1152 -64 ) (3712 1152 -64 ) (3712 1152 256 ) (3680 1152 256 ) 
4 1 5 (3648 1152 290.796021 ) (3648 1152 256 ) (3673.318848 1152 256 ) (3679.300049 1152 284.144073 ) 
5 1 4 (3705.908936 1152 409.347260 ) (3712 1152 438.008057 ) (3712 1152 448 ) (3681.411133 1152 448 ) (3674.610107 1152 416 ) 
3 1 3 (3673.318848 1152 256 ) (3712 1152 256 ) (3712 1152 438.008057 ) 
3 1 2 (3648 1152 448 ) (3648 1152 290.797516 ) (3681.411133 1152 448 ) 
4 1 8 (3648 1472 448 ) (3648 1472 -64 ) (3648 1152 -64 ) (3648 1152 448 ) 
3 2 17 (3681.411133 1024 448 ) (3648 1024 448 ) (3648 1024 290.797516 ) 
4 2 4 (3674.610352 1152 416 ) (3681.411377 1152 448 ) (3681.411377 1024 448 ) (3674.610352 1024 416 ) 
4 2 8 (3648 1024 290.797516 ) (3648 1024 448 ) (3648 1152 448 ) (3648 1152 290.797516 ) 
3 3 17 (3673.318848 1024 256 ) (3712 1024 256 ) (3712 1024 438.008057 ) 
4 3 6 (3680 1152 256 ) (3712 1152 256 ) (3712 1024 256 ) (3680 1024 256 ) 
4 3 5 (3679.300049 1152 284.144104 ) (3673.318848 1152 256 ) (3673.318604 1024 256 ) (3679.300049 1024 284.145111 ) 
4 3 4 (3712 1152 438.011719 ) (3705.908203 1152 409.347412 ) (3705.907959 1024 409.347473 ) (3712 1024 438.012695 ) 
5 4 17 (3712 1024 448 ) (3681.411133 1024 448 ) (3674.610107 1024 416 ) (3705.908936 1024 409.347260 ) (3712 1024 438.008057 ) 
4 5 17 (3648 1024 290.797516 ) (3648 1024 256 ) (3673.318848 1024 256 ) (3679.300293 1024 284.145020 ) 
4 5 8 (3648 1024 256 ) (3648 1024 290.797516 ) (3648 1152 290.797516 ) (3648 1152 256 ) 
4 6 17 (3680 1024 -64 ) (3712 1024 -64 ) (3712 1024 256 ) (3680 1024 256 ) 
4 6 7 (3680 1152 128 ) (3680 1152 -64 ) (3680 1024 -64 ) (3680 1024 128 ) 
4 7 17 (3648 1024 128 ) (3648 1024 -64 ) (3680 1024 -64 ) (3680 1024 128 ) 
4 7 8 (3648 1152 -64 ) (3648 1024 -64 ) (3648 1024 128 ) (3648 1152 128 ) 
4 8 17 (3648 1024 448 ) (3072 1024 448 ) (3072 1024 -64 ) (3648 1024 -64 ) 
4 8 13 (3072 1024 -64 ) (3072 1024 272 ) (3072 1472 272 ) (3072 1472 -64 ) 
4 8 10 (3072 1024 272 ) (3072 1024 448 ) (3072 1472 448 ) (3072 1472 272 ) 
4 8 9 (3168 1472 -64 ) (3520 1472 -64 ) (3520 1024 -64 ) (3168 1024 -64 ) 
4 9 18 (3520 1024 -384 ) (3520 1024 -64 ) (3168 1024 -64 ) (3168 1024 -384 ) 
4 10 20 (3008 1024 448 ) (2976 1024 448 ) (2976 1024 272 ) (3008 1024 272 ) 
4 10 19 (3072 1024 272 ) (3072 1024 448 ) (3008 1024 448 ) (3008 1024 272 ) 
4 10 22 (2976 1024 448 ) (2528 1024 448 ) (2528 1024 272 ) (2976 1024 272 ) 
4 10 14 (3008 1024 272 ) (2976 1024 272 ) (2976 1472 272 ) (3008 1472 272 ) 
4 10 13 (3072 1024 272 ) (3008 1024 272 ) (3008 1472 272 ) (3072 1472 272 ) 
4 10 16 (2976 1024 272 ) (2528 1024 272 ) (2528 1472 272 ) (2976 1472 272 ) 
4 10 12 (2528 1024 416 ) (2528 1024 448 ) (2528 1152 448 ) (2528 1152 416 ) 
4 10 11 (2528 1472 272 ) (2528 1152 272 ) (2528 1152 448 ) (2528 1472 448 ) 
4 11 16 (2496 1152 272 ) (2496 1472 272 ) (2528 1472 272 ) (2528 1152 272 ) 
4 11 12 (2528 1152 416 ) (2528 1152 448 ) (2496 1152 448 ) (2496 1152 416 ) 
4 12 22 (2528 1024 448 ) (2496 1024 448 ) (2496 1024 416 ) (2528 1024 416 ) 
4 13 19 (3072 1024 -64 ) (3072 1024 272 ) (3008 1024 272 ) (3008 1024 -64 ) 
4 13 15 (3008 1472 -64 ) (3008 1024 -64 ) (3008 1024 160 ) (3008 1472 160 ) 
4 13 14 (3008 1024 160 ) (3008 1024 272 ) (3008 1472 272 ) (3008 1472 160 ) 
4 14 20 (3008 1024 272 ) (2976 1024 272 ) (2976 1024 160 ) (3008 1024 160 ) 
4 14 16 (2976 1024 160 ) (2976 1024 272 ) (2976 1472 272 ) (2976 1472 160 ) 
4 14 15 (2976 1024 160 ) (2976 1472 160 ) (3008 1472 160 ) (3008 1024 160 ) 
4 15 21 (2976 1024 160 ) (2976 1024 -64 ) (3008 1024 -64 ) (3008 1024 160 ) 
4 15 16 (2976 1472 -64 ) (2976 1024 -64 ) (2976 1024 160 ) (2976 1472 160 ) 
4 16 22 (2976 1024 272 ) (2496 1024 272 ) (2496 1024 -64 ) (2976 1024 -64 ) 
4 17 19 (3072 1024 448 ) (3072 1024 -64 ) (3072 736 -64 ) (3072 736 448 ) 
4 17 18 (3520 736 -64 ) (3168 736 -64 ) (3168 1024 -64 ) (3520 1024 -64 ) 
4 19 21 (3008 1024 -64 ) (3008 736 -64 ) (3008 736 160 ) (3008 1024 160 ) 
4 19 20 (3008 736 160 ) (3008 736 448 ) (3008 1024 448 ) (3008 1024 160 ) 
4 20 22 (2976 736 160 ) (2976 736 448 ) (2976 1024 448 ) (2976 1024 160 ) 
4 20 21 (2976 736 160 ) (2976 1024 160 ) (3008 1024 160 ) (3008 736 160 ) 
4 21 22 (2976 1024 -64 ) (2976 736 -64 ) (2976 736 160 ) (2976 1024 160 ) 
4 23 36 (0 0 -768 ) (0 0 896 ) (0 256 896 ) (0 256 -768 ) 
4 23 28 (256 0 -768 ) (256 0 0 ) (0 0 0 ) (0 0 -768 ) 
4 23 26 (256 0 0 ) (256 0 256 ) (0 0 256 ) (0 0 0 ) 
4 23 25 (256 0 256 ) (256 0 320 ) (0 0 320 ) (0 0 256 ) 
4 23 24 (256 0 320 ) (256 0 896 ) (0 0 896 ) (0 0 320 ) 
4 24 37 (0 -320 896 ) (0 0 896 ) (0 0 320 ) (0 -320 320 ) 
4 24 25 (0 -320 320 ) (0 0 320 ) (256 0 320 ) (256 -320 320 ) 
4 25 40 (0 -320 320 ) (0 0 320 ) (0 0 256 ) (0 -320 256 ) 
4 25 26 (0 -320 256 ) (0 0 256 ) (256 0 256 ) (256 -320 256 ) 
4 26 43 (0 -320 256 ) (0 0 256 ) (0 0 0 ) (0 -320 0 ) 
4 26 28 (0 -320 0 ) (0 0 0 ) (256 0 0 ) (256 -320 0 ) 
4 26 27 (0 -320 0 ) (64 -320 0 ) (64 -320 256 ) (0 -320 256 ) 
4 27 43 (0 -512 0 ) (0 -512 256 ) (0 -320 256 ) (0 -320 0 ) 
4 27 35 (64 -512 256 ) (0 -512 256 ) (0 -512 128 ) (64 -512 128 ) 
4 28 45 (0 -320 -768 ) (0 -320 0 ) (0 0 0 ) (0 0 -768 ) 
4 29 33 (64 -512 256 ) (96 -512 256 ) (96 -576 256 ) (64 -576 256 ) 
4 29 30 (64 -512 320 ) (64 -512 256 ) (64 -576 256 ) (64 -576 320 ) 
4 30 41 (0 -512 320 ) (0 -512 256 ) (0 -576 256 ) (0 -576 320 ) 
4 30 38 (0 -512 328 ) (0 -512 320 ) (0 -576 320 ) (0 -576 328 ) 
4 30 35 (0 -512 256 ) (64 -512 256 ) (64 -576 256 ) (0 -576 256 ) 
4 31 58 (96 -1024 320 ) (96 -1024 384 ) (0 -1024 384 ) (0 -1024 320 ) 
4 31 39 (0 -1024 320 ) (0 -1024 384 ) (0 -672 384 ) (0 -672 320 ) 
4 31 32 (96 -672 320 ) (96 -1024 320 ) (0 -1024 320 ) (0 -672 320 ) 
4 32 58 (96 -1024 256 ) (96 -1024 320 ) (0 -1024 320 ) (0 -1024 256 ) 
4 32 42 (0 -1024 256 ) (0 -1024 320 ) (0 -672 320 ) (0 -672 256 ) 
4 32 34 (96 -672 256 ) (96 -1024 256 ) (64 -1024 256 ) (64 -672 256 ) 
4 32 35 (64 -1024 256 ) (0 -1024 256 ) (0 -672 256 ) (64 -672 256 ) 
4 33 35 (64 -512 128 ) (64 -576 128 ) (64 -576 256 ) (64 -512 256 ) 
4 34 58 (96 -1024 128 ) (96 -1024 256 ) (64 -1024 256 ) (64 -1024 128 ) 
4 34 35 (64 -672 128 ) (64 -1024 128 ) (64 -1024 256 ) (64 -672 256 ) 
4 35 58 (64 -1024 256 ) (0 -1024 256 ) (0 -1024 128 ) (64 -1024 128 ) 
4 35 46 (0 -1024 128 ) (0 -1024 256 ) (0 -512 256 ) (0 -512 128 ) 
4 36 51 (-256 0 0 ) (-256 0 -768 ) (-96 0 -768 ) (-96 0 0 ) 
4 36 50 (-256 0 256 ) (-256 0 0 ) (-96 0 0 ) (-96 0 256 ) 
4 36 49 (-96 0 896 ) (-256 0 896 ) (-256 0 256 ) (-96 0 256 ) 
4 36 45 (0 0 -768 ) (0 0 0 ) (-96 0 0 ) (-96 0 -768 ) 
4 36 44 (-64 0 256 ) (-96 0 256 ) (-96 0 0 ) (-64 0 0 ) 
4 36 43 (0 0 0 ) (0 0 256 ) (-64 0 256 ) (-64 0 0 ) 
4 36 40 (0 0 256 ) (0 0 320 ) (-96 0 320 ) (-96 0 256 ) 
4 36 37 (0 0 320 ) (0 0 896 ) (-96 0 896 ) (-96 0 320 ) 
4 37 49 (-96 0 896 ) (-96 0 320 ) (-96 -320 320 ) (-96 -320 896 ) 
4 37 40 (-96 -320 320 ) (-96 0 320 ) (0 0 320 ) (0 -320 320 ) 
4 38 41 (-64 -512 320 ) (0 -512 320 ) (0 -576 320 ) (-64 -576 320 ) 
4 39 174 (0 -1024 320 ) (0 -1024 384 ) (-96 -1024 384 ) (-96 -1024 320 ) 
4 39 52 (-96 -1024 320 ) (-96 -1024 384 ) (-96 -864 384 ) (-96 -864 320 ) 
4 39 42 (-96 -1024 320 ) (-96 -672 320 ) (0 -672 320 ) (0 -1024 320 ) 
4 40 49 (-96 -320 320 ) (-96 0 320 ) (-96 0 256 ) (-96 -320 256 ) 
4 40 44 (-96 -320 256 ) (-96 0 256 ) (-64 0 256 ) (-64 -320 256 ) 
4 40 43 (-64 0 256 ) (0 0 256 ) (0 -320 256 ) (-64 -320 256 ) 
4 41 47 (-96 -576 256 ) (-96 -512 256 ) (-64 -512 256 ) (-64 -576 256 ) 
4 41 46 (-64 -512 256 ) (0 -512 256 ) (0 -576 256 ) (-64 -576 256 ) 
4 42 174 (0 -1024 256 ) (0 -1024 320 ) (-96 -1024 320 ) (-96 -1024 256 ) 
4 42 52 (-96 -1024 256 ) (-96 -1024 320 ) (-96 -864 320 ) (-96 -864 256 ) 
4 42 48 (-64 -1024 256 ) (-96 -1024 256 ) (-96 -672 256 ) (-64 -672 256 ) 
4 42 46 (0 -1024 256 ) (-64 -1024 256 ) (-64 -672 256 ) (0 -672 256 ) 
4 43 46 (0 -512 128 ) (0 -512 256 ) (-64 -512 256 ) (-64 -512 128 ) 
4 43 45 (-64 -320 0 ) (-64 0 0 ) (0 0 0 ) (0 -320 0 ) 
4 43 44 (-64 0 0 ) (-64 -320 0 ) (-64 -320 256 ) (-64 0 256 ) 
4 44 50 (-96 -320 256 ) (-96 0 256 ) (-96 0 0 ) (-96 -320 0 ) 
4 44 45 (-96 -320 0 ) (-96 0 0 ) (-64 0 0 ) (-64 -320 0 ) 
4 45 51 (-96 -320 0 ) (-96 0 0 ) (-96 0 -768 ) (-96 -320 -768 ) 
4 46 174 (0 -1024 128 ) (0 -1024 256 ) (-64 -1024 256 ) (-64 -1024 128 ) 
4 46 48 (-64 -672 128 ) (-64 -1024 128 ) (-64 -1024 256 ) (-64 -672 256 ) 
4 46 47 (-64 -512 256 ) (-64 -512 128 ) (-64 -576 128 ) (-64 -576 256 ) 
4 48 174 (-64 -1024 256 ) (-96 -1024 256 ) (-96 -1024 128 ) (-64 -1024 128 ) 
4 48 52 (-96 -1024 128 ) (-96 -1024 256 ) (-96 -864 256 ) (-96 -864 128 ) 
4 49 50 (-256 -320 256 ) (-256 0 256 ) (-96 0 256 ) (-96 -320 256 ) 
4 50 51 (-256 -320 0 ) (-256 0 0 ) (-96 0 0 ) (-96 -320 0 ) 
4 52 177 (-256 -1024 384 ) (-288 -1024 384 ) (-288 -1024 128 ) (-256 -1024 128 ) 
4 52 174 (-96 -1024 128 ) (-96 -1024 384 ) (-256 -1024 384 ) (-256 -1024 128 ) 
4 53 54 (96 -1696 672 ) (96 -1632 672 ) (160 -1632 672 ) (160 -1696 672 ) 
4 54 56 (96 -1696 640 ) (96 -1632 640 ) (160 -1632 640 ) (160 -1696 640 ) 
4 55 173 (0 -1152 384 ) (0 -1600 384 ) (0 -1600 640 ) (0 -1152 640 ) 
4 55 61 (56 -1152 384 ) (64 -1152 384 ) (64 -1600 384 ) (56 -1600 384 ) 
4 55 60 (64 -1152 384 ) (192 -1152 384 ) (192 -1600 384 ) (64 -1600 384 ) 
4 55 63 (0 -1600 384 ) (0 -1152 384 ) (56 -1152 384 ) (56 -1600 384 ) 
4 55 56 (0 -1600 384 ) (192 -1600 384 ) (192 -1600 640 ) (0 -1600 640 ) 
4 56 173 (0 -1600 384 ) (0 -1728 384 ) (0 -1728 640 ) (0 -1600 640 ) 
4 56 105 (56 -1600 384 ) (64 -1600 384 ) (64 -1728 384 ) (56 -1728 384 ) 
4 56 104 (64 -1600 384 ) (320 -1600 384 ) (320 -1728 384 ) (64 -1728 384 ) 
4 56 110 (0 -1728 384 ) (0 -1600 384 ) (56 -1600 384 ) (56 -1728 384 ) 
4 56 57 (0 -1728 384 ) (192 -1728 384 ) (192 -1728 640 ) (0 -1728 640 ) 
4 57 173 (0 -1728 384 ) (0 -2048 384 ) (0 -2048 640 ) (0 -1728 640 ) 
4 57 138 (32 -2048 640 ) (0 -2048 640 ) (0 -2048 384 ) (32 -2048 384 ) 
4 57 124 (64 -2048 640 ) (56 -2048 640 ) (56 -2048 384 ) (64 -2048 384 ) 
4 57 123 (192 -2048 640 ) (64 -2048 640 ) (64 -2048 384 ) (192 -2048 384 ) 
4 57 126 (56 -2048 640 ) (32 -2048 640 ) (32 -2048 384 ) (56 -2048 384 ) 
4 57 112 (56 -1728 384 ) (64 -1728 384 ) (64 -2048 384 ) (56 -2048 384 ) 
4 57 111 (64 -1728 384 ) (192 -1728 384 ) (192 -2048 384 ) (64 -2048 384 ) 
4 57 114 (0 -2048 384 ) (0 -1728 384 ) (56 -1728 384 ) (56 -2048 384 ) 
4 58 174 (0 -1024 384 ) (0 -1024 128 ) (0 -1120 128 ) (0 -1120 384 ) 
4 58 59 (0 -1120 128 ) (32 -1120 128 ) (32 -1120 256 ) (0 -1120 256 ) 
4 59 175 (0 -1120 128 ) (0 -1152 128 ) (0 -1152 256 ) (0 -1120 256 ) 
4 59 63 (0 -1152 128 ) (32 -1152 128 ) (32 -1152 256 ) (0 -1152 256 ) 
4 60 115 (64 -1152 128 ) (192 -1152 128 ) (192 -1600 128 ) (64 -1600 128 ) 
4 60 104 (192 -1600 239.428589 ) (192 -1600 384 ) (64 -1600 384 ) (64 -1600 239.428574 ) 
4 60 94 (192 -1600 184.571442 ) (192 -1600 239.428589 ) (64 -1600 239.428574 ) (64 -1600 184.571442 ) 
4 60 89 (64 -1600 128 ) (192 -1600 128 ) (192 -1600 184.571442 ) (64 -1600 184.571442 ) 
4 60 62 (64 -1152 256 ) (64 -1152 128 ) (64 -1600 128 ) (64 -1600 256 ) 
4 60 61 (64 -1152 384 ) (64 -1152 256 ) (64 -1600 256 ) (64 -1600 384 ) 
4 61 105 (64 -1600 256 ) (64 -1600 384 ) (56 -1600 384 ) (56 -1600 256 ) 
4 61 63 (56 -1152 384 ) (56 -1152 256 ) (56 -1600 256 ) (56 -1600 384 ) 
4 61 62 (56 -1600 256 ) (56 -1152 256 ) (64 -1152 256 ) (64 -1600 256 ) 
4 62 106 (64 -1600 239.428558 ) (64 -1600 256 ) (56 -1600 256 ) (56 -1600 239.428558 ) 
4 62 95 (64 -1600 192 ) (64 -1600 239.428558 ) (56 -1600 239.428558 ) (56 -1600 192 ) 
4 62 97 (64 -1600 184.571426 ) (64 -1600 192 ) (56 -1600 192 ) (56 -1600 184.571426 ) 
4 62 92 (56 -1600 128 ) (64 -1600 128 ) (64 -1600 184.571426 ) (56 -1600 184.571426 ) 
4 62 63 (56 -1152 256 ) (56 -1152 128 ) (56 -1600 128 ) (56 -1600 256 ) 
4 63 176 (0 -1152 128 ) (0 -1600 128 ) (0 -1600 384 ) (0 -1152 384 ) 
4 63 110 (56 -1600 239.428589 ) (56 -1600 384 ) (0 -1600 384 ) (0 -1600 239.428574 ) 
4 63 98 (56 -1600 184.571442 ) (56 -1600 239.428589 ) (0 -1600 239.428574 ) (0 -1600 184.571442 ) 
4 63 93 (0 -1600 128 ) (56 -1600 128 ) (56 -1600 184.571442 ) (0 -1600 184.571442 ) 
8 64 176 (0 -1684 192 ) (0 -1678 206 ) (0 -1664 212 ) (0 -1650 206 ) (0 -1644 192 ) (0 -1650 178 ) (0 -1664 172 ) (0 -1678 178 ) 
4 64 101 (64 -1663.998657 212 ) (56 -1663.998657 212 ) (56 -1678 205.998611 ) (64 -1678 205.998611 ) 
4 64 99 (320 -1678 205.998611 ) (320 -1663.998657 212 ) (64 -1663.998657 212 ) (64 -1678 205.998611 ) 
4 64 103 (56 -1663.998657 212 ) (0 -1663.998657 212 ) (0 -1678 205.998611 ) (56 -1678 205.998611 ) 
4 64 96 (56 -1664 212 ) (64 -1664 212 ) (64 -1650 206 ) (56 -1650 206 ) 
4 64 94 (64 -1664 212 ) (320 -1664 212 ) (320 -1650 206 ) (64 -1650 206 ) 
4 64 98 (0 -1664 212 ) (56 -1664 212 ) (56 -1650 206 ) (0 -1650 206 ) 
4 64 90 (56 -1650 206.001953 ) (64 -1650 206.001953 ) (64 -1644 192 ) (56 -1644 192 ) 
4 64 89 (64 -1650 206.001953 ) (320 -1650 206.001968 ) (320 -1644 192 ) (64 -1644 192 ) 
4 64 93 (0 -1650 206.001953 ) (56 -1650 206.001953 ) (56 -1644 192 ) (0 -1644 192 ) 
4 64 85 (64 -1677.998047 206 ) (56 -1677.998047 206 ) (56 -1684 191.997681 ) (64 -1684 191.997681 ) 
4 64 84 (320 -1684 191.997681 ) (320 -1677.998047 206 ) (64 -1677.998047 206 ) (64 -1684 191.997681 ) 
4 64 88 (56 -1677.998047 206 ) (0 -1677.998047 206 ) (0 -1684 191.997681 ) (56 -1684 191.997681 ) 
4 64 77 (56 -1644 192.003906 ) (64 -1644 192.003906 ) (64 -1650.002075 178 ) (56 -1650.002075 178 ) 
4 64 76 (64 -1644 192.003906 ) (320 -1644 192.003906 ) (320 -1650.002075 178 ) (64 -1650.002075 178 ) 
4 64 78 (0 -1644 192.003906 ) (56 -1644 192.003906 ) (56 -1650.002075 178 ) (0 -1650.002075 178 ) 
4 64 74 (64 -1684 192.002731 ) (56 -1684 192.002731 ) (56 -1677.998169 178 ) (64 -1677.998169 178 ) 
4 64 72 (320 -1677.998169 178 ) (320 -1684 192.002731 ) (64 -1684 192.002731 ) (64 -1677.998169 178 ) 
4 64 75 (56 -1684 192.002731 ) (0 -1684 192.002731 ) (0 -1677.998169 178 ) (56 -1677.998169 178 ) 
4 64 69 (56 -1650 178.002045 ) (64 -1650 178.002045 ) (64 -1664.001953 172 ) (56 -1664.001953 172 ) 
4 64 68 (64 -1650 178.002045 ) (320 -1650 178.002045 ) (320 -1664.001953 172 ) (64 -1664.001953 172 ) 
4 64 71 (0 -1664.001953 172 ) (0 -1650 178.002045 ) (56 -1650 178.002045 ) (56 -1664.001953 172 ) 
4 64 66 (64 -1678 178.002060 ) (56 -1678 178.002060 ) (56 -1663.996094 172 ) (64 -1663.996094 172 ) 
4 64 65 (320 -1678 178.002060 ) (64 -1678 178.002060 ) (64 -1663.996094 172 ) (320 -1663.996094 172 ) 
4 64 67 (56 -1678 178.002060 ) (0 -1678 178.002060 ) (0 -1663.996094 172 ) (56 -1663.996094 172 ) 
4 65 72 (320 -1673.653931 167.862625 ) (320 -1677.998169 178 ) (64 -1677.998169 178 ) (64 -1673.653931 167.862625 ) 
4 65 68 (320 -1673.658203 167.862305 ) (64 -1673.658203 167.862305 ) (64 -1664.001953 172 ) (320 -1664.001953 172 ) 
3 65 66 (64 -1678 177.998047 ) (64 -1664.003906 172 ) (64 -1673.655884 167.863419 ) 
4 66 73 (64 -1677.998169 178 ) (56 -1677.998169 178 ) (56 -1673.653931 167.862625 ) (64 -1673.653931 167.862625 ) 
4 66 70 (64 -1673.658203 167.862305 ) (56 -1673.658203 167.862305 ) (56 -1664.001953 172 ) (64 -1664.001953 172 ) 
3 66 67 (56 -1678 177.998047 ) (56 -1664.003906 172 ) (56 -1673.655884 167.863419 ) 
3 67 176 (0 -1664 172 ) (0 -1673.655151 167.862045 ) (0 -1678 178 ) 
4 67 75 (56 -1677.998169 178 ) (0 -1677.998169 178 ) (0 -1673.653931 167.862625 ) (56 -1673.653931 167.862625 ) 
4 67 71 (56 -1673.658203 167.862305 ) (0 -1673.658203 167.862305 ) (0 -1664.001953 172 ) (56 -1664.001953 172 ) 
4 68 79 (320 -1650.002075 178 ) (320 -1664 145.335190 ) (64 -1664 145.335190 ) (64 -1650.002075 178 ) 
4 68 72 (64 -1663.998047 145.332031 ) (320 -1663.998047 145.332031 ) (320 -1673.653931 167.862625 ) (64 -1673.653931 167.862625 ) 
3 68 70 (64 -1664 145.328125 ) (64 -1673.656250 167.861328 ) (64 -1664 172 ) 
3 68 69 (64 -1664 145.328125 ) (64 -1664 172 ) (64 -1650 178 ) 
4 69 80 (64 -1664 145.335190 ) (56 -1664 145.335190 ) (56 -1650.002075 178 ) (64 -1650.002075 178 ) 
3 69 71 (56 -1664 145.328125 ) (56 -1664 172 ) (56 -1650 178 ) 
4 69 70 (56 -1664 172 ) (56 -1664 145.333023 ) (64 -1664 145.335938 ) (64 -1664 172 ) 
4 70 73 (56 -1663.998047 145.332031 ) (64 -1663.998047 145.332031 ) (64 -1673.653931 167.862625 ) (56 -1673.653931 167.862625 ) 
3 70 71 (56 -1664 145.328125 ) (56 -1673.656250 167.861328 ) (56 -1664 172 ) 
3 71 176 (0 -1650 178 ) (0 -1664 145.333191 ) (0 -1673.655151 167.862045 ) 
4 71 83 (56 -1664 145.335190 ) (0 -1664 145.335190 ) (0 -1650.002075 178 ) (56 -1650.002075 178 ) 
4 71 75 (0 -1663.998047 145.332031 ) (56 -1663.998047 145.332031 ) (56 -1673.653931 167.862625 ) (0 -1673.653931 167.862625 ) 
4 72 115 (64 -1671.428467 128 ) (192 -1671.428467 128 ) (192 -1711.428589 128 ) (64 -1711.428589 128 ) 
4 72 84 (64 -1711.426514 128 ) (320 -1711.426514 128 ) (320 -1684 191.997681 ) (64 -1684 191.997681 ) 
4 72 79 (320 -1664 145.335190 ) (320 -1671.430298 128 ) (64 -1671.430298 128 ) (64 -1664 145.335190 ) 
3 72 74 (64 -1684 192 ) (64 -1678 178 ) (64 -1699 157 ) 
5 72 73 (64 -1678 178 ) (64 -1664 145.335938 ) (64 -1671.429688 128 ) (64 -1711.429321 128 ) (64 -1699 157 ) 
4 73 86 (56 -1711.426514 128 ) (64 -1711.426514 128 ) (64 -1698.996460 157.003616 ) (56 -1698.996460 157.003616 ) 
4 73 82 (64 -1671.430298 128 ) (56 -1671.430298 128 ) (56 -1664 145.335190 ) (64 -1664 145.335190 ) 
5 73 75 (56 -1678 178 ) (56 -1664 145.335938 ) (56 -1671.429688 128 ) (56 -1711.429321 128 ) (56 -1699 157 ) 
4 73 74 (56 -1677.996094 178.003906 ) (56 -1699 157 ) (64 -1699 157 ) (64 -1678 178 ) 
4 74 87 (64 -1698.996460 157.003616 ) (64 -1684 191.997681 ) (56 -1684 191.997681 ) (56 -1698.996460 157.003616 ) 
3 74 75 (56 -1684 192 ) (56 -1678 178 ) (56 -1699 157 ) 
4 75 176 (0 -1671.428467 128 ) (0 -1711.428589 128 ) (0 -1684 192 ) (0 -1664 145.333191 ) 
4 75 88 (0 -1711.426514 128 ) (56 -1711.426514 128 ) (56 -1684 191.997681 ) (0 -1684 191.997681 ) 
4 75 83 (56 -1671.430298 128 ) (0 -1671.430298 128 ) (0 -1664 145.335190 ) (56 -1664 145.335190 ) 
4 76 89 (320 -1644 192 ) (320 -1639.862183 182.344757 ) (64 -1639.862183 182.344788 ) (64 -1644 192 ) 
4 76 79 (320 -1649.998047 178.001953 ) (64 -1649.998047 178.001953 ) (64 -1639.860718 182.346359 ) (320 -1639.860718 182.346359 ) 
3 76 77 (64 -1639.859375 182.345703 ) (64 -1650 178 ) (64 -1644 192 ) 
4 77 92 (64 -1639.862183 182.344788 ) (56 -1639.862183 182.344788 ) (56 -1644 192 ) (64 -1644 192 ) 
4 77 81 (64 -1649.998047 178.001953 ) (56 -1649.998047 178.001953 ) (56 -1639.860718 182.346359 ) (64 -1639.860718 182.346359 ) 
3 77 78 (56 -1639.859375 182.345703 ) (56 -1650 178 ) (56 -1644 192 ) 
3 78 176 (0 -1650 178 ) (0 -1644 192 ) (0 -1639.862061 182.344833 ) 
4 78 93 (56 -1639.862183 182.344788 ) (0 -1639.862183 182.344788 ) (0 -1644 192 ) (56 -1644 192 ) 
4 78 83 (56 -1649.998047 178.001953 ) (0 -1649.998047 178.001953 ) (0 -1639.860718 182.346359 ) (56 -1639.860718 182.346359 ) 
4 79 115 (64 -1616.571411 128 ) (192 -1616.571411 128 ) (192 -1671.428467 128 ) (64 -1671.428467 128 ) 
4 79 89 (320 -1639.862183 182.344757 ) (320 -1616.571533 128 ) (64 -1616.571533 128 ) (64 -1639.862183 182.344788 ) 
3 79 81 (64 -1650 178 ) (64 -1639.862183 182.344803 ) (64 -1629 157 ) 
5 79 80 (64 -1664 145.333359 ) (64 -1650 178 ) (64 -1629 157 ) (64 -1616.571533 128 ) (64 -1664 128 ) 
3 79 82 (64 -1671.428589 128 ) (64 -1664 145.333359 ) (64 -1664 128 ) 
4 80 91 (64 -1616.571533 128 ) (56 -1616.571533 128 ) (56 -1629 157 ) (64 -1629 157 ) 
4 80 82 (56 -1664 145.333023 ) (56 -1664 128 ) (64 -1664 128 ) (64 -1664 145.335938 ) 
5 80 83 (56 -1664 145.333359 ) (56 -1650 178 ) (56 -1629 157 ) (56 -1616.571533 128 ) (56 -1664 128 ) 
4 80 81 (56 -1629.003906 157.003906 ) (56 -1650 178 ) (64 -1650 178 ) (64 -1629 157 ) 
4 81 92 (56 -1629 157 ) (56 -1639.862183 182.344788 ) (64 -1639.862183 182.344788 ) (64 -1629 157 ) 
3 81 83 (56 -1650 178 ) (56 -1639.862183 182.344803 ) (56 -1629 157 ) 
3 82 83 (56 -1671.428589 128 ) (56 -1664 145.333359 ) (56 -1664 128 ) 
4 83 176 (0 -1616.571411 128 ) (0 -1671.428467 128 ) (0 -1650 178 ) (0 -1639.862061 182.344833 ) 
4 83 93 (56 -1616.571533 128 ) (0 -1616.571533 128 ) (0 -1639.862183 182.344788 ) (56 -1639.862183 182.344788 ) 
4 84 115 (64 -1711.428589 128 ) (192 -1711.428589 128 ) (192 -1728 128 ) (64 -1728 128 ) 
4 84 111 (64 -1728 128 ) (192 -1728 128 ) (192 -1728 184.571472 ) (64 -1728 184.571472 ) 
4 84 99 (64 -1728 184.570313 ) (320 -1728 184.570313 ) (320 -1678 205.998611 ) (64 -1678 205.998611 ) 
5 84 87 (64 -1683.994873 192 ) (64 -1698.990845 157.009277 ) (64 -1728 128 ) (64 -1728 184.570313 ) (64 -1710.665039 192 ) 
3 84 86 (64 -1698.990845 157.009277 ) (64 -1711.423462 128 ) (64 -1728 128 ) 
3 84 85 (64 -1677.993774 206.002686 ) (64 -1683.994873 192 ) (64 -1710.665039 192 ) 
4 85 100 (64 -1710.664063 192 ) (64 -1678 205.998611 ) (56 -1678 205.998611 ) (56 -1710.664063 192 ) 
4 85 87 (56 -1710.664063 192 ) (56 -1684 192 ) (64 -1684 192 ) (64 -1710.666626 192 ) 
3 85 88 (56 -1677.993774 206.002686 ) (56 -1683.994873 192 ) (56 -1710.665039 192 ) 
3 86 88 (56 -1698.990845 157.009277 ) (56 -1711.423462 128 ) (56 -1728 128 ) 
4 86 87 (64 -1728 128 ) (64 -1699 157 ) (56 -1699 157 ) (56 -1728 128 ) 
4 87 113 (56 -1728 128 ) (64 -1728 128 ) (64 -1728 184.571472 ) (56 -1728 184.571472 ) 
4 87 102 (56 -1728 184.570313 ) (64 -1728 184.570313 ) (64 -1710.664063 192 ) (56 -1710.664063 192 ) 
5 87 88 (56 -1683.994873 192 ) (56 -1698.990845 157.009277 ) (56 -1728 128 ) (56 -1728 184.570313 ) (56 -1710.665039 192 ) 
4 88 176 (0 -1711.428589 128 ) (0 -1728 128 ) (0 -1728 184.571472 ) (0 -1678 206 ) 
4 88 114 (0 -1728 128 ) (56 -1728 128 ) (56 -1728 184.571472 ) (0 -1728 184.571472 ) 
4 88 103 (0 -1728 184.570313 ) (56 -1728 184.570313 ) (56 -1678 205.998611 ) (0 -1678 205.998611 ) 
4 89 115 (64 -1600 128 ) (192 -1600 128 ) (192 -1616.571411 128 ) (64 -1616.571411 128 ) 
4 89 94 (320 -1650 206 ) (320 -1600 184.571426 ) (64 -1600 184.571426 ) (64 -1650 206 ) 
5 89 92 (64 -1628.997192 156.997101 ) (64 -1643.998169 192 ) (64 -1617.331421 192 ) (64 -1600 184.572266 ) (64 -1600 128 ) 
3 89 91 (64 -1616.570068 128 ) (64 -1628.997192 156.997101 ) (64 -1600 128 ) 
3 89 90 (64 -1643.998169 192 ) (64 -1649.998047 206 ) (64 -1617.331421 192 ) 
4 90 95 (56 -1617.333374 192 ) (56 -1650 206 ) (64 -1650 206 ) (64 -1617.333374 192 ) 
4 90 92 (56 -1644 192 ) (56 -1617.333252 192 ) (64 -1617.335938 192 ) (64 -1644 192 ) 
3 90 93 (56 -1643.998169 192 ) (56 -1649.998047 206 ) (56 -1617.331421 192 ) 
3 91 93 (56 -1616.570068 128 ) (56 -1628.997192 156.997101 ) (56 -1600 128 ) 
4 91 92 (56 -1600 128 ) (56 -1629 157 ) (64 -1629 157 ) (64 -1600 128 ) 
4 92 97 (64 -1600 184.571426 ) (56 -1600 184.571426 ) (56 -1617.333374 192 ) (64 -1617.333374 192 ) 
5 92 93 (56 -1628.997192 156.997101 ) (56 -1643.998169 192 ) (56 -1617.331421 192 ) (56 -1600 184.572266 ) (56 -1600 128 ) 
4 93 176 (0 -1600 128 ) (0 -1616.571411 128 ) (0 -1650 206 ) (0 -1600 184.571442 ) 
4 93 98 (56 -1600 184.571426 ) (0 -1600 184.571426 ) (0 -1650 206 ) (56 -1650 206 ) 
4 94 104 (320 -1663.998657 212 ) (320 -1600 239.427460 ) (64 -1600 239.427460 ) (64 -1663.998657 212 ) 
3 94 96 (64 -1650.001343 205.998810 ) (64 -1664 211.998047 ) (64 -1629.003662 226.996475 ) 
5 94 95 (64 -1617.336426 192 ) (64 -1650.001343 205.998810 ) (64 -1629.003662 226.996475 ) (64 -1600 239.426620 ) (64 -1600 192 ) 
3 94 97 (64 -1600 184.570313 ) (64 -1617.336426 192 ) (64 -1600 192 ) 
4 95 106 (64 -1600 239.427460 ) (56 -1600 239.427460 ) (56 -1629.002197 226.997910 ) (64 -1629.002197 226.997910 ) 
4 95 97 (56 -1617.335938 192 ) (56 -1600 192 ) (64 -1600 192 ) (64 -1617.335938 192 ) 
5 95 98 (56 -1617.336426 192 ) (56 -1650.001343 205.998810 ) (56 -1629.003662 226.996475 ) (56 -1600 239.426620 ) (56 -1600 192 ) 
4 95 96 (56 -1629 227 ) (56 -1650 206 ) (64 -1650 206 ) (64 -1629 227 ) 
4 96 107 (56 -1629.002197 226.997910 ) (56 -1663.998657 212 ) (64 -1663.998657 212 ) (64 -1629.002197 226.997910 ) 
3 96 98 (56 -1650.001343 205.998810 ) (56 -1664 211.998047 ) (56 -1629.003662 226.996475 ) 
3 97 98 (56 -1600 184.570313 ) (56 -1617.336426 192 ) (56 -1600 192 ) 
3 98 176 (0 -1664 212 ) (0 -1600 239.428574 ) (0 -1600 184.571442 ) 
4 98 110 (56 -1600 239.427460 ) (0 -1600 239.427460 ) (0 -1663.998657 212 ) (56 -1663.998657 212 ) 
4 99 111 (192 -1728 239.428558 ) (64 -1728 239.428558 ) (64 -1728 184.571472 ) (192 -1728 184.571472 ) 
4 99 104 (320 -1664 212 ) (64 -1664 212 ) (64 -1728 239.427734 ) (320 -1728 239.427734 ) 
3 99 101 (64 -1698.998047 226.997940 ) (64 -1664.003906 212 ) (64 -1678.001221 206.001144 ) 
5 99 100 (64 -1728 239.427734 ) (64 -1698.998047 226.997940 ) (64 -1678.001221 206.001144 ) (64 -1710.670532 192 ) (64 -1728 192 ) 
3 99 102 (64 -1710.670532 192 ) (64 -1728 184.573105 ) (64 -1728 192 ) 
4 100 113 (64 -1728 239.428558 ) (56 -1728 239.428558 ) (56 -1728 192 ) (64 -1728 192 ) 
4 100 108 (56 -1699 227 ) (56 -1728 239.427734 ) (64 -1728 239.427734 ) (64 -1699 227 ) 
4 100 102 (56 -1728 192 ) (56 -1710.667969 192 ) (64 -1710.666748 192 ) (64 -1728 192 ) 
5 100 103 (56 -1728 239.427734 ) (56 -1698.998047 226.997940 ) (56 -1678.001221 206.001144 ) (56 -1710.670532 192 ) (56 -1728 192 ) 
4 100 101 (64 -1699 227 ) (64 -1678 206 ) (56 -1678 206 ) (56 -1699 227 ) 
4 101 109 (64 -1664 212 ) (56 -1664 212 ) (56 -1699 227 ) (64 -1699 227 ) 
3 101 103 (56 -1698.998047 226.997940 ) (56 -1664.003906 212 ) (56 -1678.001221 206.001144 ) 
4 102 113 (56 -1728 192 ) (56 -1728 184.571472 ) (64 -1728 184.571472 ) (64 -1728 192 ) 
3 102 103 (56 -1710.670532 192 ) (56 -1728 184.573105 ) (56 -1728 192 ) 
3 103 176 (0 -1728 184.571472 ) (0 -1728 239.428543 ) (0 -1664 212 ) 
4 103 114 (56 -1728 239.428558 ) (0 -1728 239.428558 ) (0 -1728 184.571472 ) (56 -1728 184.571472 ) 
4 103 110 (56 -1664 212 ) (0 -1664 212 ) (0 -1728 239.427734 ) (56 -1728 239.427734 ) 
4 104 111 (192 -1728 384 ) (64 -1728 384 ) (64 -1728 239.428558 ) (192 -1728 239.428558 ) 
4 104 109 (64 -1664 211.998047 ) (64 -1698.996704 226.996658 ) (64 -1728 256 ) (64 -1664 256 ) 
3 104 108 (64 -1698.996704 226.996658 ) (64 -1728 239.426620 ) (64 -1728 256 ) 
4 104 107 (64 -1600 256 ) (64 -1629.004517 226.995651 ) (64 -1664 211.998047 ) (64 -1664 256 ) 
3 104 106 (64 -1600 256 ) (64 -1600 239.425781 ) (64 -1629.004517 226.995651 ) 
4 104 105 (64 -1600 384 ) (64 -1600 256 ) (64 -1728 256 ) (64 -1728 384 ) 
4 105 112 (64 -1728 384 ) (56 -1728 384 ) (56 -1728 256 ) (64 -1728 256 ) 
4 105 109 (56 -1728 256 ) (56 -1664 256 ) (64 -1664 256 ) (64 -1728 256 ) 
4 105 107 (56 -1664 256 ) (56 -1600 256 ) (64 -1600 256 ) (64 -1664 256 ) 
4 105 110 (56 -1600 384 ) (56 -1600 256 ) (56 -1728 256 ) (56 -1728 384 ) 
3 106 110 (56 -1600 256 ) (56 -1600 239.425781 ) (56 -1629.004517 226.995651 ) 
4 106 107 (64 -1629 227 ) (64 -1600 256 ) (56 -1600 256 ) (56 -1629 227 ) 
4 107 109 (64 -1664 212 ) (64 -1664 256 ) (56 -1664 256 ) (56 -1664 212 ) 
4 107 110 (56 -1600 256 ) (56 -1629.004517 226.995651 ) (56 -1664 211.998047 ) (56 -1664 256 ) 
4 108 113 (56 -1728 256 ) (56 -1728 239.428558 ) (64 -1728 239.428558 ) (64 -1728 256 ) 
3 108 110 (56 -1698.996704 226.996658 ) (56 -1728 239.426620 ) (56 -1728 256 ) 
4 108 109 (56 -1699 227 ) (56 -1728 256 ) (64 -1728 256 ) (64 -1699 227 ) 
4 109 110 (56 -1664 211.998047 ) (56 -1698.996704 226.996658 ) (56 -1728 256 ) (56 -1664 256 ) 
5 110 176 (0 -1728 239.428543 ) (0 -1728 384 ) (0 -1600 384 ) (0 -1600 239.428574 ) (0 -1664 212 ) 
4 110 114 (56 -1728 384 ) (0 -1728 384 ) (0 -1728 239.428558 ) (56 -1728 239.428558 ) 
4 111 161 (64 -2048 256 ) (64 -2048 128 ) (192 -2048 128 ) (192 -2048 256 ) 
4 111 123 (192 -2048 384 ) (64 -2048 384 ) (64 -2048 256 ) (192 -2048 256 ) 
4 111 115 (64 -1728 128 ) (192 -1728 128 ) (192 -2048 128 ) (64 -2048 128 ) 
4 111 113 (64 -1728 256 ) (64 -1728 128 ) (64 -2048 128 ) (64 -2048 256 ) 
4 111 112 (64 -1728 384 ) (64 -1728 256 ) (64 -2048 256 ) (64 -2048 384 ) 
4 112 125 (64 -2048 384 ) (56 -2048 384 ) (56 -2048 256 ) (64 -2048 256 ) 
4 112 114 (56 -1728 384 ) (56 -1728 256 ) (56 -2048 256 ) (56 -2048 384 ) 
4 112 113 (56 -2048 256 ) (56 -1728 256 ) (64 -1728 256 ) (64 -2048 256 ) 
4 113 162 (56 -2048 256 ) (56 -2048 128 ) (64 -2048 128 ) (64 -2048 256 ) 
4 113 114 (56 -1728 256 ) (56 -1728 128 ) (56 -2048 128 ) (56 -2048 256 ) 
4 114 176 (0 -1728 128 ) (0 -2048 128 ) (0 -2048 384 ) (0 -1728 384 ) 
4 114 163 (0 -2048 256 ) (0 -2048 128 ) (56 -2048 128 ) (56 -2048 256 ) 
4 114 138 (32 -2048 384 ) (0 -2048 384 ) (0 -2048 256 ) (32 -2048 256 ) 
4 114 126 (56 -2048 384 ) (32 -2048 384 ) (32 -2048 256 ) (56 -2048 256 ) 
4 114 116 (0 -2048 128 ) (0 -1824 128 ) (32 -1824 128 ) (32 -2048 128 ) 
4 115 161 (192 -2048 128 ) (64 -2048 128 ) (64 -2048 112 ) (192 -2048 112 ) 
4 115 117 (192 -2048 112 ) (64 -2048 112 ) (64 -1152 112 ) (192 -1152 112 ) 
4 116 178 (0 -1824 112 ) (0 -2048 112 ) (0 -2048 128 ) (0 -1824 128 ) 
4 116 164 (32 -2048 128 ) (0 -2048 128 ) (0 -2048 112 ) (32 -2048 112 ) 
4 116 118 (32 -2048 112 ) (0 -2048 112 ) (0 -1824 112 ) (32 -1824 112 ) 
4 117 166 (192 -2048 32 ) (192 -2048 112 ) (64 -2048 112 ) (64 -2048 32 ) 
4 118 181 (0 -1824 96 ) (0 -2048 96 ) (0 -2048 112 ) (0 -1824 112 ) 
4 118 167 (32 -2048 96 ) (32 -2048 112 ) (0 -2048 112 ) (0 -2048 96 ) 
4 118 120 (28 -2048 96 ) (0 -2048 96 ) (0 -1824 96 ) (28 -1824 96 ) 
4 118 119 (32 -1824 96 ) (32 -2048 96 ) (28 -2048 96 ) (28 -1824 96 ) 
4 119 168 (32 -2048 32 ) (32 -2048 96 ) (28 -2048 96 ) (28 -2048 32 ) 
4 119 121 (28 -1792 64 ) (28 -1792 60 ) (28 -1828 60 ) (28 -1828 64 ) 
4 119 120 (28 -1792 96 ) (28 -1792 64 ) (28 -2048 64 ) (28 -2048 96 ) 
4 119 122 (28 -1792 60 ) (28 -1792 32 ) (28 -2048 32 ) (28 -2048 60 ) 
4 120 182 (0 -2048 64 ) (0 -2048 96 ) (0 -1792 96 ) (0 -1792 64 ) 
4 120 169 (28 -2048 96 ) (0 -2048 96 ) (0 -2048 64 ) (28 -2048 64 ) 
4 120 121 (0 -1828 64 ) (0 -1792 64 ) (28 -1792 64 ) (28 -1828 64 ) 
4 121 183 (0 -1828 64 ) (0 -1792 64 ) (0 -1792 60 ) (0 -1828 60 ) 
4 121 122 (0 -1792 60 ) (28 -1792 60 ) (28 -1828 60 ) (0 -1828 60 ) 
4 122 185 (0 -1792 32 ) (0 -2048 32 ) (0 -2048 60 ) (0 -1792 60 ) 
4 122 170 (0 -2048 60 ) (0 -2048 32 ) (28 -2048 32 ) (28 -2048 60 ) 
4 123 161 (64 -2048 256 ) (192 -2048 256 ) (192 -2176 256 ) (64 -2176 256 ) 
4 123 125 (64 -2048 256 ) (64 -2176 256 ) (64 -2176 384 ) (64 -2048 384 ) 
4 123 124 (64 -2176 384 ) (64 -2176 640 ) (64 -2048 640 ) (64 -2048 384 ) 
4 124 126 (56 -2176 384 ) (56 -2176 640 ) (56 -2048 640 ) (56 -2048 384 ) 
4 124 125 (56 -2176 384 ) (56 -2048 384 ) (64 -2048 384 ) (64 -2176 384 ) 
4 125 162 (56 -2048 256 ) (64 -2048 256 ) (64 -2080 256 ) (56 -2080 256 ) 
4 125 126 (56 -2048 256 ) (56 -2176 256 ) (56 -2176 384 ) (56 -2048 384 ) 
4 126 163 (32 -2048 256 ) (56 -2048 256 ) (56 -2080 256 ) (32 -2080 256 ) 
4 126 138 (32 -2048 256 ) (32 -2176 256 ) (32 -2176 640 ) (32 -2048 640 ) 
3 127 143 (32 -2496 736.598022 ) (32 -2496 744.598022 ) (32 -2488 744.598022 ) 
4 127 142 (32 -2240 744.598022 ) (32 -2224 744.598022 ) (32 -2224 736.598022 ) (32 -2240 736.598022 ) 
4 127 141 (32 -2224 744.598022 ) (32 -2208 744.598022 ) (32 -2208 736.598022 ) (32 -2224 736.598022 ) 
4 127 140 (32 -2496 744.598022 ) (32 -2496 768 ) (32 -2208 768 ) (32 -2208 744.598022 ) 
3 127 130 (40 -2488 736.598022 ) (40 -2496 736.598022 ) (32 -2496 736.598022 ) 
4 127 129 (32 -2208 736.598022 ) (40 -2208 736.598022 ) (40 -2240 736.598022 ) (32 -2240 736.598022 ) 
4 127 128 (40 -2208 736.598022 ) (64 -2208 736.598022 ) (64 -2496 736.598022 ) (40 -2496 736.598022 ) 
4 128 131 (40 -2208 608.598022 ) (64 -2208 608.598022 ) (64 -2496 608.598022 ) (40 -2496 608.598022 ) 
4 128 130 (40 -2488 608.598022 ) (40 -2496 608.598022 ) (40 -2496 736.598022 ) (40 -2488 736.598022 ) 
4 128 129 (40 -2208 608.598022 ) (40 -2240 608.598022 ) (40 -2240 736.598022 ) (40 -2208 736.598022 ) 
4 129 141 (32 -2224 736.598022 ) (32 -2208 736.598022 ) (32 -2208 608.598022 ) (32 -2224 608.598022 ) 
4 129 131 (32 -2208 608.598022 ) (40 -2208 608.598022 ) (40 -2240 608.598022 ) (32 -2240 608.598022 ) 
3 130 131 (40 -2488 608.598022 ) (40 -2496 608.598022 ) (32 -2496 608.598022 ) 
4 131 151 (32 -2496 576 ) (32 -2496 600.598022 ) (32 -2208 600.598022 ) (32 -2208 576 ) 
3 131 150 (32 -2496 600.598022 ) (32 -2496 608.598022 ) (32 -2488 600.598022 ) 
4 131 149 (32 -2240 608.598022 ) (32 -2208 608.598022 ) (32 -2208 600.598022 ) (32 -2240 600.598022 ) 
4 132 154 (32 -2528 608.598022 ) (32 -2528 512 ) (32 -2888 512 ) (32 -2888 608.598022 ) 
4 132 147 (32 -2562 992 ) (32 -2558 992 ) (32 -2558 736.598022 ) (32 -2562 736.598022 ) 
4 132 146 (32 -2558 992 ) (32 -2528 992 ) (32 -2528 608.598022 ) (32 -2558 608.598022 ) 
4 132 148 (32 -2888 992 ) (32 -2562 992 ) (32 -2562 608.598022 ) (32 -2888 608.598022 ) 
4 132 135 (32 -2888 512 ) (32 -2528 512 ) (352 -2528 512 ) (352 -2888 512 ) 
4 132 133 (352 -2888 520 ) (352 -2888 992 ) (32 -2888 992 ) (32 -2888 520 ) 
4 133 155 (32 -2888 608.598022 ) (32 -2888 520 ) (32 -2984 520 ) (32 -2984 608.598022 ) 
4 133 148 (32 -2984 992 ) (32 -2888 992 ) (32 -2888 608.598022 ) (32 -2984 608.598022 ) 
4 133 134 (352 -2984 520 ) (352 -2984 992 ) (32 -2984 992 ) (32 -2984 520 ) 
4 134 269 (32 -3072 992 ) (32 -3072 512 ) (352 -3072 512 ) (352 -3072 992 ) 
4 134 156 (32 -3072 512 ) (32 -3072 608.598022 ) (32 -2984 608.598022 ) (32 -2984 512 ) 
4 134 148 (32 -3072 608.598022 ) (32 -3072 992 ) (32 -2984 992 ) (32 -2984 608.598022 ) 
4 134 137 (32 -3072 512 ) (32 -2984 512 ) (352 -2984 512 ) (352 -3072 512 ) 
4 135 158 (32 -2528 256 ) (32 -2928 256 ) (32 -2928 512 ) (32 -2528 512 ) 
4 135 136 (352 -2928 256 ) (352 -2928 512 ) (32 -2928 512 ) (32 -2928 256 ) 
4 136 159 (32 -2928 256 ) (32 -2944 256 ) (32 -2944 512 ) (32 -2928 512 ) 
4 136 137 (352 -2944 256 ) (352 -2944 512 ) (32 -2944 512 ) (32 -2944 256 ) 
4 137 269 (32 -3072 512 ) (32 -3072 256 ) (352 -3072 256 ) (352 -3072 512 ) 
4 137 165 (352 -3072 256 ) (32 -3072 256 ) (32 -3040 256 ) (352 -3040 256 ) 
4 137 160 (32 -2944 256 ) (32 -3072 256 ) (32 -3072 512 ) (32 -2944 512 ) 
4 138 188 (0 -2048 640 ) (0 -2048 256 ) (0 -2176 256 ) (0 -2176 640 ) 
4 138 163 (0 -2080 256 ) (0 -2048 256 ) (32 -2048 256 ) (32 -2080 256 ) 
4 138 139 (0 -2176 256 ) (32 -2176 256 ) (32 -2176 384 ) (0 -2176 384 ) 
4 139 189 (0 -2176 384 ) (0 -2176 256 ) (0 -2208 256 ) (0 -2208 384 ) 
4 139 152 (0 -2208 384 ) (0 -2208 256 ) (32 -2208 256 ) (32 -2208 384 ) 
4 140 190 (0 -2208 768 ) (0 -2208 744.598022 ) (0 -2496 744.598022 ) (0 -2496 768 ) 
4 140 143 (0 -2496 744.598022 ) (0 -2488 744.598022 ) (32 -2488 744.598022 ) (32 -2496 744.598022 ) 
4 140 142 (0 -2240 744.598022 ) (0 -2224 744.598022 ) (32 -2224 744.598022 ) (32 -2240 744.598022 ) 
4 140 141 (0 -2224 744.598022 ) (0 -2208 744.598022 ) (32 -2208 744.598022 ) (32 -2224 744.598022 ) 
4 141 191 (0 -2208 744.598022 ) (0 -2208 608.598022 ) (0 -2224 608.598022 ) (0 -2224 744.598022 ) 
4 141 149 (0 -2208 608.598022 ) (32 -2208 608.598022 ) (32 -2224 608.598022 ) (0 -2224 608.598022 ) 
4 141 142 (32 -2224 736.598022 ) (32 -2224 744.598022 ) (0 -2224 744.598022 ) (0 -2224 736.598022 ) 
4 142 192 (0 -2240 736.598022 ) (0 -2240 744.598022 ) (0 -2224 744.598022 ) (0 -2224 736.598022 ) 
3 143 193 (0 -2496 744.598022 ) (0 -2488 744.598022 ) (0 -2496 736.598022 ) 
4 144 194 (0 -2496 736.598022 ) (0 -2240 736.598022 ) (0 -2240 736 ) (0 -2496 736 ) 
4 144 145 (0 -2496 736 ) (0 -2240 736 ) (32 -2240 736 ) (32 -2496 736 ) 
4 145 195 (0 -2240 608.598022 ) (0 -2528 608.598022 ) (0 -2528 736 ) (0 -2240 736 ) 
4 145 153 (32 -2496 608.598022 ) (32 -2528 608.598022 ) (0 -2528 608.598022 ) (0 -2496 608.598022 ) 
4 145 146 (0 -2528 736 ) (0 -2528 608.598022 ) (32 -2528 608.598022 ) (32 -2528 736 ) 
4 146 196 (0 -2558 992 ) (0 -2528 992 ) (0 -2528 608.598022 ) (0 -2558 608.598022 ) 
4 146 154 (32 -2528 608.598022 ) (32 -2558 608.598022 ) (0 -2558 608.598022 ) (0 -2528 608.598022 ) 
4 146 147 (32 -2558 736.598022 ) (32 -2558 992 ) (0 -2558 992 ) (0 -2558 736.598022 ) 
4 147 197 (0 -2562 992 ) (0 -2558 992 ) (0 -2558 736.598022 ) (0 -2562 736.598022 ) 
4 147 148 (32 -2562 736.598022 ) (32 -2562 992 ) (0 -2562 992 ) (0 -2562 736.598022 ) 
4 148 282 (0 -3072 712.598022 ) (0 -3072 608.598022 ) (32 -3072 608.598022 ) (32 -3072 712.598022 ) 
4 148 279 (0 -3072 992 ) (0 -3072 712.598022 ) (32 -3072 712.598022 ) (32 -3072 992 ) 
4 148 198 (0 -3072 608.598022 ) (0 -3072 992 ) (0 -2562 992 ) (0 -2562 608.598022 ) 
4 148 155 (32 -2888 608.598022 ) (32 -2984 608.598022 ) (0 -2984 608.598022 ) (0 -2888 608.598022 ) 
4 148 156 (32 -2984 608.598022 ) (32 -3072 608.598022 ) (0 -3072 608.598022 ) (0 -2984 608.598022 ) 
4 148 154 (32 -2562 608.598022 ) (32 -2888 608.598022 ) (0 -2888 608.598022 ) (0 -2562 608.598022 ) 
4 149 199 (0 -2240 608.598022 ) (0 -2208 608.598022 ) (0 -2208 600.598022 ) (0 -2240 600.598022 ) 
4 149 151 (0 -2240 600.598022 ) (0 -2208 600.598022 ) (32 -2208 600.598022 ) (32 -2240 600.598022 ) 
3 150 200 (0 -2496 608.598022 ) (0 -2488 600.598022 ) (0 -2496 600.598022 ) 
4 150 153 (32 -2496 608 ) (32 -2496 608.598022 ) (0 -2496 608.598022 ) (0 -2496 608 ) 
4 150 151 (32 -2496 600.598022 ) (0 -2496 600.598022 ) (0 -2488 600.598022 ) (32 -2488 600.598022 ) 
4 151 201 (0 -2208 600.598022 ) (0 -2208 576 ) (0 -2496 576 ) (0 -2496 600.598022 ) 
4 152 202 (0 -2208 448 ) (0 -2208 256 ) (0 -2496 256 ) (0 -2496 448 ) 
4 152 157 (0 -2496 256 ) (32 -2496 256 ) (32 -2496 384 ) (0 -2496 384 ) 
4 153 203 (0 -2528 608.598022 ) (0 -2496 608.598022 ) (0 -2496 608 ) (0 -2528 608 ) 
4 153 154 (32 -2528 608 ) (32 -2528 608.598022 ) (0 -2528 608.598022 ) (0 -2528 608 ) 
4 154 204 (0 -2888 608.598022 ) (0 -2528 608.598022 ) (0 -2528 512 ) (0 -2888 512 ) 
4 154 158 (32 -2528 512 ) (32 -2888 512 ) (0 -2888 512 ) (0 -2528 512 ) 
4 154 155 (32 -2888 520 ) (32 -2888 608.598022 ) (0 -2888 608.598022 ) (0 -2888 520 ) 
4 155 205 (0 -2984 608.598022 ) (0 -2888 608.598022 ) (0 -2888 520 ) (0 -2984 520 ) 
4 155 156 (32 -2984 520 ) (32 -2984 608.598022 ) (0 -2984 608.598022 ) (0 -2984 520 ) 
4 156 297 (0 -3072 544 ) (0 -3072 512 ) (32 -3072 512 ) (32 -3072 544 ) 
4 156 294 (0 -3072 552 ) (0 -3072 544 ) (32 -3072 544 ) (32 -3072 552 ) 
4 156 290 (0 -3072 576.598022 ) (0 -3072 552 ) (32 -3072 552 ) (32 -3072 576.598022 ) 
4 156 282 (0 -3072 608.598022 ) (0 -3072 576.598022 ) (32 -3072 576.598022 ) (32 -3072 608.598022 ) 
4 156 206 (0 -3072 512 ) (0 -3072 608.598022 ) (0 -2984 608.598022 ) (0 -2984 512 ) 
4 156 160 (32 -2984 512 ) (32 -3072 512 ) (0 -3072 512 ) (0 -2984 512 ) 
4 157 207 (0 -2496 384 ) (0 -2496 256 ) (0 -2528 256 ) (0 -2528 384 ) 
4 157 158 (0 -2528 256 ) (32 -2528 256 ) (32 -2528 384 ) (0 -2528 384 ) 
4 158 208 (0 -2928 512 ) (0 -2528 512 ) (0 -2528 256 ) (0 -2928 256 ) 
4 158 159 (0 -2928 256 ) (32 -2928 256 ) (32 -2928 512 ) (0 -2928 512 ) 
4 159 209 (0 -2944 512 ) (0 -2928 512 ) (0 -2928 256 ) (0 -2944 256 ) 
4 159 160 (0 -2944 256 ) (32 -2944 256 ) (32 -2944 512 ) (0 -2944 512 ) 
4 160 300 (0 -3072 416 ) (0 -3072 256 ) (32 -3072 256 ) (32 -3072 416 ) 
4 160 297 (0 -3072 512 ) (0 -3072 416 ) (32 -3072 416 ) (32 -3072 512 ) 
4 160 210 (0 -3072 256 ) (0 -3072 512 ) (0 -2944 512 ) (0 -2944 256 ) 
4 160 165 (0 -3072 256 ) (0 -3040 256 ) (32 -3040 256 ) (32 -3072 256 ) 
4 161 166 (64 -2048 112 ) (192 -2048 112 ) (192 -2176 112 ) (64 -2176 112 ) 
4 161 162 (64 -2080 128 ) (64 -2080 256 ) (64 -2048 256 ) (64 -2048 128 ) 
4 162 163 (56 -2048 128 ) (56 -2080 128 ) (56 -2080 256 ) (56 -2048 256 ) 
4 163 223 (0 -2080 256 ) (0 -2048 256 ) (0 -2048 128 ) (0 -2080 128 ) 
4 163 164 (32 -2080 128 ) (0 -2080 128 ) (0 -2048 128 ) (32 -2048 128 ) 
4 164 223 (0 -2048 128 ) (0 -2048 112 ) (0 -2080 112 ) (0 -2080 128 ) 
4 164 167 (0 -2080 112 ) (0 -2048 112 ) (32 -2048 112 ) (32 -2080 112 ) 
4 165 300 (32 -3072 256 ) (0 -3072 256 ) (0 -3072 112 ) (32 -3072 112 ) 
4 165 269 (352 -3072 256 ) (32 -3072 256 ) (32 -3072 112 ) (352 -3072 112 ) 
4 165 224 (0 -3072 112 ) (0 -3072 256 ) (0 -3040 256 ) (0 -3040 112 ) 
4 165 172 (352 -3072 112 ) (0 -3072 112 ) (0 -3040 112 ) (352 -3040 112 ) 
4 167 229 (0 -2080 112 ) (0 -2048 112 ) (0 -2048 96 ) (0 -2080 96 ) 
4 167 169 (0 -2048 96 ) (28 -2048 96 ) (28 -2076 96 ) (0 -2076 96 ) 
4 167 168 (28 -2048 96 ) (32 -2048 96 ) (32 -2076 96 ) (28 -2076 96 ) 
4 167 171 (32 -2076 96 ) (32 -2080 96 ) (0 -2080 96 ) (0 -2076 96 ) 
4 168 169 (28 -2076 64 ) (28 -2076 96 ) (28 -2048 96 ) (28 -2048 64 ) 
4 168 170 (28 -2048 32 ) (28 -2076 32 ) (28 -2076 60 ) (28 -2048 60 ) 
4 168 171 (28 -2076 32 ) (32 -2076 32 ) (32 -2076 96 ) (28 -2076 96 ) 
4 169 230 (0 -2076 96 ) (0 -2048 96 ) (0 -2048 64 ) (0 -2076 64 ) 
4 169 171 (28 -2076 64 ) (28 -2076 96 ) (0 -2076 96 ) (0 -2076 64 ) 
4 170 231 (0 -2048 60 ) (0 -2048 32 ) (0 -2076 32 ) (0 -2076 60 ) 
4 170 171 (0 -2076 32 ) (28 -2076 32 ) (28 -2076 60 ) (0 -2076 60 ) 
4 171 233 (0 -2112 96 ) (0 -2076 96 ) (0 -2076 32 ) (0 -2112 32 ) 
4 172 300 (32 -3072 112 ) (0 -3072 112 ) (0 -3072 -32 ) (32 -3072 -32 ) 
4 172 269 (352 -3072 112 ) (32 -3072 112 ) (32 -3072 -32 ) (352 -3072 -32 ) 
4 172 235 (0 -3072 -32 ) (0 -3072 112 ) (0 -3040 112 ) (0 -3040 -32 ) 
4 173 211 (-96 -2048 640 ) (-256 -2048 640 ) (-256 -2048 384 ) (-96 -2048 384 ) 
4 173 188 (0 -2048 384 ) (0 -2048 640 ) (-96 -2048 640 ) (-96 -2048 384 ) 
4 173 176 (-256 -2048 384 ) (-256 -1152 384 ) (0 -1152 384 ) (0 -2048 384 ) 
4 174 177 (-256 -1024 128 ) (-256 -1120 128 ) (-256 -1120 384 ) (-256 -1024 384 ) 
4 174 175 (-96 -1120 256 ) (-96 -1120 128 ) (0 -1120 128 ) (0 -1120 256 ) 
4 175 176 (-96 -1152 256 ) (-96 -1152 128 ) (0 -1152 128 ) (0 -1152 256 ) 
4 176 227 (-128 -2048 256 ) (-256 -2048 256 ) (-256 -2048 128 ) (-128 -2048 128 ) 
4 176 225 (-96 -2048 256 ) (-128 -2048 256 ) (-128 -2048 128 ) (-96 -2048 128 ) 
4 176 223 (0 -2048 128 ) (0 -2048 256 ) (-96 -2048 256 ) (-96 -2048 128 ) 
4 176 211 (-96 -2048 384 ) (-256 -2048 384 ) (-256 -2048 256 ) (-96 -2048 256 ) 
4 176 188 (0 -2048 256 ) (0 -2048 384 ) (-96 -2048 384 ) (-96 -2048 256 ) 
4 176 179 (-256 -1600 128 ) (-256 -1152 128 ) (-128 -1152 128 ) (-128 -1600 128 ) 
4 176 180 (-128 -2048 128 ) (-256 -2048 128 ) (-256 -1728 128 ) (-128 -1728 128 ) 
4 176 178 (0 -1824 128 ) (0 -2048 128 ) (-96 -2048 128 ) (-96 -1824 128 ) 
4 178 223 (0 -2048 112 ) (0 -2048 128 ) (-96 -2048 128 ) (-96 -2048 112 ) 
4 178 181 (0 -2048 112 ) (-96 -2048 112 ) (-96 -1824 112 ) (0 -1824 112 ) 
4 179 186 (-256 -1600 112 ) (-256 -1152 112 ) (-128 -1152 112 ) (-128 -1600 112 ) 
4 180 227 (-128 -2048 128 ) (-256 -2048 128 ) (-256 -2048 112 ) (-128 -2048 112 ) 
4 180 187 (-128 -2048 112 ) (-256 -2048 112 ) (-256 -1728 112 ) (-128 -1728 112 ) 
4 181 229 (0 -2048 96 ) (0 -2048 112 ) (-96 -2048 112 ) (-96 -2048 96 ) 
4 181 182 (-92 -1824 96 ) (0 -1824 96 ) (0 -2048 96 ) (-92 -2048 96 ) 
4 181 184 (-96 -2048 96 ) (-96 -1824 96 ) (-92 -1824 96 ) (-92 -2048 96 ) 
4 182 230 (0 -2048 64 ) (0 -2048 96 ) (-92 -2048 96 ) (-92 -2048 64 ) 
4 182 183 (-92 -1828 64 ) (-92 -1792 64 ) (0 -1792 64 ) (0 -1828 64 ) 
4 182 184 (-92 -1792 96 ) (-92 -1792 64 ) (-92 -2048 64 ) (-92 -2048 96 ) 
4 183 185 (-92 -1792 60 ) (0 -1792 60 ) (0 -1828 60 ) (-92 -1828 60 ) 
4 183 184 (-92 -1792 64 ) (-92 -1792 60 ) (-92 -1828 60 ) (-92 -1828 64 ) 
4 184 232 (-92 -2048 96 ) (-96 -2048 96 ) (-96 -2048 60 ) (-92 -2048 60 ) 
4 184 185 (-96 -2048 60 ) (-96 -1792 60 ) (-92 -1792 60 ) (-92 -2048 60 ) 
4 185 231 (0 -2048 32 ) (0 -2048 60 ) (-92 -2048 60 ) (-92 -2048 32 ) 
4 185 232 (-92 -2048 60 ) (-96 -2048 60 ) (-96 -2048 32 ) (-92 -2048 32 ) 
4 187 234 (-128 -2048 32 ) (-128 -2048 112 ) (-256 -2048 112 ) (-256 -2048 32 ) 
4 188 223 (-96 -2080 256 ) (-96 -2048 256 ) (0 -2048 256 ) (0 -2080 256 ) 
4 188 211 (-96 -2048 256 ) (-96 -2176 256 ) (-96 -2176 640 ) (-96 -2048 640 ) 
4 188 189 (-96 -2176 384 ) (-96 -2176 256 ) (0 -2176 256 ) (0 -2176 384 ) 
4 189 202 (-96 -2208 384 ) (-96 -2208 256 ) (0 -2208 256 ) (0 -2208 384 ) 
4 190 212 (-96 -2208 768 ) (-96 -2208 744.598022 ) (-96 -2496 744.598022 ) (-96 -2496 768 ) 
4 190 193 (-96 -2496 744.598022 ) (-96 -2488 744.598022 ) (0 -2488 744.598022 ) (0 -2496 744.598022 ) 
4 190 192 (-96 -2240 744.598022 ) (-96 -2224 744.598022 ) (0 -2224 744.598022 ) (0 -2240 744.598022 ) 
4 190 191 (-96 -2224 744.598022 ) (-96 -2208 744.598022 ) (0 -2208 744.598022 ) (0 -2224 744.598022 ) 
4 191 213 (-96 -2208 736.598022 ) (-96 -2208 608.598022 ) (-96 -2224 608.598022 ) (-96 -2224 736.598022 ) 
4 191 212 (-96 -2208 744.598022 ) (-96 -2208 736.598022 ) (-96 -2224 736.598022 ) (-96 -2224 744.598022 ) 
4 191 199 (-96 -2224 608.598022 ) (-96 -2208 608.598022 ) (0 -2208 608.598022 ) (0 -2224 608.598022 ) 
4 191 192 (0 -2224 736.598022 ) (0 -2224 744.598022 ) (-96 -2224 744.598022 ) (-96 -2224 736.598022 ) 
4 192 212 (-96 -2240 736.598022 ) (-96 -2240 744.598022 ) (-96 -2224 744.598022 ) (-96 -2224 736.598022 ) 
3 193 212 (-96 -2496 744.598022 ) (-96 -2488 744.598022 ) (-96 -2496 736.598022 ) 
4 194 195 (-96 -2496 736 ) (-96 -2240 736 ) (0 -2240 736 ) (0 -2496 736 ) 
4 195 203 (-96 -2528 608.598022 ) (-96 -2496 608.598022 ) (0 -2496 608.598022 ) (0 -2528 608.598022 ) 
4 195 196 (-96 -2528 736 ) (-96 -2528 608.598022 ) (0 -2528 608.598022 ) (0 -2528 736 ) 
4 196 217 (-96 -2558 992 ) (-96 -2528 992 ) (-96 -2528 608.598022 ) (-96 -2558 608.598022 ) 
4 196 204 (-96 -2558 608.598022 ) (-96 -2528 608.598022 ) (0 -2528 608.598022 ) (0 -2558 608.598022 ) 
4 196 197 (0 -2558 736.598022 ) (0 -2558 992 ) (-96 -2558 992 ) (-96 -2558 736.598022 ) 
4 197 217 (-96 -2562 992 ) (-96 -2558 992 ) (-96 -2558 736.598022 ) (-96 -2562 736.598022 ) 
4 197 198 (0 -2562 736.598022 ) (0 -2562 992 ) (-96 -2562 992 ) (-96 -2562 736.598022 ) 
4 198 308 (0 -3072 608.598022 ) (0 -3072 712.598022 ) (-96 -3072 712.598022 ) (-96 -3072 608.598022 ) 
4 198 305 (0 -3072 712.598022 ) (0 -3072 992 ) (-96 -3072 992 ) (-96 -3072 712.598022 ) 
4 198 218 (-96 -2984 992 ) (-96 -2888 992 ) (-96 -2888 608.598022 ) (-96 -2984 608.598022 ) 
4 198 217 (-96 -2888 992 ) (-96 -2562 992 ) (-96 -2562 608.598022 ) (-96 -2888 608.598022 ) 
4 198 219 (-96 -3072 608.598022 ) (-96 -3072 992 ) (-96 -2984 992 ) (-96 -2984 608.598022 ) 
4 198 205 (-96 -2984 608.598022 ) (-96 -2888 608.598022 ) (0 -2888 608.598022 ) (0 -2984 608.598022 ) 
4 198 206 (-96 -3072 608.598022 ) (-96 -2984 608.598022 ) (0 -2984 608.598022 ) (0 -3072 608.598022 ) 
4 198 204 (-96 -2888 608.598022 ) (-96 -2562 608.598022 ) (0 -2562 608.598022 ) (0 -2888 608.598022 ) 
4 199 216 (-96 -2240 608.598022 ) (-96 -2208 608.598022 ) (-96 -2208 600.598022 ) (-96 -2240 600.598022 ) 
4 199 201 (-96 -2240 600.598022 ) (-96 -2208 600.598022 ) (0 -2208 600.598022 ) (0 -2240 600.598022 ) 
3 200 216 (-96 -2496 600.598022 ) (-96 -2496 608.598022 ) (-96 -2488 600.598022 ) 
4 200 203 (0 -2496 608.598022 ) (-96 -2496 608.598022 ) (-96 -2496 608 ) (0 -2496 608 ) 
4 200 201 (0 -2496 600.598022 ) (-96 -2496 600.598022 ) (-96 -2488 600.598022 ) (0 -2488 600.598022 ) 
4 201 216 (-96 -2496 576 ) (-96 -2496 600.598022 ) (-96 -2208 600.598022 ) (-96 -2208 576 ) 
4 202 207 (-96 -2496 384 ) (-96 -2496 256 ) (0 -2496 256 ) (0 -2496 384 ) 
4 203 204 (0 -2528 608 ) (0 -2528 608.598022 ) (-96 -2528 608.598022 ) (-96 -2528 608 ) 
4 204 217 (-96 -2888 608.598022 ) (-96 -2528 608.598022 ) (-96 -2528 512 ) (-96 -2888 512 ) 
4 204 208 (-96 -2888 512 ) (-96 -2528 512 ) (0 -2528 512 ) (0 -2888 512 ) 
4 204 205 (0 -2888 520 ) (0 -2888 608.598022 ) (-96 -2888 608.598022 ) (-96 -2888 520 ) 
4 205 218 (-96 -2984 608.598022 ) (-96 -2888 608.598022 ) (-96 -2888 520 ) (-96 -2984 520 ) 
4 205 206 (0 -2984 520 ) (0 -2984 608.598022 ) (-96 -2984 608.598022 ) (-96 -2984 520 ) 
4 206 323 (0 -3072 512 ) (0 -3072 544 ) (-96 -3072 544 ) (-96 -3072 512 ) 
4 206 319 (0 -3072 544 ) (0 -3072 568.598022 ) (-96 -3072 568.598022 ) (-96 -3072 544 ) 
4 206 316 (0 -3072 568.598022 ) (0 -3072 576.598022 ) (-96 -3072 576.598022 ) (-96 -3072 568.598022 ) 
4 206 308 (0 -3072 576.598022 ) (0 -3072 608.598022 ) (-96 -3072 608.598022 ) (-96 -3072 576.598022 ) 
4 206 219 (-96 -3072 512 ) (-96 -3072 608.598022 ) (-96 -2984 608.598022 ) (-96 -2984 512 ) 
4 206 210 (-96 -3072 512 ) (-96 -2984 512 ) (0 -2984 512 ) (0 -3072 512 ) 
4 207 208 (-96 -2528 384 ) (-96 -2528 256 ) (0 -2528 256 ) (0 -2528 384 ) 
4 208 220 (-96 -2528 256 ) (-96 -2928 256 ) (-96 -2928 512 ) (-96 -2528 512 ) 
4 208 209 (0 -2928 512 ) (-96 -2928 512 ) (-96 -2928 256 ) (0 -2928 256 ) 
4 209 221 (-96 -2928 256 ) (-96 -2944 256 ) (-96 -2944 512 ) (-96 -2928 512 ) 
4 209 210 (0 -2944 512 ) (-96 -2944 512 ) (-96 -2944 256 ) (0 -2944 256 ) 
4 210 326 (0 -3072 256 ) (0 -3072 416 ) (-96 -3072 416 ) (-96 -3072 256 ) 
4 210 323 (0 -3072 416 ) (0 -3072 512 ) (-96 -3072 512 ) (-96 -3072 416 ) 
4 210 224 (0 -3072 256 ) (-96 -3072 256 ) (-96 -3040 256 ) (0 -3040 256 ) 
4 210 222 (-96 -2944 256 ) (-96 -3072 256 ) (-96 -3072 512 ) (-96 -2944 512 ) 
4 211 227 (-256 -2048 256 ) (-128 -2048 256 ) (-128 -2176 256 ) (-256 -2176 256 ) 
4 211 225 (-128 -2048 256 ) (-96 -2048 256 ) (-96 -2080 256 ) (-128 -2080 256 ) 
3 212 214 (-96 -2496 736.598022 ) (-104 -2496 736.598022 ) (-104 -2488 736.598022 ) 
4 212 213 (-104 -2240 736.598022 ) (-104 -2208 736.598022 ) (-96 -2208 736.598022 ) (-96 -2240 736.598022 ) 
4 212 215 (-104 -2496 736.598022 ) (-128 -2496 736.598022 ) (-128 -2208 736.598022 ) (-104 -2208 736.598022 ) 
4 213 216 (-104 -2240 608.598022 ) (-104 -2208 608.598022 ) (-96 -2208 608.598022 ) (-96 -2240 608.598022 ) 
4 213 215 (-104 -2208 608.598022 ) (-104 -2240 608.598022 ) (-104 -2240 736.598022 ) (-104 -2208 736.598022 ) 
3 214 216 (-96 -2496 608.598022 ) (-104 -2496 608.598022 ) (-104 -2488 608.598022 ) 
4 214 215 (-104 -2488 608.598022 ) (-104 -2496 608.598022 ) (-104 -2496 736.598022 ) (-104 -2488 736.598022 ) 
4 215 216 (-104 -2496 608.598022 ) (-128 -2496 608.598022 ) (-128 -2208 608.598022 ) (-104 -2208 608.598022 ) 
4 217 220 (-416 -2888 512 ) (-416 -2528 512 ) (-96 -2528 512 ) (-96 -2888 512 ) 
4 217 218 (-96 -2888 520 ) (-96 -2888 992 ) (-416 -2888 992 ) (-416 -2888 520 ) 
4 218 219 (-96 -2984 520 ) (-96 -2984 992 ) (-416 -2984 992 ) (-416 -2984 520 ) 
4 219 331 (-416 -3072 992 ) (-416 -3072 512 ) (-96 -3072 512 ) (-96 -3072 992 ) 
4 219 222 (-416 -3072 512 ) (-416 -2984 512 ) (-96 -2984 512 ) (-96 -3072 512 ) 
4 220 221 (-96 -2928 256 ) (-96 -2928 512 ) (-416 -2928 512 ) (-416 -2928 256 ) 
4 221 222 (-96 -2944 256 ) (-96 -2944 512 ) (-416 -2944 512 ) (-416 -2944 256 ) 
4 222 331 (-416 -3072 512 ) (-416 -3072 256 ) (-96 -3072 256 ) (-96 -3072 512 ) 
4 222 228 (-128 -3072 256 ) (-416 -3072 256 ) (-416 -3040 256 ) (-128 -3040 256 ) 
4 222 226 (-96 -3072 256 ) (-128 -3072 256 ) (-128 -3040 256 ) (-96 -3040 256 ) 
4 223 229 (-96 -2048 112 ) (0 -2048 112 ) (0 -2080 112 ) (-96 -2080 112 ) 
4 223 225 (-96 -2080 128 ) (-96 -2080 256 ) (-96 -2048 256 ) (-96 -2048 128 ) 
4 224 326 (0 -3072 112 ) (0 -3072 256 ) (-96 -3072 256 ) (-96 -3072 112 ) 
4 224 235 (0 -3040 112 ) (0 -3072 112 ) (-96 -3072 112 ) (-96 -3040 112 ) 
4 224 226 (-96 -3040 112 ) (-96 -3072 112 ) (-96 -3072 256 ) (-96 -3040 256 ) 
4 225 227 (-128 -2080 128 ) (-128 -2080 256 ) (-128 -2048 256 ) (-128 -2048 128 ) 
4 226 331 (-96 -3072 256 ) (-128 -3072 256 ) (-128 -3072 112 ) (-96 -3072 112 ) 
4 226 235 (-96 -3040 112 ) (-96 -3072 112 ) (-128 -3072 112 ) (-128 -3040 112 ) 
4 226 228 (-128 -3040 112 ) (-128 -3072 112 ) (-128 -3072 256 ) (-128 -3040 256 ) 
4 227 234 (-256 -2048 112 ) (-128 -2048 112 ) (-128 -2176 112 ) (-256 -2176 112 ) 
4 228 331 (-128 -3072 256 ) (-416 -3072 256 ) (-416 -3072 112 ) (-128 -3072 112 ) 
4 228 235 (-128 -3040 112 ) (-128 -3072 112 ) (-416 -3072 112 ) (-416 -3040 112 ) 
4 229 230 (-92 -2048 96 ) (0 -2048 96 ) (0 -2076 96 ) (-92 -2076 96 ) 
4 229 232 (-96 -2076 96 ) (-96 -2048 96 ) (-92 -2048 96 ) (-92 -2076 96 ) 
4 229 233 (-96 -2080 96 ) (-96 -2076 96 ) (0 -2076 96 ) (0 -2080 96 ) 
4 230 233 (0 -2076 64 ) (0 -2076 96 ) (-92 -2076 96 ) (-92 -2076 64 ) 
4 230 232 (-92 -2076 64 ) (-92 -2076 96 ) (-92 -2048 96 ) (-92 -2048 64 ) 
4 231 232 (-92 -2048 32 ) (-92 -2076 32 ) (-92 -2076 60 ) (-92 -2048 60 ) 
4 231 233 (-92 -2076 32 ) (0 -2076 32 ) (0 -2076 60 ) (-92 -2076 60 ) 
4 232 233 (-96 -2076 32 ) (-92 -2076 32 ) (-92 -2076 96 ) (-96 -2076 96 ) 
4 235 331 (-96 -3072 112 ) (-416 -3072 112 ) (-416 -3072 -32 ) (-96 -3072 -32 ) 
4 235 326 (0 -3072 -32 ) (0 -3072 112 ) (-96 -3072 112 ) (-96 -3072 -32 ) 
4 236 260 (1024 -3168 -640 ) (1024 -3280 -640 ) (1024 -3280 128 ) (1024 -3168 128 ) 
4 236 258 (1024 -3280 128 ) (1024 -3280 384 ) (1024 -3168 384 ) (1024 -3168 128 ) 
4 236 245 (1024 -3280 384 ) (1024 -3280 1024 ) (1024 -3168 1024 ) (1024 -3168 384 ) 
4 236 238 (1024 -3280 544 ) (1024 -3280 -640 ) (1168 -3280 -640 ) (1168 -3280 544 ) 
4 236 237 (1168 -3280 -640 ) (1280 -3280 -640 ) (1280 -3280 1024 ) (1168 -3280 1024 ) 
4 237 242 (1280 -3552 1024 ) (1168 -3552 1024 ) (1168 -3552 -640 ) (1280 -3552 -640 ) 
4 237 239 (1168 -3296 -640 ) (1168 -3552 -640 ) (1168 -3552 544 ) (1168 -3296 544 ) 
4 237 238 (1168 -3280 544 ) (1168 -3280 -640 ) (1168 -3296 -640 ) (1168 -3296 544 ) 
4 238 260 (1024 -3280 128 ) (1024 -3280 -640 ) (1024 -3296 -640 ) (1024 -3296 128 ) 
4 238 258 (1024 -3280 384 ) (1024 -3280 128 ) (1024 -3296 128 ) (1024 -3296 384 ) 
4 238 246 (1024 -3280 544 ) (1024 -3280 384 ) (1024 -3296 384 ) (1024 -3296 544 ) 
4 238 240 (1024 -3296 544 ) (1024 -3296 -640 ) (1152 -3296 -640 ) (1152 -3296 544 ) 
4 238 239 (1152 -3296 -640 ) (1168 -3296 -640 ) (1168 -3296 544 ) (1152 -3296 544 ) 
4 239 243 (1168 -3552 -640 ) (1168 -3552 544 ) (1152 -3552 544 ) (1152 -3552 -640 ) 
4 239 240 (1152 -3296 544 ) (1152 -3296 -640 ) (1152 -3552 -640 ) (1152 -3552 544 ) 
4 240 260 (1024 -3552 -640 ) (1024 -3552 128 ) (1024 -3296 128 ) (1024 -3296 -640 ) 
4 240 258 (1024 -3552 128 ) (1024 -3552 384 ) (1024 -3296 384 ) (1024 -3296 128 ) 
4 240 247 (1024 -3552 384 ) (1024 -3552 4816 ) (1024 -3296 4816 ) (1024 -3296 384 ) 
4 240 243 (1024 -3552 544 ) (1024 -3552 -640 ) (1152 -3552 -640 ) (1152 -3552 544 ) 
4 240 241 (1152 -3552 -640 ) (1024 -3552 -640 ) (1024 -3296 -640 ) (1152 -3296 -640 ) 
4 241 261 (1024 -3552 -1328 ) (1024 -3552 -640 ) (1024 -3296 -640 ) (1024 -3296 -1328 ) 
4 242 244 (1168 -3568 1024 ) (1168 -3568 -640 ) (1280 -3568 -640 ) (1280 -3568 1024 ) 
4 242 243 (1168 -3552 544 ) (1168 -3552 -640 ) (1168 -3568 -640 ) (1168 -3568 544 ) 
4 243 260 (1024 -3568 -640 ) (1024 -3568 128 ) (1024 -3552 128 ) (1024 -3552 -640 ) 
4 243 258 (1024 -3568 128 ) (1024 -3568 384 ) (1024 -3552 384 ) (1024 -3552 128 ) 
4 243 249 (1024 -3568 384 ) (1024 -3568 544 ) (1024 -3552 544 ) (1024 -3552 384 ) 
4 243 244 (1168 -3568 -640 ) (1168 -3568 544 ) (1024 -3568 544 ) (1024 -3568 -640 ) 
4 244 260 (1024 -3568 128 ) (1024 -3568 -640 ) (1024 -3680 -640 ) (1024 -3680 128 ) 
4 244 258 (1024 -3568 384 ) (1024 -3568 128 ) (1024 -3680 128 ) (1024 -3680 384 ) 
4 244 250 (1024 -3680 1024 ) (1024 -3568 1024 ) (1024 -3568 384 ) (1024 -3680 384 ) 
4 245 258 (880 -3280 384 ) (880 -3168 384 ) (1024 -3168 384 ) (1024 -3280 384 ) 
4 245 255 (880 -3168 384 ) (880 -3280 384 ) (880 -3280 448 ) (880 -3168 448 ) 
4 245 251 (880 -3280 448 ) (880 -3280 1024 ) (880 -3168 1024 ) (880 -3168 448 ) 
4 245 246 (880 -3280 544 ) (880 -3280 384 ) (1024 -3280 384 ) (1024 -3280 544 ) 
4 246 258 (880 -3296 384 ) (880 -3280 384 ) (1024 -3280 384 ) (1024 -3296 384 ) 
4 246 255 (880 -3280 384 ) (880 -3296 384 ) (880 -3296 448 ) (880 -3280 448 ) 
4 246 251 (880 -3296 448 ) (880 -3296 544 ) (880 -3280 544 ) (880 -3280 448 ) 
4 246 248 (880 -3296 544 ) (880 -3296 384 ) (896 -3296 384 ) (896 -3296 544 ) 
4 246 247 (896 -3296 384 ) (1024 -3296 384 ) (1024 -3296 544 ) (896 -3296 544 ) 
4 247 258 (896 -3296 384 ) (1024 -3296 384 ) (1024 -3552 384 ) (896 -3552 384 ) 
4 247 249 (896 -3552 384 ) (1024 -3552 384 ) (1024 -3552 544 ) (896 -3552 544 ) 
4 247 248 (896 -3296 544 ) (896 -3296 384 ) (896 -3552 384 ) (896 -3552 544 ) 
4 248 258 (880 -3552 384 ) (880 -3296 384 ) (896 -3296 384 ) (896 -3552 384 ) 
4 248 255 (880 -3296 384 ) (880 -3552 384 ) (880 -3552 448 ) (880 -3296 448 ) 
4 248 254 (880 -3552 448 ) (880 -3552 544 ) (880 -3488 544 ) (880 -3488 448 ) 
4 248 252 (880 -3488 544 ) (880 -3360 544 ) (880 -3360 448 ) (880 -3488 448 ) 
4 248 251 (880 -3360 544 ) (880 -3296 544 ) (880 -3296 448 ) (880 -3360 448 ) 
4 248 249 (880 -3552 544 ) (880 -3552 384 ) (896 -3552 384 ) (896 -3552 544 ) 
4 249 258 (880 -3568 384 ) (880 -3552 384 ) (1024 -3552 384 ) (1024 -3568 384 ) 
4 249 255 (880 -3552 384 ) (880 -3568 384 ) (880 -3568 448 ) (880 -3552 448 ) 
4 249 254 (880 -3568 448 ) (880 -3568 544 ) (880 -3552 544 ) (880 -3552 448 ) 
4 249 250 (880 -3568 544 ) (880 -3568 384 ) (1024 -3568 384 ) (1024 -3568 544 ) 
4 250 258 (880 -3680 384 ) (880 -3568 384 ) (1024 -3568 384 ) (1024 -3680 384 ) 
4 250 255 (880 -3568 384 ) (880 -3680 384 ) (880 -3680 448 ) (880 -3568 448 ) 
4 250 254 (880 -3680 448 ) (880 -3680 1024 ) (880 -3568 1024 ) (880 -3568 448 ) 
4 251 255 (704 -3168 448 ) (880 -3168 448 ) (880 -3360 448 ) (704 -3360 448 ) 
4 251 252 (704 -3360 448 ) (880 -3360 448 ) (880 -3360 1024 ) (704 -3360 1024 ) 
4 252 255 (704 -3360 448 ) (880 -3360 448 ) (880 -3488 448 ) (704 -3488 448 ) 
4 252 254 (704 -3488 448 ) (880 -3488 448 ) (880 -3488 1024 ) (704 -3488 1024 ) 
4 253 256 (448 -3360 448 ) (512 -3360 448 ) (512 -3488 448 ) (448 -3488 448 ) 
4 254 255 (704 -3488 448 ) (880 -3488 448 ) (880 -3680 448 ) (704 -3680 448 ) 
4 255 258 (704 -3168 384 ) (880 -3168 384 ) (880 -3680 384 ) (704 -3680 384 ) 
4 256 257 (512 -3520 446 ) (448 -3520 446 ) (448 -3328 446 ) (512 -3328 446 ) 
4 257 265 (448 -3520 384 ) (448 -3488 384 ) (512 -3488 384 ) (512 -3520 384 ) 
4 257 264 (448 -3488 384 ) (448 -3360 384 ) (512 -3360 384 ) (512 -3488 384 ) 
4 257 262 (448 -3360 384 ) (448 -3328 384 ) (512 -3328 384 ) (512 -3360 384 ) 
4 258 260 (1024 -3168 128 ) (1024 -3680 128 ) (704 -3680 128 ) (704 -3168 128 ) 
4 258 259 (704 -3360 128 ) (704 -3488 128 ) (704 -3488 384 ) (704 -3360 384 ) 
4 259 264 (512 -3488 384 ) (512 -3360 384 ) (512 -3360 256 ) (512 -3488 256 ) 
4 260 261 (1024 -3296 -640 ) (1024 -3552 -640 ) (896 -3552 -640 ) (896 -3296 -640 ) 
4 262 264 (448 -3360 256 ) (512 -3360 256 ) (512 -3360 384 ) (448 -3360 384 ) 
4 263 264 (424 -3360 256 ) (440 -3360 256 ) (440 -3360 384 ) (424 -3360 384 ) 
4 264 270 (352 -3488 384 ) (352 -3360 384 ) (352 -3360 256 ) (352 -3488 256 ) 
4 264 266 (424 -3488 256 ) (440 -3488 256 ) (440 -3488 384 ) (424 -3488 384 ) 
4 264 265 (448 -3488 256 ) (512 -3488 256 ) (512 -3488 384 ) (448 -3488 384 ) 
4 267 268 (192 -3200 1024 ) (256 -3200 1024 ) (256 -3264 1024 ) (192 -3264 1024 ) 
4 268 269 (192 -3200 992 ) (256 -3200 992 ) (256 -3264 992 ) (192 -3264 992 ) 
4 269 300 (32 -3072 416 ) (32 -3072 -32 ) (32 -3296 -32 ) (32 -3296 416 ) 
4 269 297 (32 -3072 544 ) (32 -3072 416 ) (32 -3296 416 ) (32 -3296 544 ) 
4 269 294 (32 -3072 552 ) (32 -3072 544 ) (32 -3296 544 ) (32 -3296 552 ) 
4 269 290 (32 -3072 576.598022 ) (32 -3072 552 ) (32 -3296 552 ) (32 -3296 576.598022 ) 
3 269 283 (32 -3296 692.572632 ) (32 -3296 712.598022 ) (32 -3261.320557 712.598022 ) 
5 269 282 (32 -3072 712.598022 ) (32 -3072 576.598022 ) (32 -3296 576.598022 ) (32 -3296 692.572632 ) (32 -3261.320557 712.598022 ) 
4 269 279 (32 -3072 992 ) (32 -3072 712.598022 ) (32 -3296 712.598022 ) (32 -3296 992 ) 
4 269 270 (352 -3296 256 ) (352 -3296 992 ) (32 -3296 992 ) (32 -3296 256 ) 
4 270 301 (32 -3552 256 ) (32 -3552 416 ) (32 -3296 416 ) (32 -3296 256 ) 
4 270 298 (32 -3552 416 ) (32 -3552 544 ) (32 -3458 544 ) (32 -3458 416 ) 
4 270 297 (32 -3454 544 ) (32 -3296 544 ) (32 -3296 416 ) (32 -3454 416 ) 
4 270 294 (32 -3552 544 ) (32 -3552 552 ) (32 -3296 552 ) (32 -3296 544 ) 
4 270 290 (32 -3552 552 ) (32 -3552 576.598022 ) (32 -3296 576.598022 ) (32 -3296 552 ) 
5 270 284 (32 -3552 576.598022 ) (32 -3552 692.560120 ) (32 -3544.266846 697.022095 ) (32 -3480.267822 586.168396 ) (32 -3496.841553 576.598022 ) 
5 270 283 (32 -3540.806152 699.018982 ) (32 -3517.272217 712.598022 ) (32 -3296 712.598022 ) (32 -3296 692.572632 ) (32 -3476.805908 588.167419 ) 
3 270 282 (32 -3296 692.572632 ) (32 -3296 576.598022 ) (32 -3496.841553 576.598022 ) 
3 270 281 (32 -3552 692.560120 ) (32 -3552 712.598022 ) (32 -3517.272217 712.598022 ) 
4 270 279 (32 -3552 712.598022 ) (32 -3552 992 ) (32 -3296 992 ) (32 -3296 712.598022 ) 
4 271 278 (40 -3584 416 ) (40 -3584 384 ) (40 -3872 384 ) (40 -3872 416 ) 
4 271 276 (40 -3584 544 ) (40 -3584 416 ) (40 -3592 416 ) (40 -3592 544 ) 
4 271 277 (40 -3840 416 ) (40 -3872 416 ) (40 -3872 544 ) (40 -3840 544 ) 
4 271 275 (40 -3584 576.598022 ) (40 -3584 544 ) (40 -3872 544 ) (40 -3872 576.598022 ) 
4 271 273 (40 -3584 704.598022 ) (40 -3584 576.598022 ) (40 -3592 576.598022 ) (40 -3592 704.598022 ) 
4 271 274 (40 -3840 576.598022 ) (40 -3872 576.598022 ) (40 -3872 704.598022 ) (40 -3840 704.598022 ) 
4 271 272 (40 -3584 736 ) (40 -3584 704.598022 ) (40 -3872 704.598022 ) (40 -3872 736 ) 
4 272 288 (32 -3872 704.598022 ) (32 -3872 736 ) (32 -3840 736 ) (32 -3840 704.598022 ) 
3 272 285 (32 -3584 712.598022 ) (32 -3584 704.598022 ) (32 -3592 712.598022 ) 
4 272 280 (32 -3840 736 ) (32 -3584 736 ) (32 -3584 712.598022 ) (32 -3840 712.598022 ) 
3 272 273 (32 -3584 704.598022 ) (40 -3584 704.598022 ) (40 -3592 704.598022 ) 
4 272 274 (40 -3840 704.598022 ) (40 -3872 704.598022 ) (32 -3872 704.598022 ) (32 -3840 704.598022 ) 
3 273 275 (32 -3584 576.598022 ) (40 -3584 576.598022 ) (40 -3592 576.598022 ) 
4 274 289 (32 -3872 576.598022 ) (32 -3872 704.598022 ) (32 -3856 704.598022 ) (32 -3856 576.598022 ) 
4 274 275 (40 -3840 576.598022 ) (40 -3872 576.598022 ) (32 -3872 576.598022 ) (32 -3840 576.598022 ) 
4 275 296 (32 -3872 544 ) (32 -3872 576.598022 ) (32 -3840 576.598022 ) (32 -3840 544 ) 
3 275 295 (32 -3584 552 ) (32 -3584 544 ) (32 -3592 552 ) 
3 275 292 (32 -3584 576.598022 ) (32 -3584 568.598022 ) (32 -3592 568.598022 ) 
4 275 293 (32 -3584 568.598022 ) (32 -3584 552 ) (32 -3840 552 ) (32 -3840 568.598022 ) 
3 275 276 (32 -3584 544 ) (40 -3584 544 ) (40 -3592 544 ) 
4 275 277 (40 -3840 544 ) (40 -3872 544 ) (32 -3872 544 ) (32 -3840 544 ) 
3 276 278 (32 -3584 416 ) (40 -3584 416 ) (40 -3592 416 ) 
4 277 299 (32 -3872 416 ) (32 -3872 544 ) (32 -3856 544 ) (32 -3856 416 ) 
4 277 278 (40 -3840 416 ) (40 -3872 416 ) (32 -3872 416 ) (32 -3840 416 ) 
4 278 304 (32 -3872 384 ) (32 -3872 408 ) (32 -3584 408 ) (32 -3584 384 ) 
3 278 302 (32 -3584 416 ) (32 -3584 408 ) (32 -3592 408 ) 
4 278 303 (32 -3872 408 ) (32 -3872 416 ) (32 -3840 416 ) (32 -3840 408 ) 
4 279 305 (0 -3072 992 ) (0 -3072 712.598022 ) (0 -3552 712.598022 ) (0 -3552 992 ) 
4 279 283 (0 -3517.272217 712.598022 ) (0 -3261.321533 712.598022 ) (32 -3261.320801 712.598022 ) (32 -3517.272217 712.598022 ) 
4 279 282 (0 -3261.321533 712.598022 ) (0 -3072 712.598022 ) (32 -3072 712.598022 ) (32 -3261.320801 712.598022 ) 
4 279 281 (0 -3552 712.598022 ) (0 -3517.272217 712.598022 ) (32 -3517.272217 712.598022 ) (32 -3552 712.598022 ) 
4 280 306 (0 -3584 712.598022 ) (0 -3840 712.598022 ) (0 -3840 736 ) (0 -3584 736 ) 
4 280 288 (32 -3840 712.598022 ) (32 -3840 736 ) (0 -3840 736 ) (0 -3840 712.598022 ) 
4 280 285 (0 -3592 712.598022 ) (0 -3584 712.598022 ) (32 -3584 712.598022 ) (32 -3592 712.598022 ) 
3 281 307 (0 -3552 692.560120 ) (0 -3552 712.598022 ) (0 -3517.272217 712.598022 ) 
4 281 287 (32 -3552 692.560120 ) (32 -3552 704 ) (0 -3552 704 ) (0 -3552 692.560120 ) 
4 281 284 (32 -3552 692.562561 ) (0 -3552 692.562500 ) (0 -3544.267578 697.024170 ) (32 -3544.267822 697.023987 ) 
4 281 283 (0 -3540.806152 699.021423 ) (0 -3517.276611 712.598022 ) (32 -3517.276855 712.598022 ) (32 -3540.807129 699.020874 ) 
4 282 308 (0 -3072 712.598022 ) (0 -3072 576.598022 ) (0 -3496.842041 576.598022 ) (0 -3261.321533 712.598022 ) 
4 282 290 (0 -3496.842041 576.598022 ) (0 -3072 576.598022 ) (32 -3072 576.598022 ) (32 -3496.841553 576.598022 ) 
4 282 284 (0 -3480.268066 586.169800 ) (0 -3496.844482 576.598022 ) (32 -3496.843750 576.598022 ) (32 -3480.268555 586.169189 ) 
4 282 283 (32 -3261.322021 712.598022 ) (0 -3261.322754 712.598022 ) (0 -3476.805664 588.169189 ) (32 -3476.806396 588.168335 ) 
4 283 309 (0 -3540.805176 699.019592 ) (0 -3517.272217 712.598022 ) (0 -3261.321533 712.598022 ) (0 -3476.804932 588.168274 ) 
5 284 310 (0 -3496.842041 576.598022 ) (0 -3552 576.598022 ) (0 -3552 692.560120 ) (0 -3544.266357 697.022461 ) (0 -3480.267578 586.168762 ) 
4 284 290 (0 -3552 576.598022 ) (0 -3496.842041 576.598022 ) (32 -3496.841553 576.598022 ) (32 -3552 576.598022 ) 
4 284 287 (0 -3552 576.598022 ) (32 -3552 576.598022 ) (32 -3552 692.560120 ) (0 -3552 692.560120 ) 
3 285 311 (0 -3592 712.598022 ) (0 -3584 712.598022 ) (0 -3584 704.598022 ) 
4 286 312 (0 -3840 704 ) (0 -3840 704.598022 ) (0 -3584 704.598022 ) (0 -3584 704 ) 
4 286 287 (32 -3840 704 ) (0 -3840 704 ) (0 -3584 704 ) (32 -3584 704 ) 
4 287 313 (0 -3552 576.598022 ) (0 -3840 576.598022 ) (0 -3840 704 ) (0 -3552 704 ) 
4 287 291 (0 -3584 576.598022 ) (0 -3552 576.598022 ) (32 -3552 576.598022 ) (32 -3584 576.598022 ) 
4 288 314 (0 -3856 736 ) (0 -3840 736 ) (0 -3840 704.598022 ) (0 -3856 704.598022 ) 
4 288 315 (0 -3872 704.598022 ) (0 -3872 736 ) (0 -3856 736 ) (0 -3856 704.598022 ) 
4 288 289 (32 -3872 704.598022 ) (0 -3872 704.598022 ) (0 -3856 704.598022 ) (32 -3856 704.598022 ) 
4 289 315 (0 -3856 576.598022 ) (0 -3872 576.598022 ) (0 -3872 704.598022 ) (0 -3856 704.598022 ) 
4 289 296 (0 -3872 576.598022 ) (0 -3856 576.598022 ) (32 -3856 576.598022 ) (32 -3872 576.598022 ) 
4 290 319 (0 -3072 568.598022 ) (0 -3072 552 ) (0 -3552 552 ) (0 -3552 568.598022 ) 
4 290 316 (0 -3072 576.598022 ) (0 -3072 568.598022 ) (0 -3552 568.598022 ) (0 -3552 576.598022 ) 
4 290 294 (0 -3552 552 ) (0 -3072 552 ) (32 -3072 552 ) (32 -3552 552 ) 
4 290 291 (32 -3552 576 ) (32 -3552 576.598022 ) (0 -3552 576.598022 ) (0 -3552 576 ) 
4 291 317 (0 -3584 576 ) (0 -3584 576.598022 ) (0 -3552 576.598022 ) (0 -3552 576 ) 
4 291 292 (32 -3584 576 ) (32 -3584 576.598022 ) (0 -3584 576.598022 ) (0 -3584 576 ) 
3 292 318 (0 -3584 576.598022 ) (0 -3584 568.598022 ) (0 -3592 568.598022 ) 
4 292 293 (0 -3592 568.598022 ) (0 -3584 568.598022 ) (32 -3584 568.598022 ) (32 -3592 568.598022 ) 
4 293 320 (0 -3584 552 ) (0 -3840 552 ) (0 -3840 568.598022 ) (0 -3584 568.598022 ) 
4 293 296 (32 -3840 552 ) (32 -3840 568.598022 ) (0 -3840 568.598022 ) (0 -3840 552 ) 
4 293 295 (0 -3592 552 ) (0 -3584 552 ) (32 -3584 552 ) (32 -3592 552 ) 
4 294 319 (0 -3072 552 ) (0 -3072 544 ) (0 -3552 544 ) (0 -3552 552 ) 
4 294 298 (32 -3458 544 ) (32 -3552 544 ) (0 -3552 544 ) (0 -3458 544 ) 
4 294 297 (0 -3072 544 ) (32 -3072 544 ) (32 -3454 544 ) (0 -3454 544 ) 
3 295 321 (0 -3584 544 ) (0 -3592 552 ) (0 -3584 552 ) 
4 296 322 (0 -3840 544 ) (0 -3872 544 ) (0 -3872 576.598022 ) (0 -3840 576.598022 ) 
4 296 299 (32 -3856 544 ) (32 -3872 544 ) (0 -3872 544 ) (0 -3856 544 ) 
4 297 323 (0 -3072 544 ) (0 -3072 416 ) (0 -3454 416 ) (0 -3454 544 ) 
4 297 301 (0 -3454 416 ) (0 -3296 416 ) (32 -3296 416 ) (32 -3454 416 ) 
4 297 300 (0 -3296 416 ) (0 -3072 416 ) (32 -3072 416 ) (32 -3296 416 ) 
4 298 324 (0 -3458 416 ) (0 -3840 416 ) (0 -3840 544 ) (0 -3458 544 ) 
4 298 301 (0 -3552 416 ) (0 -3458 416 ) (32 -3458 416 ) (32 -3552 416 ) 
4 299 325 (0 -3856 416 ) (0 -3872 416 ) (0 -3872 544 ) (0 -3856 544 ) 
4 299 303 (0 -3872 416 ) (0 -3856 416 ) (32 -3856 416 ) (32 -3872 416 ) 
4 300 326 (0 -3072 416 ) (0 -3072 -32 ) (0 -3296 -32 ) (0 -3296 416 ) 
4 300 301 (32 -3296 256 ) (32 -3296 416 ) (0 -3296 416 ) (0 -3296 256 ) 
4 301 327 (0 -3552 416 ) (0 -3296 416 ) (0 -3296 256 ) (0 -3552 256 ) 
3 302 328 (0 -3584 416 ) (0 -3584 408 ) (0 -3592 408 ) 
4 302 304 (0 -3592 408 ) (0 -3584 408 ) (32 -3584 408 ) (32 -3592 408 ) 
4 303 329 (0 -3872 416 ) (0 -3840 416 ) (0 -3840 408 ) (0 -3872 408 ) 
4 303 304 (0 -3872 408 ) (0 -3840 408 ) (32 -3840 408 ) (32 -3872 408 ) 
4 304 330 (0 -3872 408 ) (0 -3584 408 ) (0 -3584 384 ) (0 -3872 384 ) 
4 305 332 (-96 -3552 992 ) (-96 -3296 992 ) (-96 -3296 712.598022 ) (-96 -3552 712.598022 ) 
4 305 331 (-96 -3296 992 ) (-96 -3072 992 ) (-96 -3072 712.598022 ) (-96 -3296 712.598022 ) 
4 305 309 (-96 -3517.271729 712.598022 ) (-96 -3261.323975 712.598022 ) (0 -3261.321533 712.598022 ) (0 -3517.272217 712.598022 ) 
4 305 308 (-96 -3261.323975 712.598022 ) (-96 -3072 712.598022 ) (0 -3072 712.598022 ) (0 -3261.321533 712.598022 ) 
4 305 307 (-96 -3552 712.598022 ) (-96 -3517.271729 712.598022 ) (0 -3517.272217 712.598022 ) (0 -3552 712.598022 ) 
4 306 333 (-96 -3584 736 ) (-96 -3584 712.598022 ) (-96 -3840 712.598022 ) (-96 -3840 736 ) 
4 306 314 (0 -3840 712.598022 ) (0 -3840 736 ) (-96 -3840 736 ) (-96 -3840 712.598022 ) 
4 306 311 (-96 -3592 712.598022 ) (-96 -3584 712.598022 ) (0 -3584 712.598022 ) (0 -3592 712.598022 ) 
3 307 332 (-96 -3552 692.559875 ) (-96 -3552 712.598022 ) (-96 -3517.271729 712.598022 ) 
4 307 313 (0 -3552 692.560120 ) (0 -3552 704 ) (-96 -3552 704 ) (-96 -3552 692.559875 ) 
4 307 310 (0 -3552 692.562500 ) (-96 -3552 692.562256 ) (-96 -3544.266113 697.024780 ) (0 -3544.267578 697.024231 ) 
4 307 309 (-96 -3540.802979 699.023010 ) (-96 -3517.276367 712.598022 ) (0 -3517.276855 712.598022 ) (0 -3540.806152 699.021484 ) 
3 308 332 (-96 -3296 576.598022 ) (-96 -3496.844482 576.598022 ) (-96 -3296 692.574524 ) 
5 308 331 (-96 -3072 712.598022 ) (-96 -3072 576.598022 ) (-96 -3296 576.598022 ) (-96 -3296 692.574524 ) (-96 -3261.323975 712.598022 ) 
4 308 316 (-96 -3496.844482 576.598022 ) (-96 -3072 576.598022 ) (0 -3072 576.598022 ) (0 -3496.842041 576.598022 ) 
4 308 310 (-96 -3480.267578 586.171631 ) (-96 -3496.847168 576.598022 ) (0 -3496.844727 576.598022 ) (0 -3480.268066 586.169922 ) 
4 308 309 (0 -3261.322754 712.598022 ) (-96 -3261.325195 712.598022 ) (-96 -3476.803223 588.172119 ) (0 -3476.805664 588.169312 ) 
5 309 332 (-96 -3540.801758 699.021179 ) (-96 -3517.271729 712.598022 ) (-96 -3296 712.598022 ) (-96 -3296 692.574524 ) (-96 -3476.802734 588.170959 ) 
3 309 331 (-96 -3296 712.598022 ) (-96 -3261.323975 712.598022 ) (-96 -3296 692.574524 ) 
5 310 332 (-96 -3496.844482 576.598022 ) (-96 -3552 576.598022 ) (-96 -3552 692.559875 ) (-96 -3544.265137 697.022827 ) (-96 -3480.266846 586.170593 ) 
4 310 316 (-96 -3552 576.598022 ) (-96 -3496.844482 576.598022 ) (0 -3496.842041 576.598022 ) (0 -3552 576.598022 ) 
4 310 313 (-96 -3552 576.598022 ) (0 -3552 576.598022 ) (0 -3552 692.560120 ) (-96 -3552 692.559875 ) 
3 311 333 (-96 -3592 712.598022 ) (-96 -3584 712.598022 ) (-96 -3584 704.598022 ) 
4 312 313 (0 -3840 704 ) (-96 -3840 704 ) (-96 -3584 704 ) (0 -3584 704 ) 
4 313 317 (-96 -3584 576.598022 ) (-96 -3552 576.598022 ) (0 -3552 576.598022 ) (0 -3584 576.598022 ) 
4 314 333 (-96 -3840 736 ) (-96 -3840 704.598022 ) (-96 -3856 704.598022 ) (-96 -3856 736 ) 
4 314 315 (0 -3856 704.598022 ) (0 -3856 736 ) (-96 -3856 736 ) (-96 -3856 704.598022 ) 
4 315 335 (-96 -3856 576.598022 ) (-96 -3872 576.598022 ) (-96 -3872 704.598022 ) (-96 -3856 704.598022 ) 
4 315 333 (-96 -3872 704.598022 ) (-96 -3872 736 ) (-96 -3856 736 ) (-96 -3856 704.598022 ) 
4 315 322 (-96 -3872 576.598022 ) (-96 -3856 576.598022 ) (0 -3856 576.598022 ) (0 -3872 576.598022 ) 
4 316 332 (-96 -3552 576.598022 ) (-96 -3296 576.598022 ) (-96 -3296 568.598022 ) (-96 -3552 568.598022 ) 
4 316 331 (-96 -3296 576.598022 ) (-96 -3072 576.598022 ) (-96 -3072 568.598022 ) (-96 -3296 568.598022 ) 
4 316 319 (-96 -3552 568.598022 ) (-96 -3072 568.598022 ) (0 -3072 568.598022 ) (0 -3552 568.598022 ) 
4 316 317 (0 -3552 576 ) (0 -3552 576.598022 ) (-96 -3552 576.598022 ) (-96 -3552 576 ) 
4 317 318 (0 -3584 576 ) (0 -3584 576.598022 ) (-96 -3584 576.598022 ) (-96 -3584 576 ) 
3 318 336 (-96 -3584 576.598022 ) (-96 -3584 568.598022 ) (-96 -3592 568.598022 ) 
4 318 320 (-96 -3592 568.598022 ) (-96 -3584 568.598022 ) (0 -3584 568.598022 ) (0 -3592 568.598022 ) 
4 319 332 (-96 -3296 544 ) (-96 -3552 544 ) (-96 -3552 568.598022 ) (-96 -3296 568.598022 ) 
4 319 331 (-96 -3072 568.598022 ) (-96 -3072 544 ) (-96 -3296 544 ) (-96 -3296 568.598022 ) 
4 319 324 (-96 -3552 544 ) (-96 -3458 544 ) (0 -3458 544 ) (0 -3552 544 ) 
4 319 323 (-96 -3454 544 ) (-96 -3072 544 ) (0 -3072 544 ) (0 -3454 544 ) 
4 320 336 (-96 -3840 552 ) (-96 -3840 568.598022 ) (-96 -3584 568.598022 ) (-96 -3584 552 ) 
4 320 322 (0 -3840 552 ) (0 -3840 568.598022 ) (-96 -3840 568.598022 ) (-96 -3840 552 ) 
4 320 321 (-96 -3592 552 ) (-96 -3584 552 ) (0 -3584 552 ) (0 -3592 552 ) 
3 321 336 (-96 -3584 544 ) (-96 -3592 552 ) (-96 -3584 552 ) 
4 322 336 (-96 -3872 576.598022 ) (-96 -3840 576.598022 ) (-96 -3840 544 ) (-96 -3872 544 ) 
4 322 325 (-96 -3872 544 ) (-96 -3856 544 ) (0 -3856 544 ) (0 -3872 544 ) 
4 323 332 (-96 -3454 544 ) (-96 -3296 544 ) (-96 -3296 416 ) (-96 -3454 416 ) 
4 323 331 (-96 -3296 544 ) (-96 -3072 544 ) (-96 -3072 416 ) (-96 -3296 416 ) 
4 323 327 (-96 -3454 416 ) (-96 -3296 416 ) (0 -3296 416 ) (0 -3454 416 ) 
4 323 326 (-96 -3296 416 ) (-96 -3072 416 ) (0 -3072 416 ) (0 -3296 416 ) 
4 324 332 (-96 -3552 544 ) (-96 -3458 544 ) (-96 -3458 416 ) (-96 -3552 416 ) 
4 324 327 (-96 -3552 416 ) (-96 -3458 416 ) (0 -3458 416 ) (0 -3552 416 ) 
4 325 339 (-96 -3872 544 ) (-96 -3856 544 ) (-96 -3856 416 ) (-96 -3872 416 ) 
4 325 329 (-96 -3872 416 ) (-96 -3856 416 ) (0 -3856 416 ) (0 -3872 416 ) 
4 326 331 (-96 -3296 -32 ) (-96 -3296 416 ) (-96 -3072 416 ) (-96 -3072 -32 ) 
4 326 327 (0 -3296 256 ) (0 -3296 416 ) (-96 -3296 416 ) (-96 -3296 256 ) 
4 327 332 (-96 -3552 256 ) (-96 -3552 416 ) (-96 -3296 416 ) (-96 -3296 256 ) 
3 328 341 (-96 -3584 416 ) (-96 -3584 408 ) (-96 -3592 408 ) 
4 328 330 (-96 -3592 408 ) (-96 -3584 408 ) (0 -3584 408 ) (0 -3592 408 ) 
4 329 341 (-96 -3872 416 ) (-96 -3840 416 ) (-96 -3840 408 ) (-96 -3872 408 ) 
4 329 330 (-96 -3872 408 ) (-96 -3840 408 ) (0 -3840 408 ) (0 -3872 408 ) 
4 330 341 (-96 -3872 408 ) (-96 -3584 408 ) (-96 -3584 384 ) (-96 -3872 384 ) 
4 331 332 (-96 -3296 256 ) (-96 -3296 992 ) (-416 -3296 992 ) (-416 -3296 256 ) 
4 333 337 (-128 -3872 704.598022 ) (-128 -3584 704.598022 ) (-104 -3584 704.598022 ) (-104 -3872 704.598022 ) 
4 333 335 (-96 -3840 704.598022 ) (-96 -3872 704.598022 ) (-104 -3872 704.598022 ) (-104 -3840 704.598022 ) 
3 333 334 (-104 -3584 704.598022 ) (-96 -3584 704.598022 ) (-104 -3592 704.598022 ) 
4 334 337 (-104 -3592 704.598022 ) (-104 -3584 704.598022 ) (-104 -3584 576.598022 ) (-104 -3592 576.598022 ) 
3 334 336 (-104 -3592 576.598022 ) (-104 -3584 576.598022 ) (-96 -3584 576.598022 ) 
4 335 337 (-104 -3872 704.598022 ) (-104 -3840 704.598022 ) (-104 -3840 576.598022 ) (-104 -3872 576.598022 ) 
4 335 336 (-104 -3872 576.598022 ) (-104 -3840 576.598022 ) (-96 -3840 576.598022 ) (-96 -3872 576.598022 ) 
3 336 338 (-104 -3584 544 ) (-96 -3584 544 ) (-104 -3592 544 ) 
4 336 339 (-96 -3840 544 ) (-96 -3872 544 ) (-104 -3872 544 ) (-104 -3840 544 ) 
4 336 337 (-104 -3584 544 ) (-104 -3872 544 ) (-104 -3872 576.598022 ) (-104 -3584 576.598022 ) 
4 337 340 (-128 -3872 544 ) (-128 -3584 544 ) (-104 -3584 544 ) (-104 -3872 544 ) 
3 338 341 (-104 -3584 416 ) (-96 -3584 416 ) (-104 -3592 416 ) 
4 338 340 (-104 -3584 416 ) (-104 -3592 416 ) (-104 -3592 544 ) (-104 -3584 544 ) 
4 339 341 (-96 -3840 416 ) (-96 -3872 416 ) (-104 -3872 416 ) (-104 -3840 416 ) 
4 339 340 (-104 -3840 416 ) (-104 -3872 416 ) (-104 -3872 544 ) (-104 -3840 544 ) 
4 340 341 (-128 -3872 416 ) (-128 -3584 416 ) (-104 -3584 416 ) (-104 -3872 416 ) 
