PRT1
127
268
4 0 6 (256 0 -864 ) (256 0 -96 ) (0 0 -96 ) (0 0 -864 ) 
4 0 4 (256 0 -96 ) (256 0 160 ) (0 0 160 ) (0 0 -96 ) 
4 0 3 (256 0 160 ) (256 0 224 ) (0 0 224 ) (0 0 160 ) 
4 0 2 (256 0 224 ) (256 0 800 ) (0 0 800 ) (0 0 224 ) 
4 0 1 (0 0 -864 ) (0 0 800 ) (0 256 800 ) (0 256 -864 ) 
4 1 22 (0 0 -864 ) (0 0 -96 ) (-256 0 -96 ) (-256 0 -864 ) 
4 1 20 (0 0 -96 ) (0 0 160 ) (-256 0 160 ) (-256 0 -96 ) 
4 1 19 (0 0 160 ) (0 0 224 ) (-256 0 224 ) (-256 0 160 ) 
4 1 18 (0 0 224 ) (0 0 800 ) (-256 0 800 ) (-256 0 224 ) 
4 2 18 (0 0 800 ) (0 0 224 ) (0 -320 224 ) (0 -320 800 ) 
4 2 3 (0 -320 224 ) (0 0 224 ) (256 0 224 ) (256 -320 224 ) 
4 3 19 (0 0 224 ) (0 0 160 ) (0 -320 160 ) (0 -320 224 ) 
4 3 4 (0 -320 160 ) (0 0 160 ) (256 0 160 ) (256 -320 160 ) 
4 4 20 (0 0 160 ) (0 0 -96 ) (0 -320 -96 ) (0 -320 160 ) 
4 4 6 (0 -320 -96 ) (0 0 -96 ) (256 0 -96 ) (256 -320 -96 ) 
4 4 5 (0 -320 -96 ) (64 -320 -96 ) (64 -320 160 ) (0 -320 160 ) 
4 5 21 (0 -320 -96 ) (0 -512 -96 ) (0 -512 160 ) (0 -320 160 ) 
4 5 9 (64 -512 160 ) (0 -512 160 ) (0 -512 32 ) (64 -512 32 ) 
4 6 22 (0 0 -96 ) (0 0 -864 ) (0 -320 -864 ) (0 -320 -96 ) 
4 7 9 (64 -512 224 ) (64 -512 160 ) (64 -576 160 ) (64 -576 224 ) 
4 7 8 (64 -576 160 ) (64 -512 160 ) (96 -512 160 ) (96 -576 160 ) 
4 8 9 (64 -512 160 ) (64 -512 32 ) (64 -576 32 ) (64 -576 160 ) 
4 9 23 (0 -576 32 ) (0 -576 232 ) (0 -512 232 ) (0 -512 32 ) 
4 9 11 (64 -576 32 ) (64 -576 160 ) (0 -576 160 ) (0 -576 32 ) 
4 10 24 (0 -1024 160 ) (0 -1024 288 ) (0 -672 288 ) (0 -672 160 ) 
4 10 12 (64 -1024 160 ) (64 -1024 288 ) (0 -1024 288 ) (0 -1024 160 ) 
4 10 11 (0 -1024 160 ) (0 -672 160 ) (64 -672 160 ) (64 -1024 160 ) 
4 11 25 (0 -1024 32 ) (0 -1024 160 ) (0 -576 160 ) (0 -576 32 ) 
4 11 12 (64 -1024 32 ) (64 -1024 160 ) (0 -1024 160 ) (0 -1024 32 ) 
4 12 36 (0 -1024 160 ) (0 -1024 32 ) (0 -1056 32 ) (0 -1056 160 ) 
4 12 33 (0 -1056 288 ) (0 -1024 288 ) (0 -1024 160 ) (0 -1056 160 ) 
4 12 13 (0 -1056 32 ) (64 -1056 32 ) (64 -1056 160 ) (0 -1056 160 ) 
4 13 36 (0 -1056 160 ) (0 -1056 32 ) (0 -1088 32 ) (0 -1088 160 ) 
4 13 14 (0 -1088 32 ) (64 -1088 32 ) (64 -1088 160 ) (0 -1088 160 ) 
4 14 36 (0 -1088 160 ) (0 -1088 32 ) (0 -1472 32 ) (0 -1472 160 ) 
4 14 34 (0 -1472 288 ) (0 -1088 288 ) (0 -1088 160 ) (0 -1472 160 ) 
4 14 16 (0 -1472 32 ) (0 -1280 32 ) (160 -1280 32 ) (160 -1472 32 ) 
4 15 49 (64 -2048 160 ) (0 -2048 160 ) (0 -2048 32 ) (64 -2048 32 ) 
4 15 37 (0 -2048 32 ) (0 -2048 160 ) (0 -1664 160 ) (0 -1664 32 ) 
4 15 35 (0 -2048 160 ) (0 -2048 288 ) (0 -1664 288 ) (0 -1664 160 ) 
4 15 17 (0 -1856 32 ) (0 -1664 32 ) (160 -1664 32 ) (160 -1856 32 ) 
4 16 41 (0 -1472 32 ) (0 -1280 32 ) (0 -1280 -96 ) (0 -1472 -96 ) 
4 17 42 (0 -1856 32 ) (0 -1664 32 ) (0 -1664 -96 ) (0 -1856 -96 ) 
4 18 19 (-256 -320 224 ) (-256 0 224 ) (0 0 224 ) (0 -320 224 ) 
4 19 20 (-256 -320 160 ) (-256 0 160 ) (0 0 160 ) (0 -320 160 ) 
4 20 22 (-256 0 -96 ) (0 0 -96 ) (0 -320 -96 ) (-256 -320 -96 ) 
4 20 21 (-64 -320 -96 ) (0 -320 -96 ) (0 -320 160 ) (-64 -320 160 ) 
4 21 23 (0 -512 32 ) (0 -512 160 ) (-64 -512 160 ) (-64 -512 32 ) 
4 23 27 (-64 -512 224 ) (-64 -512 32 ) (-64 -576 32 ) (-64 -576 224 ) 
4 23 25 (-64 -576 160 ) (-64 -576 32 ) (0 -576 32 ) (0 -576 160 ) 
4 24 33 (0 -1024 160 ) (0 -1024 288 ) (-64 -1024 288 ) (-64 -1024 160 ) 
4 24 28 (-64 -1024 160 ) (-64 -1024 224 ) (-64 -864 224 ) (-64 -864 160 ) 
4 24 26 (-64 -1024 224 ) (-64 -1024 288 ) (-64 -864 288 ) (-64 -864 224 ) 
4 24 25 (-64 -1024 160 ) (-64 -672 160 ) (0 -672 160 ) (0 -1024 160 ) 
4 25 36 (0 -1024 32 ) (0 -1024 160 ) (-64 -1024 160 ) (-64 -1024 32 ) 
4 25 29 (-64 -1024 32 ) (-64 -1024 160 ) (-64 -864 160 ) (-64 -864 32 ) 
4 26 38 (-64 -1024 224 ) (-64 -1024 288 ) (-96 -1024 288 ) (-96 -1024 224 ) 
4 26 30 (-96 -864 224 ) (-96 -1024 224 ) (-96 -1024 288 ) (-96 -864 288 ) 
4 26 28 (-96 -1024 224 ) (-96 -864 224 ) (-64 -864 224 ) (-64 -1024 224 ) 
4 28 38 (-64 -1024 160 ) (-64 -1024 224 ) (-96 -1024 224 ) (-96 -1024 160 ) 
4 28 30 (-96 -1024 160 ) (-96 -1024 224 ) (-96 -864 224 ) (-96 -864 160 ) 
4 28 29 (-96 -1024 160 ) (-96 -864 160 ) (-64 -864 160 ) (-64 -1024 160 ) 
4 29 38 (-64 -1024 32 ) (-64 -1024 160 ) (-96 -1024 160 ) (-96 -1024 32 ) 
4 29 30 (-96 -864 32 ) (-96 -1024 32 ) (-96 -1024 160 ) (-96 -864 160 ) 
4 30 38 (-96 -1024 32 ) (-96 -1024 288 ) (-192 -1024 288 ) (-192 -1024 32 ) 
4 31 32 (-160 -1216 320 ) (-224 -1216 320 ) (-224 -1152 320 ) (-160 -1152 320 ) 
4 32 40 (-224 -1152 288 ) (-192 -1152 288 ) (-192 -1216 288 ) (-224 -1216 288 ) 
4 32 39 (-192 -1152 288 ) (-160 -1152 288 ) (-160 -1216 288 ) (-192 -1216 288 ) 
4 33 38 (-64 -1056 288 ) (-64 -1024 288 ) (-64 -1024 160 ) (-64 -1056 160 ) 
4 33 36 (-64 -1056 160 ) (-64 -1024 160 ) (0 -1024 160 ) (0 -1056 160 ) 
4 34 39 (-64 -1472 288 ) (-64 -1088 288 ) (-64 -1088 160 ) (-64 -1472 160 ) 
4 34 36 (-64 -1472 160 ) (-64 -1088 160 ) (0 -1088 160 ) (0 -1472 160 ) 
4 35 39 (-64 -2048 160 ) (-64 -2048 288 ) (-64 -1664 288 ) (-64 -1664 160 ) 
4 35 37 (-64 -2048 160 ) (-64 -1664 160 ) (0 -1664 160 ) (0 -2048 160 ) 
4 36 41 (0 -1280 32 ) (0 -1472 32 ) (-64 -1472 32 ) (-64 -1280 32 ) 
4 36 38 (-64 -1024 32 ) (-64 -1056 32 ) (-64 -1056 160 ) (-64 -1024 160 ) 
4 36 39 (-64 -1088 32 ) (-64 -1472 32 ) (-64 -1472 160 ) (-64 -1088 160 ) 
4 37 77 (0 -2048 32 ) (0 -2048 160 ) (-64 -2048 160 ) (-64 -2048 32 ) 
4 37 42 (0 -1664 32 ) (0 -1856 32 ) (-64 -1856 32 ) (-64 -1664 32 ) 
4 37 39 (-64 -1664 32 ) (-64 -2048 32 ) (-64 -2048 160 ) (-64 -1664 160 ) 
4 39 42 (-64 -1664 32 ) (-64 -1856 32 ) (-192 -1856 32 ) (-192 -1664 32 ) 
4 39 41 (-64 -1280 32 ) (-64 -1472 32 ) (-192 -1472 32 ) (-192 -1280 32 ) 
4 39 40 (-192 -1088 32 ) (-192 -2048 32 ) (-192 -2048 288 ) (-192 -1088 288 ) 
4 40 42 (-288 -1856 32 ) (-288 -1664 32 ) (-192 -1664 32 ) (-192 -1856 32 ) 
4 40 41 (-288 -1472 32 ) (-288 -1280 32 ) (-192 -1280 32 ) (-192 -1472 32 ) 
4 43 44 (192 -2272 160 ) (192 -2464 160 ) (192 -2464 416 ) (192 -2272 416 ) 
4 44 50 (128 -2080 160 ) (192 -2080 160 ) (192 -2656 160 ) (128 -2656 160 ) 
4 44 47 (128 -2112 160 ) (128 -2656 160 ) (128 -2656 416 ) (128 -2112 416 ) 
4 44 45 (128 -2080 416 ) (128 -2080 160 ) (128 -2112 160 ) (128 -2112 416 ) 
4 45 51 (96 -2080 160 ) (128 -2080 160 ) (128 -2112 160 ) (96 -2112 160 ) 
4 45 47 (96 -2112 160 ) (128 -2112 160 ) (128 -2112 416 ) (96 -2112 416 ) 
4 46 71 (0 -2112 416 ) (0 -2080 416 ) (0 -2080 160 ) (0 -2112 160 ) 
4 46 52 (32 -2080 160 ) (64 -2080 160 ) (64 -2112 160 ) (32 -2112 160 ) 
4 46 55 (0 -2112 160 ) (0 -2080 160 ) (32 -2080 160 ) (32 -2112 160 ) 
4 46 47 (0 -2112 160 ) (64 -2112 160 ) (64 -2112 416 ) (0 -2112 416 ) 
4 47 72 (0 -2656 416 ) (0 -2112 416 ) (0 -2112 160 ) (0 -2656 160 ) 
4 47 53 (32 -2112 160 ) (128 -2112 160 ) (128 -2656 160 ) (32 -2656 160 ) 
4 47 55 (0 -2656 160 ) (0 -2112 160 ) (32 -2112 160 ) (32 -2656 160 ) 
4 48 73 (0 -3072 160 ) (0 -3072 416 ) (0 -2848 416 ) (0 -2848 160 ) 
4 48 57 (128 -3072 416 ) (0 -3072 416 ) (0 -3072 160 ) (128 -3072 160 ) 
4 48 54 (32 -2848 160 ) (128 -2848 160 ) (128 -3072 160 ) (32 -3072 160 ) 
4 48 55 (0 -3072 160 ) (0 -2848 160 ) (32 -2848 160 ) (32 -3072 160 ) 
4 49 77 (0 -2080 160 ) (0 -2048 160 ) (0 -2048 32 ) (0 -2080 32 ) 
4 49 52 (32 -2080 32 ) (64 -2080 32 ) (64 -2080 160 ) (32 -2080 160 ) 
4 49 55 (0 -2080 32 ) (32 -2080 32 ) (32 -2080 160 ) (0 -2080 160 ) 
4 50 53 (128 -2112 32 ) (128 -2656 32 ) (128 -2656 160 ) (128 -2112 160 ) 
4 50 51 (128 -2080 160 ) (128 -2080 32 ) (128 -2112 32 ) (128 -2112 160 ) 
4 51 53 (96 -2112 32 ) (128 -2112 32 ) (128 -2112 160 ) (96 -2112 160 ) 
4 52 53 (32 -2112 160 ) (32 -2112 32 ) (64 -2112 32 ) (64 -2112 160 ) 
4 52 55 (32 -2080 160 ) (32 -2080 32 ) (32 -2112 32 ) (32 -2112 160 ) 
4 53 55 (32 -2112 32 ) (32 -2656 32 ) (32 -2656 160 ) (32 -2112 160 ) 
4 54 62 (96 -3072 160 ) (64 -3072 160 ) (64 -3072 32 ) (96 -3072 32 ) 
4 54 61 (128 -3072 160 ) (96 -3072 160 ) (96 -3072 32 ) (128 -3072 32 ) 
4 54 65 (64 -3072 160 ) (32 -3072 160 ) (32 -3072 32 ) (64 -3072 32 ) 
4 54 56 (128 -3072 32 ) (32 -3072 32 ) (32 -3008 32 ) (128 -3008 32 ) 
4 54 55 (32 -2848 32 ) (32 -3072 32 ) (32 -3072 160 ) (32 -2848 160 ) 
4 55 78 (0 -3072 32 ) (0 -3072 160 ) (0 -2080 160 ) (0 -2080 32 ) 
4 55 65 (32 -3072 160 ) (0 -3072 160 ) (0 -3072 32 ) (32 -3072 32 ) 
4 55 56 (32 -3072 32 ) (0 -3072 32 ) (0 -3008 32 ) (32 -3008 32 ) 
4 56 84 (0 -3072 -96 ) (0 -3072 32 ) (0 -3008 32 ) (0 -3008 -96 ) 
4 56 66 (128 -3072 -96 ) (128 -3072 32 ) (0 -3072 32 ) (0 -3072 -96 ) 
4 57 87 (0 -3072 416 ) (0 -3072 160 ) (0 -3872 160 ) (0 -3872 416 ) 
4 57 62 (64 -3072 160 ) (96 -3072 160 ) (96 -3872 160 ) (64 -3872 160 ) 
4 57 61 (96 -3072 160 ) (128 -3072 160 ) (128 -3872 160 ) (96 -3872 160 ) 
4 57 65 (0 -3872 160 ) (0 -3072 160 ) (64 -3072 160 ) (64 -3872 160 ) 
4 58 64 (64 -3968 160 ) (96 -3968 160 ) (96 -4032 160 ) (64 -4032 160 ) 
4 58 60 (64 -3968 222 ) (64 -3968 160 ) (64 -4032 160 ) (64 -4032 222 ) 
4 58 59 (64 -3968 224 ) (64 -3968 222 ) (64 -4032 222 ) (64 -4032 224 ) 
4 59 88 (0 -3968 232 ) (0 -3968 222 ) (0 -4032 222 ) (0 -4032 232 ) 
4 59 60 (0 -3968 222 ) (64 -3968 222 ) (64 -4032 222 ) (0 -4032 222 ) 
4 60 89 (0 -3968 222 ) (0 -3968 160 ) (0 -4032 160 ) (0 -4032 222 ) 
4 60 65 (0 -4032 160 ) (0 -3968 160 ) (64 -3968 160 ) (64 -4032 160 ) 
4 61 66 (128 -3072 32 ) (128 -3296 32 ) (96 -3296 32 ) (96 -3072 32 ) 
4 61 67 (128 -3424 32 ) (128 -3712 32 ) (96 -3712 32 ) (96 -3424 32 ) 
4 61 62 (96 -3072 32 ) (96 -3872 32 ) (96 -3872 160 ) (96 -3072 160 ) 
4 62 66 (64 -3296 32 ) (64 -3072 32 ) (96 -3072 32 ) (96 -3296 32 ) 
4 62 67 (64 -3712 32 ) (64 -3424 32 ) (96 -3424 32 ) (96 -3712 32 ) 
4 62 65 (64 -3072 32 ) (64 -3872 32 ) (64 -3872 160 ) (64 -3072 160 ) 
4 63 65 (64 -3944 32 ) (64 -3960 32 ) (64 -3960 160 ) (64 -3944 160 ) 
4 64 65 (64 -3968 32 ) (64 -4032 32 ) (64 -4032 160 ) (64 -3968 160 ) 
4 65 105 (64 -4096 160 ) (0 -4096 160 ) (0 -4096 32 ) (64 -4096 32 ) 
4 65 94 (0 -4096 32 ) (0 -4096 160 ) (0 -3072 160 ) (0 -3072 32 ) 
4 65 68 (64 -4096 32 ) (0 -4096 32 ) (0 -4032 32 ) (64 -4032 32 ) 
4 65 66 (0 -3296 32 ) (0 -3072 32 ) (64 -3072 32 ) (64 -3296 32 ) 
4 65 67 (0 -3712 32 ) (0 -3424 32 ) (64 -3424 32 ) (64 -3712 32 ) 
4 66 99 (0 -3296 32 ) (0 -3072 32 ) (0 -3072 -96 ) (0 -3296 -96 ) 
4 67 99 (0 -3712 32 ) (0 -3424 32 ) (0 -3424 -96 ) (0 -3712 -96 ) 
4 68 105 (64 -4096 32 ) (0 -4096 32 ) (0 -4096 -96 ) (64 -4096 -96 ) 
4 68 102 (0 -4096 -96 ) (0 -4096 32 ) (0 -4032 32 ) (0 -4032 -96 ) 
4 69 70 (-96 -2400 448 ) (-96 -2336 448 ) (-32 -2336 448 ) (-32 -2400 448 ) 
4 70 72 (-96 -2400 416 ) (-96 -2336 416 ) (-32 -2336 416 ) (-32 -2400 416 ) 
4 71 78 (-64 -2080 160 ) (0 -2080 160 ) (0 -2112 160 ) (-64 -2112 160 ) 
4 71 72 (-64 -2112 160 ) (0 -2112 160 ) (0 -2112 416 ) (-64 -2112 416 ) 
4 72 79 (-64 -2656 160 ) (-96 -2656 160 ) (-96 -2112 160 ) (-64 -2112 160 ) 
4 72 78 (0 -2112 160 ) (0 -2656 160 ) (-64 -2656 160 ) (-64 -2112 160 ) 
4 72 74 (-96 -2112 160 ) (-96 -2656 160 ) (-96 -2656 416 ) (-96 -2112 416 ) 
4 73 91 (-96 -3072 224 ) (-96 -3072 160 ) (-64 -3072 160 ) (-64 -3072 224 ) 
4 73 90 (-64 -3072 416 ) (-96 -3072 416 ) (-96 -3072 224 ) (-64 -3072 224 ) 
4 73 87 (0 -3072 160 ) (0 -3072 416 ) (-64 -3072 416 ) (-64 -3072 160 ) 
4 73 79 (-64 -3072 160 ) (-96 -3072 160 ) (-96 -2848 160 ) (-64 -2848 160 ) 
4 73 78 (0 -2848 160 ) (0 -3072 160 ) (-64 -3072 160 ) (-64 -2848 160 ) 
4 73 76 (-96 -2848 160 ) (-96 -3072 160 ) (-96 -3072 416 ) (-96 -2848 416 ) 
4 74 80 (-128 -2080 160 ) (-96 -2080 160 ) (-96 -2656 160 ) (-128 -2656 160 ) 
4 74 75 (-128 -2080 416 ) (-128 -2080 160 ) (-128 -2656 160 ) (-128 -2656 416 ) 
4 75 82 (-320 -2112 384 ) (-320 -2112 320 ) (-320 -2624 320 ) (-320 -2624 384 ) 
4 75 80 (-320 -2656 160 ) (-320 -2080 160 ) (-128 -2080 160 ) (-128 -2656 160 ) 
4 76 93 (-320 -3072 224 ) (-320 -3072 160 ) (-96 -3072 160 ) (-96 -3072 224 ) 
4 76 90 (-96 -3072 416 ) (-320 -3072 416 ) (-320 -3072 224 ) (-96 -3072 224 ) 
4 76 83 (-320 -3072 160 ) (-320 -3072 416 ) (-320 -2848 416 ) (-320 -2848 160 ) 
4 76 81 (-320 -3072 160 ) (-320 -2848 160 ) (-96 -2848 160 ) (-96 -3072 160 ) 
4 77 78 (0 -2080 160 ) (-64 -2080 160 ) (-64 -2080 32 ) (0 -2080 32 ) 
4 78 94 (0 -3072 32 ) (0 -3072 160 ) (-64 -3072 160 ) (-64 -3072 32 ) 
4 78 84 (0 -3008 32 ) (0 -3072 32 ) (-64 -3072 32 ) (-64 -3008 32 ) 
4 78 79 (-64 -2112 32 ) (-64 -3072 32 ) (-64 -3072 160 ) (-64 -2112 160 ) 
4 79 95 (-64 -3072 160 ) (-96 -3072 160 ) (-96 -3072 32 ) (-64 -3072 32 ) 
4 79 84 (-64 -3072 32 ) (-96 -3072 32 ) (-96 -3008 32 ) (-64 -3008 32 ) 
4 79 81 (-96 -2848 32 ) (-96 -3072 32 ) (-96 -3072 160 ) (-96 -2848 160 ) 
4 79 80 (-96 -2112 32 ) (-96 -2656 32 ) (-96 -2656 160 ) (-96 -2112 160 ) 
4 81 98 (-96 -3072 160 ) (-320 -3072 160 ) (-320 -3072 32 ) (-96 -3072 32 ) 
4 81 84 (-96 -3072 32 ) (-320 -3072 32 ) (-320 -3008 32 ) (-96 -3008 32 ) 
4 81 83 (-320 -2848 32 ) (-320 -3072 32 ) (-320 -3072 160 ) (-320 -2848 160 ) 
4 83 98 (-384 -3072 160 ) (-384 -3072 32 ) (-320 -3072 32 ) (-320 -3072 160 ) 
4 83 93 (-384 -3072 224 ) (-384 -3072 160 ) (-320 -3072 160 ) (-320 -3072 224 ) 
4 83 90 (-320 -3072 416 ) (-384 -3072 416 ) (-384 -3072 224 ) (-320 -3072 224 ) 
4 83 84 (-320 -3008 32 ) (-320 -3072 32 ) (-384 -3072 32 ) (-384 -3008 32 ) 
4 84 103 (-384 -3072 32 ) (-448 -3072 32 ) (-448 -3072 -96 ) (-384 -3072 -96 ) 
4 84 100 (-256 -3072 32 ) (-384 -3072 32 ) (-384 -3072 -96 ) (-256 -3072 -96 ) 
4 84 99 (0 -3072 -96 ) (0 -3072 32 ) (-256 -3072 32 ) (-256 -3072 -96 ) 
4 85 86 (-192 -3392 448 ) (-192 -3328 448 ) (-128 -3328 448 ) (-128 -3392 448 ) 
4 86 90 (-192 -3392 416 ) (-192 -3328 416 ) (-128 -3328 416 ) (-128 -3392 416 ) 
4 87 94 (-64 -3072 160 ) (0 -3072 160 ) (0 -3872 160 ) (-64 -3872 160 ) 
4 87 91 (-64 -3072 160 ) (-64 -3872 160 ) (-64 -3872 224 ) (-64 -3072 224 ) 
4 87 90 (-64 -3872 224 ) (-64 -3872 416 ) (-64 -3072 416 ) (-64 -3072 224 ) 
4 88 92 (-64 -4032 222 ) (-64 -4032 224 ) (-64 -3968 224 ) (-64 -3968 222 ) 
4 88 89 (0 -4032 222 ) (-64 -4032 222 ) (-64 -3968 222 ) (0 -3968 222 ) 
4 89 94 (0 -3968 160 ) (0 -4032 160 ) (-64 -4032 160 ) (-64 -3968 160 ) 
4 89 92 (-64 -3968 160 ) (-64 -4032 160 ) (-64 -4032 222 ) (-64 -3968 222 ) 
4 90 93 (-384 -3072 224 ) (-96 -3072 224 ) (-96 -3872 224 ) (-384 -3872 224 ) 
4 90 91 (-96 -3072 224 ) (-64 -3072 224 ) (-64 -3872 224 ) (-96 -3872 224 ) 
4 91 95 (-96 -3072 160 ) (-64 -3072 160 ) (-64 -3872 160 ) (-96 -3872 160 ) 
4 91 93 (-96 -3072 160 ) (-96 -3872 160 ) (-96 -3872 224 ) (-96 -3072 224 ) 
4 92 97 (-64 -3968 160 ) (-64 -4032 160 ) (-96 -4032 160 ) (-96 -3968 160 ) 
4 93 98 (-384 -3072 160 ) (-96 -3072 160 ) (-96 -3872 160 ) (-384 -3872 160 ) 
4 94 117 (0 -4096 32 ) (0 -4096 160 ) (-64 -4096 160 ) (-64 -4096 32 ) 
4 94 102 (0 -4096 32 ) (-64 -4096 32 ) (-64 -4032 32 ) (0 -4032 32 ) 
4 94 99 (-64 -3712 32 ) (-64 -3072 32 ) (0 -3072 32 ) (0 -3712 32 ) 
4 94 97 (-64 -3968 32 ) (-64 -4032 32 ) (-64 -4032 160 ) (-64 -3968 160 ) 
4 94 96 (-64 -3944 32 ) (-64 -3960 32 ) (-64 -3960 160 ) (-64 -3944 160 ) 
4 94 95 (-64 -3072 32 ) (-64 -3872 32 ) (-64 -3872 160 ) (-64 -3072 160 ) 
4 95 99 (-96 -3712 32 ) (-96 -3072 32 ) (-64 -3072 32 ) (-64 -3712 32 ) 
4 95 98 (-96 -3072 32 ) (-96 -3872 32 ) (-96 -3872 160 ) (-96 -3072 160 ) 
4 98 100 (-384 -3392 32 ) (-384 -3072 32 ) (-256 -3072 32 ) (-256 -3392 32 ) 
4 98 101 (-384 -3712 32 ) (-384 -3520 32 ) (-256 -3520 32 ) (-256 -3712 32 ) 
4 98 99 (-256 -3072 32 ) (-96 -3072 32 ) (-96 -3712 32 ) (-256 -3712 32 ) 
4 99 100 (-256 -3072 -96 ) (-256 -3392 -96 ) (-256 -3392 32 ) (-256 -3072 32 ) 
4 99 101 (-256 -3520 -96 ) (-256 -3712 -96 ) (-256 -3712 32 ) (-256 -3520 32 ) 
4 100 103 (-384 -3072 -96 ) (-384 -3392 -96 ) (-384 -3392 32 ) (-384 -3072 32 ) 
4 102 117 (0 -4096 -96 ) (0 -4096 32 ) (-64 -4096 32 ) (-64 -4096 -96 ) 
4 104 116 (0 -4224 160 ) (0 -4400 160 ) (0 -4400 800 ) (0 -4224 800 ) 
4 104 109 (0 -4400 320 ) (0 -4400 160 ) (144 -4400 160 ) (144 -4400 320 ) 
4 104 108 (256 -4400 800 ) (144 -4400 800 ) (144 -4400 160 ) (256 -4400 160 ) 
4 104 106 (256 -4400 160 ) (0 -4400 160 ) (0 -4224 160 ) (256 -4224 160 ) 
4 105 117 (0 -4096 160 ) (0 -4096 -96 ) (0 -4224 -96 ) (0 -4224 160 ) 
4 105 106 (0 -4224 -96 ) (64 -4224 -96 ) (64 -4224 160 ) (0 -4224 160 ) 
4 106 118 (0 -4224 -96 ) (0 -4400 -96 ) (0 -4400 160 ) (0 -4224 160 ) 
4 106 109 (144 -4400 160 ) (0 -4400 160 ) (0 -4400 -96 ) (144 -4400 -96 ) 
4 106 108 (256 -4400 160 ) (144 -4400 160 ) (144 -4400 -96 ) (256 -4400 -96 ) 
4 106 107 (256 -4400 -96 ) (0 -4400 -96 ) (0 -4224 -96 ) (256 -4224 -96 ) 
4 107 119 (0 -4224 -864 ) (0 -4400 -864 ) (0 -4400 -96 ) (0 -4224 -96 ) 
4 107 109 (144 -4400 -96 ) (0 -4400 -96 ) (0 -4400 -864 ) (144 -4400 -864 ) 
4 107 108 (256 -4400 -96 ) (144 -4400 -96 ) (144 -4400 -864 ) (256 -4400 -864 ) 
4 108 110 (256 -4416 800 ) (144 -4416 800 ) (144 -4416 -864 ) (256 -4416 -864 ) 
4 108 109 (144 -4400 320 ) (144 -4400 -864 ) (144 -4416 -864 ) (144 -4416 320 ) 
4 109 120 (0 -4416 -864 ) (0 -4416 320 ) (0 -4400 320 ) (0 -4400 -864 ) 
4 109 112 (128 -4416 320 ) (0 -4416 320 ) (0 -4416 -864 ) (128 -4416 -864 ) 
4 109 111 (144 -4416 -864 ) (144 -4416 320 ) (128 -4416 320 ) (128 -4416 -864 ) 
4 110 115 (256 -4688 800 ) (144 -4688 800 ) (144 -4688 -864 ) (256 -4688 -864 ) 
4 110 111 (144 -4416 320 ) (144 -4416 -864 ) (144 -4688 -864 ) (144 -4688 320 ) 
4 111 115 (128 -4688 -864 ) (144 -4688 -864 ) (144 -4688 320 ) (128 -4688 320 ) 
4 111 113 (128 -4672 -864 ) (128 -4688 -864 ) (128 -4688 320 ) (128 -4672 320 ) 
4 111 112 (128 -4416 320 ) (128 -4416 -864 ) (128 -4672 -864 ) (128 -4672 320 ) 
4 112 121 (0 -4416 4592 ) (0 -4416 -864 ) (0 -4672 -864 ) (0 -4672 4592 ) 
4 112 114 (0 -4416 -864 ) (128 -4416 -864 ) (128 -4672 -864 ) (0 -4672 -864 ) 
4 112 113 (0 -4672 -864 ) (128 -4672 -864 ) (128 -4672 320 ) (0 -4672 320 ) 
4 113 123 (0 -4688 -864 ) (0 -4688 320 ) (0 -4672 320 ) (0 -4672 -864 ) 
4 113 115 (0 -4688 320 ) (0 -4688 -864 ) (128 -4688 -864 ) (128 -4688 320 ) 
4 114 124 (0 -4672 -1552 ) (0 -4672 -864 ) (0 -4416 -864 ) (0 -4416 -1552 ) 
4 115 126 (0 -4800 800 ) (0 -4688 800 ) (0 -4688 -864 ) (0 -4800 -864 ) 
4 116 125 (-144 -4400 800 ) (-256 -4400 800 ) (-256 -4400 160 ) (-144 -4400 160 ) 
4 116 120 (0 -4400 160 ) (0 -4400 320 ) (-144 -4400 320 ) (-144 -4400 160 ) 
4 116 118 (0 -4400 160 ) (-256 -4400 160 ) (-256 -4224 160 ) (0 -4224 160 ) 
4 117 118 (-64 -4224 -96 ) (0 -4224 -96 ) (0 -4224 160 ) (-64 -4224 160 ) 
4 118 125 (-144 -4400 160 ) (-256 -4400 160 ) (-256 -4400 -96 ) (-144 -4400 -96 ) 
4 118 120 (0 -4400 -96 ) (0 -4400 160 ) (-144 -4400 160 ) (-144 -4400 -96 ) 
4 118 119 (0 -4400 -96 ) (-256 -4400 -96 ) (-256 -4224 -96 ) (0 -4224 -96 ) 
4 119 125 (-144 -4400 -96 ) (-256 -4400 -96 ) (-256 -4400 -864 ) (-144 -4400 -864 ) 
4 119 120 (0 -4400 -864 ) (0 -4400 -96 ) (-144 -4400 -96 ) (-144 -4400 -864 ) 
4 120 125 (-144 -4400 320 ) (-144 -4400 -864 ) (-144 -4416 -864 ) (-144 -4416 320 ) 
4 120 122 (-144 -4416 320 ) (-144 -4416 -864 ) (-128 -4416 -864 ) (-128 -4416 320 ) 
4 120 121 (-128 -4416 -864 ) (0 -4416 -864 ) (0 -4416 320 ) (-128 -4416 320 ) 
4 121 124 (-128 -4416 -864 ) (0 -4416 -864 ) (0 -4672 -864 ) (-128 -4672 -864 ) 
4 121 123 (-128 -4672 -864 ) (0 -4672 -864 ) (0 -4672 320 ) (-128 -4672 320 ) 
4 121 122 (-128 -4416 320 ) (-128 -4416 -864 ) (-128 -4672 -864 ) (-128 -4672 320 ) 
4 122 125 (-144 -4416 320 ) (-144 -4416 -864 ) (-144 -4672 -864 ) (-144 -4672 320 ) 
4 122 123 (-144 -4672 320 ) (-144 -4672 -864 ) (-128 -4672 -864 ) (-128 -4672 320 ) 
4 123 126 (0 -4688 -864 ) (0 -4688 320 ) (-144 -4688 320 ) (-144 -4688 -864 ) 
4 123 125 (-144 -4688 -864 ) (-144 -4688 320 ) (-144 -4672 320 ) (-144 -4672 -864 ) 
4 125 126 (-256 -4688 -864 ) (-144 -4688 -864 ) (-144 -4688 800 ) (-256 -4688 800 ) 
