


Using shader api: shaderapiempty.dll
materialPath: D:\Steam\steamapps\common\Portal 2\portal2\materials
Loading d:\steam\steamapps\common\portal 2\sdk_content\maps\portal_2\kms_levels\kms_level_1.vmf
ConVarRef gpu_level doesn't point to an existing ConVar
fixing up env_cubemap materials on brush sides...
0...1...2...3...4...5...6...7...8...9...100...1...2...3...4...5...6...7...8...9...10Processing areas...done (0)
Building Faces...done (0)
Chop Details...done (0)
Find Visible Detail Sides...
Merged 460 detail faces...done (0)
Merging details...done (0)
FixTjuncs...
PruneNodes...
WriteBSP...
done (0)
writing d:\steam\steamapps\common\portal 2\sdk_content\maps\portal_2\kms_levels\kms_level_1.prt...Building visibility clusters...
done (0)
Finding displacement neighbors...
Finding lightmap sample positions...
Displacement Alpha : 0...1...2...3...4...5...6...7...8...9...10
Building Physics collision data...
done (0) (297369 bytes)
Placing detail props : 0...1...2...3...4...5...6...7...8...9...10
Compacting texture/material tables...
Reduced 1271 texinfos to 501
Reduced 64 texdatas to 58 (2077 bytes to 1921)
Writing d:\steam\steamapps\common\portal 2\sdk_content\maps\portal_2\kms_levels\kms_level_1.bsp

nummapplanes:     (  4216 / 65536 )
nummapbrushes:    (   811 /  8192 )
nummapbrushsides: (  6140 / 65536 )
num_map_overlays: (    10 /   512 )
nummodels:        (    45 /  1024 )
num_entities:     (   294 / 16384 )

0 seconds elapsed



12 threads
reading d:\steam\steamapps\common\portal 2\sdk_content\maps\portal_2\kms_levels\kms_level_1.bsp
reading d:\steam\steamapps\common\portal 2\sdk_content\maps\portal_2\kms_levels\kms_level_1.prt
 203 portalclusters
 553 numportals
0...1...2...3...4...5...6...7...8...9...100...1...2...3...4...5...6...7...8...9...10Optimized: 62 visible clusters (0.00%)
Total clusters visible: 14445
Average clusters visible: 71
Building PAS...
Average clusters audible: 141
visdatasize:9900  compressed from 12992
writing d:\steam\steamapps\common\portal 2\sdk_content\maps\portal_2\kms_levels\kms_level_1.bsp
0 seconds elapsed



[Reading texlights from 'lights.rad']
[59 texlights parsed from 'lights.rad']

Loading d:\steam\steamapps\common\portal 2\sdk_content\maps\portal_2\kms_levels\kms_level_1.bsp
1634 faces
151428 square feet [21805704.00 square inches]
0 Displacements
0 Square Feet [0.00 Square Inches]
1634 patches before subdivision
16126 patches after subdivision
47 direct lights
0...1...2
WARNING: Too many light styles on a face at (90.898872, 737.000000, 32.763119)

WARNING: Too many light styles on a face at (88.580696, 767.000000, 65.736885)
.
WARNING: Too many light styles on a face at (90.898872, 767.000000, 32.763119)

WARNING: Too many light styles on a face at (88.580696, 737.000000, 65.736885)

WARNING: Too many light styles on a face at (91.378448, 736.999939, 52.416950)

WARNING: Too many light styles on a face at (91.378448, 766.999939, 52.416950)

WARNING: Too many light styles on a face at (51.683773, 737.000000, 101.384659)

WARNING: Too many light styles on a face at (37.916958, 736.999939, 104.503448)

WARNING: Too many light styles on a face at (45.683773, 767.000000, 103.384659)
.
WARNING: Too many light styles on a face at (68.849205, 737.000000, 92.240746)

WARNING: Too many light styles on a face at (77.260063, 767.000000, 6.172673)

WARNING: Too many light styles on a face at (59.552780, 766.999939, 98.105560)

WARNING: Too many light styles on a face at (77.260063, 737.000000, 6.172673)

WARNING: Too many light styles on a face at (86.485733, 766.999939, 19.478848)

WARNING: Too many light styles on a face at (76.805519, 767.000000, 84.327324)

WARNING: Too many light styles on a face at (76.805519, 737.000000, 84.327324)

WARNING: Too many light styles on a face at (64.552788, 736.999939, 95.605560)

WARNING: Too many light styles on a face at (68.849205, 767.000000, 92.240746)

WARNING: Too many light styles on a face at (85.122108, 766.999939, 73.021133)

WARNING: Too many light styles on a face at (86.485733, 736.999939, 19.478848)

WARNING: Too many light styles on a face at (85.122108, 736.999939, 73.021133)
.
WARNING: Too many light styles on a face at (91.503448, 736.999939, 39.083042)
3
WARNING: Too many light styles on a face at (91.503448, 766.999939, 39.083042)
...4...5...6...
WARNING: Too many light styles on a face at (159.000000, 888.000000, 104.000000)

WARNING: Too many light styles on a face at (159.000000, 471.999969, 104.000000)
7
WARNING: Too many light styles on a face at (104.000000, 664.000000, 1.000000)

WARNING: Too many light styles on a face at (8.000000, 760.000000, 1.000000)

WARNING: Too many light styles on a face at (152.000000, 225.000000, 88.000000)

WARNING: Too many light styles on a face at (136.000000, 888.000000, 1.000000)
...
WARNING: Too many light styles on a face at (-24.000000, 760.000000, 1.000000)
8...9...100...1...2...3...4...5...6...7...8...9...10transfers 1514503, max 479
transfer lists:  11.6 megs
0...1...2...3...4...5...6...7...8...9...10	Bounce #1 added RGB(115161, 116266, 117923)
0...1...2...3...4...5...6...7...8...9...10	Bounce #2 added RGB(66922, 68297, 69856)
0...1...2...3...4...5...6...7...8...9...10	Bounce #3 added RGB(39098, 40336, 41587)
0...1...2...3...4...5...6...7...8...9...10	Bounce #4 added RGB(22781, 23768, 24712)
0...1...2...3...4...5...6...7...8...9...10	Bounce #5 added RGB(13295, 14035, 14724)
0...1...2...3...4...5...6...7...8...9...10	Bounce #6 added RGB(7760, 8291, 8780)
0...1...2...3...4...5...6...7...8...9...10	Bounce #7 added RGB(4535, 4906, 5247)
0...1...2...3...4...5...6...7...8...9...10	Bounce #8 added RGB(2653, 2906, 3140)
0...1...2...3...4...5...6...7...8...9...10	Bounce #9 added RGB(1553, 1724, 1882)
0...1...2...3...4...5...6...7...8...9...10	Bounce #10 added RGB(911, 1024, 1130)
0...1...2...3...4...5...6...7...8...9...10	Bounce #11 added RGB(534, 609, 680)
0...1...2...3...4...5...6...7...8...9...10	Bounce #12 added RGB(314, 362, 409)
0...1...2...3...4...5...6...7...8...9...10	Bounce #13 added RGB(185, 216, 247)
0...1...2...3...4...5...6...7...8...9...10	Bounce #14 added RGB(109, 129, 149)
0...1...2...3...4...5...6...7...8...9...10	Bounce #15 added RGB(64, 77, 90)
0...1...2...3...4...5...6...7...8...9...10	Bounce #16 added RGB(38, 46, 54)
0...1...2...3...4...5...6...7...8...9...10	Bounce #17 added RGB(22, 28, 33)
0...1...2...3...4...5...6...7...8...9...10	Bounce #18 added RGB(13, 16, 20)
0...1...2...3...4...5...6...7...8...9...10	Bounce #19 added RGB(8, 10, 12)
0...1...2...3...4...5...6...7...8...9...10	Bounce #20 added RGB(5, 6, 7)
0...1...2...3...4...5...6...7...8...9...10	Bounce #21 added RGB(3, 4, 4)
0...1...2...3...4...5...6...7...8...9...10	Bounce #22 added RGB(2, 2, 3)
0...1...2...3...4...5...6...7...8...9...10	Bounce #23 added RGB(1, 1, 2)
0...1...2...3...4...5...6...7...8...9...10	Bounce #24 added RGB(1, 1, 1)
0...1...2...3...4...5...6...7...8...9...10	Bounce #25 added RGB(0, 0, 1)
Build Patch/Sample Hash Table(s).....Done<0.0038 sec>
0...1...2...3...4...5...6...7...8...9...10FinalLightFace Done
4 of 4 (100% of) surface lights went in leaf ambient cubes.
0...1...2...3...4...5...6...7...8...9...10Writing leaf ambient...done
Ready to Finish

Object names       Objects/Maxobjs  Memory / Maxmem  Fullness 
------------       ---------------  ---------------  -------- 
models                  45/1024         2160/49152    ( 4.4%) 
brushes                811/8192         9732/98304    ( 9.9%) 
brushsides            6166/65536       49328/524288   ( 9.4%) 
planes                4216/65536       84320/1310720  ( 6.4%) 
vertexes              3133/65536       37596/786432   ( 4.8%) 
nodes                  849/65536       27168/2097152  ( 1.3%) 
texinfos               501/12288       36072/884736   ( 4.1%) 
texdata                 58/2048         1856/65536    ( 2.8%) 
dispinfos                0/0               0/0        ( 0.0%) 
disp_verts               0/0               0/0        ( 0.0%) 
disp_tris                0/0               0/0        ( 0.0%) 
disp_multiblend          0/0               0/0        ( 0.0%) 
disp_lmsamples           0/0               0/0        ( 0.0%) 
faces                 1634/65536       91504/3670016  ( 2.5%) 
hdr faces                0/65536           0/3670016  ( 0.0%) 
origfaces             1397/65536       78232/3670016  ( 2.1%) 
facebrushes            171/0             342/0        ( 0.0%) 
facebrushlists        1634/0            6536/0        ( 0.0%) 
leaves                 895/65536       28640/2097152  ( 1.4%) 
leaffaces             1973/65536        3946/131072   ( 3.0%) 
leafbrushes           1253/65536        2506/131072   ( 1.9%) 
areas                    3/256            24/2048     ( 1.2%) 
surfedges            13290/512000      53160/2048000  ( 2.6%) 
edges                 8215/256000      32860/1024000  ( 3.2%) 
LDR worldlights         47/8192         4700/819200   ( 0.6%) 
HDR worldlights          0/8192            0/819200   ( 0.0%) 
leafwaterdata            0/32768           0/393216   ( 0.0%) 
waterstrips            173/32768        1730/327680   ( 0.5%) 
waterverts               0/65536           0/786432   ( 0.0%) 
waterindices          3783/65536        7566/131072   ( 5.8%) 
cubemapsamples           5/1024           80/16384    ( 0.5%) 
overlays                10/512          3520/180224   ( 2.0%) 
LDR lightdata         [variable]     1655816/0        ( 0.0%) 
HDR lightdata         [variable]           0/0        ( 0.0%) 
visdata               [variable]        9900/16777216 ( 0.1%) 
entdata               [variable]      101052/393216   (25.7%) 
LDR ambient table      895/65536        3580/262144   ( 1.4%) 
HDR ambient table      895/65536        3580/262144   ( 1.4%) 
LDR leaf ambient      3951/65536      110628/1835008  ( 6.0%) 
HDR leaf ambient       895/65536       25060/1835008  ( 1.4%) 
occluders                0/0               0/0        ( 0.0%) 
occluder polygons        0/0               0/0        ( 0.0%) 
occluder vert ind        0/0               0/0        ( 0.0%) 
detail props          [variable]           1/12       ( 8.3%) 
static props          [variable]           1/10874    ( 0.0%) 
pakfile               [variable]      449918/0        ( 0.0%) 
physics               [variable]      297369/4194304  ( 7.1%) 
physics terrain       [variable]           2/1048576  ( 0.0%) 

Level flags = 0

Total triangle count: 4440
Writing d:\steam\steamapps\common\portal 2\sdk_content\maps\portal_2\kms_levels\kms_level_1.bsp
3 seconds elapsed
