


Using shader api: shaderapiempty.dll
materialPath: D:\Steam\steamapps\common\Portal 2\portal2\materials
Loading d:\steam\steamapps\common\portal 2\sdk_content\maps\portal_2\kms_levels\kms_level_3.vmf
ConVarRef gpu_level doesn't point to an existing ConVar
fixing up env_cubemap materials on brush sides...
0...1...2...3...4...5...6...7...8...9...100...1...2...3...4...5...6...7...8...9...10Processing areas...done (0)
Building Faces...done (0)
Chop Details...done (0)
Find Visible Detail Sides...
Merged 528 detail faces...done (0)
Merging details...done (0)
FixTjuncs...
PruneNodes...
WriteBSP...
done (0)
writing d:\steam\steamapps\common\portal 2\sdk_content\maps\portal_2\kms_levels\kms_level_3.prt...Building visibility clusters...
done (0)
Finding displacement neighbors...
Finding lightmap sample positions...
Displacement Alpha : 0...1...2...3...4...5...6...7...8...9...10
Building Physics collision data...
done (0) (336761 bytes)
Placing detail props : 0...1...2...3...4...5...6...7...8...9...10
Compacting texture/material tables...
Reduced 1411 texinfos to 588
Reduced 39 texdatas to 36 (1106 bytes to 1029)
Writing d:\steam\steamapps\common\portal 2\sdk_content\maps\portal_2\kms_levels\kms_level_3.bsp

nummapplanes:     (  5464 / 65536 )
nummapbrushes:    (   908 /  8192 )
nummapbrushsides: (  7375 / 65536 )
num_map_overlays: (     2 /   512 )
nummodels:        (    30 /  1024 )
num_entities:     (   278 / 16384 )

1 second elapsed



12 threads
reading d:\steam\steamapps\common\portal 2\sdk_content\maps\portal_2\kms_levels\kms_level_3.bsp
reading d:\steam\steamapps\common\portal 2\sdk_content\maps\portal_2\kms_levels\kms_level_3.prt
  92 portalclusters
 193 numportals
0...1...2...3...4...5...6...7...8...9...100...1...2...3...4...5...6...7...8...9...10Optimized: 12 visible clusters (0.00%)
Total clusters visible: 3758
Average clusters visible: 40
Building PAS...
Average clusters audible: 75
visdatasize:2890  compressed from 2944
writing d:\steam\steamapps\common\portal 2\sdk_content\maps\portal_2\kms_levels\kms_level_3.bsp
0 seconds elapsed



[Reading texlights from 'lights.rad']
[59 texlights parsed from 'lights.rad']

Loading d:\steam\steamapps\common\portal 2\sdk_content\maps\portal_2\kms_levels\kms_level_3.bsp
1592 faces
209742 square feet [30202940.00 square inches]
0 Displacements
0 Square Feet [0.00 Square Inches]
1592 patches before subdivision
19848 patches after subdivision
56 direct lights
0...1...2...3...4...5...6...7...8...9...100...1...2...3...4...5...6...7...8...9...10transfers 2001257, max 489
transfer lists:  15.3 megs
0...1...2...3...4...5...6...7...8...9...10	Bounce #1 added RGB(145199, 145647, 145198)
0...1...2...3...4...5...6...7...8...9...10	Bounce #2 added RGB(89934, 90216, 89601)
0...1...2...3...4...5...6...7...8...9...10	Bounce #3 added RGB(55675, 55898, 55296)
0...1...2...3...4...5...6...7...8...9...10	Bounce #4 added RGB(34588, 34768, 34252)
0...1...2...3...4...5...6...7...8...9...10	Bounce #5 added RGB(21529, 21670, 21257)
0...1...2...3...4...5...6...7...8...9...10	Bounce #6 added RGB(13428, 13536, 13219)
0...1...2...3...4...5...6...7...8...9...10	Bounce #7 added RGB(8392, 8472, 8236)
0...1...2...3...4...5...6...7...8...9...10	Bounce #8 added RGB(5254, 5312, 5140)
0...1...2...3...4...5...6...7...8...9...10	Bounce #9 added RGB(3295, 3337, 3213)
0...1...2...3...4...5...6...7...8...9...10	Bounce #10 added RGB(2070, 2100, 2012)
0...1...2...3...4...5...6...7...8...9...10	Bounce #11 added RGB(1302, 1323, 1261)
0...1...2...3...4...5...6...7...8...9...10	Bounce #12 added RGB(820, 835, 792)
0...1...2...3...4...5...6...7...8...9...10	Bounce #13 added RGB(518, 528, 498)
0...1...2...3...4...5...6...7...8...9...10	Bounce #14 added RGB(327, 334, 313)
0...1...2...3...4...5...6...7...8...9...10	Bounce #15 added RGB(207, 211, 197)
0...1...2...3...4...5...6...7...8...9...10	Bounce #16 added RGB(131, 134, 124)
0...1...2...3...4...5...6...7...8...9...10	Bounce #17 added RGB(83, 85, 79)
0...1...2...3...4...5...6...7...8...9...10	Bounce #18 added RGB(53, 54, 50)
0...1...2...3...4...5...6...7...8...9...10	Bounce #19 added RGB(33, 34, 31)
0...1...2...3...4...5...6...7...8...9...10	Bounce #20 added RGB(21, 22, 20)
0...1...2...3...4...5...6...7...8...9...10	Bounce #21 added RGB(13, 14, 13)
0...1...2...3...4...5...6...7...8...9...10	Bounce #22 added RGB(9, 9, 8)
0...1...2...3...4...5...6...7...8...9...10	Bounce #23 added RGB(5, 6, 5)
0...1...2...3...4...5...6...7...8...9...10	Bounce #24 added RGB(3, 4, 3)
0...1...2...3...4...5...6...7...8...9...10	Bounce #25 added RGB(2, 2, 2)
0...1...2...3...4...5...6...7...8...9...10	Bounce #26 added RGB(1, 1, 1)
0...1...2...3...4...5...6...7...8...9...10	Bounce #27 added RGB(1, 1, 1)
Build Patch/Sample Hash Table(s).....Done<0.0032 sec>
0...1...2...3...4...5...6...7...8...9...10FinalLightFace Done
8 of 8 (100% of) surface lights went in leaf ambient cubes.
0...1...2...3...4...5...6...7...8...9...10Writing leaf ambient...done
Ready to Finish

Object names       Objects/Maxobjs  Memory / Maxmem  Fullness 
------------       ---------------  ---------------  -------- 
models                  30/1024         1440/49152    ( 2.9%) 
brushes                908/8192        10896/98304    (11.1%) 
brushsides            7428/65536       59424/524288   (11.3%) 
planes                5464/65536      109280/1310720  ( 8.3%) 
vertexes              3018/65536       36216/786432   ( 4.6%) 
nodes                  617/65536       19744/2097152  ( 0.9%) 
texinfos               588/12288       42336/884736   ( 4.8%) 
texdata                 36/2048         1152/65536    ( 1.8%) 
dispinfos                0/0               0/0        ( 0.0%) 
disp_verts               0/0               0/0        ( 0.0%) 
disp_tris                0/0               0/0        ( 0.0%) 
disp_multiblend          0/0               0/0        ( 0.0%) 
disp_lmsamples           0/0               0/0        ( 0.0%) 
faces                 1592/65536       89152/3670016  ( 2.4%) 
hdr faces                0/65536           0/3670016  ( 0.0%) 
origfaces             1411/65536       79016/3670016  ( 2.2%) 
facebrushes            199/0             398/0        ( 0.0%) 
facebrushlists        1592/0            6368/0        ( 0.0%) 
leaves                 648/65536       20736/2097152  ( 1.0%) 
leaffaces             1740/65536        3480/131072   ( 2.7%) 
leafbrushes           1356/65536        2712/131072   ( 2.1%) 
areas                    3/256            24/2048     ( 1.2%) 
surfedges            13110/512000      52440/2048000  ( 2.6%) 
edges                 7869/256000      31476/1024000  ( 3.1%) 
LDR worldlights         56/8192         5600/819200   ( 0.7%) 
HDR worldlights          0/8192            0/819200   ( 0.0%) 
leafwaterdata            0/32768           0/393216   ( 0.0%) 
waterstrips            151/32768        1510/327680   ( 0.5%) 
waterverts               0/65536           0/786432   ( 0.0%) 
waterindices          3381/65536        6762/131072   ( 5.2%) 
cubemapsamples           2/1024           32/16384    ( 0.2%) 
overlays                 2/512           704/180224   ( 0.4%) 
LDR lightdata         [variable]     1240324/0        ( 0.0%) 
HDR lightdata         [variable]           0/0        ( 0.0%) 
visdata               [variable]        2890/16777216 ( 0.0%) 
entdata               [variable]       86787/393216   (22.1%) 
LDR ambient table      648/65536        2592/262144   ( 1.0%) 
HDR ambient table      648/65536        2592/262144   ( 1.0%) 
LDR leaf ambient      2386/65536       66808/1835008  ( 3.6%) 
HDR leaf ambient       648/65536       18144/1835008  ( 1.0%) 
occluders                0/0               0/0        ( 0.0%) 
occluder polygons        0/0               0/0        ( 0.0%) 
occluder vert ind        0/0               0/0        ( 0.0%) 
detail props          [variable]           1/12       ( 8.3%) 
static props          [variable]           1/14228    ( 0.0%) 
pakfile               [variable]      224278/0        ( 0.0%) 
physics               [variable]      336761/4194304  ( 8.0%) 
physics terrain       [variable]           2/1048576  ( 0.0%) 

Level flags = 0

Total triangle count: 4283
Writing d:\steam\steamapps\common\portal 2\sdk_content\maps\portal_2\kms_levels\kms_level_3.bsp
4 seconds elapsed



Using shader api: shaderapiempty.dll
materialPath: D:\Steam\steamapps\common\Portal 2\portal2\materials
Loading d:\steam\steamapps\common\portal 2\sdk_content\maps\portal_2\kms_levels\kms_level_3.vmf
ConVarRef gpu_level doesn't point to an existing ConVar
fixing up env_cubemap materials on brush sides...
0...1...2...3...4...5...6...7...8...9...100...1...2...3...4...5...6...7...8...9...10Processing areas...done (0)
Building Faces...done (0)
Chop Details...done (0)
Find Visible Detail Sides...
Merged 528 detail faces...done (0)
Merging details...done (0)
FixTjuncs...
PruneNodes...
WriteBSP...
done (0)
writing d:\steam\steamapps\common\portal 2\sdk_content\maps\portal_2\kms_levels\kms_level_3.prt...Building visibility clusters...
done (0)
Finding displacement neighbors...
Finding lightmap sample positions...
Displacement Alpha : 0...1...2...3...4...5...6...7...8...9...10
Building Physics collision data...
done (0) (336761 bytes)
Placing detail props : 0...1...2...3...4...5...6...7...8...9...10
Compacting texture/material tables...
Reduced 1411 texinfos to 588
Reduced 39 texdatas to 36 (1106 bytes to 1029)
Writing d:\steam\steamapps\common\portal 2\sdk_content\maps\portal_2\kms_levels\kms_level_3.bsp

nummapplanes:     (  5464 / 65536 )
nummapbrushes:    (   908 /  8192 )
nummapbrushsides: (  7375 / 65536 )
num_map_overlays: (     2 /   512 )
nummodels:        (    30 /  1024 )
num_entities:     (   279 / 16384 )

1 second elapsed



12 threads
reading d:\steam\steamapps\common\portal 2\sdk_content\maps\portal_2\kms_levels\kms_level_3.bsp
reading d:\steam\steamapps\common\portal 2\sdk_content\maps\portal_2\kms_levels\kms_level_3.prt
  92 portalclusters
 193 numportals
0...1...2...3...4...5...6...7...8...9...100...1...2...3...4...5...6...7...8...9...10Optimized: 12 visible clusters (0.00%)
Total clusters visible: 3758
Average clusters visible: 40
Building PAS...
Average clusters audible: 75
visdatasize:2890  compressed from 2944
writing d:\steam\steamapps\common\portal 2\sdk_content\maps\portal_2\kms_levels\kms_level_3.bsp
0 seconds elapsed



[Reading texlights from 'lights.rad']
[59 texlights parsed from 'lights.rad']

Loading d:\steam\steamapps\common\portal 2\sdk_content\maps\portal_2\kms_levels\kms_level_3.bsp
1592 faces
209742 square feet [30202940.00 square inches]
0 Displacements
0 Square Feet [0.00 Square Inches]
1592 patches before subdivision
19848 patches after subdivision
56 direct lights
0...1...2...3...4...5...6...7...8...9...100...1...2...3...4...5...6...7...8...9...10transfers 2001257, max 489
transfer lists:  15.3 megs
0...1...2...3...4...5...6...7...8...9...10	Bounce #1 added RGB(145198, 145647, 145198)
0...1...2...3...4...5...6...7...8...9...10	Bounce #2 added RGB(89934, 90216, 89601)
0...1...2...3...4...5...6...7...8...9...10	Bounce #3 added RGB(55675, 55898, 55295)
0...1...2...3...4...5...6...7...8...9...10	Bounce #4 added RGB(34588, 34768, 34252)
0...1...2...3...4...5...6...7...8...9...10	Bounce #5 added RGB(21529, 21670, 21257)
0...1...2...3...4...5...6...7...8...9...10	Bounce #6 added RGB(13428, 13536, 13219)
0...1...2...3...4...5...6...7...8...9...10	Bounce #7 added RGB(8392, 8472, 8236)
0...1...2...3...4...5...6...7...8...9...10	Bounce #8 added RGB(5254, 5312, 5140)
0...1...2...3...4...5...6...7...8...9...10	Bounce #9 added RGB(3295, 3337, 3213)
0...1...2...3...4...5...6...7...8...9...10	Bounce #10 added RGB(2070, 2100, 2012)
0...1...2...3...4...5...6...7...8...9...10	Bounce #11 added RGB(1302, 1323, 1261)
0...1...2...3...4...5...6...7...8...9...10	Bounce #12 added RGB(820, 835, 792)
0...1...2...3...4...5...6...7...8...9...10	Bounce #13 added RGB(518, 528, 498)
0...1...2...3...4...5...6...7...8...9...10	Bounce #14 added RGB(327, 334, 313)
0...1...2...3...4...5...6...7...8...9...10	Bounce #15 added RGB(207, 211, 197)
0...1...2...3...4...5...6...7...8...9...10	Bounce #16 added RGB(131, 134, 124)
0...1...2...3...4...5...6...7...8...9...10	Bounce #17 added RGB(83, 85, 79)
0...1...2...3...4...5...6...7...8...9...10	Bounce #18 added RGB(53, 54, 50)
0...1...2...3...4...5...6...7...8...9...10	Bounce #19 added RGB(33, 34, 31)
0...1...2...3...4...5...6...7...8...9...10	Bounce #20 added RGB(21, 22, 20)
0...1...2...3...4...5...6...7...8...9...10	Bounce #21 added RGB(13, 14, 13)
0...1...2...3...4...5...6...7...8...9...10	Bounce #22 added RGB(9, 9, 8)
0...1...2...3...4...5...6...7...8...9...10	Bounce #23 added RGB(5, 6, 5)
0...1...2...3...4...5...6...7...8...9...10	Bounce #24 added RGB(3, 4, 3)
0...1...2...3...4...5...6...7...8...9...10	Bounce #25 added RGB(2, 2, 2)
0...1...2...3...4...5...6...7...8...9...10	Bounce #26 added RGB(1, 1, 1)
0...1...2...3...4...5...6...7...8...9...10	Bounce #27 added RGB(1, 1, 1)
Build Patch/Sample Hash Table(s).....Done<0.0037 sec>
0...1...2...3...4...5...6...7...8...9...10FinalLightFace Done
8 of 8 (100% of) surface lights went in leaf ambient cubes.
0...1...2...3...4...5...6...7...8...9...10Writing leaf ambient...done
Ready to Finish

Object names       Objects/Maxobjs  Memory / Maxmem  Fullness 
------------       ---------------  ---------------  -------- 
models                  30/1024         1440/49152    ( 2.9%) 
brushes                908/8192        10896/98304    (11.1%) 
brushsides            7428/65536       59424/524288   (11.3%) 
planes                5464/65536      109280/1310720  ( 8.3%) 
vertexes              3018/65536       36216/786432   ( 4.6%) 
nodes                  617/65536       19744/2097152  ( 0.9%) 
texinfos               588/12288       42336/884736   ( 4.8%) 
texdata                 36/2048         1152/65536    ( 1.8%) 
dispinfos                0/0               0/0        ( 0.0%) 
disp_verts               0/0               0/0        ( 0.0%) 
disp_tris                0/0               0/0        ( 0.0%) 
disp_multiblend          0/0               0/0        ( 0.0%) 
disp_lmsamples           0/0               0/0        ( 0.0%) 
faces                 1592/65536       89152/3670016  ( 2.4%) 
hdr faces                0/65536           0/3670016  ( 0.0%) 
origfaces             1411/65536       79016/3670016  ( 2.2%) 
facebrushes            199/0             398/0        ( 0.0%) 
facebrushlists        1592/0            6368/0        ( 0.0%) 
leaves                 648/65536       20736/2097152  ( 1.0%) 
leaffaces             1740/65536        3480/131072   ( 2.7%) 
leafbrushes           1356/65536        2712/131072   ( 2.1%) 
areas                    3/256            24/2048     ( 1.2%) 
surfedges            13110/512000      52440/2048000  ( 2.6%) 
edges                 7869/256000      31476/1024000  ( 3.1%) 
LDR worldlights         56/8192         5600/819200   ( 0.7%) 
HDR worldlights          0/8192            0/819200   ( 0.0%) 
leafwaterdata            0/32768           0/393216   ( 0.0%) 
waterstrips            151/32768        1510/327680   ( 0.5%) 
waterverts               0/65536           0/786432   ( 0.0%) 
waterindices          3381/65536        6762/131072   ( 5.2%) 
cubemapsamples           2/1024           32/16384    ( 0.2%) 
overlays                 2/512           704/180224   ( 0.4%) 
LDR lightdata         [variable]     1240324/0        ( 0.0%) 
HDR lightdata         [variable]           0/0        ( 0.0%) 
visdata               [variable]        2890/16777216 ( 0.0%) 
entdata               [variable]       87040/393216   (22.1%) 
LDR ambient table      648/65536        2592/262144   ( 1.0%) 
HDR ambient table      648/65536        2592/262144   ( 1.0%) 
LDR leaf ambient      2386/65536       66808/1835008  ( 3.6%) 
HDR leaf ambient       648/65536       18144/1835008  ( 1.0%) 
occluders                0/0               0/0        ( 0.0%) 
occluder polygons        0/0               0/0        ( 0.0%) 
occluder vert ind        0/0               0/0        ( 0.0%) 
detail props          [variable]           1/12       ( 8.3%) 
static props          [variable]           1/14228    ( 0.0%) 
pakfile               [variable]      224278/0        ( 0.0%) 
physics               [variable]      336761/4194304  ( 8.0%) 
physics terrain       [variable]           2/1048576  ( 0.0%) 

Level flags = 0

Total triangle count: 4283
Writing d:\steam\steamapps\common\portal 2\sdk_content\maps\portal_2\kms_levels\kms_level_3.bsp
4 seconds elapsed



Using shader api: shaderapiempty.dll
materialPath: D:\Steam\steamapps\common\Portal 2\portal2\materials
Loading d:\steam\steamapps\common\portal 2\sdk_content\maps\portal_2\kms_levels\kms_level_3.vmf
ConVarRef gpu_level doesn't point to an existing ConVar
fixing up env_cubemap materials on brush sides...
0...1...2...3...4...5...6...7...8...9...100...1...2...3...4...5...6...7...8...9...10Processing areas...done (0)
Building Faces...done (0)
Chop Details...done (0)
Find Visible Detail Sides...
Merged 528 detail faces...done (0)
Merging details...done (0)
FixTjuncs...
PruneNodes...
WriteBSP...
done (0)
writing d:\steam\steamapps\common\portal 2\sdk_content\maps\portal_2\kms_levels\kms_level_3.prt...Building visibility clusters...
done (0)
Finding displacement neighbors...
Finding lightmap sample positions...
Displacement Alpha : 0...1...2...3...4...5...6...7...8...9...10
Building Physics collision data...
done (0) (336761 bytes)
Placing detail props : 0...1...2...3...4...5...6...7...8...9...10
Compacting texture/material tables...
Reduced 1411 texinfos to 588
Reduced 39 texdatas to 36 (1106 bytes to 1029)
Writing d:\steam\steamapps\common\portal 2\sdk_content\maps\portal_2\kms_levels\kms_level_3.bsp

nummapplanes:     (  5464 / 65536 )
nummapbrushes:    (   908 /  8192 )
nummapbrushsides: (  7375 / 65536 )
num_map_overlays: (     2 /   512 )
nummodels:        (    30 /  1024 )
num_entities:     (   279 / 16384 )

0 seconds elapsed



12 threads
reading d:\steam\steamapps\common\portal 2\sdk_content\maps\portal_2\kms_levels\kms_level_3.bsp
reading d:\steam\steamapps\common\portal 2\sdk_content\maps\portal_2\kms_levels\kms_level_3.prt
  92 portalclusters
 193 numportals
0...1...2...3...4...5...6...7...8...9...100...1...2...3...4...5...6...7...8...9...10Optimized: 16 visible clusters (0.00%)
Total clusters visible: 3762
Average clusters visible: 40
Building PAS...
Average clusters audible: 75
visdatasize:2890  compressed from 2944
writing d:\steam\steamapps\common\portal 2\sdk_content\maps\portal_2\kms_levels\kms_level_3.bsp
0 seconds elapsed



[Reading texlights from 'lights.rad']
[59 texlights parsed from 'lights.rad']

Loading d:\steam\steamapps\common\portal 2\sdk_content\maps\portal_2\kms_levels\kms_level_3.bsp
1592 faces
209742 square feet [30202940.00 square inches]
0 Displacements
0 Square Feet [0.00 Square Inches]
1592 patches before subdivision
19848 patches after subdivision
56 direct lights
0...1...2...3...4...5...6...7...8...9...100...1...2...3...4...5...6...7...8...9...10transfers 2001257, max 489
transfer lists:  15.3 megs
0...1...2...3...4...5...6...7...8...9...10	Bounce #1 added RGB(145199, 145647, 145198)
0...1...2...3...4...5...6...7...8...9...10	Bounce #2 added RGB(89934, 90216, 89601)
0...1...2...3...4...5...6...7...8...9...10	Bounce #3 added RGB(55675, 55898, 55296)
0...1...2...3...4...5...6...7...8...9...10	Bounce #4 added RGB(34588, 34768, 34252)
0...1...2...3...4...5...6...7...8...9...10	Bounce #5 added RGB(21529, 21670, 21257)
0...1...2...3...4...5...6...7...8...9...10	Bounce #6 added RGB(13428, 13536, 13219)
0...1...2...3...4...5...6...7...8...9...10	Bounce #7 added RGB(8392, 8472, 8236)
0...1...2...3...4...5...6...7...8...9...10	Bounce #8 added RGB(5254, 5312, 5140)
0...1...2...3...4...5...6...7...8...9...10	Bounce #9 added RGB(3295, 3337, 3213)
0...1...2...3...4...5...6...7...8...9...10	Bounce #10 added RGB(2070, 2100, 2012)
0...1...2...3...4...5...6...7...8...9...10	Bounce #11 added RGB(1302, 1323, 1261)
0...1...2...3...4...5...6...7...8...9...10	Bounce #12 added RGB(820, 835, 792)
0...1...2...3...4...5...6...7...8...9...10	Bounce #13 added RGB(518, 528, 498)
0...1...2...3...4...5...6...7...8...9...10	Bounce #14 added RGB(327, 334, 313)
0...1...2...3...4...5...6...7...8...9...10	Bounce #15 added RGB(207, 211, 197)
0...1...2...3...4...5...6...7...8...9...10	Bounce #16 added RGB(131, 134, 124)
0...1...2...3...4...5...6...7...8...9...10	Bounce #17 added RGB(83, 85, 79)
0...1...2...3...4...5...6...7...8...9...10	Bounce #18 added RGB(53, 54, 50)
0...1...2...3...4...5...6...7...8...9...10	Bounce #19 added RGB(33, 34, 31)
0...1...2...3...4...5...6...7...8...9...10	Bounce #20 added RGB(21, 22, 20)
0...1...2...3...4...5...6...7...8...9...10	Bounce #21 added RGB(13, 14, 13)
0...1...2...3...4...5...6...7...8...9...10	Bounce #22 added RGB(9, 9, 8)
0...1...2...3...4...5...6...7...8...9...10	Bounce #23 added RGB(5, 6, 5)
0...1...2...3...4...5...6...7...8...9...10	Bounce #24 added RGB(3, 4, 3)
0...1...2...3...4...5...6...7...8...9...10	Bounce #25 added RGB(2, 2, 2)
0...1...2...3...4...5...6...7...8...9...10	Bounce #26 added RGB(1, 1, 1)
0...1...2...3...4...5...6...7...8...9...10	Bounce #27 added RGB(1, 1, 1)
Build Patch/Sample Hash Table(s).....Done<0.0034 sec>
0...1...2...3...4...5...6...7...8...9...10FinalLightFace Done
8 of 8 (100% of) surface lights went in leaf ambient cubes.
0...1...2...3...4...5...6...7...8...9...10Writing leaf ambient...done
Ready to Finish

Object names       Objects/Maxobjs  Memory / Maxmem  Fullness 
------------       ---------------  ---------------  -------- 
models                  30/1024         1440/49152    ( 2.9%) 
brushes                908/8192        10896/98304    (11.1%) 
brushsides            7428/65536       59424/524288   (11.3%) 
planes                5464/65536      109280/1310720  ( 8.3%) 
vertexes              3018/65536       36216/786432   ( 4.6%) 
nodes                  617/65536       19744/2097152  ( 0.9%) 
texinfos               588/12288       42336/884736   ( 4.8%) 
texdata                 36/2048         1152/65536    ( 1.8%) 
dispinfos                0/0               0/0        ( 0.0%) 
disp_verts               0/0               0/0        ( 0.0%) 
disp_tris                0/0               0/0        ( 0.0%) 
disp_multiblend          0/0               0/0        ( 0.0%) 
disp_lmsamples           0/0               0/0        ( 0.0%) 
faces                 1592/65536       89152/3670016  ( 2.4%) 
hdr faces                0/65536           0/3670016  ( 0.0%) 
origfaces             1411/65536       79016/3670016  ( 2.2%) 
facebrushes            199/0             398/0        ( 0.0%) 
facebrushlists        1592/0            6368/0        ( 0.0%) 
leaves                 648/65536       20736/2097152  ( 1.0%) 
leaffaces             1740/65536        3480/131072   ( 2.7%) 
leafbrushes           1356/65536        2712/131072   ( 2.1%) 
areas                    3/256            24/2048     ( 1.2%) 
surfedges            13110/512000      52440/2048000  ( 2.6%) 
edges                 7869/256000      31476/1024000  ( 3.1%) 
LDR worldlights         56/8192         5600/819200   ( 0.7%) 
HDR worldlights          0/8192            0/819200   ( 0.0%) 
leafwaterdata            0/32768           0/393216   ( 0.0%) 
waterstrips            151/32768        1510/327680   ( 0.5%) 
waterverts               0/65536           0/786432   ( 0.0%) 
waterindices          3381/65536        6762/131072   ( 5.2%) 
cubemapsamples           2/1024           32/16384    ( 0.2%) 
overlays                 2/512           704/180224   ( 0.4%) 
LDR lightdata         [variable]     1240324/0        ( 0.0%) 
HDR lightdata         [variable]           0/0        ( 0.0%) 
visdata               [variable]        2890/16777216 ( 0.0%) 
entdata               [variable]       87079/393216   (22.1%) 
LDR ambient table      648/65536        2592/262144   ( 1.0%) 
HDR ambient table      648/65536        2592/262144   ( 1.0%) 
LDR leaf ambient      2386/65536       66808/1835008  ( 3.6%) 
HDR leaf ambient       648/65536       18144/1835008  ( 1.0%) 
occluders                0/0               0/0        ( 0.0%) 
occluder polygons        0/0               0/0        ( 0.0%) 
occluder vert ind        0/0               0/0        ( 0.0%) 
detail props          [variable]           1/12       ( 8.3%) 
static props          [variable]           1/14228    ( 0.0%) 
pakfile               [variable]      224278/0        ( 0.0%) 
physics               [variable]      336761/4194304  ( 8.0%) 
physics terrain       [variable]           2/1048576  ( 0.0%) 

Level flags = 0

Total triangle count: 4283
Writing d:\steam\steamapps\common\portal 2\sdk_content\maps\portal_2\kms_levels\kms_level_3.bsp
4 seconds elapsed



Using shader api: shaderapiempty.dll
materialPath: D:\Steam\steamapps\common\Portal 2\portal2\materials
Loading d:\steam\steamapps\common\portal 2\sdk_content\maps\portal_2\kms_levels\kms_level_3.vmf
ConVarRef gpu_level doesn't point to an existing ConVar
fixing up env_cubemap materials on brush sides...
0...1...2...3...4...5...6...7...8...9...100...1...2...3...4...5...6...7...8...9...10Processing areas...done (0)
Building Faces...done (0)
Chop Details...done (0)
Find Visible Detail Sides...
Merged 528 detail faces...done (0)
Merging details...done (0)
FixTjuncs...
PruneNodes...
WriteBSP...
done (0)
writing d:\steam\steamapps\common\portal 2\sdk_content\maps\portal_2\kms_levels\kms_level_3.prt...Building visibility clusters...
done (0)
Finding displacement neighbors...
Finding lightmap sample positions...
Displacement Alpha : 0...1...2...3...4...5...6...7...8...9...10
Building Physics collision data...
done (0) (337317 bytes)
Placing detail props : 0...1...2...3...4...5...6...7...8...9...10
Compacting texture/material tables...
Reduced 1418 texinfos to 595
Reduced 40 texdatas to 37 (1134 bytes to 1057)
Writing d:\steam\steamapps\common\portal 2\sdk_content\maps\portal_2\kms_levels\kms_level_3.bsp

nummapplanes:     (  5482 / 65536 )
nummapbrushes:    (   909 /  8192 )
nummapbrushsides: (  7381 / 65536 )
num_map_overlays: (     3 /   512 )
nummodels:        (    31 /  1024 )
num_entities:     (   281 / 16384 )

1 second elapsed



12 threads
reading d:\steam\steamapps\common\portal 2\sdk_content\maps\portal_2\kms_levels\kms_level_3.bsp
reading d:\steam\steamapps\common\portal 2\sdk_content\maps\portal_2\kms_levels\kms_level_3.prt
  92 portalclusters
 193 numportals
0...1...2...3...4...5...6...7...8...9...100...1...2...3...4...5...6...7...8...9...10Optimized: 12 visible clusters (0.00%)
Total clusters visible: 3758
Average clusters visible: 40
Building PAS...
Average clusters audible: 75
visdatasize:2890  compressed from 2944
writing d:\steam\steamapps\common\portal 2\sdk_content\maps\portal_2\kms_levels\kms_level_3.bsp
0 seconds elapsed



[Reading texlights from 'lights.rad']
[59 texlights parsed from 'lights.rad']

Loading d:\steam\steamapps\common\portal 2\sdk_content\maps\portal_2\kms_levels\kms_level_3.bsp
1599 faces
230080 square feet [33131580.00 square inches]
0 Displacements
0 Square Feet [0.00 Square Inches]
1599 patches before subdivision
19861 patches after subdivision
56 direct lights
0...1...2...3...4...5...6...7...8...9...100...1...2...3...4...5...6...7...8...9...10transfers 2002430, max 480
transfer lists:  15.3 megs
0...1...2...3...4...5...6...7...8...9...10	Bounce #1 added RGB(145215, 145664, 145215)
0...1...2...3...4...5...6...7...8...9...10	Bounce #2 added RGB(89964, 90246, 89630)
0...1...2...3...4...5...6...7...8...9...10	Bounce #3 added RGB(55699, 55922, 55319)
0...1...2...3...4...5...6...7...8...9...10	Bounce #4 added RGB(34605, 34785, 34269)
0...1...2...3...4...5...6...7...8...9...10	Bounce #5 added RGB(21540, 21681, 21268)
0...1...2...3...4...5...6...7...8...9...10	Bounce #6 added RGB(13435, 13543, 13226)
0...1...2...3...4...5...6...7...8...9...10	Bounce #7 added RGB(8396, 8476, 8240)
0...1...2...3...4...5...6...7...8...9...10	Bounce #8 added RGB(5257, 5315, 5143)
0...1...2...3...4...5...6...7...8...9...10	Bounce #9 added RGB(3297, 3339, 3215)
0...1...2...3...4...5...6...7...8...9...10	Bounce #10 added RGB(2071, 2101, 2013)
0...1...2...3...4...5...6...7...8...9...10	Bounce #11 added RGB(1303, 1324, 1262)
0...1...2...3...4...5...6...7...8...9...10	Bounce #12 added RGB(821, 835, 792)
0...1...2...3...4...5...6...7...8...9...10	Bounce #13 added RGB(518, 528, 498)
0...1...2...3...4...5...6...7...8...9...10	Bounce #14 added RGB(327, 334, 313)
0...1...2...3...4...5...6...7...8...9...10	Bounce #15 added RGB(207, 212, 198)
0...1...2...3...4...5...6...7...8...9...10	Bounce #16 added RGB(131, 134, 125)
0...1...2...3...4...5...6...7...8...9...10	Bounce #17 added RGB(83, 85, 79)
0...1...2...3...4...5...6...7...8...9...10	Bounce #18 added RGB(53, 54, 50)
0...1...2...3...4...5...6...7...8...9...10	Bounce #19 added RGB(33, 34, 31)
0...1...2...3...4...5...6...7...8...9...10	Bounce #20 added RGB(21, 22, 20)
0...1...2...3...4...5...6...7...8...9...10	Bounce #21 added RGB(13, 14, 13)
0...1...2...3...4...5...6...7...8...9...10	Bounce #22 added RGB(9, 9, 8)
0...1...2...3...4...5...6...7...8...9...10	Bounce #23 added RGB(5, 6, 5)
0...1...2...3...4...5...6...7...8...9...10	Bounce #24 added RGB(3, 4, 3)
0...1...2...3...4...5...6...7...8...9...10	Bounce #25 added RGB(2, 2, 2)
0...1...2...3...4...5...6...7...8...9...10	Bounce #26 added RGB(1, 1, 1)
0...1...2...3...4...5...6...7...8...9...10	Bounce #27 added RGB(1, 1, 1)
Build Patch/Sample Hash Table(s).....Done<0.0031 sec>
0...1...2...3...4...5...6...7...8...9...10FinalLightFace Done
8 of 8 (100% of) surface lights went in leaf ambient cubes.
0...1...2...3...4...5...6...7...8...9...10Writing leaf ambient...done
Ready to Finish

Object names       Objects/Maxobjs  Memory / Maxmem  Fullness 
------------       ---------------  ---------------  -------- 
models                  31/1024         1488/49152    ( 3.0%) 
brushes                909/8192        10908/98304    (11.1%) 
brushsides            7434/65536       59472/524288   (11.3%) 
planes                5482/65536      109640/1310720  ( 8.4%) 
vertexes              3028/65536       36336/786432   ( 4.6%) 
nodes                  623/65536       19936/2097152  ( 1.0%) 
texinfos               595/12288       42840/884736   ( 4.8%) 
texdata                 37/2048         1184/65536    ( 1.8%) 
dispinfos                0/0               0/0        ( 0.0%) 
disp_verts               0/0               0/0        ( 0.0%) 
disp_tris                0/0               0/0        ( 0.0%) 
disp_multiblend          0/0               0/0        ( 0.0%) 
disp_lmsamples           0/0               0/0        ( 0.0%) 
faces                 1599/65536       89544/3670016  ( 2.4%) 
hdr faces                0/65536           0/3670016  ( 0.0%) 
origfaces             1417/65536       79352/3670016  ( 2.2%) 
facebrushes            201/0             402/0        ( 0.0%) 
facebrushlists        1599/0            6396/0        ( 0.0%) 
leaves                 655/65536       20960/2097152  ( 1.0%) 
leaffaces             1747/65536        3494/131072   ( 2.7%) 
leafbrushes           1357/65536        2714/131072   ( 2.1%) 
areas                    3/256            24/2048     ( 1.2%) 
surfedges            13164/512000      52656/2048000  ( 2.6%) 
edges                 7895/256000      31580/1024000  ( 3.1%) 
LDR worldlights         56/8192         5600/819200   ( 0.7%) 
HDR worldlights          0/8192            0/819200   ( 0.0%) 
leafwaterdata            0/32768           0/393216   ( 0.0%) 
waterstrips            152/32768        1520/327680   ( 0.5%) 
waterverts               0/65536           0/786432   ( 0.0%) 
waterindices          3402/65536        6804/131072   ( 5.2%) 
cubemapsamples           2/1024           32/16384    ( 0.2%) 
overlays                 3/512          1056/180224   ( 0.6%) 
LDR lightdata         [variable]     1240696/0        ( 0.0%) 
HDR lightdata         [variable]           0/0        ( 0.0%) 
visdata               [variable]        2890/16777216 ( 0.0%) 
entdata               [variable]       87400/393216   (22.2%) 
LDR ambient table      655/65536        2620/262144   ( 1.0%) 
HDR ambient table      655/65536        2620/262144   ( 1.0%) 
LDR leaf ambient      2437/65536       68236/1835008  ( 3.7%) 
HDR leaf ambient       655/65536       18340/1835008  ( 1.0%) 
occluders                0/0               0/0        ( 0.0%) 
occluder polygons        0/0               0/0        ( 0.0%) 
occluder vert ind        0/0               0/0        ( 0.0%) 
detail props          [variable]           1/12       ( 8.3%) 
static props          [variable]           1/14228    ( 0.0%) 
pakfile               [variable]      224278/0        ( 0.0%) 
physics               [variable]      337317/4194304  ( 8.0%) 
physics terrain       [variable]           2/1048576  ( 0.0%) 

Level flags = 0

Total triangle count: 4299
Writing d:\steam\steamapps\common\portal 2\sdk_content\maps\portal_2\kms_levels\kms_level_3.bsp
4 seconds elapsed
