PRT1
203
553
4 0 13 (1392 3008 -896 ) (1392 2896 -896 ) (1392 2896 -128 ) (1392 3008 -128 ) 
4 0 11 (1392 2896 -128 ) (1392 2896 128 ) (1392 3008 128 ) (1392 3008 -128 ) 
4 0 10 (1392 2896 128 ) (1392 2896 192 ) (1392 3008 192 ) (1392 3008 128 ) 
4 0 9 (1392 2896 192 ) (1392 2896 768 ) (1392 3008 768 ) (1392 3008 192 ) 
4 0 6 (1392 2896 288 ) (1392 2896 -896 ) (1408 2896 -896 ) (1408 2896 288 ) 
4 0 2 (1408 2896 -896 ) (1680 2896 -896 ) (1680 2896 288 ) (1408 2896 288 ) 
4 0 1 (1680 2896 -896 ) (1792 2896 -896 ) (1792 2896 768 ) (1680 2896 768 ) 
4 1 8 (1680 2608 768 ) (1680 2608 -896 ) (1792 2608 -896 ) (1792 2608 768 ) 
4 1 7 (1680 2624 -896 ) (1680 2608 -896 ) (1680 2608 288 ) (1680 2624 288 ) 
4 1 3 (1680 2880 -896 ) (1680 2624 -896 ) (1680 2624 288 ) (1680 2880 288 ) 
4 1 2 (1680 2896 288 ) (1680 2896 -896 ) (1680 2880 -896 ) (1680 2880 288 ) 
4 2 6 (1408 2896 288 ) (1408 2896 -896 ) (1408 2880 -896 ) (1408 2880 288 ) 
4 2 4 (1408 2880 288 ) (1408 2880 -896 ) (1664 2880 -896 ) (1664 2880 288 ) 
4 2 3 (1664 2880 -896 ) (1680 2880 -896 ) (1680 2880 288 ) (1664 2880 288 ) 
4 3 7 (1680 2624 -896 ) (1680 2624 288 ) (1664 2624 288 ) (1664 2624 -896 ) 
4 3 4 (1664 2880 288 ) (1664 2880 -896 ) (1664 2624 -896 ) (1664 2624 288 ) 
4 4 7 (1408 2624 288 ) (1408 2624 -896 ) (1664 2624 -896 ) (1664 2624 288 ) 
4 4 6 (1408 2880 -896 ) (1408 2624 -896 ) (1408 2624 288 ) (1408 2880 288 ) 
4 4 5 (1664 2624 -896 ) (1408 2624 -896 ) (1408 2880 -896 ) (1664 2880 -896 ) 
4 6 13 (1392 2624 -896 ) (1392 2624 -128 ) (1392 2896 -128 ) (1392 2896 -896 ) 
4 6 11 (1392 2624 -128 ) (1392 2624 128 ) (1392 2896 128 ) (1392 2896 -128 ) 
4 6 10 (1392 2624 128 ) (1392 2624 192 ) (1392 2896 192 ) (1392 2896 128 ) 
4 6 9 (1392 2624 192 ) (1392 2624 288 ) (1392 2896 288 ) (1392 2896 192 ) 
4 6 7 (1392 2624 288 ) (1392 2624 -896 ) (1408 2624 -896 ) (1408 2624 288 ) 
4 7 13 (1392 2608 -896 ) (1392 2608 -128 ) (1392 2624 -128 ) (1392 2624 -896 ) 
4 7 11 (1392 2608 -128 ) (1392 2608 128 ) (1392 2624 128 ) (1392 2624 -128 ) 
4 7 10 (1392 2608 128 ) (1392 2608 192 ) (1392 2624 192 ) (1392 2624 128 ) 
4 7 9 (1392 2608 192 ) (1392 2608 288 ) (1392 2624 288 ) (1392 2624 192 ) 
4 7 8 (1392 2608 288 ) (1392 2608 -896 ) (1680 2608 -896 ) (1680 2608 288 ) 
4 8 13 (1392 2608 -128 ) (1392 2608 -896 ) (1392 2496 -896 ) (1392 2496 -128 ) 
4 8 11 (1392 2608 128 ) (1392 2608 -128 ) (1392 2496 -128 ) (1392 2496 128 ) 
4 8 10 (1392 2608 192 ) (1392 2608 128 ) (1392 2496 128 ) (1392 2496 192 ) 
4 8 9 (1392 2496 768 ) (1392 2608 768 ) (1392 2608 192 ) (1392 2496 192 ) 
4 9 10 (1392 3008 192 ) (1392 2496 192 ) (1216 2496 192 ) (1216 3008 192 ) 
4 10 11 (1216 3008 128 ) (1392 3008 128 ) (1392 2496 128 ) (1216 2496 128 ) 
4 11 13 (1392 3008 -128 ) (1392 2496 -128 ) (1216 2496 -128 ) (1216 3008 -128 ) 
4 11 12 (1216 2816 -128 ) (1216 2688 -128 ) (1216 2688 128 ) (1216 2816 128 ) 
4 12 22 (1024 2688 128 ) (1024 2816 128 ) (1024 2816 0 ) (1024 2688 0 ) 
4 14 20 (416 2848 128 ) (416 2848 0 ) (864 2848 0 ) (864 2848 128 ) 
4 14 17 (416 2848 192 ) (416 2848 128 ) (864 2848 128 ) (864 2848 192 ) 
4 14 15 (416 2848 256 ) (416 2848 192 ) (864 2848 192 ) (864 2848 256 ) 
4 15 23 (416 2816 256 ) (416 2816 192 ) (864 2816 192 ) (864 2816 256 ) 
4 15 17 (864 2816 192 ) (416 2816 192 ) (416 2848 192 ) (864 2848 192 ) 
4 16 22 (960 2816 128 ) (1024 2816 128 ) (1024 2816 190 ) (960 2816 190 ) 
4 16 21 (1024 2816 190 ) (1024 2816 192 ) (960 2816 192 ) (960 2816 190 ) 
4 16 18 (1024 2816 128 ) (960 2816 128 ) (960 2848 128 ) (1024 2848 128 ) 
4 17 23 (416 2816 192 ) (416 2816 128 ) (864 2816 128 ) (864 2816 192 ) 
4 17 20 (864 2816 128 ) (416 2816 128 ) (416 2848 128 ) (864 2848 128 ) 
4 18 22 (960 2816 0 ) (1024 2816 0 ) (1024 2816 128 ) (960 2816 128 ) 
4 19 24 (936 2816 0 ) (952 2816 0 ) (952 2816 128 ) (936 2816 128 ) 
4 20 24 (416 2816 128 ) (416 2816 0 ) (864 2816 0 ) (864 2816 128 ) 
4 21 25 (1024 2688 190 ) (1024 2688 192 ) (960 2688 192 ) (960 2688 190 ) 
4 21 22 (1024 2688 190 ) (960 2688 190 ) (960 2816 190 ) (1024 2816 190 ) 
4 22 26 (960 2688 0 ) (1024 2688 0 ) (1024 2688 128 ) (960 2688 128 ) 
4 22 25 (1024 2688 128 ) (1024 2688 190 ) (960 2688 190 ) (960 2688 128 ) 
4 22 24 (960 2816 128 ) (960 2816 0 ) (960 2688 0 ) (960 2688 128 ) 
4 23 33 (720 2688 128 ) (736 2688 128 ) (736 2688 256 ) (720 2688 256 ) 
4 23 35 (416 2688 256 ) (416 2688 128 ) (720 2688 128 ) (720 2688 256 ) 
4 23 28 (736 2688 128 ) (864 2688 128 ) (864 2688 256 ) (736 2688 256 ) 
4 23 24 (416 2816 128 ) (864 2816 128 ) (864 2688 128 ) (416 2688 128 ) 
4 24 33 (720 2688 0 ) (736 2688 0 ) (736 2688 128 ) (720 2688 128 ) 
4 24 35 (416 2688 128 ) (416 2688 0 ) (720 2688 0 ) (720 2688 128 ) 
4 24 30 (736 2688 0 ) (864 2688 0 ) (864 2688 128 ) (736 2688 128 ) 
4 24 27 (936 2688 0 ) (952 2688 0 ) (952 2688 128 ) (936 2688 128 ) 
4 25 26 (1024 2656 128 ) (960 2656 128 ) (960 2688 128 ) (1024 2688 128 ) 
4 28 33 (736 2336 256 ) (736 2688 256 ) (736 2688 128 ) (736 2336 128 ) 
4 28 30 (736 2336 128 ) (736 2688 128 ) (864 2688 128 ) (864 2336 128 ) 
4 28 29 (736 2336 256 ) (736 2336 128 ) (864 2336 128 ) (864 2336 256 ) 
4 29 31 (736 2304 256 ) (736 2304 128 ) (864 2304 128 ) (864 2304 256 ) 
4 30 36 (864 2560 0 ) (864 2336 0 ) (736 2336 0 ) (736 2560 0 ) 
4 30 33 (736 2688 128 ) (736 2688 0 ) (736 2336 0 ) (736 2336 128 ) 
4 31 37 (864 2176 0 ) (864 2064 0 ) (736 2064 0 ) (736 2176 0 ) 
4 31 34 (736 2064 256 ) (736 2304 256 ) (736 2304 0 ) (736 2064 0 ) 
4 31 32 (736 2064 256 ) (736 2064 0 ) (864 2064 0 ) (864 2064 256 ) 
4 32 51 (736 2048 0 ) (864 2048 0 ) (864 2048 256 ) (736 2048 256 ) 
4 32 37 (864 2064 0 ) (864 2048 0 ) (736 2048 0 ) (736 2064 0 ) 
4 33 36 (736 2560 0 ) (736 2336 0 ) (720 2336 0 ) (720 2560 0 ) 
4 33 35 (720 2336 256 ) (720 2688 256 ) (720 2688 0 ) (720 2336 0 ) 
4 34 35 (720 2064 256 ) (720 2304 256 ) (720 2304 0 ) (720 2064 0 ) 
4 35 51 (416 2048 256 ) (416 2048 0 ) (720 2048 0 ) (720 2048 256 ) 
4 35 46 (416 2048 0 ) (416 2048 64 ) (416 2112 64 ) (416 2112 0 ) 
4 35 44 (416 2336 32 ) (416 2336 0 ) (416 2272 0 ) (416 2272 32 ) 
4 35 45 (416 2144 64 ) (416 2272 64 ) (416 2272 0 ) (416 2144 0 ) 
4 35 43 (416 2144 96 ) (416 2176 96 ) (416 2176 64 ) (416 2144 64 ) 
4 35 42 (416 2048 96 ) (416 2048 160 ) (416 2176 160 ) (416 2176 96 ) 
4 35 41 (416 2240 96 ) (416 2240 64 ) (416 2176 64 ) (416 2176 96 ) 
4 35 39 (416 2304 160 ) (416 2304 96 ) (416 2272 96 ) (416 2272 160 ) 
4 35 40 (416 2272 64 ) (416 2240 64 ) (416 2240 160 ) (416 2272 160 ) 
4 35 38 (416 2048 0 ) (416 2336 0 ) (720 2336 0 ) (720 2048 0 ) 
4 35 36 (416 2336 0 ) (416 2560 0 ) (720 2560 0 ) (720 2336 0 ) 
4 36 38 (416 2336 -128 ) (720 2336 -128 ) (720 2336 0 ) (416 2336 0 ) 
4 37 52 (864 2048 -85.333298 ) (864 2048 0 ) (736 2048 0 ) (736 2048 -85.333298 ) 
4 38 52 (720 2048 0 ) (416 2048 0 ) (416 2048 -128 ) (720 2048 -128 ) 
4 38 44 (416 2272 0 ) (416 2336 0 ) (416 2336 -32 ) (416 2272 -32 ) 
4 38 45 (416 2144 0 ) (416 2272 0 ) (416 2272 -32 ) (416 2144 -32 ) 
4 39 40 (416 2272 96 ) (416 2272 160 ) (410 2272 160 ) (410 2272 96 ) 
4 40 45 (410 2240 64 ) (410 2272 64 ) (416 2272 64 ) (416 2240 64 ) 
4 40 41 (410 2240 96 ) (410 2240 64 ) (416 2240 64 ) (416 2240 96 ) 
4 41 45 (410 2176 64 ) (410 2240 64 ) (416 2240 64 ) (416 2176 64 ) 
4 41 43 (410 2176 96 ) (410 2176 64 ) (416 2176 64 ) (416 2176 96 ) 
4 42 43 (410 2144 96 ) (410 2176 96 ) (416 2176 96 ) (416 2144 96 ) 
4 43 45 (410 2144 64 ) (410 2176 64 ) (416 2176 64 ) (416 2144 64 ) 
4 44 45 (410 2272 -32 ) (416 2272 -32 ) (416 2272 32 ) (410 2272 32 ) 
4 47 50 (1024 1024 960 ) (1024 1024 1088 ) (1024 1088 1088 ) (1024 1088 960 ) 
4 47 48 (1088 1024 960 ) (1088 1024 1088 ) (1024 1024 1088 ) (1024 1024 960 ) 
4 48 82 (1024 960 960 ) (1024 960 1088 ) (1024 1024 1088 ) (1024 1024 960 ) 
4 49 51 (864 1472 160 ) (864 1472 192 ) (864 1600 192 ) (864 1600 160 ) 
4 50 82 (1024 1024 960 ) (1024 1024 1088 ) (960 1024 1088 ) (960 1024 960 ) 
4 51 60 (416 1600 0 ) (416 1472 0 ) (416 1472 128 ) (416 1600 128 ) 
4 51 52 (416 1696 0 ) (416 2048 0 ) (864 2048 0 ) (864 1696 0 ) 
4 52 53 (416 1696 -128 ) (416 1952 -128 ) (544 1952 -128 ) (544 1696 -128 ) 
4 53 59 (416 1696 -160 ) (416 1700 -160 ) (544 1700 -160 ) (544 1696 -160 ) 
4 53 55 (420 1952 -160 ) (540 1952 -160 ) (540 1700 -160 ) (420 1700 -160 ) 
4 53 54 (540 1952 -160 ) (544 1952 -160 ) (544 1700 -160 ) (540 1700 -160 ) 
4 53 58 (416 1700 -160 ) (416 1952 -160 ) (420 1952 -160 ) (420 1700 -160 ) 
4 54 59 (540 1700 -224 ) (544 1700 -224 ) (544 1700 -160 ) (540 1700 -160 ) 
4 54 56 (540 1984 -192 ) (540 1984 -196 ) (540 1948 -196 ) (540 1948 -192 ) 
4 54 55 (540 1984 -160 ) (540 1984 -192 ) (540 1700 -192 ) (540 1700 -160 ) 
4 54 57 (540 1984 -196 ) (540 1984 -224 ) (540 1700 -224 ) (540 1700 -196 ) 
4 55 59 (540 1700 -192 ) (540 1700 -160 ) (420 1700 -160 ) (420 1700 -192 ) 
4 55 56 (420 1948 -192 ) (420 1984 -192 ) (540 1984 -192 ) (540 1948 -192 ) 
4 55 58 (420 1984 -160 ) (420 1984 -192 ) (420 1700 -192 ) (420 1700 -160 ) 
4 56 58 (420 1984 -192 ) (420 1984 -196 ) (420 1948 -196 ) (420 1948 -192 ) 
4 56 57 (420 1948 -196 ) (420 1984 -196 ) (540 1984 -196 ) (540 1948 -196 ) 
4 57 59 (420 1700 -224 ) (540 1700 -224 ) (540 1700 -196 ) (420 1700 -196 ) 
4 57 58 (420 1984 -196 ) (420 1984 -224 ) (420 1700 -224 ) (420 1700 -196 ) 
4 58 59 (416 1700 -224 ) (420 1700 -224 ) (420 1700 -160 ) (416 1700 -160 ) 
4 60 61 (384 1600 0 ) (384 1472 0 ) (384 1472 128 ) (384 1600 128 ) 
4 61 62 (192 1696 256 ) (192 1696 0 ) (192 1376 0 ) (192 1376 256 ) 
4 62 65 (160 1568 0 ) (160 1376 0 ) (160 1376 256 ) (160 1568 256 ) 
4 62 64 (160 1696 256 ) (160 1696 0 ) (160 1568 0 ) (160 1568 256 ) 
4 63 72 (160 1572 -224 ) (160 1568 -224 ) (160 1568 -160 ) (160 1572 -160 ) 
4 63 68 (160 1696 -160 ) (160 1696 -224 ) (160 1572 -224 ) (160 1572 -160 ) 
4 64 126 (0 1696 -128 ) (0 1696 -160 ) (0 1568 -160 ) (0 1568 -128 ) 
4 64 122 (0 1696 0 ) (0 1696 -128 ) (0 1568 -128 ) (0 1568 0 ) 
4 64 120 (0 1696 256 ) (0 1696 0 ) (0 1568 0 ) (0 1568 256 ) 
4 64 79 (32 1692 -160 ) (32 1572 -160 ) (0 1572 -160 ) (0 1692 -160 ) 
4 64 78 (0 1696 -160 ) (32 1696 -160 ) (32 1692 -160 ) (0 1692 -160 ) 
4 64 81 (32 1572 -160 ) (32 1568 -160 ) (0 1568 -160 ) (0 1572 -160 ) 
4 64 72 (160 1572 -160 ) (160 1568 -160 ) (32 1568 -160 ) (32 1572 -160 ) 
4 64 70 (156 1692 -160 ) (156 1572 -160 ) (32 1572 -160 ) (32 1692 -160 ) 
4 64 69 (32 1696 -160 ) (156 1696 -160 ) (156 1692 -160 ) (32 1692 -160 ) 
4 64 68 (156 1696 -160 ) (160 1696 -160 ) (160 1572 -160 ) (156 1572 -160 ) 
4 64 65 (160 1568 -128 ) (160 1568 256 ) (0 1568 256 ) (0 1568 -128 ) 
4 65 122 (0 1376 -128 ) (0 1376 0 ) (0 1568 0 ) (0 1568 -128 ) 
4 65 120 (0 1376 0 ) (0 1376 256 ) (0 1568 256 ) (0 1568 0 ) 
4 65 66 (0 1376 255 ) (0 1376 -128 ) (160 1376 -128 ) (160 1376 255 ) 
4 66 122 (0 1024 -128 ) (0 1024 0 ) (0 1376 0 ) (0 1376 -128 ) 
4 66 121 (0 1024 0 ) (0 1024 255 ) (0 1376 255 ) (0 1376 0 ) 
4 66 110 (32 1024 0 ) (0 1024 0 ) (0 1024 -128 ) (32 1024 -128 ) 
4 66 109 (160 1024 -128 ) (160 1024 0 ) (32 1024 0 ) (32 1024 -128 ) 
4 66 84 (160 1024 0 ) (160 1024 255 ) (0 1024 255 ) (0 1024 0 ) 
4 66 67 (160 1216 -128 ) (160 1024 -128 ) (32 1024 -128 ) (32 1216 -128 ) 
4 67 109 (160 1024 -160 ) (160 1024 -128 ) (32 1024 -128 ) (32 1024 -160 ) 
4 67 74 (156 1024 -160 ) (36 1024 -160 ) (36 1216 -160 ) (156 1216 -160 ) 
4 67 73 (160 1216 -160 ) (160 1024 -160 ) (156 1024 -160 ) (156 1216 -160 ) 
4 67 77 (36 1024 -160 ) (32 1024 -160 ) (32 1216 -160 ) (36 1216 -160 ) 
4 68 72 (156 1572 -224 ) (160 1572 -224 ) (160 1572 -160 ) (156 1572 -160 ) 
4 68 70 (156 1572 -192 ) (156 1572 -160 ) (156 1692 -160 ) (156 1692 -192 ) 
4 68 71 (156 1692 -224 ) (156 1572 -224 ) (156 1572 -196 ) (156 1692 -196 ) 
4 68 69 (156 1696 -224 ) (156 1692 -224 ) (156 1692 -160 ) (156 1696 -160 ) 
4 69 78 (32 1696 -224 ) (32 1692 -224 ) (32 1692 -160 ) (32 1696 -160 ) 
4 69 70 (32 1692 -160 ) (32 1692 -192 ) (156 1692 -192 ) (156 1692 -160 ) 
4 69 71 (32 1692 -196 ) (32 1692 -224 ) (156 1692 -224 ) (156 1692 -196 ) 
4 70 79 (32 1572 -192 ) (32 1572 -160 ) (32 1692 -160 ) (32 1692 -192 ) 
4 70 72 (32 1572 -160 ) (32 1572 -192 ) (156 1572 -192 ) (156 1572 -160 ) 
4 71 80 (32 1692 -224 ) (32 1572 -224 ) (32 1572 -196 ) (32 1692 -196 ) 
4 71 72 (32 1572 -196 ) (32 1572 -224 ) (156 1572 -224 ) (156 1572 -196 ) 
4 72 81 (32 1572 -224 ) (32 1568 -224 ) (32 1568 -160 ) (32 1572 -160 ) 
4 73 111 (160 1024 -224 ) (160 1024 -160 ) (156 1024 -160 ) (156 1024 -224 ) 
4 73 75 (156 1248 -192 ) (156 1248 -196 ) (156 1212 -196 ) (156 1212 -192 ) 
4 73 74 (156 1248 -160 ) (156 1248 -192 ) (156 1024 -192 ) (156 1024 -160 ) 
4 73 76 (156 1248 -196 ) (156 1248 -224 ) (156 1024 -224 ) (156 1024 -196 ) 
4 74 112 (156 1024 -160 ) (36 1024 -160 ) (36 1024 -192 ) (156 1024 -192 ) 
4 74 75 (36 1212 -192 ) (36 1248 -192 ) (156 1248 -192 ) (156 1212 -192 ) 
4 74 77 (36 1248 -160 ) (36 1248 -192 ) (36 1024 -192 ) (36 1024 -160 ) 
4 75 77 (36 1248 -192 ) (36 1248 -196 ) (36 1212 -196 ) (36 1212 -192 ) 
4 75 76 (36 1212 -196 ) (36 1248 -196 ) (156 1248 -196 ) (156 1212 -196 ) 
4 76 113 (36 1024 -196 ) (36 1024 -224 ) (156 1024 -224 ) (156 1024 -196 ) 
4 76 77 (36 1248 -196 ) (36 1248 -224 ) (36 1024 -224 ) (36 1024 -196 ) 
4 77 115 (36 1024 -160 ) (32 1024 -160 ) (32 1024 -224 ) (36 1024 -224 ) 
4 78 127 (0 1692 -160 ) (0 1696 -160 ) (0 1696 -224 ) (0 1692 -224 ) 
4 78 79 (32 1692 -192 ) (32 1692 -160 ) (0 1692 -160 ) (0 1692 -192 ) 
4 78 80 (0 1692 -224 ) (32 1692 -224 ) (32 1692 -196 ) (0 1692 -196 ) 
4 79 128 (0 1572 -160 ) (0 1692 -160 ) (0 1692 -192 ) (0 1572 -192 ) 
4 79 81 (32 1572 -192 ) (32 1572 -160 ) (0 1572 -160 ) (0 1572 -192 ) 
4 80 129 (0 1692 -196 ) (0 1692 -224 ) (0 1572 -224 ) (0 1572 -196 ) 
4 80 81 (0 1572 -224 ) (32 1572 -224 ) (32 1572 -196 ) (0 1572 -196 ) 
4 81 130 (0 1568 -160 ) (0 1572 -160 ) (0 1572 -224 ) (0 1568 -224 ) 
4 83 166 (160 0 135 ) (160 0 0 ) (256 0 0 ) (256 0 135 ) 
4 83 158 (256 0 224 ) (160 0 224 ) (160 0 137 ) (256 0 137 ) 
4 83 165 (160 0 137 ) (160 0 135 ) (256 0 135 ) (256 0 137 ) 
4 83 97 (160 0 0 ) (160 0 135 ) (160 192 135 ) (160 192 0 ) 
4 83 90 (160 0 137 ) (160 0 224 ) (160 60 224 ) (160 60 137 ) 
4 83 89 (160 60 224 ) (160 192 224 ) (160 192 137 ) (160 60 137 ) 
4 83 96 (160 0 135 ) (160 0 137 ) (160 192 137 ) (160 192 135 ) 
4 84 134 (0 1024 255 ) (0 1024 0 ) (0 768 0 ) (0 768 255 ) 
4 84 110 (32 960 0 ) (0 960 0 ) (0 1024 0 ) (32 1024 0 ) 
4 84 109 (160 1024 0 ) (160 960 0 ) (32 960 0 ) (32 1024 0 ) 
4 84 86 (0 768 128 ) (0 768 0 ) (96 768 0 ) (96 768 128 ) 
4 85 87 (96 224 0 ) (96 224 256 ) (96 736 256 ) (96 736 0 ) 
4 86 135 (0 768 128 ) (0 768 0 ) (0 736 0 ) (0 736 128 ) 
4 86 87 (0 736 0 ) (96 736 0 ) (96 736 128 ) (0 736 128 ) 
4 87 136 (0 736 0 ) (0 224 0 ) (0 224 256 ) (0 736 256 ) 
4 87 88 (0 224 0 ) (96 224 0 ) (96 224 128 ) (0 224 128 ) 
4 88 138 (0 224 128 ) (0 224 0 ) (0 192 0 ) (0 192 128 ) 
4 88 102 (0 192 12 ) (0 192 0 ) (96 192 0 ) (96 192 12 ) 
4 88 99 (0 192 128 ) (0 192 12 ) (96 192 12 ) (96 192 128 ) 
4 89 94 (124 63 137 ) (124 62 137 ) (124 62 224 ) (124 63 224 ) 
4 89 93 (124 192 137 ) (124 63 137 ) (124 63 224 ) (124 192 224 ) 
4 89 95 (124 62 137 ) (124 60 137 ) (124 60 224 ) (124 62 224 ) 
4 89 91 (126 60 137 ) (127 60 137 ) (127 60 224 ) (126 60 224 ) 
4 89 90 (127 60 137 ) (160 60 137 ) (160 60 224 ) (127 60 224 ) 
4 89 92 (124 60 224 ) (124 60 137 ) (126 60 137 ) (126 60 224 ) 
4 89 96 (124 192 137 ) (160 192 137 ) (160 60 137 ) (124 60 137 ) 
4 90 158 (160 0 137 ) (160 0 224 ) (127 0 224 ) (127 0 137 ) 
4 90 96 (160 60 137 ) (160 0 137 ) (127 0 137 ) (127 60 137 ) 
4 90 91 (127 60 224 ) (127 60 137 ) (127 0 137 ) (127 0 224 ) 
4 91 159 (127 0 224 ) (126 0 224 ) (126 0 137 ) (127 0 137 ) 
4 91 92 (126 60 224 ) (126 60 137 ) (126 0 137 ) (126 0 224 ) 
4 91 96 (127 0 137 ) (126 0 137 ) (126 60 137 ) (127 60 137 ) 
4 92 160 (126 0 224 ) (124 0 224 ) (124 0 137 ) (126 0 137 ) 
4 92 95 (124 60 137 ) (124 0 137 ) (124 0 224 ) (124 60 224 ) 
4 92 96 (126 0 137 ) (124 0 137 ) (124 60 137 ) (126 60 137 ) 
4 93 139 (0 63 224 ) (0 192 224 ) (0 192 137 ) (0 63 137 ) 
4 93 96 (0 63 137 ) (0 192 137 ) (124 192 137 ) (124 63 137 ) 
4 93 94 (0 63 137 ) (124 63 137 ) (124 63 224 ) (0 63 224 ) 
4 94 140 (0 62 224 ) (0 63 224 ) (0 63 137 ) (0 62 137 ) 
4 94 95 (0 62 137 ) (124 62 137 ) (124 62 224 ) (0 62 224 ) 
4 94 96 (0 62 137 ) (0 63 137 ) (124 63 137 ) (124 62 137 ) 
4 95 162 (124 0 224 ) (0 0 224 ) (0 0 137 ) (124 0 137 ) 
4 95 141 (0 0 137 ) (0 0 224 ) (0 62 224 ) (0 62 137 ) 
4 95 96 (0 0 137 ) (0 62 137 ) (124 62 137 ) (124 0 137 ) 
4 96 165 (160 0 135 ) (160 0 137 ) (0 0 137 ) (0 0 135 ) 
4 96 146 (0 0 135 ) (0 0 137 ) (0 192 137 ) (0 192 135 ) 
4 96 105 (127 0 135 ) (126 0 135 ) (126 60 135 ) (127 60 135 ) 
4 96 104 (128 60 135 ) (128 0 135 ) (127 0 135 ) (127 60 135 ) 
4 96 106 (126 0 135 ) (0 0 135 ) (0 60 135 ) (126 60 135 ) 
4 96 100 (124 63 135 ) (124 62 135 ) (0 62 135 ) (0 63 135 ) 
4 96 99 (0 192 135 ) (124 192 135 ) (124 63 135 ) (0 63 135 ) 
4 96 101 (124 62 135 ) (124 60 135 ) (0 60 135 ) (0 62 135 ) 
4 96 98 (124 192 135 ) (128 192 135 ) (128 60 135 ) (124 60 135 ) 
4 96 97 (128 192 135 ) (160 192 135 ) (160 0 135 ) (128 0 135 ) 
4 97 166 (160 0 0 ) (160 0 135 ) (128 0 135 ) (128 0 0 ) 
4 97 104 (128 0 135 ) (128 60 135 ) (128 60 12.145100 ) (128 0 12.145100 ) 
4 97 103 (128 60 8 ) (128 60 12 ) (128 64 12 ) (128 64 8 ) 
4 97 102 (128 192 12 ) (128 192 0 ) (128 64 0 ) (128 64 12 ) 
4 97 98 (128 60 135 ) (128 192 135 ) (128 192 12 ) (128 60 12 ) 
4 98 105 (127 60 135 ) (126 60 135 ) (126 60 12 ) (127 60 12 ) 
4 98 104 (128 60 12 ) (128 60 135 ) (127 60 135 ) (127 60 12 ) 
4 98 106 (126 60 135 ) (124 60 135 ) (124 60 12 ) (126 60 12 ) 
4 98 103 (128 60 12 ) (124 60 12 ) (124 64 12 ) (128 64 12 ) 
4 98 102 (124 64 12 ) (124 192 12 ) (128 192 12 ) (128 64 12 ) 
4 98 100 (124 63 12 ) (124 62 12 ) (124 62 135 ) (124 63 135 ) 
4 98 99 (124 192 12 ) (124 63 12 ) (124 63 135 ) (124 192 135 ) 
4 98 101 (124 62 12 ) (124 60 12 ) (124 60 135 ) (124 62 135 ) 
4 99 147 (0 63 135 ) (0 192 135 ) (0 192 12 ) (0 63 12 ) 
4 99 103 (0 63 12 ) (0 64 12 ) (124 64 12 ) (124 63 12 ) 
4 99 102 (0 64 12 ) (0 192 12 ) (124 192 12 ) (124 64 12 ) 
4 99 100 (0 63 12 ) (124 63 12 ) (124 63 135 ) (0 63 135 ) 
4 100 148 (0 62 135 ) (0 63 135 ) (0 63 12 ) (0 62 12 ) 
4 100 103 (0 62 12 ) (0 63 12 ) (124 63 12 ) (124 62 12 ) 
4 100 101 (0 62 12 ) (124 62 12 ) (124 62 135 ) (0 62 135 ) 
4 101 149 (0 60 135 ) (0 62 135 ) (0 62 12 ) (0 60 12 ) 
4 101 106 (124 60 135 ) (0 60 135 ) (0 60 12 ) (124 60 12 ) 
4 101 103 (124 60 12 ) (0 60 12 ) (0 62 12 ) (124 62 12 ) 
4 102 154 (0 192 12 ) (0 192 0 ) (0 64 0 ) (0 64 12 ) 
4 102 103 (128 64 8 ) (128 64 12 ) (0 64 12 ) (0 64 8 ) 
4 103 155 (0 60 8 ) (0 60 12 ) (0 64 12 ) (0 64 8 ) 
4 103 107 (124 60 12 ) (0 60 12 ) (0 60 8 ) (124 60 8 ) 
4 104 167 (128 0 135 ) (127 0 135 ) (127 0 12.145100 ) (128 0 12.145100 ) 
4 104 105 (127 60 135 ) (127 60 12.145100 ) (127 0 12.145100 ) (127 0 135 ) 
4 105 168 (127 0 135 ) (126 0 135 ) (126 0 12.145100 ) (127 0 12.145100 ) 
4 105 106 (126 60 135 ) (126 60 12.145100 ) (126 0 12.145100 ) (126 0 135 ) 
4 106 175 (32 0 135 ) (0 0 135 ) (0 0 12.145100 ) (32 0 12.145100 ) 
4 106 172 (124 0 135 ) (32 0 135 ) (32 0 12.145100 ) (124 0 12.145100 ) 
4 106 169 (126 0 135 ) (124 0 135 ) (124 0 12.145100 ) (126 0 12.145100 ) 
4 106 151 (0 0 12.145100 ) (0 0 135 ) (0 60 135 ) (0 60 12.145100 ) 
4 106 107 (0 0 12.145100 ) (0 60 12.145100 ) (124 60 12.145100 ) (124 0 12.145100 ) 
4 107 177 (0 0 12.145100 ) (0 0 8.145110 ) (124 0 8.145110 ) (124 0 12.145100 ) 
4 107 155 (0 0 8.145110 ) (0 0 12.145100 ) (0 60 12.145100 ) (0 60 8.145110 ) 
4 107 108 (0 60 8.145110 ) (124 60 8.145110 ) (124 0 8.145110 ) (0 0 8.145110 ) 
4 109 115 (32 1024 -160 ) (36 1024 -160 ) (36 960 -160 ) (32 960 -160 ) 
4 109 112 (36 1024 -160 ) (156 1024 -160 ) (156 964 -160 ) (36 964 -160 ) 
4 109 111 (156 1024 -160 ) (160 1024 -160 ) (160 964 -160 ) (156 964 -160 ) 
4 109 114 (160 964 -160 ) (160 960 -160 ) (36 960 -160 ) (36 964 -160 ) 
4 109 110 (32 960 -128 ) (32 960 0 ) (32 1024 0 ) (32 1024 -128 ) 
4 110 157 (0 960 0 ) (0 1024 0 ) (0 1024 -128 ) (0 960 -128 ) 
4 111 112 (156 964 -192 ) (156 964 -160 ) (156 1024 -160 ) (156 1024 -192 ) 
4 111 113 (156 1024 -224 ) (156 964 -224 ) (156 964 -196 ) (156 1024 -196 ) 
4 111 114 (156 964 -224 ) (160 964 -224 ) (160 964 -160 ) (156 964 -160 ) 
4 112 115 (36 964 -192 ) (36 964 -160 ) (36 1024 -160 ) (36 1024 -192 ) 
4 112 114 (36 964 -160 ) (36 964 -192 ) (156 964 -192 ) (156 964 -160 ) 
4 113 115 (36 1024 -224 ) (36 964 -224 ) (36 964 -196 ) (36 1024 -196 ) 
4 113 114 (36 964 -196 ) (36 964 -224 ) (156 964 -224 ) (156 964 -196 ) 
4 114 115 (36 964 -224 ) (36 928 -224 ) (36 928 -160 ) (36 964 -160 ) 
4 116 120 (-24 1696 248 ) (-216 1696 248 ) (-216 1696 120 ) (-24 1696 120 ) 
4 117 118 (-240 1376 290 ) (-240 1456 290 ) (-144 1456 290 ) (-144 1376 290 ) 
4 118 119 (-160 1376 288 ) (-224 1376 288 ) (-224 1440 288 ) (-160 1440 288 ) 
4 119 120 (-224 1440 256 ) (-160 1440 256 ) (-160 1376 256 ) (-224 1376 256 ) 
4 120 123 (-256 1472 0 ) (-256 1696 0 ) (-128 1696 0 ) (-128 1472 0 ) 
4 120 122 (-128 1696 0 ) (0 1696 0 ) (0 1376 0 ) (-128 1376 0 ) 
4 120 121 (-256 1376 0 ) (0 1376 0 ) (0 1376 255 ) (-256 1376 255 ) 
4 121 134 (0 1024 0 ) (0 1024 255 ) (-256 1024 255 ) (-256 1024 0 ) 
4 121 124 (-256 1216 0 ) (-256 1344 0 ) (-128 1344 0 ) (-128 1216 0 ) 
4 121 125 (-256 1024 0 ) (-256 1088 0 ) (-128 1088 0 ) (-128 1024 0 ) 
4 121 122 (-128 1376 0 ) (0 1376 0 ) (0 1024 0 ) (-128 1024 0 ) 
4 122 157 (0 1024 -128 ) (0 1024 0 ) (-128 1024 0 ) (-128 1024 -128 ) 
4 122 126 (-96 1696 -128 ) (0 1696 -128 ) (0 1568 -128 ) (-96 1568 -128 ) 
4 122 124 (-128 1344 -128 ) (-128 1216 -128 ) (-128 1216 0 ) (-128 1344 0 ) 
4 122 125 (-128 1088 -128 ) (-128 1024 -128 ) (-128 1024 0 ) (-128 1088 0 ) 
4 122 123 (-128 1696 -128 ) (-128 1472 -128 ) (-128 1472 0 ) (-128 1696 0 ) 
4 125 157 (-128 1024 0 ) (-256 1024 0 ) (-256 1024 -128 ) (-128 1024 -128 ) 
4 126 131 (-92 1568 -160 ) (-96 1568 -160 ) (-96 1696 -160 ) (-92 1696 -160 ) 
4 126 128 (-92 1572 -160 ) (-92 1692 -160 ) (0 1692 -160 ) (0 1572 -160 ) 
4 126 127 (-92 1692 -160 ) (-92 1696 -160 ) (0 1696 -160 ) (0 1692 -160 ) 
4 126 130 (0 1568 -160 ) (-92 1568 -160 ) (-92 1572 -160 ) (0 1572 -160 ) 
4 127 131 (-92 1696 -224 ) (-92 1692 -224 ) (-92 1692 -160 ) (-92 1696 -160 ) 
4 127 128 (-92 1692 -160 ) (-92 1692 -192 ) (0 1692 -192 ) (0 1692 -160 ) 
4 127 129 (-92 1692 -196 ) (-92 1692 -224 ) (0 1692 -224 ) (0 1692 -196 ) 
4 128 131 (-92 1572 -192 ) (-92 1572 -160 ) (-92 1692 -160 ) (-92 1692 -192 ) 
4 128 130 (-92 1572 -160 ) (-92 1572 -192 ) (0 1572 -192 ) (0 1572 -160 ) 
4 129 131 (-92 1692 -224 ) (-92 1572 -224 ) (-92 1572 -196 ) (-92 1692 -196 ) 
4 129 130 (-92 1572 -196 ) (-92 1572 -224 ) (0 1572 -224 ) (0 1572 -196 ) 
4 130 131 (-92 1572 -224 ) (-92 1568 -224 ) (-92 1568 -160 ) (-92 1572 -160 ) 
4 132 133 (-96 672 288 ) (-96 608 288 ) (-160 608 288 ) (-160 672 288 ) 
4 133 137 (-96 672 256 ) (-96 608 256 ) (-160 608 256 ) (-160 672 256 ) 
4 134 157 (-256 1024 0 ) (0 1024 0 ) (0 960 0 ) (-256 960 0 ) 
4 134 135 (-32 768 0 ) (0 768 0 ) (0 768 128 ) (-32 768 128 ) 
4 135 136 (-32 736 128 ) (-32 736 0 ) (0 736 0 ) (0 736 128 ) 
4 136 138 (-32 224 0 ) (0 224 0 ) (0 224 128 ) (-32 224 128 ) 
4 136 137 (-32 736 0 ) (-32 224 0 ) (-32 224 256 ) (-32 736 256 ) 
4 138 154 (-32 192 0 ) (0 192 0 ) (0 192 12 ) (-32 192 12 ) 
4 138 147 (0 192 12 ) (0 192 128 ) (-32 192 128 ) (-32 192 12 ) 
4 139 142 (-60 192 137 ) (-60 63 137 ) (-60 63 224 ) (-60 192 224 ) 
4 139 146 (-60 192 137 ) (0 192 137 ) (0 63 137 ) (-60 63 137 ) 
4 139 140 (-60 63 224 ) (-60 63 137 ) (0 63 137 ) (0 63 224 ) 
4 140 142 (-60 63 137 ) (-60 62 137 ) (-60 62 224 ) (-60 63 224 ) 
4 140 141 (-60 62 224 ) (-60 62 137 ) (0 62 137 ) (0 62 224 ) 
4 140 146 (0 63 137 ) (0 62 137 ) (-60 62 137 ) (-60 63 137 ) 
4 141 185 (0 0 137 ) (0 0 148.113998 ) (-60 0 148.113998 ) (-60 0 137 ) 
4 141 179 (0 0 148.113998 ) (0 0 224 ) (-60 0 224 ) (-60 0 148.113998 ) 
4 141 143 (-60 60 137 ) (-60 0 137 ) (-60 0 224 ) (-60 60 224 ) 
4 141 142 (-60 62 137 ) (-60 60 137 ) (-60 60 224 ) (-60 62 224 ) 
4 141 146 (0 62 137 ) (0 0 137 ) (-60 0 137 ) (-60 62 137 ) 
4 142 144 (-63 60 137 ) (-62 60 137 ) (-62 60 224 ) (-63 60 224 ) 
4 142 143 (-62 60 137 ) (-60 60 137 ) (-60 60 224 ) (-62 60 224 ) 
4 142 145 (-192 60 224 ) (-192 60 137 ) (-63 60 137 ) (-63 60 224 ) 
4 142 146 (-192 60 137 ) (-192 192 137 ) (-60 192 137 ) (-60 60 137 ) 
4 143 193 (-60 0 224 ) (-62 0 224 ) (-62 0 137 ) (-60 0 137 ) 
4 143 146 (-62 60 137 ) (-60 60 137 ) (-60 0 137 ) (-62 0 137 ) 
4 143 144 (-62 60 224 ) (-62 60 137 ) (-62 0 137 ) (-62 0 224 ) 
4 144 194 (-62 0 224 ) (-63 0 224 ) (-63 0 137 ) (-62 0 137 ) 
4 144 145 (-63 60 224 ) (-63 60 137 ) (-63 0 137 ) (-63 0 224 ) 
4 144 146 (-63 60 137 ) (-62 60 137 ) (-62 0 137 ) (-63 0 137 ) 
4 145 202 (-64 0 224 ) (-192 0 224 ) (-192 0 137 ) (-64 0 137 ) 
4 145 195 (-63 0 224 ) (-64 0 224 ) (-64 0 137 ) (-63 0 137 ) 
4 145 146 (-192 0 137 ) (-192 60 137 ) (-63 60 137 ) (-63 0 137 ) 
4 146 202 (-64 0 137 ) (-192 0 137 ) (-192 0 135 ) (-64 0 135 ) 
4 146 196 (-60 0 137 ) (-64 0 137 ) (-64 0 135 ) (-60 0 135 ) 
4 146 185 (0 0 135 ) (0 0 137 ) (-60 0 137 ) (-60 0 135 ) 
4 146 152 (-62 0 135 ) (-63 0 135 ) (-63 60 135 ) (-62 60 135 ) 
4 146 151 (0 60 135 ) (0 0 135 ) (-62 0 135 ) (-62 60 135 ) 
4 146 153 (-63 0 135 ) (-192 0 135 ) (-192 60 135 ) (-63 60 135 ) 
4 146 148 (0 63 135 ) (0 62 135 ) (-60 62 135 ) (-60 63 135 ) 
4 146 147 (-60 192 135 ) (0 192 135 ) (0 63 135 ) (-60 63 135 ) 
4 146 149 (0 62 135 ) (0 60 135 ) (-60 60 135 ) (-60 62 135 ) 
4 146 150 (-192 192 135 ) (-60 192 135 ) (-60 60 135 ) (-192 60 135 ) 
4 147 155 (0 64 12 ) (0 63 12 ) (-60 63 12 ) (-60 64 12 ) 
4 147 154 (-60 192 12 ) (0 192 12 ) (0 64 12 ) (-60 64 12 ) 
4 147 150 (-60 192 12 ) (-60 63 12 ) (-60 63 135 ) (-60 192 135 ) 
4 147 148 (-60 63 135 ) (-60 63 12 ) (0 63 12 ) (0 63 135 ) 
4 148 155 (0 63 12 ) (0 62 12 ) (-60 62 12 ) (-60 63 12 ) 
4 148 149 (-60 62 135 ) (-60 62 12 ) (0 62 12 ) (0 62 135 ) 
4 148 150 (-60 63 12 ) (-60 62 12 ) (-60 62 135 ) (-60 63 135 ) 
4 149 155 (0 62 12 ) (0 60 12 ) (-60 60 12 ) (-60 62 12 ) 
4 149 151 (-60 60 12 ) (0 60 12 ) (0 60 135 ) (-60 60 135 ) 
4 149 150 (-60 62 12 ) (-60 60 12 ) (-60 60 135 ) (-60 62 135 ) 
4 150 156 (-192 60 12 ) (-192 192 12 ) (-64 192 12 ) (-64 60 12 ) 
4 150 155 (-60 64 12 ) (-60 60 12 ) (-64 60 12 ) (-64 64 12 ) 
4 150 154 (-64 192 12 ) (-60 192 12 ) (-60 64 12 ) (-64 64 12 ) 
4 150 152 (-63 60 12 ) (-62 60 12 ) (-62 60 135 ) (-63 60 135 ) 
4 150 151 (-62 60 12 ) (-60 60 12 ) (-60 60 135 ) (-62 60 135 ) 
4 150 153 (-192 60 135 ) (-192 60 12 ) (-63 60 12 ) (-63 60 135 ) 
4 151 197 (-60 0 135 ) (-62 0 135 ) (-62 0 12 ) (-60 0 12 ) 
4 151 185 (0 0 12 ) (0 0 135 ) (-60 0 135 ) (-60 0 12 ) 
4 151 155 (0 0 12 ) (-62 0 12 ) (-62 60 12 ) (0 60 12 ) 
4 151 152 (-62 60 135 ) (-62 60 12 ) (-62 0 12 ) (-62 0 135 ) 
4 152 198 (-62 0 135 ) (-63 0 135 ) (-63 0 12 ) (-62 0 12 ) 
4 152 155 (-62 0 12 ) (-63 0 12 ) (-63 60 12 ) (-62 60 12 ) 
4 152 153 (-63 60 135 ) (-63 60 12 ) (-63 0 12 ) (-63 0 135 ) 
4 153 202 (-64 0 135 ) (-192 0 135 ) (-192 0 12 ) (-64 0 12 ) 
4 153 199 (-63 0 135 ) (-64 0 135 ) (-64 0 12 ) (-63 0 12 ) 
4 153 156 (-64 0 12 ) (-192 0 12 ) (-192 60 12 ) (-64 60 12 ) 
4 153 155 (-63 0 12 ) (-64 0 12 ) (-64 60 12 ) (-63 60 12 ) 
4 154 156 (-64 64 12 ) (-64 192 12 ) (-64 192 0 ) (-64 64 0 ) 
4 154 155 (-64 64 12 ) (-64 64 8 ) (0 64 8 ) (0 64 12 ) 
4 155 200 (-60 0 12 ) (-64 0 12 ) (-64 0 8 ) (-60 0 8 ) 
4 155 185 (0 0 8 ) (0 0 12 ) (-60 0 12 ) (-60 0 8 ) 
4 155 156 (-64 0 12 ) (-64 64 12 ) (-64 64 8 ) (-64 0 8 ) 
4 156 202 (-64 0 12 ) (-192 0 12 ) (-192 0 0 ) (-64 0 0 ) 
4 158 165 (256 0 137 ) (256 -124 137 ) (127 -124 137 ) (127 0 137 ) 
4 158 161 (127 -124 137 ) (256 -124 137 ) (256 -124 224 ) (127 -124 224 ) 
4 158 159 (127 0 137 ) (127 -124 137 ) (127 -124 224 ) (127 0 224 ) 
4 159 160 (126 0 137 ) (126 -124 137 ) (126 -124 224 ) (126 0 224 ) 
4 159 165 (127 -124 137 ) (126 -124 137 ) (126 0 137 ) (127 0 137 ) 
4 159 161 (126 -124 137 ) (127 -124 137 ) (127 -124 224 ) (126 -124 224 ) 
4 160 162 (124 0 137 ) (124 -124 137 ) (124 -124 224 ) (124 0 224 ) 
4 160 161 (124 -124 224 ) (124 -124 137 ) (126 -124 137 ) (126 -124 224 ) 
4 160 165 (126 -124 137 ) (124 -124 137 ) (124 0 137 ) (126 0 137 ) 
4 161 178 (124 -128 137 ) (256 -128 137 ) (256 -128 224 ) (124 -128 224 ) 
4 161 163 (124 -125 137 ) (124 -126 137 ) (124 -126 224 ) (124 -125 224 ) 
4 161 162 (124 -124 137 ) (124 -125 137 ) (124 -125 224 ) (124 -124 224 ) 
4 161 164 (124 -126 137 ) (124 -128 137 ) (124 -128 224 ) (124 -126 224 ) 
4 161 165 (256 -124 137 ) (256 -128 137 ) (124 -128 137 ) (124 -124 137 ) 
4 162 186 (0 -122.232010 137 ) (0 -125 137 ) (0 -125 224 ) (0 -122.232010 224 ) 
4 162 185 (0 0 148.113998 ) (0 0 137 ) (0 -122.232010 137 ) (0 -122.232010 148.113998 ) 
4 162 181 (0 -120.232010 148.113998 ) (0 -122.232010 148.113998 ) (0 -122.232010 158.113998 ) (0 -120.232010 158.113998 ) 
4 162 180 (0 -122.232010 158.113998 ) (0 -122.232010 224 ) (0 -120.232010 224 ) (0 -120.232010 158.113998 ) 
4 162 179 (0 0 224 ) (0 0 148.113998 ) (0 -120.232010 148.113998 ) (0 -120.232010 224 ) 
4 162 165 (0 -125 137 ) (0 0 137 ) (124 0 137 ) (124 -125 137 ) 
4 162 163 (0 -125 137 ) (124 -125 137 ) (124 -125 224 ) (0 -125 224 ) 
4 163 187 (0 -125 137 ) (0 -126 137 ) (0 -126 224 ) (0 -125 224 ) 
4 163 164 (0 -126 137 ) (124 -126 137 ) (124 -126 224 ) (0 -126 224 ) 
4 163 165 (0 -126 137 ) (0 -125 137 ) (124 -125 137 ) (124 -126 137 ) 
4 164 188 (0 -126 137 ) (0 -128 137 ) (0 -128 224 ) (0 -126 224 ) 
4 164 178 (32 -128 137 ) (124 -128 137 ) (124 -128 224 ) (32 -128 224 ) 
4 164 165 (124 -128 137 ) (0 -128 137 ) (0 -126 137 ) (124 -126 137 ) 
4 165 190 (0 -125 135 ) (0 -127 135 ) (0 -127 137 ) (0 -125 137 ) 
4 165 189 (0 -122.232010 135 ) (0 -125 135 ) (0 -125 137 ) (0 -122.232010 137 ) 
4 165 192 (0 -127 135 ) (0 -128 135 ) (0 -128 137 ) (0 -127 137 ) 
4 165 185 (0 0 137 ) (0 0 135 ) (0 -122.232010 135 ) (0 -122.232010 137 ) 
4 165 178 (32 -128 135 ) (256 -128 135 ) (256 -128 137 ) (32 -128 137 ) 
4 165 175 (0 -125 135 ) (0 0 135 ) (32 0 135 ) (32 -125 135 ) 
4 165 176 (32 -128 135 ) (0 -128 135 ) (0 -127 135 ) (32 -127 135 ) 
4 165 173 (32 -126 135 ) (32 -125 135 ) (124 -125 135 ) (124 -126 135 ) 
4 165 172 (32 -125 135 ) (32 0 135 ) (124 0 135 ) (124 -125 135 ) 
4 165 174 (124 -128 135 ) (32 -128 135 ) (32 -126 135 ) (124 -126 135 ) 
4 165 168 (126 0 135 ) (127 0 135 ) (127 -124 135 ) (126 -124 135 ) 
4 165 167 (127 0 135 ) (128 0 135 ) (128 -124 135 ) (127 -124 135 ) 
4 165 169 (124 -124 135 ) (124 0 135 ) (126 0 135 ) (126 -124 135 ) 
4 165 170 (128 -128 135 ) (124 -128 135 ) (124 -124 135 ) (128 -124 135 ) 
4 165 166 (256 -128 135 ) (128 -128 135 ) (128 0 135 ) (256 0 135 ) 
4 166 178 (128 -128 0 ) (256 -128 0 ) (256 -128 135 ) (128 -128 135 ) 
4 166 171 (128 -128 8 ) (128 -128 12.145100 ) (128 -124 12.145100 ) (128 -124 8 ) 
4 166 167 (128 -124 135 ) (128 0 135 ) (128 0 12.145100 ) (128 -124 12.145100 ) 
4 166 170 (128 -128 12.145100 ) (128 -128 135 ) (128 -124 135 ) (128 -124 12.145100 ) 
4 167 170 (127 -124 12.145100 ) (128 -124 12.145100 ) (128 -124 135 ) (127 -124 135 ) 
4 167 168 (127 0 12.145100 ) (127 -124 12.145100 ) (127 -124 135 ) (127 0 135 ) 
4 168 169 (126 0 12.145100 ) (126 -124 12.145100 ) (126 -124 135 ) (126 0 135 ) 
4 168 170 (126 -124 12.145100 ) (127 -124 12.145100 ) (127 -124 135 ) (126 -124 135 ) 
4 169 172 (124 -124 135 ) (124 0 135 ) (124 0 12.145100 ) (124 -124 12.145100 ) 
4 169 170 (124 -124 135 ) (124 -124 12.145100 ) (126 -124 12.145100 ) (126 -124 135 ) 
4 170 178 (128 -128 12.145100 ) (128 -128 135 ) (124 -128 135 ) (124 -128 12.145100 ) 
4 170 173 (124 -126 135 ) (124 -125 135 ) (124 -125 12.145100 ) (124 -126 12.145100 ) 
4 170 172 (124 -125 135 ) (124 -124 135 ) (124 -124 12.145100 ) (124 -125 12.145100 ) 
4 170 174 (124 -128 12.145100 ) (124 -128 135 ) (124 -126 135 ) (124 -126 12.145100 ) 
4 170 171 (124 -128 12.145100 ) (124 -124 12.145100 ) (128 -124 12.145100 ) (128 -128 12.145100 ) 
4 171 178 (128 -128 8 ) (128 -128 12.145100 ) (124 -128 12.145100 ) (124 -128 8 ) 
4 171 177 (124 -128 8 ) (124 -128 12.145100 ) (124 -124 12.145100 ) (124 -124 8 ) 
4 172 177 (32 0 12 ) (124 0 12 ) (124 -125 12 ) (32 -125 12 ) 
4 172 175 (32 0 12 ) (32 -125 12 ) (32 -125 135 ) (32 0 135 ) 
4 172 173 (32 -125 135 ) (32 -125 12 ) (124 -125 12 ) (124 -125 135 ) 
4 173 177 (124 -125 12 ) (124 -126 12 ) (32 -126 12 ) (32 -125 12 ) 
4 173 174 (32 -126 135 ) (32 -126 12 ) (124 -126 12 ) (124 -126 135 ) 
4 174 178 (32 -128 12 ) (124 -128 12 ) (124 -128 135 ) (32 -128 135 ) 
4 174 177 (124 -126 12 ) (124 -128 12 ) (32 -128 12 ) (32 -126 12 ) 
4 174 176 (32 -127 12 ) (32 -128 12 ) (32 -128 135 ) (32 -127 135 ) 
4 175 189 (0 -122.232010 12 ) (0 -125 12 ) (0 -125 135 ) (0 -122.232010 135 ) 
4 175 185 (0 0 135 ) (0 0 12 ) (0 -122.232010 12 ) (0 -122.232010 135 ) 
4 175 177 (0 0 12 ) (32 0 12 ) (32 -125 12 ) (0 -125 12 ) 
4 176 192 (0 -127 12 ) (0 -128 12 ) (0 -128 135 ) (0 -127 135 ) 
4 176 177 (32 -127 12 ) (32 -128 12 ) (0 -128 12 ) (0 -127 12 ) 
4 177 191 (0 -125 8 ) (0 -127 8 ) (0 -127 12 ) (0 -125 12 ) 
4 177 189 (0 -122.232010 8 ) (0 -125 8 ) (0 -125 12 ) (0 -122.232010 12 ) 
4 177 192 (0 -127 8 ) (0 -128 8 ) (0 -128 12 ) (0 -127 12 ) 
4 177 185 (0 0 12 ) (0 0 8 ) (0 -122.232010 8 ) (0 -122.232010 12 ) 
4 177 178 (32 -128 8 ) (124 -128 8 ) (124 -128 12 ) (32 -128 12 ) 
4 179 193 (-60 -120.232010 224 ) (-60 0 224 ) (-60 0 148.113998 ) (-60 -120.232010 148.113998 ) 
4 179 185 (-60 -120.232010 148.113998 ) (-60 0 148.113998 ) (0 0 148.113998 ) (0 -120.232010 148.113998 ) 
4 179 184 (-60 -120.232010 158.113998 ) (-60 -120.232010 148.113998 ) (-27.750000 -120.232010 148.113998 ) (-27.750000 -120.232010 158.113998 ) 
4 179 183 (-25.750000 -120.232010 148.113998 ) (-15.750000 -120.232010 148.113998 ) (-15.750000 -120.232010 158.113998 ) (-25.750000 -120.232010 158.113998 ) 
4 179 181 (-1.750000 -120.232010 148.113998 ) (0 -120.232010 148.113998 ) (0 -120.232010 158.113998 ) (-1.750000 -120.232010 158.113998 ) 
4 179 182 (-13.750000 -120.232010 148.113998 ) (-3.750000 -120.232010 148.113998 ) (-3.750000 -120.232010 158.113998 ) (-13.750000 -120.232010 158.113998 ) 
4 179 180 (-60 -120.232010 224 ) (-60 -120.232010 158.113998 ) (0 -120.232010 158.113998 ) (0 -120.232010 224 ) 
4 180 193 (-60 -122.232010 158.113998 ) (-60 -122.232010 224 ) (-60 -120.232010 224 ) (-60 -120.232010 158.113998 ) 
4 180 186 (-60 -122.232010 224 ) (-60 -122.232010 158.113998 ) (0 -122.232010 158.113998 ) (0 -122.232010 224 ) 
4 180 184 (-27.750000 -122.232010 158.113998 ) (-60 -122.232010 158.113998 ) (-60 -120.232010 158.113998 ) (-27.750000 -120.232010 158.113998 ) 
4 180 183 (-15.750000 -122.232010 158.113998 ) (-25.750000 -122.232010 158.113998 ) (-25.750000 -120.232010 158.113998 ) (-15.750000 -120.232010 158.113998 ) 
4 180 181 (0 -122.232010 158.113998 ) (-1.750000 -122.232010 158.113998 ) (-1.750000 -120.232010 158.113998 ) (0 -120.232010 158.113998 ) 
4 180 182 (-3.750000 -122.232010 158.113998 ) (-13.750000 -122.232010 158.113998 ) (-13.750000 -120.232010 158.113998 ) (-3.750000 -120.232010 158.113998 ) 
4 181 186 (-1.750000 -122.232010 148.113998 ) (0 -122.232010 148.113998 ) (0 -122.232010 158.113998 ) (-1.750000 -122.232010 158.113998 ) 
4 181 185 (0 -122.232010 148.113998 ) (-1.750000 -122.232010 148.113998 ) (-1.750000 -120.232010 148.113998 ) (0 -120.232010 148.113998 ) 
4 182 186 (-13.750000 -122.232010 148.113998 ) (-3.750000 -122.232010 148.113998 ) (-3.750000 -122.232010 158.113998 ) (-13.750000 -122.232010 158.113998 ) 
4 182 185 (-3.750000 -122.232010 148.113998 ) (-13.750000 -122.232010 148.113998 ) (-13.750000 -120.232010 148.113998 ) (-3.750000 -120.232010 148.113998 ) 
4 183 186 (-25.750000 -122.232010 148.113998 ) (-15.750000 -122.232010 148.113998 ) (-15.750000 -122.232010 158.113998 ) (-25.750000 -122.232010 158.113998 ) 
4 183 185 (-15.750000 -122.232010 148.113998 ) (-25.750000 -122.232010 148.113998 ) (-25.750000 -120.232010 148.113998 ) (-15.750000 -120.232010 148.113998 ) 
4 184 193 (-60 -122.232010 148.113998 ) (-60 -122.232010 158.113998 ) (-60 -120.232010 158.113998 ) (-60 -120.232010 148.113998 ) 
4 184 186 (-60 -122.232010 158.113998 ) (-60 -122.232010 148.113998 ) (-27.750000 -122.232010 148.113998 ) (-27.750000 -122.232010 158.113998 ) 
4 184 185 (-27.750000 -122.232010 148.113998 ) (-60 -122.232010 148.113998 ) (-60 -120.232010 148.113998 ) (-27.750000 -120.232010 148.113998 ) 
4 185 197 (-60 -122.232010 12 ) (-60 -122.232010 135 ) (-60 0 135 ) (-60 0 12 ) 
4 185 196 (-60 -122.232010 135 ) (-60 -122.232010 137 ) (-60 0 137 ) (-60 0 135 ) 
4 185 200 (-60 -122.232010 8 ) (-60 -122.232010 12 ) (-60 0 12 ) (-60 0 8 ) 
4 185 193 (-60 -122.232010 137 ) (-60 -122.232010 148.113998 ) (-60 0 148.113998 ) (-60 0 137 ) 
4 185 189 (-60 -122.232010 137 ) (-60 -122.232010 8 ) (0 -122.232010 8 ) (0 -122.232010 137 ) 
4 185 186 (-60 -122.232010 148.113998 ) (-60 -122.232010 137 ) (0 -122.232010 137 ) (0 -122.232010 148.113998 ) 
4 186 193 (-60 -124 224 ) (-60 -122.232010 224 ) (-60 -122.232010 137 ) (-60 -124 137 ) 
4 186 201 (-60 -125 224 ) (-60 -124 224 ) (-60 -124 137 ) (-60 -125 137 ) 
4 186 189 (-60 -125 137 ) (-60 -122.232010 137 ) (0 -122.232010 137 ) (0 -125 137 ) 
4 186 187 (-60 -125 224 ) (-60 -125 137 ) (0 -125 137 ) (0 -125 224 ) 
4 187 201 (-60 -126 224 ) (-60 -125 224 ) (-60 -125 137 ) (-60 -126 137 ) 
4 187 190 (-60 -126 137 ) (-60 -125 137 ) (0 -125 137 ) (0 -126 137 ) 
4 187 188 (-60 -126 224 ) (-60 -126 137 ) (0 -126 137 ) (0 -126 224 ) 
4 188 201 (-60 -128 137 ) (-60 -128 224 ) (-60 -126 224 ) (-60 -126 137 ) 
4 188 190 (-60 -127 137 ) (-60 -126 137 ) (0 -126 137 ) (0 -127 137 ) 
4 188 192 (0 -128 137 ) (-60 -128 137 ) (-60 -127 137 ) (0 -127 137 ) 
4 189 197 (-60 -122.232010 135 ) (-60 -122.232010 12 ) (-60 -124 12 ) (-60 -124 135 ) 
4 189 196 (-60 -124 137 ) (-60 -122.232010 137 ) (-60 -122.232010 135 ) (-60 -124 135 ) 
4 189 200 (-60 -122.232010 12 ) (-60 -122.232010 8 ) (-60 -124 8 ) (-60 -124 12 ) 
4 189 201 (-60 -125 137 ) (-60 -124 137 ) (-60 -124 8 ) (-60 -125 8 ) 
4 189 190 (0 -125 135 ) (0 -125 137 ) (-60 -125 137 ) (-60 -125 135 ) 
4 189 191 (-60 -125 8 ) (0 -125 8 ) (0 -125 12 ) (-60 -125 12 ) 
4 190 201 (-60 -127 137 ) (-60 -125 137 ) (-60 -125 135 ) (-60 -127 135 ) 
4 190 192 (0 -127 135 ) (0 -127 137 ) (-60 -127 137 ) (-60 -127 135 ) 
4 191 201 (-60 -125 12 ) (-60 -125 8 ) (-60 -127 8 ) (-60 -127 12 ) 
4 191 192 (-60 -127 8 ) (0 -127 8 ) (0 -127 12 ) (-60 -127 12 ) 
4 192 201 (-60 -128 8 ) (-60 -128 137 ) (-60 -127 137 ) (-60 -127 8 ) 
4 193 196 (-60 -124 137 ) (-62 -124 137 ) (-62 0 137 ) (-60 0 137 ) 
4 193 201 (-62 -124 137 ) (-60 -124 137 ) (-60 -124 224 ) (-62 -124 224 ) 
4 193 194 (-62 0 137 ) (-62 -124 137 ) (-62 -124 224 ) (-62 0 224 ) 
4 194 196 (-62 -124 137 ) (-63 -124 137 ) (-63 0 137 ) (-62 0 137 ) 
4 194 195 (-63 0 137 ) (-63 -124 137 ) (-63 -124 224 ) (-63 0 224 ) 
4 194 201 (-63 -124 137 ) (-62 -124 137 ) (-62 -124 224 ) (-63 -124 224 ) 
4 195 202 (-64 -124 224 ) (-64 0 224 ) (-64 0 137 ) (-64 -124 137 ) 
4 195 196 (-63 -124 137 ) (-64 -124 137 ) (-64 0 137 ) (-63 0 137 ) 
4 195 201 (-64 -124 224 ) (-64 -124 137 ) (-63 -124 137 ) (-63 -124 224 ) 
4 196 202 (-64 0 137 ) (-64 0 135 ) (-64 -124 135 ) (-64 -124 137 ) 
4 196 198 (-62 -124 135 ) (-63 -124 135 ) (-63 0 135 ) (-62 0 135 ) 
4 196 197 (-60 -124 135 ) (-62 -124 135 ) (-62 0 135 ) (-60 0 135 ) 
4 196 199 (-63 -124 135 ) (-64 -124 135 ) (-64 0 135 ) (-63 0 135 ) 
4 196 201 (-64 -124 137 ) (-64 -124 135 ) (-60 -124 135 ) (-60 -124 137 ) 
4 197 200 (-60 -124 12 ) (-62 -124 12 ) (-62 0 12 ) (-60 0 12 ) 
4 197 201 (-62 -124 12 ) (-60 -124 12 ) (-60 -124 135 ) (-62 -124 135 ) 
4 197 198 (-62 0 12 ) (-62 -124 12 ) (-62 -124 135 ) (-62 0 135 ) 
4 198 199 (-63 0 12 ) (-63 -124 12 ) (-63 -124 135 ) (-63 0 135 ) 
4 198 200 (-62 -124 12 ) (-63 -124 12 ) (-63 0 12 ) (-62 0 12 ) 
4 198 201 (-63 -124 12 ) (-62 -124 12 ) (-62 -124 135 ) (-63 -124 135 ) 
4 199 202 (-64 0 135 ) (-64 0 12 ) (-64 -124 12 ) (-64 -124 135 ) 
4 199 201 (-64 -124 135 ) (-64 -124 12 ) (-63 -124 12 ) (-63 -124 135 ) 
4 199 200 (-63 -124 12 ) (-64 -124 12 ) (-64 0 12 ) (-63 0 12 ) 
4 200 202 (-64 0 12 ) (-64 0 8 ) (-64 -124 8 ) (-64 -124 12 ) 
4 200 201 (-64 -124 12 ) (-64 -124 8 ) (-60 -124 8 ) (-60 -124 12 ) 
4 201 202 (-64 -128 8 ) (-64 -128 224 ) (-64 -124 224 ) (-64 -124 8 ) 
